#------------------------------------------------------------------------------
# irace: An implementation in R of (Elitist) Iterated Racing
# Version: 3.5.6863679
# Copyright (C) 2010-2020
# Manuel Lopez-Ibanez     <manuel.lopez-ibanez@manchester.ac.uk>
# Jeremie Dubois-Lacoste  
# Leslie Perez Caceres    <leslie.perez.caceres@ulb.ac.be>
#
# This is free software, and you are welcome to redistribute it under certain
# conditions.  See the GNU General Public License for details. There is NO
# WARRANTY; not even for MERCHANTABILITY or FITNESS FOR A PARTICULAR PURPOSE.
#
# irace builds upon previous code from the race package:
#     race: Racing methods for the selection of the best
#     Copyright (C) 2003 Mauro Birattari
#------------------------------------------------------------------------------
# installed at: /net/people/plgrid/plgfkatul/R/irace
# called with: --exec-dir=target-runner-11 --seed 1234577
== irace == WARNING: A default scenario file '/net/people/plgrid/plgfkatul/repos/computational-intelligence/tuning/scenario.txt' has been found and will be read.
# 2023-01-25 00:48:03 CET: Initialization
# Elitist race
# Elitist new instances: 1
# Elitist limit: 2
# nbIterations: 4
# minNbSurvival: 4
# nbParameters: 5
# seed: 1234577
# confidence level: 0.95
# budget: 15000
# mu: 5
# deterministic: FALSE

# 2023-01-25 00:48:03 CET: Iteration 1 of 4
# experimentsUsedSoFar: 0
# remainingBudget: 15000
# currentBudget: 3750
# nbConfigurations: 625
# Markers:
     x No test is performed.
     c Configurations are discarded only due to capping.
     - The test is performed and some configurations are discarded.
     = The test is performed but no configuration is discarded.
     ! The test is performed and configurations could be discarded but elite configurations are preserved.
     . All alive configurations are elite and nothing is discarded

+-+-----------+-----------+-----------+----------------+-----------+--------+-----+----+------+
| |   Instance|      Alive|       Best|       Mean best| Exp so far|  W time|  rho|KenW|  Qvar|
+-+-----------+-----------+-----------+----------------+-----------+--------+-----+----+------+
|x|          1|        625|        512|     266.4883006|        625|00:11:51|   NA|  NA|    NA|
|x|          2|        625|        466|     335.5307935|       1250|00:11:48|+0.44|0.72|0.6019|
|x|          3|        625|        399|     368.0328062|       1875|00:11:46|+0.42|0.62|0.5757|
|x|          4|        625|         23|     392.8470246|       2500|00:11:46|+0.42|0.57|0.5752|
|-|          5|        165|         23|     392.9536492|       3125|00:11:42|-0.03|0.17|1.0170|
|=|          6|        165|         23|     397.3328611|       3290|00:03:21|+0.00|0.17|0.9934|
|=|          7|        165|        368|     395.8033900|       3455|00:03:23|+0.01|0.15|0.9883|
+-+-----------+-----------+-----------+----------------+-----------+--------+-----+----+------+
Best-so-far configuration:         368    mean value:      395.8033900
Description of the best-so-far configuration:
    .ID. archipelago_size  selection populations        topology migration_selection .PARENT.
368  368               80 tournament         448 fully_connected          tournament       NA

# 2023-01-25 01:53:45 CET: Elite configurations (first number is the configuration ID; listed from best to worst according to the sum of ranks):
    archipelago_size  selection populations        topology migration_selection
368               80 tournament         448 fully_connected          tournament
462              100 tournament         441            star            roulette
399                5 tournament         238            star            roulette
622               40 tournament         292            ring          tournament
# 2023-01-25 01:53:45 CET: Iteration 2 of 4
# experimentsUsedSoFar: 3455
# remainingBudget: 11545
# currentBudget: 3848
# nbConfigurations: 484
# Markers:
     x No test is performed.
     c Configurations are discarded only due to capping.
     - The test is performed and some configurations are discarded.
     = The test is performed but no configuration is discarded.
     ! The test is performed and configurations could be discarded but elite configurations are preserved.
     . All alive configurations are elite and nothing is discarded

+-+-----------+-----------+-----------+----------------+-----------+--------+-----+----+------+
| |   Instance|      Alive|       Best|       Mean best| Exp so far|  W time|  rho|KenW|  Qvar|
+-+-----------+-----------+-----------+----------------+-----------+--------+-----+----+------+
|x|          8|        484|        855|     234.1684065|        484|00:11:11|   NA|  NA|    NA|
|x|          5|        484|        954|     341.8398419|        964|00:11:08|+0.47|0.73|0.5835|
|x|          6|        484|        906|     348.5815770|       1444|00:11:07|+0.48|0.65|0.5785|
|x|          4|        484|       1093|     384.2332822|       1924|00:11:08|+0.47|0.61|0.5859|
|-|          1|        163|        984|     381.4915381|       2404|00:11:07|-0.10|0.12|1.0845|
|=|          3|        163|        984|     382.3241918|       2563|00:04:13|-0.05|0.12|1.0451|
|=|          7|        163|        973|     382.4918352|       2722|00:04:13|-0.03|0.12|1.0165|
|=|          2|        163|        852|     378.9969166|       2881|00:04:15|-0.02|0.11|1.0055|
|=|          9|        163|        368|     387.8474746|       3044|00:04:21|-0.01|0.11|0.9984|
+-+-----------+-----------+-----------+----------------+-----------+--------+-----+----+------+
Best-so-far configuration:         368    mean value:      387.8474746
Description of the best-so-far configuration:
    .ID. archipelago_size  selection populations        topology migration_selection .PARENT.
368  368               80 tournament         448 fully_connected          tournament       NA

# 2023-01-25 03:06:35 CET: Elite configurations (first number is the configuration ID; listed from best to worst according to the sum of ranks):
    archipelago_size  selection populations        topology migration_selection
368               80 tournament         448 fully_connected          tournament
852               40 tournament         342            ring                 sus
836               60 tournament         477 fully_connected          tournament
753               80 tournament         497            ring            roulette
# 2023-01-25 03:06:35 CET: Iteration 3 of 4
# experimentsUsedSoFar: 6499
# remainingBudget: 8501
# currentBudget: 4250
# nbConfigurations: 428
# Markers:
     x No test is performed.
     c Configurations are discarded only due to capping.
     - The test is performed and some configurations are discarded.
     = The test is performed but no configuration is discarded.
     ! The test is performed and configurations could be discarded but elite configurations are preserved.
     . All alive configurations are elite and nothing is discarded

+-+-----------+-----------+-----------+----------------+-----------+--------+-----+----+------+
| |   Instance|      Alive|       Best|       Mean best| Exp so far|  W time|  rho|KenW|  Qvar|
+-+-----------+-----------+-----------+----------------+-----------+--------+-----+----+------+
|x|         10|        428|       1207|     295.9962178|        428|00:10:47|   NA|  NA|    NA|
|x|          3|        428|       1299|     316.5391962|        852|00:10:40|+0.40|0.70|0.6929|
|x|          5|        428|       1288|     375.6249152|       1276|00:10:40|+0.42|0.61|0.6832|
|x|          7|        428|       1523|     378.6528625|       1700|00:10:45|+0.41|0.56|0.6894|
|-|          1|        159|       1417|     379.3719284|       2124|00:10:39|-0.11|0.11|1.0904|
|=|          9|        159|       1417|     379.0781317|       2279|00:04:29|-0.06|0.11|1.0490|
|=|          8|        159|       1417|     373.8022691|       2434|00:04:29|-0.05|0.10|1.0377|
|=|          4|        159|       1417|     375.2700526|       2589|00:04:29|-0.03|0.10|1.0244|
|=|          6|        159|       1417|     382.8224718|       2744|00:04:29|-0.02|0.09|1.0108|
|=|          2|        159|       1137|     377.4347508|       2899|00:04:28|-0.01|0.09|0.9960|
|=|         11|        159|       1137|     382.7881027|       3058|00:04:36|-0.01|0.08|0.9977|
+-+-----------+-----------+-----------+----------------+-----------+--------+-----+----+------+
Best-so-far configuration:        1137    mean value:      382.7881027
Description of the best-so-far configuration:
     .ID. archipelago_size  selection populations topology migration_selection .PARENT.
1137 1137               40 tournament         290     ring          tournament      852

# 2023-01-25 04:27:13 CET: Elite configurations (first number is the configuration ID; listed from best to worst according to the sum of ranks):
     archipelago_size  selection populations        topology migration_selection
1137               40 tournament         290            ring          tournament
1417               60 tournament         414 fully_connected          tournament
1523               80 tournament         493            ring          tournament
1135              100 tournament         489            ring          tournament
# 2023-01-25 04:27:13 CET: Iteration 4 of 4
# experimentsUsedSoFar: 9557
# remainingBudget: 5443
# currentBudget: 5443
# nbConfigurations: 457
# Markers:
     x No test is performed.
     c Configurations are discarded only due to capping.
     - The test is performed and some configurations are discarded.
     = The test is performed but no configuration is discarded.
     ! The test is performed and configurations could be discarded but elite configurations are preserved.
     . All alive configurations are elite and nothing is discarded

+-+-----------+-----------+-----------+----------------+-----------+--------+-----+----+------+
| |   Instance|      Alive|       Best|       Mean best| Exp so far|  W time|  rho|KenW|  Qvar|
+-+-----------+-----------+-----------+----------------+-----------+--------+-----+----+------+
|x|         12|        457|       1636|     257.3303229|        457|00:11:27|   NA|  NA|    NA|
|x|          7|        457|       1892|     326.9525658|        910|00:11:20|+0.34|0.67|0.7434|
|x|          6|        457|       1821|     321.2475230|       1363|00:11:22|+0.39|0.59|0.6886|
|x|          2|        457|       1821|     335.5123104|       1816|00:11:21|+0.37|0.53|0.7101|
|-|          3|        115|       1821|     351.7549429|       2269|00:11:23|-0.10|0.12|1.0777|
|=|          5|        115|       1523|     376.0866165|       2380|00:02:59|-0.08|0.10|1.0620|
|=|          9|        115|       1523|     378.6033494|       2491|00:02:56|-0.06|0.09|1.0530|
|=|          4|        115|       1586|     385.1068663|       2602|00:02:59|-0.03|0.10|1.0231|
|=|         10|        115|       1586|     383.5638153|       2713|00:02:55|-0.03|0.09|1.0173|
|=|         11|        115|       1586|     383.9243644|       2824|00:02:56|-0.03|0.07|1.0222|
|=|          1|        115|       1586|     383.4091070|       2935|00:02:59|-0.02|0.07|1.0126|
|=|          8|        115|       1137|     385.6034797|       3046|00:02:56|-0.02|0.06|1.0119|
|=|         13|        115|       1137|     386.7307133|       3161|00:03:04|-0.01|0.06|1.0055|
+-+-----------+-----------+-----------+----------------+-----------+--------+-----+----+------+
Best-so-far configuration:        1137    mean value:      386.7307133
Description of the best-so-far configuration:
     .ID. archipelago_size  selection populations topology migration_selection .PARENT.
1137 1137               40 tournament         290     ring          tournament      852

# 2023-01-25 05:47:58 CET: Elite configurations (first number is the configuration ID; listed from best to worst according to the sum of ranks):
     archipelago_size  selection populations        topology migration_selection
1137               40 tournament         290            ring          tournament
1586               40 tournament         499 fully_connected          tournament
1523               80 tournament         493            ring          tournament
1135              100 tournament         489            ring          tournament
# 2023-01-25 05:47:58 CET: Iteration 5 of 5
# experimentsUsedSoFar: 12718
# remainingBudget: 2282
# currentBudget: 2282
# nbConfigurations: 166
# Markers:
     x No test is performed.
     c Configurations are discarded only due to capping.
     - The test is performed and some configurations are discarded.
     = The test is performed but no configuration is discarded.
     ! The test is performed and configurations could be discarded but elite configurations are preserved.
     . All alive configurations are elite and nothing is discarded

+-+-----------+-----------+-----------+----------------+-----------+--------+-----+----+------+
| |   Instance|      Alive|       Best|       Mean best| Exp so far|  W time|  rho|KenW|  Qvar|
+-+-----------+-----------+-----------+----------------+-----------+--------+-----+----+------+
|x|         14|        166|       2092|     308.0955760|        166|00:04:11|   NA|  NA|    NA|
|x|          8|        166|       1983|     367.2067907|        328|00:04:02|+0.34|0.67|0.7776|
|x|          6|        166|       1983|     375.5857423|        490|00:04:02|+0.36|0.58|0.7281|
|x|          1|        166|       2004|     371.8581719|        652|00:04:06|+0.37|0.53|0.7200|
|-|         12|         56|       2004|     378.5360980|        814|00:04:02|-0.12|0.10|1.1062|
|=|         10|         56|       2004|     376.4972837|        866|00:01:26|-0.06|0.11|1.0380|
|=|          2|         56|       2004|     381.6736213|        918|00:01:26|-0.02|0.12|1.0011|
|=|          9|         56|       2098|     378.1213418|        970|00:01:27|-0.02|0.11|0.9885|
|=|         11|         56|       2098|     380.0196665|       1022|00:01:27|-0.00|0.11|0.9822|
|=|          4|         56|       2098|     379.3660694|       1074|00:01:24|+0.01|0.11|0.9636|
|=|          3|         56|       2098|     384.5430546|       1126|00:01:25|+0.01|0.10|0.9709|
|=|          5|         56|       2098|     387.5288006|       1178|00:01:26|+0.01|0.10|0.9639|
|=|         13|         56|       2098|     391.7895594|       1230|00:01:27|+0.02|0.09|0.9599|
|=|          7|         56|       1586|     394.6995672|       1282|00:01:25|+0.02|0.09|0.9585|
|=|         15|         56|       1137|     391.5279626|       1338|00:01:36|+0.02|0.09|0.9556|
+-+-----------+-----------+-----------+----------------+-----------+--------+-----+----+------+
Best-so-far configuration:        1137    mean value:      391.5279626
Description of the best-so-far configuration:
     .ID. archipelago_size  selection populations topology migration_selection .PARENT.
1137 1137               40 tournament         290     ring          tournament      852

# 2023-01-25 06:22:56 CET: Elite configurations (first number is the configuration ID; listed from best to worst according to the sum of ranks):
     archipelago_size  selection populations        topology migration_selection
1137               40 tournament         290            ring          tournament
1135              100 tournament         489            ring          tournament
1586               40 tournament         499 fully_connected          tournament
2098               20 tournament         382 fully_connected          tournament
# 2023-01-25 06:22:56 CET: Iteration 6 of 6
# experimentsUsedSoFar: 14056
# remainingBudget: 944
# currentBudget: 944
# nbConfigurations: 62
# Markers:
     x No test is performed.
     c Configurations are discarded only due to capping.
     - The test is performed and some configurations are discarded.
     = The test is performed but no configuration is discarded.
     ! The test is performed and configurations could be discarded but elite configurations are preserved.
     . All alive configurations are elite and nothing is discarded

+-+-----------+-----------+-----------+----------------+-----------+--------+-----+----+------+
| |   Instance|      Alive|       Best|       Mean best| Exp so far|  W time|  rho|KenW|  Qvar|
+-+-----------+-----------+-----------+----------------+-----------+--------+-----+----+------+
|x|         16|         62|       2164|     244.0314392|         62|00:01:32|   NA|  NA|    NA|
|x|          7|         62|       2164|     297.3240617|        120|00:01:24|-0.12|0.44|0.9839|
|x|         11|         62|       2164|     327.2934009|        178|00:01:26|+0.02|0.35|0.9027|
|x|         15|         62|       1135|     404.9102010|        236|00:01:27|+0.01|0.25|0.9681|
|=|          4|         62|       1135|     394.3495125|        294|00:01:27|+0.07|0.26|0.9042|
|-|          8|         40|       2198|     378.4193449|        352|00:01:25|-0.10|0.08|1.0511|
|=|          1|         40|       2198|     386.3646337|        388|00:00:56|-0.06|0.09|1.0131|
|=|          3|         40|       2198|     393.5388854|        424|00:00:57|-0.06|0.08|1.0082|
|=|          2|         40|       1135|     394.2296729|        460|00:00:55|-0.04|0.08|0.9965|
|=|          6|         40|       1135|     388.8268674|        496|00:00:56|-0.02|0.08|0.9739|
|=|         14|         40|       1135|     391.1287959|        532|00:00:54|-0.01|0.09|0.9689|
|=|         12|         40|       1135|     394.3348525|        568|00:00:55|+0.01|0.09|0.9575|
|=|         13|         40|       1135|     394.9528259|        604|00:00:56|+0.02|0.10|0.9457|
|=|          9|         40|       1135|     396.1248954|        640|00:00:56|+0.03|0.10|0.9418|
|-|         10|         23|       1135|     396.2963218|        676|00:00:55|-0.01|0.06|0.9691|
|=|          5|         23|       1137|     393.5993596|        695|00:00:30|-0.01|0.06|0.9639|
|=|         17|         23|       1135|     392.9490312|        718|00:00:36|+0.00|0.06|0.9521|
+-+-----------+-----------+-----------+----------------+-----------+--------+-----+----+------+
Best-so-far configuration:        1135    mean value:      392.9490312
Description of the best-so-far configuration:
     .ID. archipelago_size  selection populations topology migration_selection .PARENT.
1135 1135              100 tournament         489     ring          tournament      836

# 2023-01-25 06:41:10 CET: Elite configurations (first number is the configuration ID; listed from best to worst according to the sum of ranks):
     archipelago_size  selection populations        topology migration_selection
1135              100 tournament         489            ring          tournament
1137               40 tournament         290            ring          tournament
1586               40 tournament         499 fully_connected          tournament
2148               40 tournament         481 fully_connected          tournament
# 2023-01-25 06:41:10 CET: Iteration 7 of 7
# experimentsUsedSoFar: 14774
# remainingBudget: 226
# currentBudget: 226
# nbConfigurations: 16
# Markers:
     x No test is performed.
     c Configurations are discarded only due to capping.
     - The test is performed and some configurations are discarded.
     = The test is performed but no configuration is discarded.
     ! The test is performed and configurations could be discarded but elite configurations are preserved.
     . All alive configurations are elite and nothing is discarded

+-+-----------+-----------+-----------+----------------+-----------+--------+-----+----+------+
| |   Instance|      Alive|       Best|       Mean best| Exp so far|  W time|  rho|KenW|  Qvar|
+-+-----------+-----------+-----------+----------------+-----------+--------+-----+----+------+
|x|         18|         16|       1137|     335.7267921|         16|00:00:29|   NA|  NA|    NA|
|x|          3|         16|       2214|     365.9203075|         28|00:00:21|+0.17|0.59|0.8147|
|x|          7|         16|       2207|     375.1912034|         40|00:00:22|-0.05|0.30|0.9764|
|x|         14|         16|       2148|     398.5897419|         52|00:00:22|-0.05|0.21|0.9797|
|=|          4|         16|       2148|     381.7491664|         64|00:00:23|+0.05|0.24|0.8904|
|=|         12|         16|       2148|     387.1562131|         76|00:00:22|+0.02|0.18|0.9309|
|=|          9|         16|       2148|     388.3994286|         88|00:00:24|+0.03|0.17|0.9225|
|=|         13|         16|       2148|     390.0730627|        100|00:00:24|+0.09|0.20|0.8662|
|-|          6|          8|       2148|     391.5070024|        112|00:00:23|-0.01|0.11|0.9161|
|=|         16|          8|       2148|     396.0237974|        116|00:00:08|-0.04|0.07|0.9178|
|=|          2|          8|       2148|     392.4400000|        120|00:00:09|+0.00|0.09|0.8781|
|=|         11|          8|       2148|     398.5265802|        124|00:00:09|+0.01|0.09|0.8644|
|=|         17|          8|       2148|     397.5302033|        128|00:00:09|+0.02|0.10|0.8455|
|=|          1|          8|       1137|     393.3336908|        132|00:00:08|+0.02|0.09|0.8483|
|=|          5|          8|       1137|     391.0263234|        136|00:00:10|+0.04|0.10|0.8290|
|=|         15|          8|       1137|     390.3727272|        140|00:00:09|+0.05|0.11|0.8236|
|=|          8|          8|       1137|     391.0363004|        144|00:00:08|+0.04|0.10|0.8331|
|=|         10|          8|       1137|     392.8466719|        148|00:00:09|+0.06|0.11|0.8218|
|=|         19|          8|       1135|     396.1853697|        156|00:00:14|+0.05|0.10|0.8245|
+-+-----------+-----------+-----------+----------------+-----------+--------+-----+----+------+
Best-so-far configuration:        1135    mean value:      396.1853697
Description of the best-so-far configuration:
     .ID. archipelago_size  selection populations topology migration_selection .PARENT.
1135 1135              100 tournament         489     ring          tournament      836

# 2023-01-25 06:46:20 CET: Elite configurations (first number is the configuration ID; listed from best to worst according to the sum of ranks):
     archipelago_size  selection populations        topology migration_selection
1135              100 tournament         489            ring          tournament
1137               40 tournament         290            ring          tournament
2148               40 tournament         481 fully_connected          tournament
1586               40 tournament         499 fully_connected          tournament
# 2023-01-25 06:46:20 CET: Iteration 8 of 8
# experimentsUsedSoFar: 14930
# remainingBudget: 70
# currentBudget: 70
# nbConfigurations: 7
# Markers:
     x No test is performed.
     c Configurations are discarded only due to capping.
     - The test is performed and some configurations are discarded.
     = The test is performed but no configuration is discarded.
     ! The test is performed and configurations could be discarded but elite configurations are preserved.
     . All alive configurations are elite and nothing is discarded

+-+-----------+-----------+-----------+----------------+-----------+--------+-----+----+------+
| |   Instance|      Alive|       Best|       Mean best| Exp so far|  W time|  rho|KenW|  Qvar|
+-+-----------+-----------+-----------+----------------+-----------+--------+-----+----+------+
|x|         20|          7|       2215|     385.5688262|          7|00:00:11|   NA|  NA|    NA|
|x|          4|          7|       2217|     363.6161209|         10|00:00:05|-0.61|0.20|1.3580|
|x|          3|          7|       2217|     380.9445318|         13|00:00:05|-0.07|0.29|0.9521|
|x|          5|          7|       2148|     392.1591696|         16|00:00:05|-0.24|0.07|1.0920|
|=|          8|          7|       2216|     410.4391820|         19|00:00:05|-0.17|0.06|1.0043|
|=|         10|          7|       2217|     401.1029389|         22|00:00:06|-0.15|0.04|0.9737|
|=|          9|          7|       2217|     402.0022442|         25|00:00:05|-0.12|0.04|0.9614|
|=|         12|          7|       2148|     407.1404274|         28|00:00:05|-0.10|0.04|0.9512|
|=|         15|          7|       2148|     400.4710197|         31|00:00:06|-0.06|0.06|0.9194|
|=|         19|          7|       2148|     402.8836048|         34|00:00:06|-0.08|0.03|0.9282|
|=|         18|          7|       2148|     405.8568716|         37|00:00:05|-0.06|0.03|0.9113|
|=|          7|          7|       2148|     407.6062693|         40|00:00:05|-0.04|0.05|0.8873|
|=|          2|          7|       2148|     403.6828659|         43|00:00:05|-0.02|0.06|0.8646|
|=|         17|          7|       2148|     402.3893527|         46|00:00:05|+0.00|0.07|0.8533|
|=|         16|          7|       2148|     404.6750594|         49|00:00:06|-0.00|0.06|0.8512|
|=|          6|          7|       1137|     403.8448603|         52|00:00:05|+0.01|0.07|0.8361|
|=|         14|          7|       2148|     404.3352348|         55|00:00:06|+0.00|0.06|0.8472|
|=|         13|          7|       2148|     404.1937496|         58|00:00:06|-0.01|0.04|0.8590|
|=|          1|          7|       2148|     404.5368367|         61|00:00:06|+0.00|0.06|0.8437|
|=|         11|          7|       1135|     398.7458754|         64|00:00:05|-0.00|0.05|0.8459|
+-+-----------+-----------+-----------+----------------+-----------+--------+-----+----+------+
Best-so-far configuration:        1135    mean value:      398.7458754
Description of the best-so-far configuration:
     .ID. archipelago_size  selection populations topology migration_selection .PARENT.
1135 1135              100 tournament         489     ring          tournament      836

# 2023-01-25 06:48:22 CET: Elite configurations (first number is the configuration ID; listed from best to worst according to the sum of ranks):
     archipelago_size  selection populations        topology migration_selection
1135              100 tournament         489            ring          tournament
1137               40 tournament         290            ring          tournament
2148               40 tournament         481 fully_connected          tournament
1586               40 tournament         499 fully_connected          tournament
# 2023-01-25 06:48:22 CET: Stopped because there is not enough budget left to race more than the minimum (4)
# You may either increase the budget or set 'minNbSurvival' to a lower value
# Iteration: 9
# nbIterations: 9
# experimentsUsedSoFar: 14994
# timeUsed: 0
# remainingBudget: 6
# currentBudget: 6
# number of elites: 4
# nbConfigurations: 4
# Total CPU user time: 80873.43, CPU sys time: 2060.018, Wall-clock time: 21618.82
# Best configurations (first number is the configuration ID; listed from best to worst according to the sum of ranks):
     archipelago_size  selection populations        topology migration_selection
1135              100 tournament         489            ring          tournament
1137               40 tournament         290            ring          tournament
2148               40 tournament         481 fully_connected          tournament
1586               40 tournament         499 fully_connected          tournament
# Best configurations as commandlines (first number is the configuration ID; same order as above):
1135  --archipelago-size 100 --selection tournament --populations 489 --topology ring --migration-selection tournament
1137  --archipelago-size 40 --selection tournament --populations 290 --topology ring --migration-selection tournament
2148  --archipelago-size 40 --selection tournament --populations 481 --topology fully_connected --migration-selection tournament
1586  --archipelago-size 40 --selection tournament --populations 499 --topology fully_connected --migration-selection tournament


# Testing of elite configurations: 1 
# Testing iteration configurations: FALSE 
# 2023-01-25 06:48:22 CET: No test instances, skip testing
