#------------------------------------------------------------------------------
# irace: An implementation in R of (Elitist) Iterated Racing
# Version: 3.5.6863679
# Copyright (C) 2010-2020
# Manuel Lopez-Ibanez     <manuel.lopez-ibanez@manchester.ac.uk>
# Jeremie Dubois-Lacoste  
# Leslie Perez Caceres    <leslie.perez.caceres@ulb.ac.be>
#
# This is free software, and you are welcome to redistribute it under certain
# conditions.  See the GNU General Public License for details. There is NO
# WARRANTY; not even for MERCHANTABILITY or FITNESS FOR A PARTICULAR PURPOSE.
#
# irace builds upon previous code from the race package:
#     race: Racing methods for the selection of the best
#     Copyright (C) 2003 Mauro Birattari
#------------------------------------------------------------------------------
# installed at: /net/people/plgrid/plgfkatul/R/irace
# called with: --exec-dir=target-runner-16 --seed 1234582
== irace == WARNING: A default scenario file '/net/people/plgrid/plgfkatul/repos/computational-intelligence/tuning/scenario.txt' has been found and will be read.
# 2023-01-25 00:48:03 CET: Initialization
# Elitist race
# Elitist new instances: 1
# Elitist limit: 2
# nbIterations: 4
# minNbSurvival: 4
# nbParameters: 5
# seed: 1234582
# confidence level: 0.95
# budget: 15000
# mu: 5
# deterministic: FALSE

# 2023-01-25 00:48:03 CET: Iteration 1 of 4
# experimentsUsedSoFar: 0
# remainingBudget: 15000
# currentBudget: 3750
# nbConfigurations: 625
# Markers:
     x No test is performed.
     c Configurations are discarded only due to capping.
     - The test is performed and some configurations are discarded.
     = The test is performed but no configuration is discarded.
     ! The test is performed and configurations could be discarded but elite configurations are preserved.
     . All alive configurations are elite and nothing is discarded

+-+-----------+-----------+-----------+----------------+-----------+--------+-----+----+------+
| |   Instance|      Alive|       Best|       Mean best| Exp so far|  W time|  rho|KenW|  Qvar|
+-+-----------+-----------+-----------+----------------+-----------+--------+-----+----+------+
|x|          1|        625|        299|     257.0972257|        625|00:11:15|   NA|  NA|    NA|
|x|          2|        625|        221|     332.2551548|       1250|00:11:03|+0.50|0.75|0.5035|
|x|          3|        625|         38|     350.9407534|       1875|00:11:02|+0.46|0.64|0.5445|
|x|          4|        625|        578|     340.7771069|       2500|00:10:59|+0.45|0.59|0.5437|
|-|          5|        174|        609|     381.4873346|       3125|00:10:59|-0.05|0.16|1.0210|
|=|          6|        174|        609|     383.2894183|       3299|00:03:28|-0.01|0.16|0.9951|
|=|          7|        174|        371|     359.0327623|       3473|00:03:27|-0.01|0.14|0.9893|
+-+-----------+-----------+-----------+----------------+-----------+--------+-----+----+------+
Best-so-far configuration:         371    mean value:      359.0327623
Description of the best-so-far configuration:
    .ID. archipelago_size  selection populations topology migration_selection .PARENT.
371  371                5 tournament         225     mesh            roulette       NA

# 2023-01-25 01:50:20 CET: Elite configurations (first number is the configuration ID; listed from best to worst according to the sum of ranks):
    archipelago_size  selection populations        topology migration_selection
371                5 tournament         225            mesh            roulette
38                 3 tournament         417 fully_connected            roulette
49                60 tournament         497            star            roulette
111               80 tournament         330 fully_connected            roulette
# 2023-01-25 01:50:20 CET: Iteration 2 of 4
# experimentsUsedSoFar: 3473
# remainingBudget: 11527
# currentBudget: 3842
# nbConfigurations: 483
# Markers:
     x No test is performed.
     c Configurations are discarded only due to capping.
     - The test is performed and some configurations are discarded.
     = The test is performed but no configuration is discarded.
     ! The test is performed and configurations could be discarded but elite configurations are preserved.
     . All alive configurations are elite and nothing is discarded

+-+-----------+-----------+-----------+----------------+-----------+--------+-----+----+------+
| |   Instance|      Alive|       Best|       Mean best| Exp so far|  W time|  rho|KenW|  Qvar|
+-+-----------+-----------+-----------+----------------+-----------+--------+-----+----+------+
|x|          8|        483|        828|     232.7307965|        483|00:08:20|   NA|  NA|    NA|
|x|          1|        483|        706|     249.9173249|        962|00:08:16|+0.56|0.78|0.5319|
|x|          2|        483|        803|     359.2732990|       1441|00:08:16|+0.50|0.67|0.5712|
|x|          5|        483|        786|     396.9132262|       1920|00:08:16|+0.48|0.61|0.6093|
|-|          6|        164|        936|     390.7610848|       2399|00:08:18|-0.10|0.12|1.0865|
|=|          3|        164|        371|     362.0230595|       2559|00:03:02|-0.06|0.11|1.0435|
|=|          7|        164|        371|     364.5910207|       2719|00:03:02|-0.02|0.12|1.0005|
|=|          4|        164|        371|     365.8923089|       2879|00:03:01|-0.01|0.12|0.9935|
|=|          9|        164|        111|     393.2206759|       3043|00:03:06|-0.01|0.10|0.9997|
+-+-----------+-----------+-----------+----------------+-----------+--------+-----+----+------+
Best-so-far configuration:         111    mean value:      393.2206759
Description of the best-so-far configuration:
    .ID. archipelago_size  selection populations        topology migration_selection .PARENT.
111  111               80 tournament         330 fully_connected            roulette       NA

# 2023-01-25 02:44:02 CET: Elite configurations (first number is the configuration ID; listed from best to worst according to the sum of ranks):
     archipelago_size  selection populations        topology migration_selection
111                80 tournament         330 fully_connected            roulette
49                 60 tournament         497            star            roulette
371                 5 tournament         225            mesh            roulette
1072                3 tournament         411 fully_connected            roulette
# 2023-01-25 02:44:02 CET: Iteration 3 of 4
# experimentsUsedSoFar: 6516
# remainingBudget: 8484
# currentBudget: 4242
# nbConfigurations: 427
# Markers:
     x No test is performed.
     c Configurations are discarded only due to capping.
     - The test is performed and some configurations are discarded.
     = The test is performed but no configuration is discarded.
     ! The test is performed and configurations could be discarded but elite configurations are preserved.
     . All alive configurations are elite and nothing is discarded

+-+-----------+-----------+-----------+----------------+-----------+--------+-----+----+------+
| |   Instance|      Alive|       Best|       Mean best| Exp so far|  W time|  rho|KenW|  Qvar|
+-+-----------+-----------+-----------+----------------+-----------+--------+-----+----+------+
|x|         10|        427|       1175|     317.0320007|        427|00:09:02|   NA|  NA|    NA|
|x|          5|        427|       1262|     319.3121874|        850|00:08:57|+0.46|0.73|0.6625|
|x|          4|        427|       1262|     320.3683835|       1273|00:08:57|+0.47|0.65|0.6426|
|x|          6|        427|       1262|     340.0377865|       1696|00:08:58|+0.46|0.59|0.6655|
|-|          3|        149|       1495|     388.3487271|       2119|00:09:00|-0.09|0.12|1.0816|
|=|          7|        149|       1417|     376.7455936|       2264|00:03:23|-0.04|0.13|1.0212|
|=|          2|        149|       1417|     378.9022332|       2409|00:03:23|-0.03|0.12|1.0183|
|=|          9|        149|         49|     381.4089161|       2554|00:03:23|-0.02|0.10|1.0108|
|=|          8|        149|         49|     387.1221002|       2699|00:03:22|-0.01|0.10|0.9958|
|=|          1|        149|       1072|     392.0801581|       2844|00:03:25|-0.01|0.09|0.9988|
|=|         11|        149|         49|     392.2535254|       2993|00:03:27|-0.00|0.09|0.9942|
+-+-----------+-----------+-----------+----------------+-----------+--------+-----+----+------+
Best-so-far configuration:          49    mean value:      392.2535254
Description of the best-so-far configuration:
   .ID. archipelago_size  selection populations topology migration_selection .PARENT.
49   49               60 tournament         497     star            roulette       NA

# 2023-01-25 03:49:25 CET: Elite configurations (first number is the configuration ID; listed from best to worst according to the sum of ranks):
     archipelago_size  selection populations        topology migration_selection
49                 60 tournament         497            star            roulette
1072                3 tournament         411 fully_connected            roulette
1366                2 tournament         252            mesh                 sus
111                80 tournament         330 fully_connected            roulette
# 2023-01-25 03:49:25 CET: Iteration 4 of 4
# experimentsUsedSoFar: 9509
# remainingBudget: 5491
# currentBudget: 5491
# nbConfigurations: 461
# Markers:
     x No test is performed.
     c Configurations are discarded only due to capping.
     - The test is performed and some configurations are discarded.
     = The test is performed but no configuration is discarded.
     ! The test is performed and configurations could be discarded but elite configurations are preserved.
     . All alive configurations are elite and nothing is discarded

+-+-----------+-----------+-----------+----------------+-----------+--------+-----+----+------+
| |   Instance|      Alive|       Best|       Mean best| Exp so far|  W time|  rho|KenW|  Qvar|
+-+-----------+-----------+-----------+----------------+-----------+--------+-----+----+------+
|x|         12|        461|       1651|     269.3273853|        461|00:09:44|   NA|  NA|    NA|
|x|         11|        461|       1937|     343.8758590|        918|00:09:40|+0.43|0.71|0.6695|
|x|         10|        461|       1937|     342.1552334|       1375|00:09:40|+0.42|0.61|0.6730|
|x|          4|        461|       1937|     332.6801607|       1832|00:09:40|+0.42|0.56|0.6757|
|-|          3|         90|       1937|     344.8037876|       2289|00:09:41|-0.12|0.10|1.0906|
|=|          2|         90|       1937|     346.6985313|       2375|00:01:52|-0.06|0.12|1.0206|
|=|          8|         90|       1937|     352.1127603|       2461|00:01:53|-0.04|0.11|1.0064|
|=|          5|         90|       1937|     370.0332735|       2547|00:01:52|-0.02|0.11|0.9949|
|=|          1|         90|       1937|     371.9983828|       2633|00:01:52|-0.02|0.09|0.9945|
|=|          6|         90|       1937|     367.9564068|       2719|00:01:53|+0.00|0.10|0.9773|
|=|          7|         90|       1937|     378.8785265|       2805|00:01:52|+0.01|0.10|0.9773|
|=|          9|         90|         49|     391.9957431|       2891|00:01:52|+0.01|0.09|0.9748|
|=|         13|         90|         49|     391.9112711|       2981|00:01:57|+0.01|0.08|0.9793|
+-+-----------+-----------+-----------+----------------+-----------+--------+-----+----+------+
Best-so-far configuration:          49    mean value:      391.9112711
Description of the best-so-far configuration:
   .ID. archipelago_size  selection populations topology migration_selection .PARENT.
49   49               60 tournament         497     star            roulette       NA

# 2023-01-25 04:53:02 CET: Elite configurations (first number is the configuration ID; listed from best to worst according to the sum of ranks):
     archipelago_size  selection populations        topology migration_selection
49                 60 tournament         497            star            roulette
1937               60 tournament         475            star            roulette
1983               80 tournament         498            star            roulette
1651                3 tournament         464 fully_connected          tournament
# 2023-01-25 04:53:02 CET: Iteration 5 of 5
# experimentsUsedSoFar: 12490
# remainingBudget: 2510
# currentBudget: 2510
# nbConfigurations: 183
# Markers:
     x No test is performed.
     c Configurations are discarded only due to capping.
     - The test is performed and some configurations are discarded.
     = The test is performed but no configuration is discarded.
     ! The test is performed and configurations could be discarded but elite configurations are preserved.
     . All alive configurations are elite and nothing is discarded

+-+-----------+-----------+-----------+----------------+-----------+--------+-----+----+------+
| |   Instance|      Alive|       Best|       Mean best| Exp so far|  W time|  rho|KenW|  Qvar|
+-+-----------+-----------+-----------+----------------+-----------+--------+-----+----+------+
|x|         14|        183|       2101|     299.3375301|        183|00:04:44|   NA|  NA|    NA|
|x|          3|        183|         49|     332.6238993|        362|00:04:38|+0.37|0.68|0.7105|
|x|          6|        183|         49|     348.1415575|        541|00:04:37|+0.37|0.58|0.6957|
|x|          4|        183|       1983|     369.7537697|        720|00:04:38|+0.38|0.54|0.6945|
|-|         12|         66|       1983|     373.5029857|        899|00:04:37|-0.11|0.12|1.0751|
|=|          7|         66|         49|     371.4085563|        961|00:01:42|-0.08|0.10|1.0493|
|=|          2|         66|         49|     373.4623602|       1023|00:01:42|-0.03|0.11|1.0018|
|=|         11|         66|         49|     374.7717276|       1085|00:01:44|-0.02|0.10|0.9929|
|=|         13|         66|         49|     376.5634919|       1147|00:01:43|-0.01|0.10|0.9809|
|=|          5|         66|         49|     381.5825457|       1209|00:01:43|-0.00|0.10|0.9735|
|=|          1|         66|         49|     387.5070941|       1271|00:01:43|+0.01|0.10|0.9621|
|=|          9|         66|         49|     383.1566201|       1333|00:01:43|+0.01|0.09|0.9636|
|=|         10|         66|         49|     384.4328258|       1395|00:01:43|+0.01|0.09|0.9632|
|=|          8|         66|         49|     387.8895935|       1457|00:01:44|+0.01|0.08|0.9628|
|=|         15|         66|         49|     388.1206928|       1523|00:01:50|+0.01|0.08|0.9634|
+-+-----------+-----------+-----------+----------------+-----------+--------+-----+----+------+
Best-so-far configuration:          49    mean value:      388.1206928
Description of the best-so-far configuration:
   .ID. archipelago_size  selection populations topology migration_selection .PARENT.
49   49               60 tournament         497     star            roulette       NA

# 2023-01-25 05:33:41 CET: Elite configurations (first number is the configuration ID; listed from best to worst according to the sum of ranks):
     archipelago_size  selection populations        topology migration_selection
49                 60 tournament         497            star            roulette
1651                3 tournament         464 fully_connected          tournament
2030               20 tournament         452            star            roulette
1983               80 tournament         498            star            roulette
# 2023-01-25 05:33:41 CET: Iteration 6 of 6
# experimentsUsedSoFar: 14013
# remainingBudget: 987
# currentBudget: 987
# nbConfigurations: 65
# Markers:
     x No test is performed.
     c Configurations are discarded only due to capping.
     - The test is performed and some configurations are discarded.
     = The test is performed but no configuration is discarded.
     ! The test is performed and configurations could be discarded but elite configurations are preserved.
     . All alive configurations are elite and nothing is discarded

+-+-----------+-----------+-----------+----------------+-----------+--------+-----+----+------+
| |   Instance|      Alive|       Best|       Mean best| Exp so far|  W time|  rho|KenW|  Qvar|
+-+-----------+-----------+-----------+----------------+-----------+--------+-----+----+------+
|x|         16|         65|       2184|     277.5549487|         65|00:01:31|   NA|  NA|    NA|
|x|          5|         65|       2184|     330.0460518|        126|00:01:25|+0.23|0.62|0.7665|
|x|          9|         65|       2184|     347.7828681|        187|00:01:25|+0.36|0.57|0.6780|
|x|          3|         65|       2184|     368.1315938|        248|00:01:25|+0.30|0.47|0.7346|
|-|         15|         22|       2184|     343.5059094|        309|00:01:26|-0.05|0.16|0.9840|
|=|          7|         22|       2184|     356.9641372|        327|00:00:27|-0.00|0.16|0.9394|
|=|          6|         22|       2184|     359.1839775|        345|00:00:27|+0.00|0.15|0.9245|
|=|         12|         22|       2184|     366.0129308|        363|00:00:27|+0.03|0.15|0.9070|
|=|          1|         22|       2184|     371.6145685|        381|00:00:27|+0.05|0.15|0.8943|
|-|          2|          9|       2184|     373.0599625|        399|00:00:27|-0.02|0.08|0.8942|
|=|          4|          9|       1651|     370.6803083|        404|00:00:10|-0.00|0.09|0.8965|
|=|         14|          9|       1651|     374.5634513|        409|00:00:10|+0.02|0.10|0.8767|
|=|          8|          9|       1651|     380.5058440|        414|00:00:10|-0.01|0.07|0.9013|
|=|         13|          9|       1651|     381.6372805|        419|00:00:09|-0.00|0.07|0.8974|
|=|         11|          9|         49|     393.6309586|        424|00:00:10|-0.00|0.06|0.8995|
|=|         10|          9|         49|     394.0132296|        429|00:00:10|+0.00|0.06|0.8940|
|=|         17|          9|       1651|     387.1724827|        438|00:00:15|+0.01|0.06|0.8978|
+-+-----------+-----------+-----------+----------------+-----------+--------+-----+----+------+
Best-so-far configuration:        1651    mean value:      387.1724827
Description of the best-so-far configuration:
     .ID. archipelago_size  selection populations        topology migration_selection .PARENT.
1651 1651                3 tournament         464 fully_connected          tournament     1072

# 2023-01-25 05:44:28 CET: Elite configurations (first number is the configuration ID; listed from best to worst according to the sum of ranks):
     archipelago_size  selection populations        topology migration_selection
1651                3 tournament         464 fully_connected          tournament
2030               20 tournament         452            star            roulette
49                 60 tournament         497            star            roulette
2184               60 tournament         431            star            roulette
# 2023-01-25 05:44:28 CET: Iteration 7 of 7
# experimentsUsedSoFar: 14451
# remainingBudget: 549
# currentBudget: 549
# nbConfigurations: 34
# Markers:
     x No test is performed.
     c Configurations are discarded only due to capping.
     - The test is performed and some configurations are discarded.
     = The test is performed but no configuration is discarded.
     ! The test is performed and configurations could be discarded but elite configurations are preserved.
     . All alive configurations are elite and nothing is discarded

+-+-----------+-----------+-----------+----------------+-----------+--------+-----+----+------+
| |   Instance|      Alive|       Best|       Mean best| Exp so far|  W time|  rho|KenW|  Qvar|
+-+-----------+-----------+-----------+----------------+-----------+--------+-----+----+------+
|x|         18|         34|       2030|     315.9506575|         34|00:00:52|   NA|  NA|    NA|
|x|          7|         34|       2246|     354.4945620|         64|00:00:46|+0.22|0.61|0.7131|
|x|          5|         34|       2240|     394.4743343|         94|00:00:46|+0.14|0.43|0.7929|
|x|          1|         34|       2240|     394.3977581|        124|00:00:46|+0.23|0.42|0.7350|
|-|         10|         21|       2243|     379.4448206|        154|00:00:46|-0.10|0.12|1.0446|
|=|          9|         21|       2030|     382.5320678|        171|00:00:28|-0.06|0.12|1.0065|
|=|         15|         21|       2030|     380.7886245|        188|00:00:27|-0.04|0.11|0.9882|
|=|         11|         21|       2030|     384.3488590|        205|00:00:27|-0.04|0.09|0.9802|
|=|          2|         21|       2030|     394.6782220|        222|00:00:27|-0.02|0.09|0.9718|
|=|         17|         21|       2240|     394.4371004|        239|00:00:27|-0.01|0.09|0.9672|
|=|          8|         21|       2030|     398.4274140|        256|00:00:27|-0.02|0.08|0.9695|
|=|          4|         21|       2240|     398.5761911|        273|00:00:27|-0.01|0.07|0.9678|
|=|          3|         21|       1651|     393.2992716|        290|00:00:27|-0.02|0.06|0.9642|
|=|         13|         21|       1651|     393.5168918|        307|00:00:27|-0.01|0.07|0.9530|
|=|          6|         21|       2030|     401.7605171|        324|00:00:26|-0.00|0.07|0.9446|
|=|         12|         21|       2030|     395.5419866|        341|00:00:26|+0.01|0.07|0.9267|
|=|         16|         21|       1651|     389.5468326|        358|00:00:27|+0.00|0.06|0.9326|
|=|         14|         21|       1651|     391.0874544|        375|00:00:27|+0.01|0.06|0.9325|
|=|         19|         21|       1651|     389.8636179|        396|00:00:32|+0.01|0.06|0.9308|
+-+-----------+-----------+-----------+----------------+-----------+--------+-----+----+------+
Best-so-far configuration:        1651    mean value:      389.8636179
Description of the best-so-far configuration:
     .ID. archipelago_size  selection populations        topology migration_selection .PARENT.
1651 1651                3 tournament         464 fully_connected          tournament     1072

# 2023-01-25 05:54:56 CET: Elite configurations (first number is the configuration ID; listed from best to worst according to the sum of ranks):
     archipelago_size  selection populations        topology migration_selection
1651                3 tournament         464 fully_connected          tournament
49                 60 tournament         497            star            roulette
2030               20 tournament         452            star            roulette
2184               60 tournament         431            star            roulette
# 2023-01-25 05:54:56 CET: Iteration 8 of 8
# experimentsUsedSoFar: 14847
# remainingBudget: 153
# currentBudget: 153
# nbConfigurations: 11
# Markers:
     x No test is performed.
     c Configurations are discarded only due to capping.
     - The test is performed and some configurations are discarded.
     = The test is performed but no configuration is discarded.
     ! The test is performed and configurations could be discarded but elite configurations are preserved.
     . All alive configurations are elite and nothing is discarded

+-+-----------+-----------+-----------+----------------+-----------+--------+-----+----+------+
| |   Instance|      Alive|       Best|       Mean best| Exp so far|  W time|  rho|KenW|  Qvar|
+-+-----------+-----------+-----------+----------------+-----------+--------+-----+----+------+
|x|         20|         11|       2258|     319.6723874|         11|00:00:19|   NA|  NA|    NA|
|x|          4|         11|       2256|     399.1971843|         18|00:00:12|-0.05|0.47|0.8978|
|x|         18|         11|       2256|     422.7107935|         25|00:00:13|-0.24|0.17|1.0296|
|x|         13|         11|       2030|     395.6514015|         32|00:00:12|-0.21|0.09|0.9898|
|=|          2|         11|       1651|     399.7998986|         39|00:00:13|-0.16|0.07|0.9734|
|=|          5|         11|       1651|     400.8673565|         46|00:00:12|-0.11|0.08|0.9649|
|=|         12|         11|       1651|     382.0759320|         53|00:00:12|-0.02|0.13|0.8915|
|=|          9|         11|       1651|     388.5658103|         60|00:00:12|-0.02|0.11|0.9079|
|=|          3|         11|       1651|     379.6872686|         67|00:00:12|+0.03|0.14|0.8601|
|=|          6|         11|         49|     398.0451106|         74|00:00:13|+0.05|0.15|0.8530|
|=|          8|         11|       2257|     399.6928614|         81|00:00:12|+0.06|0.15|0.8393|
|-|         16|          8|       2257|     399.9633295|         88|00:00:13|-0.03|0.06|0.9116|
|=|         17|          8|       2257|     402.6066065|         92|00:00:07|-0.03|0.05|0.9057|
|=|         19|          8|       2257|     403.9182124|         96|00:00:07|-0.01|0.07|0.8890|
|=|         10|          8|       1651|     390.4711327|        100|00:00:07|-0.02|0.05|0.8970|
|=|         11|          8|       1651|     394.9735689|        104|00:00:08|-0.01|0.05|0.8943|
|=|          1|          8|       1651|     391.9277333|        108|00:00:07|-0.01|0.05|0.8887|
|=|         15|          8|       1651|     391.6514972|        112|00:00:07|-0.00|0.05|0.8812|
|=|          7|          8|       1651|     392.5181010|        116|00:00:07|+0.00|0.06|0.8788|
|=|         14|          8|       1651|     393.7560971|        120|00:00:08|+0.02|0.07|0.8702|
|=|         21|          8|       1651|     396.8784210|        128|00:00:14|+0.00|0.05|0.8810|
+-+-----------+-----------+-----------+----------------+-----------+--------+-----+----+------+
Best-so-far configuration:        1651    mean value:      396.8784210
Description of the best-so-far configuration:
     .ID. archipelago_size  selection populations        topology migration_selection .PARENT.
1651 1651                3 tournament         464 fully_connected          tournament     1072

# 2023-01-25 05:58:51 CET: Elite configurations (first number is the configuration ID; listed from best to worst according to the sum of ranks):
     archipelago_size  selection populations        topology migration_selection
1651                3 tournament         464 fully_connected          tournament
2030               20 tournament         452            star            roulette
2257               10 tournament         408            star            roulette
2184               60 tournament         431            star            roulette
# 2023-01-25 05:58:51 CET: Stopped because there is not enough budget left to race more than the minimum (4)
# You may either increase the budget or set 'minNbSurvival' to a lower value
# Iteration: 9
# nbIterations: 9
# experimentsUsedSoFar: 14975
# timeUsed: 0
# remainingBudget: 25
# currentBudget: 25
# number of elites: 4
# nbConfigurations: 4
# Total CPU user time: 69980.68, CPU sys time: 1886.201, Wall-clock time: 18647.87
# Best configurations (first number is the configuration ID; listed from best to worst according to the sum of ranks):
     archipelago_size  selection populations        topology migration_selection
1651                3 tournament         464 fully_connected          tournament
2030               20 tournament         452            star            roulette
2257               10 tournament         408            star            roulette
2184               60 tournament         431            star            roulette
# Best configurations as commandlines (first number is the configuration ID; same order as above):
1651  --archipelago-size 3 --selection tournament --populations 464 --topology fully_connected --migration-selection tournament
2030  --archipelago-size 20 --selection tournament --populations 452 --topology star --migration-selection roulette
2257  --archipelago-size 10 --selection tournament --populations 408 --topology star --migration-selection roulette
2184  --archipelago-size 60 --selection tournament --populations 431 --topology star --migration-selection roulette


# Testing of elite configurations: 1 
# Testing iteration configurations: FALSE 
# 2023-01-25 05:58:51 CET: No test instances, skip testing
