#------------------------------------------------------------------------------
# irace: An implementation in R of (Elitist) Iterated Racing
# Version: 3.5.6863679
# Copyright (C) 2010-2020
# Manuel Lopez-Ibanez     <manuel.lopez-ibanez@manchester.ac.uk>
# Jeremie Dubois-Lacoste  
# Leslie Perez Caceres    <leslie.perez.caceres@ulb.ac.be>
#
# This is free software, and you are welcome to redistribute it under certain
# conditions.  See the GNU General Public License for details. There is NO
# WARRANTY; not even for MERCHANTABILITY or FITNESS FOR A PARTICULAR PURPOSE.
#
# irace builds upon previous code from the race package:
#     race: Racing methods for the selection of the best
#     Copyright (C) 2003 Mauro Birattari
#------------------------------------------------------------------------------
# installed at: /net/people/plgrid/plgfkatul/R/irace
# called with: --exec-dir=target-runner-15 --seed 1234581
== irace == WARNING: A default scenario file '/net/people/plgrid/plgfkatul/repos/computational-intelligence/tuning/scenario.txt' has been found and will be read.
# 2023-01-25 00:48:03 CET: Initialization
# Elitist race
# Elitist new instances: 1
# Elitist limit: 2
# nbIterations: 4
# minNbSurvival: 4
# nbParameters: 5
# seed: 1234581
# confidence level: 0.95
# budget: 15000
# mu: 5
# deterministic: FALSE

# 2023-01-25 00:48:03 CET: Iteration 1 of 4
# experimentsUsedSoFar: 0
# remainingBudget: 15000
# currentBudget: 3750
# nbConfigurations: 625
# Markers:
     x No test is performed.
     c Configurations are discarded only due to capping.
     - The test is performed and some configurations are discarded.
     = The test is performed but no configuration is discarded.
     ! The test is performed and configurations could be discarded but elite configurations are preserved.
     . All alive configurations are elite and nothing is discarded

+-+-----------+-----------+-----------+----------------+-----------+--------+-----+----+------+
| |   Instance|      Alive|       Best|       Mean best| Exp so far|  W time|  rho|KenW|  Qvar|
+-+-----------+-----------+-----------+----------------+-----------+--------+-----+----+------+
|x|          1|        625|        138|     246.5383223|        625|00:11:34|   NA|  NA|    NA|
|x|          2|        625|        438|     341.7644990|       1250|00:11:17|+0.45|0.73|0.5123|
|x|          3|        625|        438|     355.8923327|       1875|00:11:16|+0.44|0.63|0.5300|
|x|          4|        625|        226|     339.1714197|       2500|00:11:15|+0.44|0.58|0.5524|
|-|          5|        174|        226|     357.1995901|       3125|00:11:15|-0.06|0.15|1.0387|
|=|          6|        174|        429|     392.6456046|       3299|00:03:38|-0.04|0.14|1.0218|
|=|          7|        174|        429|     389.8184365|       3473|00:03:38|-0.01|0.13|1.0040|
+-+-----------+-----------+-----------+----------------+-----------+--------+-----+----+------+
Best-so-far configuration:         429    mean value:      389.8184365
Description of the best-so-far configuration:
    .ID. archipelago_size  selection populations topology migration_selection .PARENT.
429  429               80 tournament         410     ring          tournament       NA

# 2023-01-25 01:52:00 CET: Elite configurations (first number is the configuration ID; listed from best to worst according to the sum of ranks):
    archipelago_size  selection populations        topology migration_selection
429               80 tournament         410            ring          tournament
226                2 tournament         426            star          tournament
104               20 tournament         334 fully_connected            roulette
394               20 tournament         433            star            roulette
# 2023-01-25 01:52:00 CET: Iteration 2 of 4
# experimentsUsedSoFar: 3473
# remainingBudget: 11527
# currentBudget: 3842
# nbConfigurations: 483
# Markers:
     x No test is performed.
     c Configurations are discarded only due to capping.
     - The test is performed and some configurations are discarded.
     = The test is performed but no configuration is discarded.
     ! The test is performed and configurations could be discarded but elite configurations are preserved.
     . All alive configurations are elite and nothing is discarded

+-+-----------+-----------+-----------+----------------+-----------+--------+-----+----+------+
| |   Instance|      Alive|       Best|       Mean best| Exp so far|  W time|  rho|KenW|  Qvar|
+-+-----------+-----------+-----------+----------------+-----------+--------+-----+----+------+
|x|          8|        483|       1088|     258.2139986|        483|00:09:36|   NA|  NA|    NA|
|x|          6|        483|        651|     319.9139696|        962|00:09:31|+0.49|0.75|0.5649|
|x|          4|        483|        705|     377.0140046|       1441|00:09:31|+0.50|0.66|0.5813|
|x|          2|        483|        747|     373.4376113|       1920|00:09:32|+0.49|0.62|0.5823|
|-|          5|        163|        915|     358.1694165|       2399|00:09:31|-0.09|0.13|1.0730|
|=|          7|        163|        876|     383.3409690|       2558|00:03:39|-0.07|0.11|1.0547|
|=|          3|        163|        104|     382.0481810|       2717|00:03:37|-0.03|0.11|1.0250|
|=|          1|        163|        876|     393.6757181|       2876|00:03:37|-0.02|0.11|1.0116|
|=|          9|        163|        876|     396.3365271|       3039|00:03:43|-0.00|0.11|0.9931|
+-+-----------+-----------+-----------+----------------+-----------+--------+-----+----+------+
Best-so-far configuration:         876    mean value:      396.3365271
Description of the best-so-far configuration:
    .ID. archipelago_size  selection populations        topology migration_selection .PARENT.
876  876               40 tournament         340 fully_connected          tournament      104

# 2023-01-25 02:54:24 CET: Elite configurations (first number is the configuration ID; listed from best to worst according to the sum of ranks):
    archipelago_size  selection populations        topology migration_selection
876               40 tournament         340 fully_connected          tournament
973                2 tournament         490            mesh          tournament
226                2 tournament         426            star          tournament
933               80 tournament         411            star            roulette
# 2023-01-25 02:54:24 CET: Iteration 3 of 4
# experimentsUsedSoFar: 6512
# remainingBudget: 8488
# currentBudget: 4244
# nbConfigurations: 428
# Markers:
     x No test is performed.
     c Configurations are discarded only due to capping.
     - The test is performed and some configurations are discarded.
     = The test is performed but no configuration is discarded.
     ! The test is performed and configurations could be discarded but elite configurations are preserved.
     . All alive configurations are elite and nothing is discarded

+-+-----------+-----------+-----------+----------------+-----------+--------+-----+----+------+
| |   Instance|      Alive|       Best|       Mean best| Exp so far|  W time|  rho|KenW|  Qvar|
+-+-----------+-----------+-----------+----------------+-----------+--------+-----+----+------+
|x|         10|        428|       1373|     251.4610926|        428|00:08:17|   NA|  NA|    NA|
|x|          2|        428|        226|     354.0505098|        852|00:08:12|+0.36|0.68|0.7804|
|x|          1|        428|        226|     345.9694965|       1276|00:08:12|+0.42|0.61|0.6831|
|x|          3|        428|        226|     361.5999923|       1700|00:08:14|+0.44|0.58|0.6515|
|-|          8|        174|       1212|     374.5337738|       2124|00:08:15|-0.10|0.12|1.0869|
|=|          7|        174|        933|     383.6603455|       2294|00:03:32|-0.07|0.11|1.0557|
|=|          5|        174|        933|     385.5595995|       2464|00:03:30|-0.02|0.12|1.0108|
|=|          9|        174|        933|     383.9552240|       2634|00:03:35|-0.02|0.11|1.0092|
|=|          4|        174|        226|     367.7144845|       2804|00:03:31|-0.01|0.10|0.9965|
|=|          6|        174|        226|     376.8973286|       2974|00:03:31|-0.01|0.09|0.9988|
|=|         11|        174|       1451|     392.3855724|       3148|00:03:37|-0.01|0.09|1.0007|
+-+-----------+-----------+-----------+----------------+-----------+--------+-----+----+------+
Best-so-far configuration:        1451    mean value:      392.3855724
Description of the best-so-far configuration:
     .ID. archipelago_size  selection populations topology migration_selection .PARENT.
1451 1451                2 tournament         434     star          tournament      973

# 2023-01-25 03:56:54 CET: Elite configurations (first number is the configuration ID; listed from best to worst according to the sum of ranks):
     archipelago_size  selection populations topology migration_selection
1451                2 tournament         434     star          tournament
1176                5 tournament         478     mesh          tournament
226                 2 tournament         426     star          tournament
1447               20 tournament         411     ring          tournament
# 2023-01-25 03:56:54 CET: Iteration 4 of 4
# experimentsUsedSoFar: 9660
# remainingBudget: 5340
# currentBudget: 5340
# nbConfigurations: 448
# Markers:
     x No test is performed.
     c Configurations are discarded only due to capping.
     - The test is performed and some configurations are discarded.
     = The test is performed but no configuration is discarded.
     ! The test is performed and configurations could be discarded but elite configurations are preserved.
     . All alive configurations are elite and nothing is discarded

+-+-----------+-----------+-----------+----------------+-----------+--------+-----+----+------+
| |   Instance|      Alive|       Best|       Mean best| Exp so far|  W time|  rho|KenW|  Qvar|
+-+-----------+-----------+-----------+----------------+-----------+--------+-----+----+------+
|x|         12|        448|       1972|     295.6173535|        448|00:08:20|   NA|  NA|    NA|
|x|          5|        448|       1734|     333.7766779|        892|00:08:15|+0.44|0.72|0.6836|
|x|         11|        448|       1966|     352.0924130|       1336|00:08:17|+0.44|0.63|0.6595|
|x|          1|        448|       1924|     358.0244355|       1780|00:08:17|+0.44|0.58|0.6663|
|-|          9|        187|       1891|     375.0023882|       2224|00:08:18|-0.13|0.10|1.1038|
|=|          4|        187|       1447|     391.8719151|       2407|00:03:36|-0.07|0.10|1.0620|
|=|          2|        187|       1933|     381.5382670|       2590|00:03:36|-0.06|0.09|1.0477|
|=|          8|        187|       1632|     393.2653598|       2773|00:03:35|-0.04|0.09|1.0343|
|=|         10|        187|       1933|     383.9249835|       2956|00:03:36|-0.03|0.09|1.0194|
|=|          3|        187|       1933|     382.4325362|       3139|00:03:37|-0.02|0.08|1.0140|
|=|          7|        187|       1933|     377.1940892|       3322|00:03:36|-0.02|0.08|1.0091|
|=|          6|        187|       1451|     393.5796837|       3505|00:03:37|-0.02|0.06|1.0162|
|=|         13|        187|       1451|     394.6436572|       3692|00:03:41|-0.02|0.06|1.0114|
+-+-----------+-----------+-----------+----------------+-----------+--------+-----+----+------+
Best-so-far configuration:        1451    mean value:      394.6436572
Description of the best-so-far configuration:
     .ID. archipelago_size  selection populations topology migration_selection .PARENT.
1451 1451                2 tournament         434     star          tournament      973

# 2023-01-25 05:07:25 CET: Elite configurations (first number is the configuration ID; listed from best to worst according to the sum of ranks):
     archipelago_size  selection populations topology migration_selection
1451                2 tournament         434     star          tournament
1447               20 tournament         411     ring          tournament
1933                5 tournament         394     star          tournament
1720                5 tournament         472     mesh            roulette
# 2023-01-25 05:07:25 CET: Iteration 5 of 5
# experimentsUsedSoFar: 13352
# remainingBudget: 1648
# currentBudget: 1648
# nbConfigurations: 121
# Markers:
     x No test is performed.
     c Configurations are discarded only due to capping.
     - The test is performed and some configurations are discarded.
     = The test is performed but no configuration is discarded.
     ! The test is performed and configurations could be discarded but elite configurations are preserved.
     . All alive configurations are elite and nothing is discarded

+-+-----------+-----------+-----------+----------------+-----------+--------+-----+----+------+
| |   Instance|      Alive|       Best|       Mean best| Exp so far|  W time|  rho|KenW|  Qvar|
+-+-----------+-----------+-----------+----------------+-----------+--------+-----+----+------+
|x|         14|        121|       1999|     279.9012540|        121|00:02:27|   NA|  NA|    NA|
|x|          5|        121|       2089|     344.1517881|        238|00:02:24|+0.33|0.67|0.7746|
|x|          7|        121|       2073|     349.3967555|        355|00:02:23|+0.37|0.58|0.6958|
|x|          3|        121|       2073|     352.3839421|        472|00:02:22|+0.37|0.53|0.6818|
|-|         13|         31|       2073|     354.2494842|        589|00:02:22|-0.04|0.17|1.0216|
|=|          1|         31|       2073|     359.9307412|        616|00:00:35|+0.01|0.17|0.9727|
|=|          6|         31|       2073|     364.9303101|        643|00:00:34|+0.03|0.17|0.9542|
|=|          8|         31|       2073|     381.4291015|        670|00:00:34|-0.01|0.12|0.9845|
|=|         11|         31|       1451|     387.0063829|        697|00:00:34|+0.00|0.11|0.9701|
|=|          2|         31|       1451|     390.1017458|        724|00:00:34|-0.01|0.09|0.9794|
|=|          9|         31|       1451|     387.1367940|        751|00:00:34|-0.00|0.09|0.9754|
|=|         12|         31|       1451|     388.7683035|        778|00:00:34|-0.00|0.08|0.9719|
|=|          4|         31|       1451|     390.5426132|        805|00:00:34|+0.02|0.09|0.9519|
|=|         10|         31|       1451|     390.8043847|        832|00:00:34|+0.02|0.09|0.9520|
|=|         15|         31|       1451|     391.8467451|        863|00:00:39|+0.02|0.08|0.9552|
+-+-----------+-----------+-----------+----------------+-----------+--------+-----+----+------+
Best-so-far configuration:        1451    mean value:      391.8467451
Description of the best-so-far configuration:
     .ID. archipelago_size  selection populations topology migration_selection .PARENT.
1451 1451                2 tournament         434     star          tournament      973

# 2023-01-25 05:25:17 CET: Elite configurations (first number is the configuration ID; listed from best to worst according to the sum of ranks):
     archipelago_size  selection populations topology migration_selection
1451                2 tournament         434     star          tournament
2022               10 tournament         471     ring            roulette
1447               20 tournament         411     ring          tournament
2073               40 tournament         409     ring          tournament
# 2023-01-25 05:25:17 CET: Iteration 6 of 6
# experimentsUsedSoFar: 14215
# remainingBudget: 785
# currentBudget: 785
# nbConfigurations: 52
# Markers:
     x No test is performed.
     c Configurations are discarded only due to capping.
     - The test is performed and some configurations are discarded.
     = The test is performed but no configuration is discarded.
     ! The test is performed and configurations could be discarded but elite configurations are preserved.
     . All alive configurations are elite and nothing is discarded

+-+-----------+-----------+-----------+----------------+-----------+--------+-----+----+------+
| |   Instance|      Alive|       Best|       Mean best| Exp so far|  W time|  rho|KenW|  Qvar|
+-+-----------+-----------+-----------+----------------+-----------+--------+-----+----+------+
|x|         16|         52|       2100|     307.1005725|         52|00:01:05|   NA|  NA|    NA|
|x|         11|         52|       2091|     372.1988365|        100|00:01:00|+0.12|0.56|0.9814|
|x|         14|         52|       1451|     369.7119900|        148|00:01:00|+0.20|0.46|0.8447|
|x|          3|         52|       1451|     366.3328914|        196|00:01:00|+0.23|0.42|0.8220|
|-|         15|         26|       1451|     374.3542713|        244|00:01:01|-0.06|0.15|0.9838|
|=|         12|         26|       1451|     379.7477108|        266|00:00:28|-0.07|0.11|1.0226|
|=|         10|         26|       1451|     381.8133827|        288|00:00:28|-0.03|0.11|0.9893|
|=|          7|         26|       1451|     381.2041870|        310|00:00:28|-0.02|0.11|0.9800|
|=|         13|         26|       1451|     384.1160928|        332|00:00:29|+0.01|0.12|0.9610|
|=|          4|         26|       1451|     386.8879165|        354|00:00:28|+0.03|0.13|0.9368|
|=|          5|         26|       1451|     388.2335675|        376|00:00:29|+0.04|0.13|0.9270|
|=|          8|         26|       1451|     387.7367947|        398|00:00:28|+0.03|0.12|0.9335|
|-|          9|          5|       1451|     385.4099086|        420|00:00:28|-0.06|0.03|0.8431|
|=|          6|          5|       1451|     388.5015096|        421|00:00:05|-0.07|0.01|0.8529|
|=|          1|          5|       1451|     392.1000099|        422|00:00:05|-0.07|0.00|0.8524|
|=|          2|          5|       2022|     397.7280331|        423|00:00:05|-0.06|0.01|0.8412|
|=|         17|          5|       2095|     391.8116773|        428|00:00:09|-0.05|0.01|0.8296|
+-+-----------+-----------+-----------+----------------+-----------+--------+-----+----+------+
Best-so-far configuration:        2095    mean value:      391.8116773
Description of the best-so-far configuration:
     .ID. archipelago_size  selection populations topology migration_selection .PARENT.
2095 2095                5 tournament         437     ring            roulette     2022

# 2023-01-25 05:34:41 CET: Elite configurations (first number is the configuration ID; listed from best to worst according to the sum of ranks):
     archipelago_size  selection populations topology migration_selection
2095                5 tournament         437     ring            roulette
1451                2 tournament         434     star          tournament
2022               10 tournament         471     ring            roulette
1447               20 tournament         411     ring          tournament
# 2023-01-25 05:34:42 CET: Iteration 7 of 7
# experimentsUsedSoFar: 14643
# remainingBudget: 357
# currentBudget: 357
# nbConfigurations: 23
# Markers:
     x No test is performed.
     c Configurations are discarded only due to capping.
     - The test is performed and some configurations are discarded.
     = The test is performed but no configuration is discarded.
     ! The test is performed and configurations could be discarded but elite configurations are preserved.
     . All alive configurations are elite and nothing is discarded

+-+-----------+-----------+-----------+----------------+-----------+--------+-----+----+------+
| |   Instance|      Alive|       Best|       Mean best| Exp so far|  W time|  rho|KenW|  Qvar|
+-+-----------+-----------+-----------+----------------+-----------+--------+-----+----+------+
|x|         18|         23|       2146|     321.4883296|         23|00:00:28|   NA|  NA|    NA|
|x|         15|         23|       2146|     334.4425006|         42|00:00:23|+0.21|0.60|0.8242|
|x|          3|         23|       2146|     364.2330948|         61|00:00:23|+0.18|0.45|0.8229|
|x|          8|         23|       2146|     371.5873221|         80|00:00:24|+0.04|0.28|0.9291|
|=|          4|         23|       2022|     385.8068274|         99|00:00:24|+0.04|0.24|0.9369|
|-|          1|         16|       2022|     378.2493897|        118|00:00:24|-0.02|0.15|0.9671|
|=|          2|         16|       2022|     381.9109162|        130|00:00:14|-0.01|0.14|0.9749|
|=|          9|         16|       2022|     380.4681135|        142|00:00:15|+0.00|0.13|0.9518|
|=|          6|         16|       2022|     388.8483382|        154|00:00:14|+0.02|0.13|0.9407|
|=|         14|         16|       2146|     377.0615370|        166|00:00:15|+0.03|0.13|0.9173|
|=|         16|         16|       2146|     378.8517498|        178|00:00:14|+0.06|0.15|0.9002|
|-|         12|         10|       2146|     382.7695931|        190|00:00:15|-0.01|0.07|0.9206|
|=|          5|         10|       2146|     384.9916196|        196|00:00:08|+0.00|0.08|0.9048|
|=|         17|         10|       2146|     384.0376621|        202|00:00:08|+0.01|0.08|0.9046|
|=|         11|         10|       2146|     385.6560563|        208|00:00:09|+0.01|0.08|0.9015|
|=|         13|         10|       2095|     396.6815725|        214|00:00:08|+0.02|0.08|0.8986|
|=|         10|         10|       2095|     395.4847669|        220|00:00:08|+0.02|0.08|0.8953|
|=|          7|         10|       2095|     389.0120017|        226|00:00:08|+0.01|0.07|0.8901|
|=|         19|         10|       2095|     394.6202237|        236|00:00:14|+0.01|0.06|0.8910|
+-+-----------+-----------+-----------+----------------+-----------+--------+-----+----+------+
Best-so-far configuration:        2095    mean value:      394.6202237
Description of the best-so-far configuration:
     .ID. archipelago_size  selection populations topology migration_selection .PARENT.
2095 2095                5 tournament         437     ring            roulette     2022

# 2023-01-25 05:39:47 CET: Elite configurations (first number is the configuration ID; listed from best to worst according to the sum of ranks):
     archipelago_size  selection populations topology migration_selection
2095                5 tournament         437     ring            roulette
2146                3 tournament         438     star          tournament
2022               10 tournament         471     ring            roulette
1451                2 tournament         434     star          tournament
# 2023-01-25 05:39:47 CET: Iteration 8 of 8
# experimentsUsedSoFar: 14879
# remainingBudget: 121
# currentBudget: 121
# nbConfigurations: 9
# Markers:
     x No test is performed.
     c Configurations are discarded only due to capping.
     - The test is performed and some configurations are discarded.
     = The test is performed but no configuration is discarded.
     ! The test is performed and configurations could be discarded but elite configurations are preserved.
     . All alive configurations are elite and nothing is discarded

+-+-----------+-----------+-----------+----------------+-----------+--------+-----+----+------+
| |   Instance|      Alive|       Best|       Mean best| Exp so far|  W time|  rho|KenW|  Qvar|
+-+-----------+-----------+-----------+----------------+-----------+--------+-----+----+------+
|x|         20|          9|       2158|     329.0489082|          9|00:00:14|   NA|  NA|    NA|
|x|         17|          9|       2146|     376.4732986|         14|00:00:09|+0.05|0.53|0.9468|
|x|         10|          9|       2022|     399.7038797|         19|00:00:09|+0.23|0.49|0.7665|
|x|         12|          9|       2095|     372.5949390|         24|00:00:09|+0.30|0.47|0.7274|
|-|         14|          6|       2146|     385.4284806|         29|00:00:09|-0.07|0.14|0.9218|
|=|          5|          6|       2022|     394.3264605|         31|00:00:05|+0.04|0.20|0.8447|
|=|         15|          6|       2022|     381.6198307|         33|00:00:05|+0.11|0.23|0.7724|
|=|          6|          6|       2146|     370.3138026|         35|00:00:05|+0.04|0.16|0.7677|
|=|          7|          6|       2146|     380.9343680|         37|00:00:05|+0.00|0.11|0.8024|
|=|         13|          6|       2095|     383.6756312|         39|00:00:05|-0.00|0.10|0.8069|
|=|          1|          6|       2095|     386.6318894|         41|00:00:05|+0.03|0.12|0.7851|
|=|         11|          6|       1451|     398.2747855|         43|00:00:05|+0.04|0.12|0.7815|
|=|          9|          6|       1451|     395.1372847|         45|00:00:05|+0.08|0.15|0.7474|
|=|         16|          6|       2095|     388.0158636|         47|00:00:05|+0.06|0.13|0.7530|
|=|         18|          6|       2095|     384.9093072|         49|00:00:05|+0.03|0.09|0.7824|
|=|         19|          6|       2146|     388.3432053|         51|00:00:05|+0.02|0.08|0.7820|
|=|          8|          6|       2146|     388.6553699|         53|00:00:05|+0.04|0.09|0.7712|
|=|          2|          6|       2146|     388.2510017|         55|00:00:05|+0.06|0.11|0.7456|
|=|          3|          6|       2146|     390.1227534|         57|00:00:05|+0.06|0.11|0.7484|
|=|          4|          6|       2146|     394.2423708|         59|00:00:05|+0.05|0.09|0.7588|
|=|         21|          6|       2146|     391.5968298|         65|00:00:10|+0.03|0.08|0.7710|
+-+-----------+-----------+-----------+----------------+-----------+--------+-----+----+------+
Best-so-far configuration:        2146    mean value:      391.5968298
Description of the best-so-far configuration:
     .ID. archipelago_size  selection populations topology migration_selection .PARENT.
2146 2146                3 tournament         438     star          tournament     1451

# 2023-01-25 05:42:09 CET: Elite configurations (first number is the configuration ID; listed from best to worst according to the sum of ranks):
     archipelago_size  selection populations topology migration_selection
2146                3 tournament         438     star          tournament
1451                2 tournament         434     star          tournament
2095                5 tournament         437     ring            roulette
2022               10 tournament         471     ring            roulette
# 2023-01-25 05:42:09 CET: Iteration 9 of 9
# experimentsUsedSoFar: 14944
# remainingBudget: 56
# currentBudget: 56
# nbConfigurations: 6
# Markers:
     x No test is performed.
     c Configurations are discarded only due to capping.
     - The test is performed and some configurations are discarded.
     = The test is performed but no configuration is discarded.
     ! The test is performed and configurations could be discarded but elite configurations are preserved.
     . All alive configurations are elite and nothing is discarded

+-+-----------+-----------+-----------+----------------+-----------+--------+-----+----+------+
| |   Instance|      Alive|       Best|       Mean best| Exp so far|  W time|  rho|KenW|  Qvar|
+-+-----------+-----------+-----------+----------------+-----------+--------+-----+----+------+
|x|         22|          6|       2022|     359.5970482|          6|00:00:08|   NA|  NA|    NA|
|x|          5|          6|       2022|     356.0437298|          8|00:00:04|+0.03|0.51|0.7481|
|x|         21|          6|       2146|     404.0937960|         10|00:00:04|-0.14|0.24|0.9573|
|x|         17|          6|       2146|     395.9794007|         12|00:00:04|-0.21|0.09|0.9958|
|=|         18|          6|       2146|     381.0811865|         14|00:00:04|-0.07|0.14|0.8851|
|=|          4|          6|       2146|     396.3201725|         16|00:00:04|-0.11|0.08|0.8965|
|=|         10|          6|       2022|     395.6897815|         18|00:00:04|-0.07|0.08|0.8602|
|=|         19|          6|       2022|     393.3751230|         20|00:00:04|-0.03|0.10|0.8113|
|=|          1|          6|       2022|     387.4959095|         22|00:00:04|+0.04|0.15|0.7571|
|=|         16|          6|       2146|     395.2234266|         24|00:00:04|+0.06|0.15|0.7452|
|=|         14|          6|       2146|     389.0894587|         26|00:00:04|+0.10|0.18|0.7343|
|-|         11|          4|       2146|     390.6914684|         28|00:00:04|-0.02|0.07|0.7702|
|.|          3|          4|       2146|     393.2393773|         28|00:00:00|-0.02|0.06|0.7641|
|.|          7|          4|       2146|     398.4293426|         28|00:00:00|-0.05|0.03|0.7850|
|.|          6|          4|       2146|     390.2884137|         28|00:00:00|-0.04|0.03|0.7827|
|.|          8|          4|       2146|     390.4985131|         28|00:00:00|-0.04|0.03|0.7888|
|.|         15|          4|       2146|     387.9631107|         28|00:00:00|-0.03|0.03|0.7761|
|.|          2|          4|       2146|     387.5972013|         28|00:00:00|-0.02|0.03|0.7740|
|.|         12|          4|       2146|     389.6113417|         28|00:00:00|-0.04|0.02|0.7780|
|.|         13|          4|       2146|     394.5562610|         28|00:00:00|-0.04|0.01|0.7803|
|.|          9|          4|       2146|     395.4363088|         28|00:00:00|-0.05|0.00|0.7832|
|.|         20|          4|       2146|     394.7942213|         28|00:00:00|-0.04|0.01|0.7806|
+-+-----------+-----------+-----------+----------------+-----------+--------+-----+----+------+
Best-so-far configuration:        2146    mean value:      394.7942213
Description of the best-so-far configuration:
     .ID. archipelago_size  selection populations topology migration_selection .PARENT.
2146 2146                3 tournament         438     star          tournament     1451

# 2023-01-25 05:43:06 CET: Elite configurations (first number is the configuration ID; listed from best to worst according to the sum of ranks):
     archipelago_size  selection populations topology migration_selection
2146                3 tournament         438     star          tournament
2022               10 tournament         471     ring            roulette
2095                5 tournament         437     ring            roulette
1451                2 tournament         434     star          tournament
# 2023-01-25 05:43:06 CET: Iteration 10 of 10
# experimentsUsedSoFar: 14972
# remainingBudget: 28
# currentBudget: 28
# nbConfigurations: 5
# Markers:
     x No test is performed.
     c Configurations are discarded only due to capping.
     - The test is performed and some configurations are discarded.
     = The test is performed but no configuration is discarded.
     ! The test is performed and configurations could be discarded but elite configurations are preserved.
     . All alive configurations are elite and nothing is discarded

+-+-----------+-----------+-----------+----------------+-----------+--------+-----+----+------+
| |   Instance|      Alive|       Best|       Mean best| Exp so far|  W time|  rho|KenW|  Qvar|
+-+-----------+-----------+-----------+----------------+-----------+--------+-----+----+------+
|x|         23|          5|       2164|     393.6296136|          5|00:00:08|   NA|  NA|    NA|
|x|         14|          5|       2146|     385.4036081|          6|00:00:04|-0.60|0.20|1.2058|
|x|          4|          5|       2022|     395.1760973|          7|00:00:04|-0.30|0.13|1.1354|
|x|          6|          5|       2146|     379.9094321|          8|00:00:04|-0.18|0.11|0.9822|
|=|          2|          5|       2146|     380.2028941|          9|00:00:04|-0.02|0.18|0.8941|
|=|          7|          5|       2095|     389.1411637|         10|00:00:04|+0.01|0.17|0.8625|
|=|         22|          5|       2146|     404.1218292|         11|00:00:04|-0.03|0.11|0.8612|
|=|          5|          5|       2022|     404.9204355|         12|00:00:04|-0.06|0.07|0.8638|
|=|          8|          5|       2146|     403.7954161|         13|00:00:04|-0.10|0.02|0.8875|
|=|         18|          5|       2146|     395.5647074|         14|00:00:04|-0.07|0.04|0.8609|
|=|          9|          5|       2146|     397.1531219|         15|00:00:04|-0.09|0.01|0.8685|
|=|         15|          5|       2022|     400.3531002|         16|00:00:04|-0.06|0.03|0.8461|
|=|         19|          5|       2146|     389.2144945|         17|00:00:04|-0.03|0.05|0.8212|
|=|         21|          5|       2146|     385.6053170|         18|00:00:04|-0.03|0.05|0.8077|
|=|         17|          5|       2146|     384.6740435|         19|00:00:04|-0.02|0.05|0.8001|
|=|         10|          5|       2146|     386.9181755|         20|00:00:04|-0.01|0.05|0.7913|
|=|          3|          5|       2146|     389.0885348|         21|00:00:04|-0.01|0.05|0.7869|
|=|         20|          5|       2146|     388.6564152|         22|00:00:04|+0.02|0.07|0.7658|
|=|          1|          5|       2146|     389.9519608|         23|00:00:04|+0.04|0.09|0.7525|
|=|         12|          5|       2146|     391.7476562|         24|00:00:04|+0.04|0.09|0.7452|
|=|         16|          5|       2146|     391.9860477|         25|00:00:04|+0.05|0.09|0.7450|
|=|         11|          5|       2146|     392.7282081|         26|00:00:04|+0.05|0.09|0.7448|
|=|         13|          5|       2146|     396.8926219|         27|00:00:04|+0.03|0.08|0.7572|
+-+-----------+-----------+-----------+----------------+-----------+--------+-----+----+------+
Best-so-far configuration:        2146    mean value:      396.8926219
Description of the best-so-far configuration:
     .ID. archipelago_size  selection populations topology migration_selection .PARENT.
2146 2146                3 tournament         438     star          tournament     1451

# 2023-01-25 05:44:53 CET: Elite configurations (first number is the configuration ID; listed from best to worst according to the sum of ranks):
     archipelago_size  selection populations topology migration_selection
2146                3 tournament         438     star          tournament
2022               10 tournament         471     ring            roulette
1451                2 tournament         434     star          tournament
2095                5 tournament         437     ring            roulette
# 2023-01-25 05:44:53 CET: Stopped because there is not enough budget left to race more than the minimum (4)
# You may either increase the budget or set 'minNbSurvival' to a lower value
# Iteration: 11
# nbIterations: 11
# experimentsUsedSoFar: 14999
# timeUsed: 0
# remainingBudget: 1
# currentBudget: 1
# number of elites: 4
# nbConfigurations: 3
# Total CPU user time: 66283.67, CPU sys time: 1962.487, Wall-clock time: 17810.15
# Best configurations (first number is the configuration ID; listed from best to worst according to the sum of ranks):
     archipelago_size  selection populations topology migration_selection
2146                3 tournament         438     star          tournament
2022               10 tournament         471     ring            roulette
1451                2 tournament         434     star          tournament
2095                5 tournament         437     ring            roulette
# Best configurations as commandlines (first number is the configuration ID; same order as above):
2146  --archipelago-size 3 --selection tournament --populations 438 --topology star --migration-selection tournament
2022  --archipelago-size 10 --selection tournament --populations 471 --topology ring --migration-selection roulette
1451  --archipelago-size 2 --selection tournament --populations 434 --topology star --migration-selection tournament
2095  --archipelago-size 5 --selection tournament --populations 437 --topology ring --migration-selection roulette


# Testing of elite configurations: 1 
# Testing iteration configurations: FALSE 
# 2023-01-25 05:44:54 CET: No test instances, skip testing
