#------------------------------------------------------------------------------
# irace: An implementation in R of (Elitist) Iterated Racing
# Version: 3.5.6863679
# Copyright (C) 2010-2020
# Manuel Lopez-Ibanez     <manuel.lopez-ibanez@manchester.ac.uk>
# Jeremie Dubois-Lacoste  
# Leslie Perez Caceres    <leslie.perez.caceres@ulb.ac.be>
#
# This is free software, and you are welcome to redistribute it under certain
# conditions.  See the GNU General Public License for details. There is NO
# WARRANTY; not even for MERCHANTABILITY or FITNESS FOR A PARTICULAR PURPOSE.
#
# irace builds upon previous code from the race package:
#     race: Racing methods for the selection of the best
#     Copyright (C) 2003 Mauro Birattari
#------------------------------------------------------------------------------
# installed at: /net/people/plgrid/plgfkatul/R/irace
# called with: --exec-dir=target-runner-14 --seed 1234580
== irace == WARNING: A default scenario file '/net/people/plgrid/plgfkatul/computational-intelligence/tuning/scenario.txt' has been found and will be read.
# 2023-01-24 13:45:53 CET: Initialization
# Elitist race
# Elitist new instances: 1
# Elitist limit: 2
# nbIterations: 4
# minNbSurvival: 4
# nbParameters: 5
# seed: 1234580
# confidence level: 0.95
# budget: 15000
# mu: 5
# deterministic: FALSE

# 2023-01-24 13:45:53 CET: Iteration 1 of 4
# experimentsUsedSoFar: 0
# remainingBudget: 15000
# currentBudget: 3750
# nbConfigurations: 625
# Markers:
     x No test is performed.
     c Configurations are discarded only due to capping.
     - The test is performed and some configurations are discarded.
     = The test is performed but no configuration is discarded.
     ! The test is performed and configurations could be discarded but elite configurations are preserved.
     . All alive configurations are elite and nothing is discarded

+-+-----------+-----------+-----------+----------------+-----------+--------+-----+----+------+
| |   Instance|      Alive|       Best|       Mean best| Exp so far|  W time|  rho|KenW|  Qvar|
+-+-----------+-----------+-----------+----------------+-----------+--------+-----+----+------+
|x|          1|        625|         29|     162.0446367|        625|00:05:52|   NA|  NA|    NA|
|x|          2|        625|        325|     353.8412289|       1250|00:05:12|+0.46|0.73|0.6318|
|x|          3|        625|        325|     365.6735604|       1875|00:05:16|+0.46|0.64|0.6215|
|x|          4|        625|        248|     379.8983492|       2500|00:05:19|+0.44|0.58|0.6021|
|-|          5|        159|        248|     382.3058395|       3125|00:05:08|-0.03|0.17|1.0234|
|=|          6|        159|        248|     382.2536210|       3284|00:01:25|+0.01|0.17|0.9728|
|=|          7|        159|        325|     381.6006759|       3443|00:01:25|+0.02|0.16|0.9682|
+-+-----------+-----------+-----------+----------------+-----------+--------+-----+----+------+
Best-so-far configuration:         325    mean value:      381.6006759
Description of the best-so-far configuration:
    .ID. population_size  selection populations        topology migration_selection .PARENT.
325  325              17 tournament         200 fully_connected                 sus       NA

# 2023-01-24 14:15:35 CET: Elite configurations (first number is the configuration ID; listed from best to worst according to the sum of ranks):
    population_size  selection populations        topology migration_selection
325              17 tournament         200 fully_connected                 sus
248              11 tournament         189            ring          tournament
482               8 tournament         169            mesh            roulette
269              16 tournament         166 fully_connected            roulette
# 2023-01-24 14:15:35 CET: Iteration 2 of 4
# experimentsUsedSoFar: 3443
# remainingBudget: 11557
# currentBudget: 3852
# nbConfigurations: 485
# Markers:
     x No test is performed.
     c Configurations are discarded only due to capping.
     - The test is performed and some configurations are discarded.
     = The test is performed but no configuration is discarded.
     ! The test is performed and configurations could be discarded but elite configurations are preserved.
     . All alive configurations are elite and nothing is discarded

+-+-----------+-----------+-----------+----------------+-----------+--------+-----+----+------+
| |   Instance|      Alive|       Best|       Mean best| Exp so far|  W time|  rho|KenW|  Qvar|
+-+-----------+-----------+-----------+----------------+-----------+--------+-----+----+------+
|x|          8|        485|        926|     175.2986418|        485|00:04:19|   NA|  NA|    NA|
|x|          6|        485|       1066|     294.6479045|        966|00:04:17|+0.42|0.71|0.6581|
|x|          5|        485|       1095|     344.0668548|       1447|00:04:17|+0.48|0.65|0.6097|
|x|          3|        485|        704|     367.8592639|       1928|00:04:18|+0.47|0.61|0.6314|
|-|          1|        127|        704|     367.0372124|       2409|00:04:17|-0.08|0.14|1.0770|
|=|          2|        127|        248|     383.0777954|       2532|00:01:14|-0.06|0.11|1.0623|
|=|          7|        127|        325|     380.9416775|       2655|00:01:14|-0.05|0.10|1.0512|
|=|          4|        127|        248|     391.2889709|       2778|00:01:15|-0.04|0.09|1.0352|
|=|          9|        127|        248|     400.6773379|       2905|00:01:16|-0.03|0.08|1.0270|
+-+-----------+-----------+-----------+----------------+-----------+--------+-----+----+------+
Best-so-far configuration:         248    mean value:      400.6773379
Description of the best-so-far configuration:
    .ID. population_size  selection populations topology migration_selection .PARENT.
248  248              11 tournament         189     ring          tournament       NA

# 2023-01-24 14:42:08 CET: Elite configurations (first number is the configuration ID; listed from best to worst according to the sum of ranks):
     population_size  selection populations        topology migration_selection
248               11 tournament         189            ring          tournament
694               19 tournament         190            star                 sus
1020              16 tournament         190 fully_connected                 sus
325               17 tournament         200 fully_connected                 sus
# 2023-01-24 14:42:08 CET: Iteration 3 of 4
# experimentsUsedSoFar: 6348
# remainingBudget: 8652
# currentBudget: 4326
# nbConfigurations: 436
# Markers:
     x No test is performed.
     c Configurations are discarded only due to capping.
     - The test is performed and some configurations are discarded.
     = The test is performed but no configuration is discarded.
     ! The test is performed and configurations could be discarded but elite configurations are preserved.
     . All alive configurations are elite and nothing is discarded

+-+-----------+-----------+-----------+----------------+-----------+--------+-----+----+------+
| |   Instance|      Alive|       Best|       Mean best| Exp so far|  W time|  rho|KenW|  Qvar|
+-+-----------+-----------+-----------+----------------+-----------+--------+-----+----+------+
|x|         10|        436|       1340|     278.3075546|        436|00:04:10|   NA|  NA|    NA|
|x|          3|        436|       1502|     345.2397668|        868|00:04:07|+0.45|0.72|0.6945|
|x|          1|        436|       1340|     333.9983181|       1300|00:04:07|+0.42|0.62|0.6691|
|x|          9|        436|       1340|     344.7594108|       1732|00:04:07|+0.42|0.57|0.6901|
|-|          5|        163|       1157|     369.5406537|       2164|00:04:09|-0.10|0.12|1.0706|
|=|          7|        163|       1157|     376.2911338|       2323|00:01:38|-0.06|0.12|1.0296|
|=|          8|        163|       1157|     383.7274356|       2482|00:01:38|-0.06|0.09|1.0424|
|=|          6|        163|       1157|     386.0520252|       2641|00:01:38|-0.04|0.09|1.0291|
|=|          2|        163|       1157|     375.0047821|       2800|00:01:39|-0.03|0.08|1.0150|
|=|          4|        163|       1157|     378.7098071|       2959|00:01:38|-0.02|0.08|1.0066|
|=|         11|        163|       1157|     380.1591247|       3122|00:01:41|-0.01|0.08|0.9994|
+-+-----------+-----------+-----------+----------------+-----------+--------+-----+----+------+
Best-so-far configuration:        1157    mean value:      380.1591247
Description of the best-so-far configuration:
     .ID. population_size  selection populations topology migration_selection .PARENT.
1157 1157              14 tournament         191     star                 sus      248

# 2023-01-24 15:12:46 CET: Elite configurations (first number is the configuration ID; listed from best to worst according to the sum of ranks):
     population_size  selection populations        topology migration_selection
1157              14 tournament         191            star                 sus
1426              14 tournament         164            mesh                 sus
1377              16 tournament         190            ring            roulette
1020              16 tournament         190 fully_connected                 sus
# 2023-01-24 15:12:46 CET: Iteration 4 of 4
# experimentsUsedSoFar: 9470
# remainingBudget: 5530
# currentBudget: 5530
# nbConfigurations: 464
# Markers:
     x No test is performed.
     c Configurations are discarded only due to capping.
     - The test is performed and some configurations are discarded.
     = The test is performed but no configuration is discarded.
     ! The test is performed and configurations could be discarded but elite configurations are preserved.
     . All alive configurations are elite and nothing is discarded

+-+-----------+-----------+-----------+----------------+-----------+--------+-----+----+------+
| |   Instance|      Alive|       Best|       Mean best| Exp so far|  W time|  rho|KenW|  Qvar|
+-+-----------+-----------+-----------+----------------+-----------+--------+-----+----+------+
|x|         12|        464|       1870|     283.8866372|        464|00:04:18|   NA|  NA|    NA|
|x|          4|        464|       1670|     314.6091137|        924|00:04:13|+0.39|0.70|0.6906|
|x|          9|        464|       1810|     299.6665391|       1384|00:04:15|+0.37|0.58|0.7306|
|x|         11|        464|       1810|     328.1589288|       1844|00:04:13|+0.35|0.52|0.7562|
|-|          6|        182|       1810|     347.0221208|       2304|00:04:15|-0.14|0.09|1.1153|
|=|          5|        182|       1573|     364.0269330|       2482|00:01:47|-0.10|0.08|1.0765|
|=|          7|        182|       1573|     360.9073650|       2660|00:01:47|-0.06|0.09|1.0465|
|=|          2|        182|       1810|     367.8780163|       2838|00:01:48|-0.05|0.08|1.0312|
|=|         10|        182|       1810|     365.0798247|       3016|00:01:47|-0.03|0.08|1.0196|
|=|          8|        182|       1810|     373.3291035|       3194|00:01:47|-0.03|0.07|1.0189|
|=|          1|        182|       1810|     377.4360555|       3372|00:01:48|-0.02|0.07|1.0121|
|=|          3|        182|       1157|     384.0174775|       3550|00:01:49|-0.02|0.07|1.0065|
|=|         13|        182|       1810|     378.6077667|       3732|00:01:50|-0.01|0.06|1.0029|
+-+-----------+-----------+-----------+----------------+-----------+--------+-----+----+------+
Best-so-far configuration:        1810    mean value:      378.6077667
Description of the best-so-far configuration:
     .ID. population_size  selection populations topology migration_selection .PARENT.
1810 1810              13 tournament         197     ring            roulette     1157

# 2023-01-24 15:48:30 CET: Elite configurations (first number is the configuration ID; listed from best to worst according to the sum of ranks):
     population_size  selection populations topology migration_selection
1810              13 tournament         197     ring            roulette
1157              14 tournament         191     star                 sus
1766              13 tournament         181     star                 sus
1706              13 tournament         155     mesh                 sus
# 2023-01-24 15:48:30 CET: Iteration 5 of 5
# experimentsUsedSoFar: 13202
# remainingBudget: 1798
# currentBudget: 1798
# nbConfigurations: 132
# Markers:
     x No test is performed.
     c Configurations are discarded only due to capping.
     - The test is performed and some configurations are discarded.
     = The test is performed but no configuration is discarded.
     ! The test is performed and configurations could be discarded but elite configurations are preserved.
     . All alive configurations are elite and nothing is discarded

+-+-----------+-----------+-----------+----------------+-----------+--------+-----+----+------+
| |   Instance|      Alive|       Best|       Mean best| Exp so far|  W time|  rho|KenW|  Qvar|
+-+-----------+-----------+-----------+----------------+-----------+--------+-----+----+------+
|x|         14|        132|       2102|     297.5864042|        132|00:01:15|   NA|  NA|    NA|
|x|          8|        132|       2042|     364.4266193|        260|00:01:13|+0.30|0.65|0.8477|
|x|          3|        132|       2042|     367.5874476|        388|00:01:13|+0.31|0.54|0.7783|
|x|         11|        132|       2042|     379.4589875|        516|00:01:14|+0.32|0.49|0.7937|
|-|          1|         74|       1157|     375.7674390|        644|00:01:14|-0.14|0.09|1.1173|
|=|          4|         74|       2042|     381.1636520|        714|00:00:41|-0.08|0.10|1.0585|
|=|         10|         74|       2042|     382.2300488|        784|00:00:41|-0.06|0.09|1.0443|
|=|          7|         74|       1157|     387.5272463|        854|00:00:41|-0.05|0.08|1.0293|
|=|         12|         74|       1157|     391.8530366|        924|00:00:41|-0.03|0.08|1.0136|
|=|          5|         74|       1157|     390.5760259|        994|00:00:41|-0.02|0.08|1.0044|
|=|         13|         74|       1157|     396.2436901|       1064|00:00:41|-0.02|0.08|0.9976|
|=|          6|         74|       1157|     396.7503952|       1134|00:00:41|-0.00|0.08|0.9843|
|=|          2|         74|       1157|     388.2793523|       1204|00:00:41|+0.01|0.08|0.9719|
|=|          9|         74|       1157|     390.8396750|       1274|00:00:41|+0.01|0.08|0.9646|
|=|         15|         74|       1157|     395.1656227|       1348|00:00:43|+0.01|0.08|0.9672|
+-+-----------+-----------+-----------+----------------+-----------+--------+-----+----+------+
Best-so-far configuration:        1157    mean value:      395.1656227
Description of the best-so-far configuration:
     .ID. population_size  selection populations topology migration_selection .PARENT.
1157 1157              14 tournament         191     star                 sus      248

# 2023-01-24 16:01:38 CET: Elite configurations (first number is the configuration ID; listed from best to worst according to the sum of ranks):
     population_size  selection populations topology migration_selection
1157              14 tournament         191     star                 sus
1810              13 tournament         197     ring            roulette
1766              13 tournament         181     star                 sus
2082              12 tournament         174     star            roulette
# 2023-01-24 16:01:38 CET: Iteration 6 of 6
# experimentsUsedSoFar: 14550
# remainingBudget: 450
# currentBudget: 450
# nbConfigurations: 31
# Markers:
     x No test is performed.
     c Configurations are discarded only due to capping.
     - The test is performed and some configurations are discarded.
     = The test is performed but no configuration is discarded.
     ! The test is performed and configurations could be discarded but elite configurations are preserved.
     . All alive configurations are elite and nothing is discarded

+-+-----------+-----------+-----------+----------------+-----------+--------+-----+----+------+
| |   Instance|      Alive|       Best|       Mean best| Exp so far|  W time|  rho|KenW|  Qvar|
+-+-----------+-----------+-----------+----------------+-----------+--------+-----+----+------+
|x|         16|         31|       1157|     298.7675576|         31|00:00:21|   NA|  NA|    NA|
|x|         11|         31|       1157|     346.7099290|         58|00:00:16|-0.26|0.37|1.1482|
|x|          1|         31|       1157|     310.4435364|         85|00:00:17|+0.03|0.36|0.8538|
|x|          7|         31|       1157|     335.3435360|        112|00:00:17|+0.00|0.25|0.9587|
|=|          6|         31|       1157|     348.7396592|        139|00:00:16|+0.00|0.20|0.9715|
|=|          8|         31|       1157|     362.0072570|        166|00:00:17|-0.01|0.16|0.9620|
|=|         14|         31|       1157|     368.9527043|        193|00:00:16|-0.02|0.13|0.9737|
|=|         10|         31|       1157|     372.7438924|        220|00:00:17|-0.00|0.12|0.9595|
|=|          2|         31|       1157|     363.1753308|        247|00:00:16|+0.01|0.12|0.9486|
|=|         15|         31|       1157|     372.4306866|        274|00:00:17|+0.00|0.10|0.9489|
|=|         12|         31|       1157|     377.3423841|        301|00:00:16|+0.01|0.10|0.9489|
|=|          4|         31|       1157|     380.2351048|        328|00:00:18|+0.03|0.11|0.9300|
|=|         13|         31|       1157|     385.8262761|        355|00:00:17|+0.03|0.10|0.9306|
|=|          5|         31|       1157|     385.3446085|        382|00:00:16|+0.03|0.10|0.9204|
|-|          9|         12|       1157|     387.9298926|        409|00:00:17|-0.02|0.05|0.9137|
|=|          3|         12|       1157|     389.1407436|        417|00:00:05|-0.01|0.05|0.9115|
|=|         17|         12|       1157|     395.0673778|        429|00:00:07|-0.02|0.04|0.9243|
+-+-----------+-----------+-----------+----------------+-----------+--------+-----+----+------+
Best-so-far configuration:        1157    mean value:      395.0673778
Description of the best-so-far configuration:
     .ID. population_size  selection populations topology migration_selection .PARENT.
1157 1157              14 tournament         191     star                 sus      248

# 2023-01-24 16:06:12 CET: Elite configurations (first number is the configuration ID; listed from best to worst according to the sum of ranks):
     population_size  selection populations topology migration_selection
1157              14 tournament         191     star                 sus
1810              13 tournament         197     ring            roulette
2136              15 tournament         188     star                 sus
1766              13 tournament         181     star                 sus
# 2023-01-24 16:06:12 CET: Stopped because there is not enough budget left to race more than the minimum (4)
# You may either increase the budget or set 'minNbSurvival' to a lower value
# Iteration: 7
# nbIterations: 7
# experimentsUsedSoFar: 14979
# timeUsed: 0
# remainingBudget: 21
# currentBudget: 21
# number of elites: 4
# nbConfigurations: 4
# Total CPU user time: 29969.52, CPU sys time: 1994.84, Wall-clock time: 8419.062
# Best configurations (first number is the configuration ID; listed from best to worst according to the sum of ranks):
     population_size  selection populations topology migration_selection
1157              14 tournament         191     star                 sus
1810              13 tournament         197     ring            roulette
2136              15 tournament         188     star                 sus
1766              13 tournament         181     star                 sus
# Best configurations as commandlines (first number is the configuration ID; same order as above):
1157  --population-size 14 --selection tournament --populations 191 --topology star --migration-selection sus
1810  --population-size 13 --selection tournament --populations 197 --topology ring --migration-selection roulette
2136  --population-size 15 --selection tournament --populations 188 --topology star --migration-selection sus
1766  --population-size 13 --selection tournament --populations 181 --topology star --migration-selection sus


# Testing of elite configurations: 1 
# Testing iteration configurations: FALSE 
# 2023-01-24 16:06:12 CET: No test instances, skip testing
