#------------------------------------------------------------------------------
# irace: An implementation in R of (Elitist) Iterated Racing
# Version: 3.5.6863679
# Copyright (C) 2010-2020
# Manuel Lopez-Ibanez     <manuel.lopez-ibanez@manchester.ac.uk>
# Jeremie Dubois-Lacoste  
# Leslie Perez Caceres    <leslie.perez.caceres@ulb.ac.be>
#
# This is free software, and you are welcome to redistribute it under certain
# conditions.  See the GNU General Public License for details. There is NO
# WARRANTY; not even for MERCHANTABILITY or FITNESS FOR A PARTICULAR PURPOSE.
#
# irace builds upon previous code from the race package:
#     race: Racing methods for the selection of the best
#     Copyright (C) 2003 Mauro Birattari
#------------------------------------------------------------------------------
# installed at: /net/people/plgrid/plgfkatul/R/irace
# called with: --exec-dir=target-runner-14 --seed 1234580
== irace == WARNING: A default scenario file '/net/people/plgrid/plgfkatul/repos/computational-intelligence/tuning/scenario.txt' has been found and will be read.
# 2023-01-25 00:48:03 CET: Initialization
# Elitist race
# Elitist new instances: 1
# Elitist limit: 2
# nbIterations: 4
# minNbSurvival: 4
# nbParameters: 5
# seed: 1234580
# confidence level: 0.95
# budget: 15000
# mu: 5
# deterministic: FALSE

# 2023-01-25 00:48:03 CET: Iteration 1 of 4
# experimentsUsedSoFar: 0
# remainingBudget: 15000
# currentBudget: 3750
# nbConfigurations: 625
# Markers:
     x No test is performed.
     c Configurations are discarded only due to capping.
     - The test is performed and some configurations are discarded.
     = The test is performed but no configuration is discarded.
     ! The test is performed and configurations could be discarded but elite configurations are preserved.
     . All alive configurations are elite and nothing is discarded

+-+-----------+-----------+-----------+----------------+-----------+--------+-----+----+------+
| |   Instance|      Alive|       Best|       Mean best| Exp so far|  W time|  rho|KenW|  Qvar|
+-+-----------+-----------+-----------+----------------+-----------+--------+-----+----+------+
|x|          1|        625|        274|     309.0318522|        625|00:11:33|   NA|  NA|    NA|
|x|          2|        625|        306|     346.6616766|       1250|00:11:17|+0.46|0.73|0.5698|
|x|          3|        625|        612|     365.1079923|       1875|00:11:16|+0.47|0.64|0.5496|
|x|          4|        625|        341|     379.6528113|       2500|00:11:15|+0.46|0.60|0.5489|
|-|          5|        175|         85|     375.1059322|       3125|00:11:15|-0.07|0.14|1.0459|
|=|          6|        175|        234|     363.6062476|       3300|00:03:24|-0.04|0.13|1.0201|
|=|          7|        175|        612|     370.4408021|       3475|00:03:24|-0.03|0.11|1.0094|
+-+-----------+-----------+-----------+----------------+-----------+--------+-----+----+------+
Best-so-far configuration:         612    mean value:      370.4408021
Description of the best-so-far configuration:
    .ID. archipelago_size  selection populations topology migration_selection .PARENT.
612  612               60 tournament         395     star          tournament       NA

# 2023-01-25 01:51:33 CET: Elite configurations (first number is the configuration ID; listed from best to worst according to the sum of ranks):
    archipelago_size  selection populations        topology migration_selection
612               60 tournament         395            star          tournament
367              100 tournament         379 fully_connected            roulette
440              100 tournament         387 fully_connected          tournament
234               60 tournament         352            ring            roulette
# 2023-01-25 01:51:33 CET: Iteration 2 of 4
# experimentsUsedSoFar: 3475
# remainingBudget: 11525
# currentBudget: 3841
# nbConfigurations: 483
# Markers:
     x No test is performed.
     c Configurations are discarded only due to capping.
     - The test is performed and some configurations are discarded.
     = The test is performed but no configuration is discarded.
     ! The test is performed and configurations could be discarded but elite configurations are preserved.
     . All alive configurations are elite and nothing is discarded

+-+-----------+-----------+-----------+----------------+-----------+--------+-----+----+------+
| |   Instance|      Alive|       Best|       Mean best| Exp so far|  W time|  rho|KenW|  Qvar|
+-+-----------+-----------+-----------+----------------+-----------+--------+-----+----+------+
|x|          8|        483|        828|     264.5629653|        483|00:11:15|   NA|  NA|    NA|
|x|          2|        483|        907|     325.3736331|        962|00:11:09|+0.50|0.75|0.5941|
|x|          7|        483|       1081|     345.5996076|       1441|00:11:08|+0.48|0.65|0.5909|
|x|          5|        483|        367|     361.5590933|       1920|00:11:08|+0.47|0.60|0.6018|
|-|          6|        124|        367|     351.6100569|       2399|00:11:09|-0.10|0.12|1.0758|
|=|          1|        124|        367|     348.4289971|       2519|00:03:24|-0.05|0.12|1.0296|
|=|          4|        124|        367|     364.5174565|       2639|00:03:24|-0.05|0.10|1.0345|
|=|          3|        124|        612|     374.9827558|       2759|00:03:24|-0.04|0.09|1.0207|
|=|          9|        124|        612|     377.7638128|       2883|00:03:32|-0.03|0.09|1.0141|
+-+-----------+-----------+-----------+----------------+-----------+--------+-----+----+------+
Best-so-far configuration:         612    mean value:      377.7638128
Description of the best-so-far configuration:
    .ID. archipelago_size  selection populations topology migration_selection .PARENT.
612  612               60 tournament         395     star          tournament       NA

# 2023-01-25 03:01:11 CET: Elite configurations (first number is the configuration ID; listed from best to worst according to the sum of ranks):
     archipelago_size  selection populations        topology migration_selection
612                60 tournament         395            star          tournament
367               100 tournament         379 fully_connected            roulette
1024               40 tournament         393            star          tournament
803               100 tournament         404 fully_connected                 sus
# 2023-01-25 03:01:11 CET: Iteration 3 of 4
# experimentsUsedSoFar: 6358
# remainingBudget: 8642
# currentBudget: 4321
# nbConfigurations: 435
# Markers:
     x No test is performed.
     c Configurations are discarded only due to capping.
     - The test is performed and some configurations are discarded.
     = The test is performed but no configuration is discarded.
     ! The test is performed and configurations could be discarded but elite configurations are preserved.
     . All alive configurations are elite and nothing is discarded

+-+-----------+-----------+-----------+----------------+-----------+--------+-----+----+------+
| |   Instance|      Alive|       Best|       Mean best| Exp so far|  W time|  rho|KenW|  Qvar|
+-+-----------+-----------+-----------+----------------+-----------+--------+-----+----+------+
|x|         10|        435|       1486|     252.1466813|        435|00:10:23|   NA|  NA|    NA|
|x|          2|        435|       1315|     342.3347309|        866|00:10:17|+0.44|0.72|0.6785|
|x|          1|        435|       1123|     378.9079909|       1297|00:10:19|+0.46|0.64|0.6617|
|x|          9|        435|       1456|     349.3219648|       1728|00:10:20|+0.45|0.59|0.6611|
|-|          8|        122|       1123|     371.9931756|       2159|00:10:22|-0.13|0.09|1.1207|
|=|          3|        122|       1123|     375.8732624|       2277|00:03:14|-0.08|0.10|1.0744|
|=|          6|        122|       1123|     375.6481252|       2395|00:03:14|-0.04|0.10|1.0354|
|=|          7|        122|       1123|     375.9296809|       2513|00:03:13|-0.03|0.09|1.0218|
|=|          4|        122|       1123|     383.6737689|       2631|00:03:15|-0.04|0.08|1.0249|
|=|          5|        122|       1123|     389.3702754|       2749|00:03:14|-0.02|0.08|1.0178|
|=|         11|        122|        612|     379.9803565|       2871|00:03:21|-0.01|0.08|1.0104|
+-+-----------+-----------+-----------+----------------+-----------+--------+-----+----+------+
Best-so-far configuration:         612    mean value:      379.9803565
Description of the best-so-far configuration:
    .ID. archipelago_size  selection populations topology migration_selection .PARENT.
612  612               60 tournament         395     star          tournament       NA

# 2023-01-25 04:12:30 CET: Elite configurations (first number is the configuration ID; listed from best to worst according to the sum of ranks):
     archipelago_size  selection populations        topology migration_selection
612                60 tournament         395            star          tournament
1123               80 tournament         373            ring            roulette
367               100 tournament         379 fully_connected            roulette
1024               40 tournament         393            star          tournament
# 2023-01-25 04:12:30 CET: Iteration 4 of 4
# experimentsUsedSoFar: 9229
# remainingBudget: 5771
# currentBudget: 5771
# nbConfigurations: 484
# Markers:
     x No test is performed.
     c Configurations are discarded only due to capping.
     - The test is performed and some configurations are discarded.
     = The test is performed but no configuration is discarded.
     ! The test is performed and configurations could be discarded but elite configurations are preserved.
     . All alive configurations are elite and nothing is discarded

+-+-----------+-----------+-----------+----------------+-----------+--------+-----+----+------+
| |   Instance|      Alive|       Best|       Mean best| Exp so far|  W time|  rho|KenW|  Qvar|
+-+-----------+-----------+-----------+----------------+-----------+--------+-----+----+------+
|x|         12|        484|       1578|     275.2433216|        484|00:12:23|   NA|  NA|    NA|
|x|          5|        484|       1615|     303.9048164|        964|00:12:19|+0.42|0.71|0.6622|
|x|          9|        484|       1893|     320.0892577|       1444|00:12:19|+0.42|0.61|0.6885|
|x|         10|        484|       1709|     341.4225699|       1924|00:12:22|+0.42|0.56|0.6885|
|-|          4|        150|       1709|     359.2688400|       2404|00:12:22|-0.13|0.10|1.1013|
|=|          2|        150|       1826|     386.1307206|       2550|00:04:07|-0.08|0.10|1.0662|
|=|         11|        150|       1712|     382.2579757|       2696|00:04:09|-0.06|0.09|1.0453|
|=|          6|        150|       1826|     390.5809330|       2842|00:04:08|-0.04|0.09|1.0246|
|=|          3|        150|       1712|     384.2030375|       2988|00:04:09|-0.02|0.09|1.0054|
|=|          8|        150|       1709|     388.0173664|       3134|00:04:08|-0.01|0.09|0.9979|
|=|          1|        150|       1709|     381.6257839|       3280|00:04:08|+0.00|0.09|0.9867|
|=|          7|        150|       1709|     384.4603879|       3426|00:04:10|+0.00|0.09|0.9856|
|=|         13|        150|       1709|     388.5544408|       3576|00:04:16|+0.00|0.08|0.9878|
+-+-----------+-----------+-----------+----------------+-----------+--------+-----+----+------+
Best-so-far configuration:        1709    mean value:      388.5544408
Description of the best-so-far configuration:
     .ID. archipelago_size  selection populations topology migration_selection .PARENT.
1709 1709               80 tournament         429     star                 sus      612

# 2023-01-25 05:47:39 CET: Elite configurations (first number is the configuration ID; listed from best to worst according to the sum of ranks):
     archipelago_size  selection populations        topology migration_selection
1709               80 tournament         429            star                 sus
1817              100 tournament         363 fully_connected                 sus
1798               60 tournament         363 fully_connected                 sus
1786              100 tournament         364            ring                 sus
# 2023-01-25 05:47:39 CET: Iteration 5 of 5
# experimentsUsedSoFar: 12805
# remainingBudget: 2195
# currentBudget: 2195
# nbConfigurations: 160
# Markers:
     x No test is performed.
     c Configurations are discarded only due to capping.
     - The test is performed and some configurations are discarded.
     = The test is performed but no configuration is discarded.
     ! The test is performed and configurations could be discarded but elite configurations are preserved.
     . All alive configurations are elite and nothing is discarded

+-+-----------+-----------+-----------+----------------+-----------+--------+-----+----+------+
| |   Instance|      Alive|       Best|       Mean best| Exp so far|  W time|  rho|KenW|  Qvar|
+-+-----------+-----------+-----------+----------------+-----------+--------+-----+----+------+
|x|         14|        160|       2026|     312.3935899|        160|00:04:19|   NA|  NA|    NA|
|x|          7|        160|       2026|     286.7152067|        316|00:04:11|+0.33|0.66|0.7273|
|x|          2|        160|       2114|     370.5013201|        472|00:04:12|+0.32|0.54|0.7690|
|x|         12|        160|       2044|     383.3380556|        628|00:04:10|+0.35|0.51|0.7478|
|-|          1|         59|       2044|     381.4622865|        784|00:04:10|-0.10|0.12|1.0756|
|=|          8|         59|       2090|     382.4629266|        839|00:01:37|-0.07|0.11|1.0409|
|=|         10|         59|       2090|     373.4074729|        894|00:01:35|-0.04|0.11|1.0081|
|=|          4|         59|       2090|     380.3427557|        949|00:01:36|-0.04|0.09|1.0068|
|=|         11|         59|       2090|     383.6028608|       1004|00:01:36|-0.01|0.10|0.9876|
|=|          5|         59|       2090|     393.6588317|       1059|00:01:35|-0.01|0.09|0.9870|
|=|          9|         59|       2090|     397.6180180|       1114|00:01:35|-0.02|0.07|0.9918|
|=|         13|         59|       2090|     397.1057592|       1169|00:01:36|-0.01|0.08|0.9762|
|=|          3|         59|       2064|     389.4320506|       1224|00:01:38|+0.01|0.09|0.9616|
|=|          6|         59|       1798|     396.9961010|       1279|00:01:35|+0.01|0.08|0.9604|
|=|         15|         59|       1798|     398.3536684|       1338|00:01:43|+0.01|0.08|0.9609|
+-+-----------+-----------+-----------+----------------+-----------+--------+-----+----+------+
Best-so-far configuration:        1798    mean value:      398.3536684
Description of the best-so-far configuration:
     .ID. archipelago_size  selection populations        topology migration_selection .PARENT.
1798 1798               60 tournament         363 fully_connected                 sus      612

# 2023-01-25 06:24:54 CET: Elite configurations (first number is the configuration ID; listed from best to worst according to the sum of ranks):
     archipelago_size  selection populations        topology migration_selection
1798               60 tournament         363 fully_connected                 sus
2090               80 tournament         435            star                 sus
1786              100 tournament         364            ring                 sus
1709               80 tournament         429            star                 sus
# 2023-01-25 06:24:54 CET: Iteration 6 of 6
# experimentsUsedSoFar: 14143
# remainingBudget: 857
# currentBudget: 857
# nbConfigurations: 57
# Markers:
     x No test is performed.
     c Configurations are discarded only due to capping.
     - The test is performed and some configurations are discarded.
     = The test is performed but no configuration is discarded.
     ! The test is performed and configurations could be discarded but elite configurations are preserved.
     . All alive configurations are elite and nothing is discarded

+-+-----------+-----------+-----------+----------------+-----------+--------+-----+----+------+
| |   Instance|      Alive|       Best|       Mean best| Exp so far|  W time|  rho|KenW|  Qvar|
+-+-----------+-----------+-----------+----------------+-----------+--------+-----+----+------+
|x|         16|         57|       2217|     339.3041772|         57|00:01:39|   NA|  NA|    NA|
|x|          8|         57|       2223|     358.1867119|        110|00:01:29|+0.15|0.58|0.8803|
|x|          7|         57|       2177|     365.6706465|        163|00:01:31|+0.25|0.50|0.7883|
|x|          2|         57|       2212|     383.6032642|        216|00:01:33|+0.22|0.42|0.8154|
|-|         14|         38|       2212|     400.2793350|        269|00:01:30|-0.10|0.12|1.0647|
|=|         15|         38|       2202|     401.5848734|        303|00:01:04|-0.04|0.14|1.0045|
|=|         11|         38|       2212|     400.8448575|        337|00:01:04|-0.02|0.13|0.9771|
|=|          1|         38|       2090|     391.6221164|        371|00:01:04|-0.00|0.12|0.9773|
|=|          9|         38|       2185|     397.5035847|        405|00:01:04|-0.01|0.10|0.9771|
|=|         13|         38|       2090|     396.1657725|        439|00:01:04|+0.00|0.10|0.9655|
|=|         12|         38|       2090|     388.4785319|        473|00:01:04|+0.01|0.10|0.9564|
|=|          4|         38|       2090|     391.8461322|        507|00:01:04|+0.00|0.09|0.9576|
|=|         10|         38|       2090|     386.2483336|        541|00:01:04|+0.01|0.09|0.9454|
|=|          3|         38|       2090|     388.2482662|        575|00:01:06|+0.01|0.08|0.9429|
|=|          6|         38|       2090|     393.0345129|        609|00:01:03|+0.01|0.07|0.9503|
|=|          5|         38|       2185|     404.0650190|        643|00:01:04|+0.01|0.07|0.9512|
|=|         17|         38|       1786|     396.1691643|        681|00:01:12|+0.02|0.07|0.9465|
+-+-----------+-----------+-----------+----------------+-----------+--------+-----+----+------+
Best-so-far configuration:        1786    mean value:      396.1691643
Description of the best-so-far configuration:
     .ID. archipelago_size  selection populations topology migration_selection .PARENT.
1786 1786              100 tournament         364     ring                 sus     1123

# 2023-01-25 06:45:42 CET: Elite configurations (first number is the configuration ID; listed from best to worst according to the sum of ranks):
     archipelago_size  selection populations        topology migration_selection
1786              100 tournament         364            ring                 sus
2185              100 tournament         354            ring                 sus
1798               60 tournament         363 fully_connected                 sus
2090               80 tournament         435            star                 sus
# 2023-01-25 06:45:42 CET: Iteration 7 of 7
# experimentsUsedSoFar: 14824
# remainingBudget: 176
# currentBudget: 176
# nbConfigurations: 13
# Markers:
     x No test is performed.
     c Configurations are discarded only due to capping.
     - The test is performed and some configurations are discarded.
     = The test is performed but no configuration is discarded.
     ! The test is performed and configurations could be discarded but elite configurations are preserved.
     . All alive configurations are elite and nothing is discarded

+-+-----------+-----------+-----------+----------------+-----------+--------+-----+----+------+
| |   Instance|      Alive|       Best|       Mean best| Exp so far|  W time|  rho|KenW|  Qvar|
+-+-----------+-----------+-----------+----------------+-----------+--------+-----+----+------+
|x|         18|         13|       2233|     329.5469673|         13|00:00:24|   NA|  NA|    NA|
|x|          1|         13|       2227|     378.6045918|         22|00:00:15|+0.47|0.74|0.8539|
|x|         16|         13|       2227|     397.7197540|         31|00:00:16|+0.19|0.46|0.9562|
|x|          4|         13|       2227|     394.2807565|         40|00:00:15|+0.16|0.37|0.9499|
|=|          5|         13|       2227|     393.4236009|         49|00:00:16|+0.08|0.27|0.9785|
|=|          3|         13|       2227|     389.1950461|         58|00:00:15|+0.12|0.27|0.9190|
|=|          7|         13|       2227|     403.0072645|         67|00:00:16|+0.08|0.21|0.9355|
|-|         13|          7|       2227|     392.6254194|         76|00:00:15|-0.01|0.12|0.8814|
|=|          8|          7|       2227|     398.3027476|         79|00:00:07|-0.00|0.11|0.8792|
|=|          2|          7|       2227|     402.6333598|         82|00:00:07|-0.05|0.05|0.8984|
|=|          9|          7|       2227|     398.6845220|         85|00:00:07|-0.04|0.05|0.8832|
|=|         17|          7|       2227|     401.0876538|         88|00:00:07|-0.04|0.05|0.8708|
|=|         14|          7|       2227|     402.6304257|         91|00:00:07|-0.03|0.05|0.8599|
|=|         11|          7|       2227|     401.8654160|         94|00:00:07|-0.02|0.05|0.8647|
|=|         10|          7|       2227|     403.1243985|         97|00:00:07|-0.01|0.06|0.8515|
|=|          6|          7|       2227|     402.3467391|        100|00:00:07|+0.00|0.07|0.8406|
|=|         15|          7|       2227|     405.9252745|        103|00:00:07|+0.01|0.07|0.8397|
|=|         12|          7|       2185|     407.2486161|        106|00:00:07|+0.01|0.06|0.8404|
|=|         19|          7|       2185|     407.5794632|        113|00:00:14|+0.01|0.06|0.8329|
+-+-----------+-----------+-----------+----------------+-----------+--------+-----+----+------+
Best-so-far configuration:        2185    mean value:      407.5794632
Description of the best-so-far configuration:
     .ID. archipelago_size  selection populations topology migration_selection .PARENT.
2185 2185              100 tournament         354     ring                 sus     1786

# 2023-01-25 06:49:25 CET: Elite configurations (first number is the configuration ID; listed from best to worst according to the sum of ranks):
     archipelago_size  selection populations        topology migration_selection
2185              100 tournament         354            ring                 sus
1798               60 tournament         363 fully_connected                 sus
2090               80 tournament         435            star                 sus
1786              100 tournament         364            ring                 sus
# 2023-01-25 06:49:25 CET: Iteration 8 of 8
# experimentsUsedSoFar: 14937
# remainingBudget: 63
# currentBudget: 63
# nbConfigurations: 6
# Markers:
     x No test is performed.
     c Configurations are discarded only due to capping.
     - The test is performed and some configurations are discarded.
     = The test is performed but no configuration is discarded.
     ! The test is performed and configurations could be discarded but elite configurations are preserved.
     . All alive configurations are elite and nothing is discarded

+-+-----------+-----------+-----------+----------------+-----------+--------+-----+----+------+
| |   Instance|      Alive|       Best|       Mean best| Exp so far|  W time|  rho|KenW|  Qvar|
+-+-----------+-----------+-----------+----------------+-----------+--------+-----+----+------+
|x|         20|          6|       2090|     286.1678720|          6|00:00:15|   NA|  NA|    NA|
|x|          5|          6|       1798|     380.7319595|          8|00:00:07|-0.26|0.37|1.2456|
|x|          3|          6|       1798|     400.2189941|         10|00:00:07|+0.01|0.34|0.9963|
|x|         14|          6|       2090|     390.3229590|         12|00:00:07|+0.01|0.26|0.8575|
|=|          6|          6|       1798|     391.3514307|         14|00:00:07|+0.13|0.30|0.7651|
|=|         12|          6|       1798|     388.2237468|         16|00:00:07|+0.23|0.36|0.6933|
|-|         19|          4|       1798|     386.4671932|         18|00:00:07|-0.05|0.10|0.7787|
|.|         18|          4|       1798|     399.0746040|         18|00:00:00|-0.11|0.03|0.8317|
|.|          2|          4|       1798|     399.0088699|         18|00:00:00|-0.08|0.04|0.7909|
|.|          4|          4|       1798|     396.6972863|         18|00:00:00|-0.05|0.05|0.7755|
|.|         16|          4|       1798|     405.7802702|         18|00:00:00|-0.07|0.03|0.7780|
|.|          7|          4|       1798|     403.6731946|         18|00:00:00|-0.05|0.04|0.7756|
|.|          8|          4|       1798|     408.3972469|         18|00:00:00|-0.07|0.02|0.7904|
|.|         15|          4|       1798|     409.0374158|         18|00:00:00|-0.05|0.02|0.7769|
|.|          9|          4|       1798|     413.5117716|         18|00:00:00|-0.06|0.02|0.7910|
|.|         17|          4|       1798|     410.6807468|         18|00:00:00|-0.06|0.00|0.7929|
|.|         10|          4|       1798|     412.7266092|         18|00:00:00|-0.06|0.00|0.7899|
|.|          1|          4|       1798|     412.6841604|         18|00:00:00|-0.05|0.01|0.7871|
|.|         11|          4|       1798|     408.5426876|         18|00:00:00|-0.05|0.01|0.7862|
|.|         13|          4|       1798|     405.3502136|         18|00:00:00|-0.05|0.00|0.7831|
+-+-----------+-----------+-----------+----------------+-----------+--------+-----+----+------+
Best-so-far configuration:        2185    mean value:      411.1673318
Description of the best-so-far configuration:
     .ID. archipelago_size  selection populations topology migration_selection .PARENT.
2185 2185              100 tournament         354     ring                 sus     1786

# 2023-01-25 06:50:27 CET: Elite configurations (first number is the configuration ID; listed from best to worst according to the sum of ranks):
     archipelago_size  selection populations        topology migration_selection
1798               60 tournament         363 fully_connected                 sus
2185              100 tournament         354            ring                 sus
2090               80 tournament         435            star                 sus
1786              100 tournament         364            ring                 sus
# 2023-01-25 06:50:27 CET: Iteration 9 of 9
# experimentsUsedSoFar: 14955
# remainingBudget: 45
# currentBudget: 45
# nbConfigurations: 5
# Markers:
     x No test is performed.
     c Configurations are discarded only due to capping.
     - The test is performed and some configurations are discarded.
     = The test is performed but no configuration is discarded.
     ! The test is performed and configurations could be discarded but elite configurations are preserved.
     . All alive configurations are elite and nothing is discarded

+-+-----------+-----------+-----------+----------------+-----------+--------+-----+----+------+
| |   Instance|      Alive|       Best|       Mean best| Exp so far|  W time|  rho|KenW|  Qvar|
+-+-----------+-----------+-----------+----------------+-----------+--------+-----+----+------+
|x|         21|          5|       2090|     317.5342496|          5|00:00:15|   NA|  NA|    NA|
|x|          2|          5|       2090|     341.9135380|          6|00:00:07|+0.50|0.75|0.2207|
|x|         16|          5|       2090|     367.4294432|          7|00:00:07|+0.10|0.40|0.7228|
|x|          8|          5|       2090|     377.4403984|          8|00:00:07|+0.05|0.29|0.8301|
|=|          3|          5|       2090|     384.8017967|          9|00:00:07|+0.04|0.23|0.7993|
|=|         20|          5|       2090|     368.3628093|         10|00:00:07|+0.15|0.29|0.7024|
|=|          5|          5|       2090|     384.9056322|         11|00:00:07|-0.02|0.13|0.8206|
|=|          7|          5|       2090|     393.5813010|         12|00:00:07|-0.06|0.07|0.8530|
|=|          9|          5|       2090|     398.4289210|         13|00:00:07|-0.09|0.03|0.8795|
|=|         18|          5|       2090|     406.0222526|         14|00:00:07|-0.08|0.02|0.8674|
|=|          4|          5|       2090|     408.1011147|         15|00:00:07|-0.09|0.00|0.8655|
|=|         15|          5|       2090|     400.8977337|         16|00:00:07|-0.07|0.02|0.8530|
|=|         13|          5|       2090|     400.1725936|         17|00:00:07|-0.07|0.02|0.8427|
|=|          6|          5|       1798|     411.2995075|         18|00:00:07|-0.07|0.01|0.8300|
|=|         17|          5|       1798|     408.4272320|         19|00:00:07|-0.06|0.01|0.8249|
|=|          1|          5|       1798|     408.6481883|         20|00:00:07|-0.06|0.01|0.8223|
|=|         11|          5|       1798|     404.2568935|         21|00:00:07|-0.05|0.01|0.8176|
|=|         14|          5|       1798|     405.3011814|         22|00:00:07|-0.04|0.01|0.8210|
|=|         19|          5|       1798|     403.7552177|         23|00:00:07|-0.03|0.02|0.8058|
|=|         12|          5|       1798|     402.1967232|         24|00:00:07|-0.03|0.02|0.8026|
|=|         10|          5|       1798|     404.2568986|         25|00:00:07|-0.03|0.01|0.8121|
|=|         22|          5|       2090|     395.6796815|         30|00:00:14|-0.04|0.01|0.8208|
+-+-----------+-----------+-----------+----------------+-----------+--------+-----+----+------+
Best-so-far configuration:        2090    mean value:      395.6796815
Description of the best-so-far configuration:
     .ID. archipelago_size  selection populations topology migration_selection .PARENT.
2090 2090               80 tournament         435     star                 sus     1709

# 2023-01-25 06:53:26 CET: Elite configurations (first number is the configuration ID; listed from best to worst according to the sum of ranks):
     archipelago_size  selection populations        topology migration_selection
2090               80 tournament         435            star                 sus
1798               60 tournament         363 fully_connected                 sus
2185              100 tournament         354            ring                 sus
1786              100 tournament         364            ring                 sus
# 2023-01-25 06:53:26 CET: Stopped because there is not enough budget left to race more than the minimum (4)
# You may either increase the budget or set 'minNbSurvival' to a lower value
# Iteration: 10
# nbIterations: 10
# experimentsUsedSoFar: 14985
# timeUsed: 0
# remainingBudget: 15
# currentBudget: 15
# number of elites: 4
# nbConfigurations: 4
# Total CPU user time: 82078.55, CPU sys time: 1967.768, Wall-clock time: 21922.29
# Best configurations (first number is the configuration ID; listed from best to worst according to the sum of ranks):
     archipelago_size  selection populations        topology migration_selection
2090               80 tournament         435            star                 sus
1798               60 tournament         363 fully_connected                 sus
2185              100 tournament         354            ring                 sus
1786              100 tournament         364            ring                 sus
# Best configurations as commandlines (first number is the configuration ID; same order as above):
2090  --archipelago-size 80 --selection tournament --populations 435 --topology star --migration-selection sus
1798  --archipelago-size 60 --selection tournament --populations 363 --topology fully_connected --migration-selection sus
2185  --archipelago-size 100 --selection tournament --populations 354 --topology ring --migration-selection sus
1786  --archipelago-size 100 --selection tournament --populations 364 --topology ring --migration-selection sus


# Testing of elite configurations: 1 
# Testing iteration configurations: FALSE 
# 2023-01-25 06:53:26 CET: No test instances, skip testing
