#------------------------------------------------------------------------------
# irace: An implementation in R of (Elitist) Iterated Racing
# Version: 3.5.6863679
# Copyright (C) 2010-2020
# Manuel Lopez-Ibanez     <manuel.lopez-ibanez@manchester.ac.uk>
# Jeremie Dubois-Lacoste  
# Leslie Perez Caceres    <leslie.perez.caceres@ulb.ac.be>
#
# This is free software, and you are welcome to redistribute it under certain
# conditions.  See the GNU General Public License for details. There is NO
# WARRANTY; not even for MERCHANTABILITY or FITNESS FOR A PARTICULAR PURPOSE.
#
# irace builds upon previous code from the race package:
#     race: Racing methods for the selection of the best
#     Copyright (C) 2003 Mauro Birattari
#------------------------------------------------------------------------------
# installed at: /net/people/plgrid/plgfkatul/R/irace
# called with: --exec-dir=target-runner-06 --seed 1234572
== irace == WARNING: A default scenario file '/net/people/plgrid/plgfkatul/computational-intelligence/tuning/scenario.txt' has been found and will be read.
# 2023-01-24 13:45:53 CET: Initialization
# Elitist race
# Elitist new instances: 1
# Elitist limit: 2
# nbIterations: 4
# minNbSurvival: 4
# nbParameters: 5
# seed: 1234572
# confidence level: 0.95
# budget: 15000
# mu: 5
# deterministic: FALSE

# 2023-01-24 13:45:53 CET: Iteration 1 of 4
# experimentsUsedSoFar: 0
# remainingBudget: 15000
# currentBudget: 3750
# nbConfigurations: 625
# Markers:
     x No test is performed.
     c Configurations are discarded only due to capping.
     - The test is performed and some configurations are discarded.
     = The test is performed but no configuration is discarded.
     ! The test is performed and configurations could be discarded but elite configurations are preserved.
     . All alive configurations are elite and nothing is discarded

+-+-----------+-----------+-----------+----------------+-----------+--------+-----+----+------+
| |   Instance|      Alive|       Best|       Mean best| Exp so far|  W time|  rho|KenW|  Qvar|
+-+-----------+-----------+-----------+----------------+-----------+--------+-----+----+------+
|x|          1|        625|         16|     245.8656348|        625|00:05:29|   NA|  NA|    NA|
|x|          2|        625|        527|     337.1774631|       1250|00:05:16|+0.46|0.73|0.5821|
|x|          3|        625|        210|     360.7107854|       1875|00:05:20|+0.45|0.63|0.5669|
|x|          4|        625|        202|     367.7694799|       2500|00:05:23|+0.44|0.58|0.5850|
|-|          5|        166|         30|     374.8863177|       3125|00:05:12|+0.00|0.20|1.0037|
|=|          6|        166|         30|     383.4293054|       3291|00:01:27|+0.01|0.18|0.9972|
|=|          7|        166|        527|     380.8334200|       3457|00:01:27|+0.01|0.15|0.9962|
+-+-----------+-----------+-----------+----------------+-----------+--------+-----+----+------+
Best-so-far configuration:         527    mean value:      380.8334200
Description of the best-so-far configuration:
    .ID. population_size  selection populations        topology migration_selection .PARENT.
527  527              12 tournament         154 fully_connected            roulette       NA

# 2023-01-24 14:15:31 CET: Elite configurations (first number is the configuration ID; listed from best to worst according to the sum of ranks):
    population_size  selection populations        topology migration_selection
527              12 tournament         154 fully_connected            roulette
369              12 tournament         120            ring          tournament
297              25 tournament         169            ring          tournament
30               23 tournament         114 fully_connected            roulette
# 2023-01-24 14:15:31 CET: Iteration 2 of 4
# experimentsUsedSoFar: 3457
# remainingBudget: 11543
# currentBudget: 3847
# nbConfigurations: 484
# Markers:
     x No test is performed.
     c Configurations are discarded only due to capping.
     - The test is performed and some configurations are discarded.
     = The test is performed but no configuration is discarded.
     ! The test is performed and configurations could be discarded but elite configurations are preserved.
     . All alive configurations are elite and nothing is discarded

+-+-----------+-----------+-----------+----------------+-----------+--------+-----+----+------+
| |   Instance|      Alive|       Best|       Mean best| Exp so far|  W time|  rho|KenW|  Qvar|
+-+-----------+-----------+-----------+----------------+-----------+--------+-----+----+------+
|x|          8|        484|        855|     131.3974752|        484|00:04:10|   NA|  NA|    NA|
|x|          2|        484|        855|     230.0211540|        964|00:04:07|+0.48|0.74|0.6256|
|x|          3|        484|        855|     293.2619108|       1444|00:04:07|+0.49|0.66|0.6296|
|x|          6|        484|        683|     381.2072988|       1924|00:04:08|+0.48|0.61|0.6431|
|-|          7|        146|        900|     368.6346504|       2404|00:04:07|-0.09|0.13|1.0696|
|=|          1|        146|       1060|     386.9675404|       2546|00:01:21|-0.05|0.12|1.0413|
|=|          4|        146|       1060|     388.9318306|       2688|00:01:20|-0.04|0.10|1.0318|
|=|          5|        146|       1060|     396.6818834|       2830|00:01:20|-0.04|0.09|1.0329|
|=|          9|        146|        771|     397.1659356|       2976|00:01:22|-0.02|0.09|1.0186|
+-+-----------+-----------+-----------+----------------+-----------+--------+-----+----+------+
Best-so-far configuration:         771    mean value:      397.1659356
Description of the best-so-far configuration:
    .ID. population_size  selection populations topology migration_selection .PARENT.
771  771              24 tournament         147     star                 sus      297

# 2023-01-24 14:41:39 CET: Elite configurations (first number is the configuration ID; listed from best to worst according to the sum of ranks):
    population_size  selection populations        topology migration_selection
771              24 tournament         147            star                 sus
746               9 tournament         119            star                 sus
652              19 tournament         113 fully_connected          tournament
688              19 tournament         125            ring            roulette
# 2023-01-24 14:41:39 CET: Iteration 3 of 4
# experimentsUsedSoFar: 6433
# remainingBudget: 8567
# currentBudget: 4283
# nbConfigurations: 431
# Markers:
     x No test is performed.
     c Configurations are discarded only due to capping.
     - The test is performed and some configurations are discarded.
     = The test is performed but no configuration is discarded.
     ! The test is performed and configurations could be discarded but elite configurations are preserved.
     . All alive configurations are elite and nothing is discarded

+-+-----------+-----------+-----------+----------------+-----------+--------+-----+----+------+
| |   Instance|      Alive|       Best|       Mean best| Exp so far|  W time|  rho|KenW|  Qvar|
+-+-----------+-----------+-----------+----------------+-----------+--------+-----+----+------+
|x|         10|        431|       1297|     221.1910163|        431|00:03:44|   NA|  NA|    NA|
|x|          2|        431|       1400|     349.6308121|        858|00:03:41|+0.46|0.73|0.6857|
|x|          4|        431|       1139|     374.3327196|       1285|00:03:41|+0.44|0.63|0.6963|
|x|          3|        431|       1500|     357.1228647|       1712|00:03:41|+0.45|0.59|0.6675|
|-|          6|        133|       1263|     367.1384452|       2139|00:03:42|-0.11|0.11|1.0809|
|=|          5|        133|       1297|     370.2967524|       2268|00:01:15|-0.09|0.09|1.0691|
|=|          9|        133|       1139|     382.6926170|       2397|00:01:15|-0.07|0.08|1.0530|
|=|          8|        133|        746|     384.7416412|       2526|00:01:15|-0.04|0.09|1.0276|
|=|          7|        133|        746|     384.4575462|       2655|00:01:15|-0.03|0.09|1.0175|
|=|          1|        133|        771|     393.8828171|       2784|00:01:15|-0.01|0.09|1.0060|
|=|         11|        133|        771|     389.5326832|       2917|00:01:16|-0.01|0.08|1.0068|
+-+-----------+-----------+-----------+----------------+-----------+--------+-----+----+------+
Best-so-far configuration:         771    mean value:      389.5326832
Description of the best-so-far configuration:
    .ID. population_size  selection populations topology migration_selection .PARENT.
771  771              24 tournament         147     star                 sus      297

# 2023-01-24 15:07:45 CET: Elite configurations (first number is the configuration ID; listed from best to worst according to the sum of ranks):
     population_size  selection populations        topology migration_selection
771               24 tournament         147            star                 sus
746                9 tournament         119            star                 sus
1500              13 tournament         104            mesh                 sus
1321              17 tournament         105 fully_connected          tournament
# 2023-01-24 15:07:45 CET: Iteration 4 of 4
# experimentsUsedSoFar: 9350
# remainingBudget: 5650
# currentBudget: 5650
# nbConfigurations: 474
# Markers:
     x No test is performed.
     c Configurations are discarded only due to capping.
     - The test is performed and some configurations are discarded.
     = The test is performed but no configuration is discarded.
     ! The test is performed and configurations could be discarded but elite configurations are preserved.
     . All alive configurations are elite and nothing is discarded

+-+-----------+-----------+-----------+----------------+-----------+--------+-----+----+------+
| |   Instance|      Alive|       Best|       Mean best| Exp so far|  W time|  rho|KenW|  Qvar|
+-+-----------+-----------+-----------+----------------+-----------+--------+-----+----+------+
|x|         12|        474|       1750|     187.5128760|        474|00:04:06|   NA|  NA|    NA|
|x|          9|        474|       1869|     219.0540684|        944|00:04:04|+0.36|0.68|0.7228|
|x|         11|        474|       1929|     340.0322575|       1414|00:04:04|+0.39|0.59|0.7121|
|x|          2|        474|       1786|     336.2388301|       1884|00:04:05|+0.36|0.52|0.7371|
|-|          7|        136|       1859|     363.1970387|       2354|00:04:04|-0.13|0.10|1.0881|
|=|          5|        136|       1786|     358.4978292|       2486|00:01:17|-0.09|0.09|1.0653|
|=|          4|        136|       1786|     370.6344049|       2618|00:01:16|-0.08|0.08|1.0527|
|=|          8|        136|       1918|     383.0069933|       2750|00:01:17|-0.07|0.07|1.0450|
|=|          6|        136|       1908|     393.3207026|       2882|00:01:16|-0.05|0.06|1.0401|
|=|          1|        136|       1908|     391.7220351|       3014|00:01:16|-0.04|0.06|1.0207|
|=|         10|        136|        771|     395.1202504|       3146|00:01:17|-0.03|0.06|1.0176|
|=|          3|        136|       1888|     384.9362857|       3278|00:01:16|-0.02|0.06|1.0081|
|=|         13|        136|        771|     398.5889608|       3414|00:01:20|-0.01|0.06|1.0011|
+-+-----------+-----------+-----------+----------------+-----------+--------+-----+----+------+
Best-so-far configuration:         771    mean value:      398.5889608
Description of the best-so-far configuration:
    .ID. population_size  selection populations topology migration_selection .PARENT.
771  771              24 tournament         147     star                 sus      297

# 2023-01-24 15:38:31 CET: Elite configurations (first number is the configuration ID; listed from best to worst according to the sum of ranks):
     population_size  selection populations topology migration_selection
771               24 tournament         147     star                 sus
1888              23 tournament         149     star                 sus
1908              24 tournament         151     star                 sus
1786               7 tournament         118     mesh                 sus
# 2023-01-24 15:38:31 CET: Iteration 5 of 5
# experimentsUsedSoFar: 12764
# remainingBudget: 2236
# currentBudget: 2236
# nbConfigurations: 163
# Markers:
     x No test is performed.
     c Configurations are discarded only due to capping.
     - The test is performed and some configurations are discarded.
     = The test is performed but no configuration is discarded.
     ! The test is performed and configurations could be discarded but elite configurations are preserved.
     . All alive configurations are elite and nothing is discarded

+-+-----------+-----------+-----------+----------------+-----------+--------+-----+----+------+
| |   Instance|      Alive|       Best|       Mean best| Exp so far|  W time|  rho|KenW|  Qvar|
+-+-----------+-----------+-----------+----------------+-----------+--------+-----+----+------+
|x|         14|        163|       2104|     275.9593893|        163|00:01:43|   NA|  NA|    NA|
|x|          1|        163|       2003|     319.4942158|        322|00:01:41|+0.36|0.68|0.7565|
|x|         13|        163|       2013|     347.5452679|        481|00:01:40|+0.41|0.61|0.6924|
|x|          3|        163|       2013|     354.1212429|        640|00:01:41|+0.40|0.55|0.6989|
|-|          2|         92|       2013|     375.4926136|        799|00:01:40|-0.10|0.12|1.0612|
|=|         10|         92|       2041|     391.9946064|        887|00:00:59|-0.06|0.12|1.0344|
|=|         11|         92|       2041|     395.5757833|        975|00:00:59|-0.03|0.12|0.9968|
|=|          6|         92|       2041|     393.6368888|       1063|00:00:58|-0.02|0.11|0.9902|
|=|          7|         92|       1888|     379.8041831|       1151|00:00:59|-0.00|0.11|0.9758|
|=|          4|         92|       1888|     386.7527886|       1239|00:00:59|-0.00|0.10|0.9800|
|=|          9|         92|       1888|     388.0366886|       1327|00:00:59|+0.00|0.09|0.9693|
|=|         12|         92|       1786|     385.2754077|       1415|00:01:00|-0.00|0.08|0.9778|
|=|          5|         92|       1888|     393.5854125|       1503|00:00:59|+0.00|0.08|0.9745|
|=|          8|         92|       1888|     393.2805799|       1591|00:00:58|+0.01|0.08|0.9721|
|=|         15|         92|       1888|     388.8752887|       1683|00:01:01|+0.01|0.08|0.9676|
+-+-----------+-----------+-----------+----------------+-----------+--------+-----+----+------+
Best-so-far configuration:        1888    mean value:      388.8752887
Description of the best-so-far configuration:
     .ID. population_size  selection populations topology migration_selection .PARENT.
1888 1888              23 tournament         149     star                 sus      771

# 2023-01-24 15:56:54 CET: Elite configurations (first number is the configuration ID; listed from best to worst according to the sum of ranks):
     population_size  selection populations topology migration_selection
1888              23 tournament         149     star                 sus
771               24 tournament         147     star                 sus
2010              25 tournament         162     star                 sus
2066              25 tournament         135     star                 sus
# 2023-01-24 15:56:54 CET: Iteration 6 of 6
# experimentsUsedSoFar: 14447
# remainingBudget: 553
# currentBudget: 553
# nbConfigurations: 38
# Markers:
     x No test is performed.
     c Configurations are discarded only due to capping.
     - The test is performed and some configurations are discarded.
     = The test is performed but no configuration is discarded.
     ! The test is performed and configurations could be discarded but elite configurations are preserved.
     . All alive configurations are elite and nothing is discarded

+-+-----------+-----------+-----------+----------------+-----------+--------+-----+----+------+
| |   Instance|      Alive|       Best|       Mean best| Exp so far|  W time|  rho|KenW|  Qvar|
+-+-----------+-----------+-----------+----------------+-----------+--------+-----+----+------+
|x|         16|         38|       2168|     318.2942270|         38|00:00:25|   NA|  NA|    NA|
|x|         13|         38|       2189|     384.4956012|         72|00:00:22|+0.25|0.63|0.7435|
|x|          4|         38|       2189|     398.3538596|        106|00:00:23|+0.21|0.48|0.7975|
|x|         11|         38|       2167|     358.5569699|        140|00:00:23|+0.19|0.40|0.7945|
|-|          2|         26|       2164|     392.3288566|        174|00:00:22|-0.14|0.09|1.0651|
|=|          3|         26|       2170|     399.0295628|        196|00:00:16|-0.06|0.11|1.0088|
|=|          6|         26|       2179|     401.9072203|        218|00:00:16|-0.05|0.10|0.9929|
|=|         15|         26|        771|     396.0089341|        240|00:00:15|-0.02|0.11|0.9647|
|=|         12|         26|       2167|     389.7904922|        262|00:00:16|-0.01|0.10|0.9737|
|=|         14|         26|       2169|     417.6171042|        284|00:00:15|-0.04|0.06|1.0056|
|=|          7|         26|       1888|     394.5461231|        306|00:00:16|-0.02|0.07|0.9838|
|=|         10|         26|       1888|     394.7016600|        328|00:00:15|-0.01|0.07|0.9761|
|=|          9|         26|       1888|     395.1765852|        350|00:00:16|+0.00|0.08|0.9645|
|=|          8|         26|       1888|     394.7580975|        372|00:00:15|+0.02|0.09|0.9466|
|=|          5|         26|       1888|     394.5813321|        394|00:00:16|+0.02|0.09|0.9430|
|-|          1|         12|       1888|     391.9169567|        416|00:00:15|-0.00|0.06|0.9244|
|=|         17|         12|       1888|     393.7685342|        428|00:00:09|-0.00|0.06|0.9261|
|=|         18|         12|       1888|     397.8399295|        440|00:00:07|-0.00|0.05|0.9227|
+-+-----------+-----------+-----------+----------------+-----------+--------+-----+----+------+
Best-so-far configuration:        1888    mean value:      397.8399295
Description of the best-so-far configuration:
     .ID. population_size  selection populations topology migration_selection .PARENT.
1888 1888              23 tournament         149     star                 sus      771

# 2023-01-24 16:02:07 CET: Elite configurations (first number is the configuration ID; listed from best to worst according to the sum of ranks):
     population_size  selection populations topology migration_selection
1888              23 tournament         149     star                 sus
771               24 tournament         147     star                 sus
2010              25 tournament         162     star                 sus
2066              25 tournament         135     star                 sus
# 2023-01-24 16:02:07 CET: Iteration 7 of 7
# experimentsUsedSoFar: 14887
# remainingBudget: 113
# currentBudget: 113
# nbConfigurations: 9
# Markers:
     x No test is performed.
     c Configurations are discarded only due to capping.
     - The test is performed and some configurations are discarded.
     = The test is performed but no configuration is discarded.
     ! The test is performed and configurations could be discarded but elite configurations are preserved.
     . All alive configurations are elite and nothing is discarded

+-+-----------+-----------+-----------+----------------+-----------+--------+-----+----+------+
| |   Instance|      Alive|       Best|       Mean best| Exp so far|  W time|  rho|KenW|  Qvar|
+-+-----------+-----------+-----------+----------------+-----------+--------+-----+----+------+
|x|         19|          9|       1888|     386.9525580|          9|00:00:07|   NA|  NA|    NA|
|x|          3|          9|       1888|     353.1534224|         14|00:00:05|+0.43|0.72|0.2452|
|x|         13|          9|       2066|     396.4442337|         19|00:00:05|+0.15|0.43|0.6959|
|x|         16|          9|       2066|     403.5110941|         24|00:00:05|-0.05|0.21|0.9166|
|=|         14|          9|       2066|     406.3919229|         29|00:00:05|+0.09|0.27|0.8165|
|=|         15|          9|       1888|     392.9571206|         34|00:00:05|+0.13|0.27|0.7917|
|=|          1|          9|       1888|     387.0991499|         39|00:00:05|+0.12|0.25|0.7734|
|-|          6|          4|       1888|     386.9067781|         44|00:00:05|-0.07|0.06|0.7238|
|.|          5|          4|       1888|     387.4845380|         44|00:00:00|-0.07|0.05|0.7078|
|.|          7|          4|       1888|     376.7309706|         44|00:00:00|-0.03|0.07|0.6628|
|.|         11|          4|       1888|     377.7994277|         44|00:00:00|-0.03|0.07|0.6848|
|.|          2|          4|       1888|     380.4689538|         44|00:00:00|-0.01|0.07|0.7017|
|.|          8|          4|       1888|     381.1496310|         44|00:00:00|-0.03|0.05|0.7242|
|.|         10|          4|       1888|     382.2398406|         44|00:00:00|-0.04|0.04|0.7330|
|.|          9|          4|       1888|     383.4822305|         44|00:00:00|-0.03|0.04|0.7426|
|.|          4|          4|       1888|     387.5952309|         44|00:00:00|-0.04|0.03|0.7608|
|.|         12|          4|       1888|     391.6249333|         44|00:00:00|-0.05|0.01|0.7745|
|.|         17|          4|       1888|     393.3898688|         44|00:00:00|-0.05|0.01|0.7655|
|.|         18|          4|       1888|     397.2669099|         44|00:00:00|-0.05|0.01|0.7784|
+-+-----------+-----------+-----------+----------------+-----------+--------+-----+----+------+
Best-so-far configuration:         771    mean value:      407.8414870
Description of the best-so-far configuration:
    .ID. population_size  selection populations topology migration_selection .PARENT.
771  771              24 tournament         147     star                 sus      297

# 2023-01-24 16:02:52 CET: Elite configurations (first number is the configuration ID; listed from best to worst according to the sum of ranks):
     population_size  selection populations topology migration_selection
771               24 tournament         147     star                 sus
1888              23 tournament         149     star                 sus
2010              25 tournament         162     star                 sus
2066              25 tournament         135     star                 sus
# 2023-01-24 16:02:52 CET: Iteration 8 of 8
# experimentsUsedSoFar: 14931
# remainingBudget: 69
# currentBudget: 69
# nbConfigurations: 7
# Markers:
     x No test is performed.
     c Configurations are discarded only due to capping.
     - The test is performed and some configurations are discarded.
     = The test is performed but no configuration is discarded.
     ! The test is performed and configurations could be discarded but elite configurations are preserved.
     . All alive configurations are elite and nothing is discarded

+-+-----------+-----------+-----------+----------------+-----------+--------+-----+----+------+
| |   Instance|      Alive|       Best|       Mean best| Exp so far|  W time|  rho|KenW|  Qvar|
+-+-----------+-----------+-----------+----------------+-----------+--------+-----+----+------+
|x|         20|          7|       2066|     386.7935803|          7|00:00:05|   NA|  NA|    NA|
|x|          5|          7|       2010|     392.1351985|         10|00:00:03|-0.14|0.43|0.8077|
|x|         15|          7|       2010|     391.4337658|         13|00:00:03|-0.25|0.17|0.8999|
|x|         14|          7|       2010|     392.2128175|         16|00:00:03|-0.20|0.10|1.0078|
|=|         17|          7|       1888|     401.0665572|         19|00:00:03|-0.16|0.07|0.9674|
|=|         16|          7|       2010|     412.9790872|         22|00:00:03|-0.09|0.09|0.9323|
|=|         19|          7|       1888|     404.2610458|         25|00:00:03|-0.07|0.08|0.8923|
|=|          2|          7|       1888|     404.9576327|         28|00:00:03|-0.06|0.07|0.8775|
|=|         10|          7|       1888|     404.0081808|         31|00:00:03|-0.05|0.07|0.8666|
|=|          6|          7|       1888|     402.1633803|         34|00:00:03|-0.02|0.08|0.8454|
|=|         18|          7|       1888|     408.0624957|         37|00:00:03|-0.06|0.03|0.8945|
|=|          3|          7|       1888|     400.6701449|         40|00:00:03|-0.03|0.05|0.8618|
|=|          4|          7|       1888|     404.4101521|         43|00:00:03|-0.02|0.06|0.8508|
|=|         11|          7|       1888|     403.2725697|         46|00:00:03|+0.01|0.08|0.8294|
|=|          9|          7|       1888|     403.1127776|         49|00:00:03|+0.01|0.07|0.8255|
|=|          1|          7|       1888|     399.9151869|         52|00:00:03|+0.02|0.08|0.8088|
|=|         13|          7|       1888|     403.6624062|         55|00:00:03|-0.00|0.05|0.8352|
|=|          8|          7|       1888|     402.8654813|         58|00:00:03|-0.01|0.05|0.8315|
|=|         12|          7|       1888|     405.6673070|         61|00:00:03|-0.00|0.05|0.8291|
|=|          7|          7|       1888|     399.3813849|         64|00:00:03|+0.01|0.06|0.8162|
+-+-----------+-----------+-----------+----------------+-----------+--------+-----+----+------+
Best-so-far configuration:        1888    mean value:      399.3813849
Description of the best-so-far configuration:
     .ID. population_size  selection populations topology migration_selection .PARENT.
1888 1888              23 tournament         149     star                 sus      771

# 2023-01-24 16:03:58 CET: Elite configurations (first number is the configuration ID; listed from best to worst according to the sum of ranks):
     population_size  selection populations topology migration_selection
1888              23 tournament         149     star                 sus
771               24 tournament         147     star                 sus
2010              25 tournament         162     star                 sus
2066              25 tournament         135     star                 sus
# 2023-01-24 16:03:58 CET: Stopped because there is not enough budget left to race more than the minimum (4)
# You may either increase the budget or set 'minNbSurvival' to a lower value
# Iteration: 9
# nbIterations: 9
# experimentsUsedSoFar: 14995
# timeUsed: 0
# remainingBudget: 5
# currentBudget: 5
# number of elites: 4
# nbConfigurations: 4
# Total CPU user time: 28933.63, CPU sys time: 1981.361, Wall-clock time: 8284.821
# Best configurations (first number is the configuration ID; listed from best to worst according to the sum of ranks):
     population_size  selection populations topology migration_selection
1888              23 tournament         149     star                 sus
771               24 tournament         147     star                 sus
2010              25 tournament         162     star                 sus
2066              25 tournament         135     star                 sus
# Best configurations as commandlines (first number is the configuration ID; same order as above):
1888  --population-size 23 --selection tournament --populations 149 --topology star --migration-selection sus
771   --population-size 24 --selection tournament --populations 147 --topology star --migration-selection sus
2010  --population-size 25 --selection tournament --populations 162 --topology star --migration-selection sus
2066  --population-size 25 --selection tournament --populations 135 --topology star --migration-selection sus


# Testing of elite configurations: 1 
# Testing iteration configurations: FALSE 
# 2023-01-24 16:03:58 CET: No test instances, skip testing
