#------------------------------------------------------------------------------
# irace: An implementation in R of (Elitist) Iterated Racing
# Version: 3.5.6863679
# Copyright (C) 2010-2020
# Manuel Lopez-Ibanez     <manuel.lopez-ibanez@manchester.ac.uk>
# Jeremie Dubois-Lacoste  
# Leslie Perez Caceres    <leslie.perez.caceres@ulb.ac.be>
#
# This is free software, and you are welcome to redistribute it under certain
# conditions.  See the GNU General Public License for details. There is NO
# WARRANTY; not even for MERCHANTABILITY or FITNESS FOR A PARTICULAR PURPOSE.
#
# irace builds upon previous code from the race package:
#     race: Racing methods for the selection of the best
#     Copyright (C) 2003 Mauro Birattari
#------------------------------------------------------------------------------
# installed at: /net/people/plgrid/plgfkatul/R/irace
# called with: --exec-dir=target-runner-10 --seed 1234576
== irace == WARNING: A default scenario file '/net/people/plgrid/plgfkatul/computational-intelligence/tuning/scenario.txt' has been found and will be read.
# 2023-01-24 13:45:53 CET: Initialization
# Elitist race
# Elitist new instances: 1
# Elitist limit: 2
# nbIterations: 4
# minNbSurvival: 4
# nbParameters: 5
# seed: 1234576
# confidence level: 0.95
# budget: 15000
# mu: 5
# deterministic: FALSE

# 2023-01-24 13:45:53 CET: Iteration 1 of 4
# experimentsUsedSoFar: 0
# remainingBudget: 15000
# currentBudget: 3750
# nbConfigurations: 625
# Markers:
     x No test is performed.
     c Configurations are discarded only due to capping.
     - The test is performed and some configurations are discarded.
     = The test is performed but no configuration is discarded.
     ! The test is performed and configurations could be discarded but elite configurations are preserved.
     . All alive configurations are elite and nothing is discarded

+-+-----------+-----------+-----------+----------------+-----------+--------+-----+----+------+
| |   Instance|      Alive|       Best|       Mean best| Exp so far|  W time|  rho|KenW|  Qvar|
+-+-----------+-----------+-----------+----------------+-----------+--------+-----+----+------+
|x|          1|        625|        144|     199.8631383|        625|00:05:03|   NA|  NA|    NA|
|x|          2|        625|        308|     334.8532443|       1250|00:04:53|+0.44|0.72|0.6243|
|x|          3|        625|        588|     359.8619588|       1875|00:04:56|+0.46|0.64|0.6056|
|x|          4|        625|        469|     356.4744930|       2500|00:05:05|+0.47|0.60|0.5977|
|-|          5|        178|        469|     373.9527291|       3125|00:04:51|-0.01|0.19|1.0147|
|=|          6|        178|        469|     379.8000189|       3303|00:01:28|-0.00|0.17|1.0018|
|=|          7|        178|        588|     384.4908484|       3481|00:01:28|-0.00|0.14|0.9997|
+-+-----------+-----------+-----------+----------------+-----------+--------+-----+----+------+
Best-so-far configuration:         588    mean value:      384.4908484
Description of the best-so-far configuration:
    .ID. population_size  selection populations        topology migration_selection .PARENT.
588  588              18 tournament         194 fully_connected            roulette       NA

# 2023-01-24 14:13:40 CET: Elite configurations (first number is the configuration ID; listed from best to worst according to the sum of ranks):
    population_size  selection populations        topology migration_selection
588              18 tournament         194 fully_connected            roulette
381               5 tournament         168            ring          tournament
458              16 tournament         104 fully_connected            roulette
504              15 tournament         126            ring            roulette
# 2023-01-24 14:13:40 CET: Iteration 2 of 4
# experimentsUsedSoFar: 3481
# remainingBudget: 11519
# currentBudget: 3839
# nbConfigurations: 483
# Markers:
     x No test is performed.
     c Configurations are discarded only due to capping.
     - The test is performed and some configurations are discarded.
     = The test is performed but no configuration is discarded.
     ! The test is performed and configurations could be discarded but elite configurations are preserved.
     . All alive configurations are elite and nothing is discarded

+-+-----------+-----------+-----------+----------------+-----------+--------+-----+----+------+
| |   Instance|      Alive|       Best|       Mean best| Exp so far|  W time|  rho|KenW|  Qvar|
+-+-----------+-----------+-----------+----------------+-----------+--------+-----+----+------+
|x|          8|        483|        757|     228.8069662|        483|00:03:47|   NA|  NA|    NA|
|x|          7|        483|        939|     338.4424161|        962|00:03:45|+0.45|0.73|0.6323|
|x|          4|        483|       1068|     333.1287503|       1441|00:03:46|+0.45|0.63|0.6319|
|x|          5|        483|       1068|     349.2674494|       1920|00:03:45|+0.43|0.58|0.6522|
|-|          1|        167|        638|     384.5881832|       2399|00:03:46|-0.10|0.12|1.0779|
|=|          6|        167|        795|     365.3952530|       2562|00:01:24|-0.06|0.11|1.0467|
|=|          3|        167|        638|     385.1617705|       2725|00:01:24|-0.03|0.12|1.0124|
|=|          2|        167|       1068|     375.9881505|       2888|00:01:24|-0.02|0.11|1.0073|
|=|          9|        167|        588|     392.9947196|       3055|00:01:26|-0.02|0.09|1.0135|
+-+-----------+-----------+-----------+----------------+-----------+--------+-----+----+------+
Best-so-far configuration:         588    mean value:      392.9947196
Description of the best-so-far configuration:
    .ID. population_size  selection populations        topology migration_selection .PARENT.
588  588              18 tournament         194 fully_connected            roulette       NA

# 2023-01-24 14:38:11 CET: Elite configurations (first number is the configuration ID; listed from best to worst according to the sum of ranks):
     population_size  selection populations        topology migration_selection
588               18 tournament         194 fully_connected            roulette
1068               8 tournament         178            mesh            roulette
638               21 tournament         177            star          tournament
1066              15 tournament         172            star                 sus
# 2023-01-24 14:38:11 CET: Iteration 3 of 4
# experimentsUsedSoFar: 6536
# remainingBudget: 8464
# currentBudget: 4232
# nbConfigurations: 426
# Markers:
     x No test is performed.
     c Configurations are discarded only due to capping.
     - The test is performed and some configurations are discarded.
     = The test is performed but no configuration is discarded.
     ! The test is performed and configurations could be discarded but elite configurations are preserved.
     . All alive configurations are elite and nothing is discarded

+-+-----------+-----------+-----------+----------------+-----------+--------+-----+----+------+
| |   Instance|      Alive|       Best|       Mean best| Exp so far|  W time|  rho|KenW|  Qvar|
+-+-----------+-----------+-----------+----------------+-----------+--------+-----+----+------+
|x|         10|        426|       1439|     261.8858093|        426|00:03:56|   NA|  NA|    NA|
|x|          9|        426|       1184|     334.9491156|        848|00:03:54|+0.42|0.71|0.7079|
|x|          7|        426|       1465|     376.9864737|       1270|00:03:54|+0.41|0.60|0.7118|
|x|          6|        426|       1158|     332.1579954|       1692|00:03:55|+0.42|0.56|0.6927|
|-|          3|        153|       1394|     387.4339119|       2114|00:03:54|-0.09|0.13|1.0694|
|=|          5|        153|       1399|     392.2402085|       2263|00:01:34|-0.06|0.11|1.0407|
|=|          2|        153|        588|     382.5556496|       2412|00:01:34|-0.05|0.10|1.0289|
|=|          1|        153|        588|     381.5260764|       2561|00:01:33|-0.04|0.09|1.0163|
|=|          8|        153|        588|     390.1590118|       2710|00:01:33|-0.03|0.08|1.0166|
|=|          4|        153|        588|     397.8345145|       2859|00:01:33|-0.03|0.08|1.0133|
|=|         11|        153|        638|     400.7732834|       3012|00:01:36|-0.02|0.08|1.0040|
+-+-----------+-----------+-----------+----------------+-----------+--------+-----+----+------+
Best-so-far configuration:         638    mean value:      400.7732834
Description of the best-so-far configuration:
    .ID. population_size  selection populations topology migration_selection .PARENT.
638  638              21 tournament         177     star          tournament      588

# 2023-01-24 15:07:14 CET: Elite configurations (first number is the configuration ID; listed from best to worst according to the sum of ranks):
     population_size  selection populations        topology migration_selection
638               21 tournament         177            star          tournament
1068               8 tournament         178            mesh            roulette
1394              23 tournament         185            star          tournament
1288              20 tournament         192 fully_connected            roulette
# 2023-01-24 15:07:14 CET: Iteration 4 of 4
# experimentsUsedSoFar: 9548
# remainingBudget: 5452
# currentBudget: 5452
# nbConfigurations: 458
# Markers:
     x No test is performed.
     c Configurations are discarded only due to capping.
     - The test is performed and some configurations are discarded.
     = The test is performed but no configuration is discarded.
     ! The test is performed and configurations could be discarded but elite configurations are preserved.
     . All alive configurations are elite and nothing is discarded

+-+-----------+-----------+-----------+----------------+-----------+--------+-----+----+------+
| |   Instance|      Alive|       Best|       Mean best| Exp so far|  W time|  rho|KenW|  Qvar|
+-+-----------+-----------+-----------+----------------+-----------+--------+-----+----+------+
|x|         12|        458|       1700|     253.0214401|        458|00:04:34|   NA|  NA|    NA|
|x|         11|        458|       1700|     291.1289668|        912|00:04:32|+0.40|0.70|0.7086|
|x|          7|        458|       1700|     314.7549368|       1366|00:04:31|+0.44|0.63|0.6650|
|x|          6|        458|       1869|     349.8496056|       1820|00:04:32|+0.44|0.58|0.6742|
|-|          8|        132|       1068|     359.5939936|       2274|00:04:31|-0.11|0.11|1.0784|
|=|          3|        132|       1068|     366.1470570|       2402|00:01:28|-0.07|0.11|1.0481|
|=|          2|        132|       1068|     364.3474010|       2530|00:01:26|-0.04|0.11|1.0122|
|=|          5|        132|       1068|     368.5144192|       2658|00:01:26|-0.03|0.10|1.0095|
|=|          4|        132|       1068|     361.1104213|       2786|00:01:27|-0.01|0.10|0.9973|
|=|          1|        132|       1068|     372.1347363|       2914|00:01:27|-0.01|0.09|0.9936|
|=|          9|        132|       1068|     383.5719775|       3042|00:01:27|-0.01|0.08|0.9922|
|=|         10|        132|       1068|     387.2796766|       3170|00:01:26|-0.01|0.07|0.9950|
|=|         13|        132|       1540|     372.4867252|       3302|00:01:29|-0.01|0.07|0.9950|
+-+-----------+-----------+-----------+----------------+-----------+--------+-----+----+------+
Best-so-far configuration:        1540    mean value:      372.4867252
Description of the best-so-far configuration:
     .ID. population_size  selection populations topology migration_selection .PARENT.
1540 1540               5 tournament         188     mesh            roulette     1068

# 2023-01-24 15:41:37 CET: Elite configurations (first number is the configuration ID; listed from best to worst according to the sum of ranks):
     population_size  selection populations        topology migration_selection
1540               5 tournament         188            mesh            roulette
1068               8 tournament         178            mesh            roulette
1583              19 tournament         187 fully_connected            roulette
1811              22 tournament         190 fully_connected            roulette
# 2023-01-24 15:41:37 CET: Iteration 5 of 5
# experimentsUsedSoFar: 12850
# remainingBudget: 2150
# currentBudget: 2150
# nbConfigurations: 157
# Markers:
     x No test is performed.
     c Configurations are discarded only due to capping.
     - The test is performed and some configurations are discarded.
     = The test is performed but no configuration is discarded.
     ! The test is performed and configurations could be discarded but elite configurations are preserved.
     . All alive configurations are elite and nothing is discarded

+-+-----------+-----------+-----------+----------------+-----------+--------+-----+----+------+
| |   Instance|      Alive|       Best|       Mean best| Exp so far|  W time|  rho|KenW|  Qvar|
+-+-----------+-----------+-----------+----------------+-----------+--------+-----+----+------+
|x|         14|        157|       2083|     230.3949837|        157|00:01:18|   NA|  NA|    NA|
|x|         11|        157|       1990|     315.9964124|        310|00:01:15|+0.26|0.63|0.8945|
|x|         13|        157|       1811|     374.8374037|        463|00:01:17|+0.24|0.49|0.8814|
|x|          5|        157|       2082|     389.4141672|        616|00:01:15|+0.23|0.42|0.8680|
|-|          7|         86|       2082|     395.3184570|        769|00:01:16|-0.10|0.12|1.0994|
|=|         12|         86|       1068|     369.6512559|        851|00:00:43|-0.06|0.11|1.0695|
|=|          2|         86|       1068|     367.3510000|        933|00:00:43|-0.03|0.12|1.0180|
|=|          4|         86|       1068|     359.1669299|       1015|00:00:43|+0.00|0.13|0.9863|
|=|          8|         86|       1068|     358.7575169|       1097|00:00:43|+0.01|0.12|0.9851|
|=|         10|         86|       1068|     365.6882018|       1179|00:00:43|+0.01|0.11|0.9842|
|=|          6|         86|       1068|     367.6274559|       1261|00:00:43|+0.01|0.10|0.9833|
|=|          1|         86|       1068|     376.2712989|       1343|00:00:43|+0.02|0.11|0.9724|
|=|          9|         86|       2082|     397.2082943|       1425|00:00:44|+0.02|0.10|0.9743|
|=|          3|         86|       1068|     386.5794536|       1507|00:00:43|+0.02|0.09|0.9731|
|-|         15|         43|       1540|     368.8970511|       1593|00:00:45|-0.02|0.04|0.9849|
|=|         16|         43|       1540|     376.6886253|       1636|00:00:25|-0.02|0.04|0.9856|
|=|         17|         43|       1990|     388.9608803|       1679|00:00:25|-0.02|0.04|0.9905|
+-+-----------+-----------+-----------+----------------+-----------+--------+-----+----+------+
Best-so-far configuration:        1990    mean value:      388.9608803
Description of the best-so-far configuration:
     .ID. population_size  selection populations topology migration_selection .PARENT.
1990 1990               7 tournament         185     mesh            roulette     1540

# 2023-01-24 15:56:11 CET: Elite configurations (first number is the configuration ID; listed from best to worst according to the sum of ranks):
     population_size  selection populations        topology migration_selection
1990               7 tournament         185            mesh            roulette
2082              18 tournament         184 fully_connected                 sus
1583              19 tournament         187 fully_connected            roulette
1540               5 tournament         188            mesh            roulette
# 2023-01-24 15:56:11 CET: Iteration 6 of 6
# experimentsUsedSoFar: 14529
# remainingBudget: 471
# currentBudget: 471
# nbConfigurations: 29
# Markers:
     x No test is performed.
     c Configurations are discarded only due to capping.
     - The test is performed and some configurations are discarded.
     = The test is performed but no configuration is discarded.
     ! The test is performed and configurations could be discarded but elite configurations are preserved.
     . All alive configurations are elite and nothing is discarded

+-+-----------+-----------+-----------+----------------+-----------+--------+-----+----+------+
| |   Instance|      Alive|       Best|       Mean best| Exp so far|  W time|  rho|KenW|  Qvar|
+-+-----------+-----------+-----------+----------------+-----------+--------+-----+----+------+
|x|         18|         29|       2148|     263.2683351|         29|00:00:16|   NA|  NA|    NA|
|x|         15|         29|       1540|     253.0234848|         54|00:00:14|-0.12|0.44|0.9388|
|x|         10|         29|       1540|     299.9774055|         79|00:00:14|-0.00|0.33|0.9221|
|x|          2|         29|       1540|     303.2336878|        104|00:00:14|+0.05|0.29|0.8548|
|-|         12|          8|       1540|     309.3028725|        129|00:00:14|+0.06|0.25|0.7736|
|=|         16|          8|       1540|     340.0127668|        133|00:00:02|-0.03|0.14|0.8642|
|=|          4|          8|       1540|     347.4518427|        137|00:00:02|+0.03|0.17|0.8285|
|=|          3|          8|       1540|     339.4228540|        141|00:00:02|+0.10|0.21|0.7672|
|=|          7|          8|       1540|     321.3844342|        145|00:00:02|+0.11|0.21|0.7206|
|=|         14|          8|       1540|     339.0435579|        149|00:00:02|+0.06|0.15|0.8103|
|=|          9|          8|       1540|     344.2236863|        153|00:00:02|+0.07|0.16|0.8055|
|=|         11|          8|       1990|     367.4041265|        157|00:00:02|+0.07|0.15|0.8092|
|=|         17|          8|       1990|     368.6902029|        161|00:00:02|+0.06|0.13|0.8227|
|=|         13|          8|       1990|     371.2094830|        165|00:00:02|+0.08|0.14|0.8114|
|-|          1|          5|       1990|     372.5374076|        169|00:00:02|+0.03|0.10|0.7711|
|=|          8|          5|       1540|     373.5555097|        170|00:00:02|+0.02|0.08|0.7896|
|=|          5|          5|       1540|     376.9914721|        171|00:00:02|-0.01|0.05|0.8053|
|=|          6|          5|       1540|     379.9924269|        172|00:00:02|-0.02|0.04|0.8022|
|=|         19|          5|       1540|     379.2955989|        177|00:00:03|+0.00|0.06|0.7837|
+-+-----------+-----------+-----------+----------------+-----------+--------+-----+----+------+
Best-so-far configuration:        1540    mean value:      379.2955989
Description of the best-so-far configuration:
     .ID. population_size  selection populations topology migration_selection .PARENT.
1540 1540               5 tournament         188     mesh            roulette     1068

# 2023-01-24 15:58:05 CET: Elite configurations (first number is the configuration ID; listed from best to worst according to the sum of ranks):
     population_size  selection populations        topology migration_selection
1540               5 tournament         188            mesh            roulette
2082              18 tournament         184 fully_connected                 sus
1990               7 tournament         185            mesh            roulette
1583              19 tournament         187 fully_connected            roulette
# 2023-01-24 15:58:05 CET: Iteration 7 of 7
# experimentsUsedSoFar: 14706
# remainingBudget: 294
# currentBudget: 294
# nbConfigurations: 18
# Markers:
     x No test is performed.
     c Configurations are discarded only due to capping.
     - The test is performed and some configurations are discarded.
     = The test is performed but no configuration is discarded.
     ! The test is performed and configurations could be discarded but elite configurations are preserved.
     . All alive configurations are elite and nothing is discarded

+-+-----------+-----------+-----------+----------------+-----------+--------+-----+----+------+
| |   Instance|      Alive|       Best|       Mean best| Exp so far|  W time|  rho|KenW|  Qvar|
+-+-----------+-----------+-----------+----------------+-----------+--------+-----+----+------+
|x|         20|         18|       1990|     305.2645746|         18|00:00:09|   NA|  NA|    NA|
|x|         12|         18|       1990|     333.3284702|         32|00:00:08|+0.59|0.79|0.5093|
|x|          9|         18|       2170|     343.7320470|         46|00:00:07|+0.56|0.71|0.5144|
|x|         11|         18|       2170|     346.9121400|         60|00:00:07|+0.50|0.63|0.4821|
|-|         19|          8|       2170|     348.7328034|         74|00:00:07|+0.23|0.39|0.7197|
|=|         15|          8|       1990|     341.3933972|         78|00:00:02|+0.12|0.27|0.7442|
|=|          1|          8|       1990|     348.4983908|         82|00:00:03|+0.09|0.22|0.7603|
|=|          7|          8|       1540|     344.5605813|         86|00:00:02|+0.03|0.15|0.7692|
|=|          2|          8|       1540|     341.0541317|         90|00:00:02|+0.07|0.17|0.7427|
|=|          8|          8|       1540|     352.6677594|         94|00:00:02|+0.03|0.13|0.7887|
|=|         16|          8|       1540|     365.4763484|         98|00:00:02|+0.01|0.10|0.8222|
|=|         14|          8|       1990|     370.2273154|        102|00:00:02|-0.00|0.08|0.8536|
|=|          5|          8|       2082|     396.1685044|        106|00:00:02|-0.01|0.07|0.8548|
|=|          4|          8|       1540|     381.5906195|        110|00:00:02|+0.00|0.07|0.8388|
|=|         10|          8|       1540|     382.4102613|        114|00:00:02|+0.01|0.07|0.8422|
|=|          3|          8|       1540|     376.2108658|        118|00:00:02|+0.00|0.06|0.8445|
|=|         13|          8|       1540|     377.8919874|        122|00:00:02|+0.01|0.07|0.8414|
|=|         18|          8|       1540|     374.2810049|        126|00:00:03|+0.02|0.08|0.8364|
|=|          6|          8|       1540|     377.2666709|        130|00:00:02|+0.01|0.06|0.8560|
|=|         17|          8|       1540|     383.4009062|        134|00:00:02|+0.00|0.05|0.8671|
|=|         21|          8|       1540|     380.0452848|        142|00:00:05|+0.01|0.06|0.8613|
+-+-----------+-----------+-----------+----------------+-----------+--------+-----+----+------+
Best-so-far configuration:        1540    mean value:      380.0452848
Description of the best-so-far configuration:
     .ID. population_size  selection populations topology migration_selection .PARENT.
1540 1540               5 tournament         188     mesh            roulette     1068

# 2023-01-24 15:59:34 CET: Elite configurations (first number is the configuration ID; listed from best to worst according to the sum of ranks):
     population_size  selection populations        topology migration_selection
1540               5 tournament         188            mesh            roulette
2082              18 tournament         184 fully_connected                 sus
1990               7 tournament         185            mesh            roulette
2161              20 tournament         199 fully_connected            roulette
# 2023-01-24 15:59:34 CET: Iteration 8 of 8
# experimentsUsedSoFar: 14848
# remainingBudget: 152
# currentBudget: 152
# nbConfigurations: 10
# Markers:
     x No test is performed.
     c Configurations are discarded only due to capping.
     - The test is performed and some configurations are discarded.
     = The test is performed but no configuration is discarded.
     ! The test is performed and configurations could be discarded but elite configurations are preserved.
     . All alive configurations are elite and nothing is discarded

+-+-----------+-----------+-----------+----------------+-----------+--------+-----+----+------+
| |   Instance|      Alive|       Best|       Mean best| Exp so far|  W time|  rho|KenW|  Qvar|
+-+-----------+-----------+-----------+----------------+-----------+--------+-----+----+------+
|x|         22|         10|       2173|     328.5568529|         10|00:00:05|   NA|  NA|    NA|
|x|          7|         10|       1540|     291.3378754|         16|00:00:04|-0.14|0.43|0.8285|
|x|         18|         10|       1540|     298.5233513|         22|00:00:04|+0.18|0.46|0.6027|
|x|         11|         10|       2082|     390.6119208|         28|00:00:04|+0.14|0.36|0.7373|
|=|         14|         10|       2082|     389.9952204|         34|00:00:04|+0.16|0.33|0.7586|
|-|          2|          6|       2082|     384.7701120|         40|00:00:04|-0.06|0.12|0.9194|
|=|         12|          6|       1540|     362.1943963|         42|00:00:02|-0.00|0.14|0.8882|
|=|          8|          6|       1540|     374.0688978|         44|00:00:02|+0.04|0.16|0.8447|
|=|         16|          6|       2082|     396.2957038|         46|00:00:02|+0.03|0.14|0.8606|
|=|         13|          6|       2082|     394.1181501|         48|00:00:02|+0.08|0.17|0.8223|
|=|         10|          6|       2082|     395.2302927|         50|00:00:02|+0.04|0.13|0.8343|
|=|          6|          6|       1540|     392.9831050|         52|00:00:02|+0.03|0.11|0.8346|
|=|          1|          6|       1540|     388.3892496|         54|00:00:02|+0.06|0.14|0.8049|
|=|          4|          6|       1540|     388.6533245|         56|00:00:02|+0.08|0.15|0.8028|
|-|         15|          4|       1540|     375.6199473|         58|00:00:02|+0.01|0.07|0.7419|
|.|         21|          4|       1540|     371.7020041|         58|00:00:00|+0.02|0.08|0.7346|
|.|          3|          4|       1540|     366.4971764|         58|00:00:00|+0.03|0.09|0.7279|
|.|         17|          4|       1540|     373.9112986|         58|00:00:00|+0.01|0.06|0.7524|
|.|          5|          4|       1540|     376.9668550|         58|00:00:00|+0.02|0.07|0.7441|
|.|         19|          4|       1540|     376.4561470|         58|00:00:00|+0.04|0.09|0.7275|
|.|         20|          4|       1540|     380.5011755|         58|00:00:00|+0.01|0.06|0.7426|
|.|          9|          4|       1540|     381.2068025|         58|00:00:00|+0.02|0.07|0.7369|
+-+-----------+-----------+-----------+----------------+-----------+--------+-----+----+------+
Best-so-far configuration:        1540    mean value:      381.2068025
Description of the best-so-far configuration:
     .ID. population_size  selection populations topology migration_selection .PARENT.
1540 1540               5 tournament         188     mesh            roulette     1068

# 2023-01-24 16:00:26 CET: Elite configurations (first number is the configuration ID; listed from best to worst according to the sum of ranks):
     population_size  selection populations        topology migration_selection
1540               5 tournament         188            mesh            roulette
2082              18 tournament         184 fully_connected                 sus
1990               7 tournament         185            mesh            roulette
2161              20 tournament         199 fully_connected            roulette
# 2023-01-24 16:00:26 CET: Iteration 9 of 9
# experimentsUsedSoFar: 14906
# remainingBudget: 94
# currentBudget: 94
# nbConfigurations: 7
# Markers:
     x No test is performed.
     c Configurations are discarded only due to capping.
     - The test is performed and some configurations are discarded.
     = The test is performed but no configuration is discarded.
     ! The test is performed and configurations could be discarded but elite configurations are preserved.
     . All alive configurations are elite and nothing is discarded

+-+-----------+-----------+-----------+----------------+-----------+--------+-----+----+------+
| |   Instance|      Alive|       Best|       Mean best| Exp so far|  W time|  rho|KenW|  Qvar|
+-+-----------+-----------+-----------+----------------+-----------+--------+-----+----+------+
|x|         23|          7|       2180|     406.5664763|          7|00:00:04|   NA|  NA|    NA|
|x|         10|          7|       2082|     421.6559533|         10|00:00:02|-0.43|0.29|1.0543|
|x|         16|          7|       2082|     418.4343160|         13|00:00:02|-0.29|0.14|1.0341|
|x|          6|          7|       2180|     384.4200348|         16|00:00:02|-0.17|0.12|0.9308|
|=|         14|          7|       2082|     424.5382396|         19|00:00:02|-0.09|0.13|0.8891|
|=|         12|          7|       2161|     407.4744235|         22|00:00:02|-0.14|0.05|0.9654|
|=|         17|          7|       2180|     399.4218270|         25|00:00:02|-0.06|0.09|0.8819|
|=|          9|          7|       2082|     407.7360151|         28|00:00:02|-0.03|0.10|0.8519|
|=|          2|          7|       2082|     402.2814101|         31|00:00:02|-0.04|0.08|0.8731|
|=|          3|          7|       1990|     406.3844473|         34|00:00:02|-0.04|0.07|0.8787|
|=|         20|          7|       1990|     397.1917316|         37|00:00:02|-0.00|0.09|0.8490|
|=|         19|          7|       1990|     397.3423376|         40|00:00:02|+0.01|0.10|0.8208|
|=|         13|          7|       1990|     397.8513981|         43|00:00:02|-0.02|0.06|0.8638|
|=|          5|          7|       2082|     407.6039622|         46|00:00:02|-0.03|0.04|0.8859|
|=|          7|          7|       2082|     408.3594058|         49|00:00:02|-0.02|0.05|0.8773|
|=|         15|          7|       2082|     410.3261810|         52|00:00:02|-0.00|0.06|0.8623|
|=|         11|          7|       2082|     408.2690615|         55|00:00:02|+0.00|0.06|0.8616|
|=|          1|          7|       2082|     405.8364968|         58|00:00:02|+0.01|0.07|0.8499|
|=|         21|          7|       2082|     406.1711129|         61|00:00:02|+0.01|0.06|0.8511|
|=|          8|          7|       2082|     407.4245003|         64|00:00:02|+0.03|0.08|0.8384|
|=|         18|          7|       1540|     385.0311628|         67|00:00:02|+0.04|0.09|0.8242|
|=|          4|          7|       1540|     385.3518508|         70|00:00:02|+0.03|0.07|0.8294|
|=|         22|          7|       1540|     386.2321475|         73|00:00:02|+0.01|0.06|0.8407|
|=|         24|          7|       2082|     407.3742407|         80|00:00:04|+0.01|0.05|0.8397|
+-+-----------+-----------+-----------+----------------+-----------+--------+-----+----+------+
Best-so-far configuration:        2082    mean value:      407.3742407
Description of the best-so-far configuration:
     .ID. population_size  selection populations        topology migration_selection .PARENT.
2082 2082              18 tournament         184 fully_connected                 sus     1583

# 2023-01-24 16:01:36 CET: Elite configurations (first number is the configuration ID; listed from best to worst according to the sum of ranks):
     population_size  selection populations        topology migration_selection
2082              18 tournament         184 fully_connected                 sus
1540               5 tournament         188            mesh            roulette
1990               7 tournament         185            mesh            roulette
2179              20 tournament         193 fully_connected            roulette
# 2023-01-24 16:01:36 CET: Stopped because there is not enough budget left to race more than the minimum (4)
# You may either increase the budget or set 'minNbSurvival' to a lower value
# Iteration: 10
# nbIterations: 10
# experimentsUsedSoFar: 14986
# timeUsed: 0
# remainingBudget: 14
# currentBudget: 14
# number of elites: 4
# nbConfigurations: 4
# Total CPU user time: 29075.14, CPU sys time: 1878.455, Wall-clock time: 8142.959
# Best configurations (first number is the configuration ID; listed from best to worst according to the sum of ranks):
     population_size  selection populations        topology migration_selection
2082              18 tournament         184 fully_connected                 sus
1540               5 tournament         188            mesh            roulette
1990               7 tournament         185            mesh            roulette
2179              20 tournament         193 fully_connected            roulette
# Best configurations as commandlines (first number is the configuration ID; same order as above):
2082  --population-size 18 --selection tournament --populations 184 --topology fully_connected --migration-selection sus
1540  --population-size 5 --selection tournament --populations 188 --topology mesh --migration-selection roulette
1990  --population-size 7 --selection tournament --populations 185 --topology mesh --migration-selection roulette
2179  --population-size 20 --selection tournament --populations 193 --topology fully_connected --migration-selection roulette


# Testing of elite configurations: 1 
# Testing iteration configurations: FALSE 
# 2023-01-24 16:01:36 CET: No test instances, skip testing
