#------------------------------------------------------------------------------
# irace: An implementation in R of (Elitist) Iterated Racing
# Version: 3.5.6863679
# Copyright (C) 2010-2020
# Manuel Lopez-Ibanez     <manuel.lopez-ibanez@manchester.ac.uk>
# Jeremie Dubois-Lacoste  
# Leslie Perez Caceres    <leslie.perez.caceres@ulb.ac.be>
#
# This is free software, and you are welcome to redistribute it under certain
# conditions.  See the GNU General Public License for details. There is NO
# WARRANTY; not even for MERCHANTABILITY or FITNESS FOR A PARTICULAR PURPOSE.
#
# irace builds upon previous code from the race package:
#     race: Racing methods for the selection of the best
#     Copyright (C) 2003 Mauro Birattari
#------------------------------------------------------------------------------
# installed at: /net/people/plgrid/plgfkatul/R/irace
# called with: --exec-dir=target-runner-18 --seed 1234584
== irace == WARNING: A default scenario file '/net/people/plgrid/plgfkatul/computational-intelligence/tuning/scenario.txt' has been found and will be read.
# 2023-01-24 13:45:53 CET: Initialization
# Elitist race
# Elitist new instances: 1
# Elitist limit: 2
# nbIterations: 4
# minNbSurvival: 4
# nbParameters: 5
# seed: 1234584
# confidence level: 0.95
# budget: 15000
# mu: 5
# deterministic: FALSE

# 2023-01-24 13:45:53 CET: Iteration 1 of 4
# experimentsUsedSoFar: 0
# remainingBudget: 15000
# currentBudget: 3750
# nbConfigurations: 625
# Markers:
     x No test is performed.
     c Configurations are discarded only due to capping.
     - The test is performed and some configurations are discarded.
     = The test is performed but no configuration is discarded.
     ! The test is performed and configurations could be discarded but elite configurations are preserved.
     . All alive configurations are elite and nothing is discarded

+-+-----------+-----------+-----------+----------------+-----------+--------+-----+----+------+
| |   Instance|      Alive|       Best|       Mean best| Exp so far|  W time|  rho|KenW|  Qvar|
+-+-----------+-----------+-----------+----------------+-----------+--------+-----+----+------+
|x|          1|        625|        343|     292.1537112|        625|00:05:03|   NA|  NA|    NA|
|x|          2|        625|        235|     333.8334680|       1250|00:04:58|+0.44|0.72|0.5936|
|x|          3|        625|        235|     335.7540110|       1875|00:05:02|+0.46|0.64|0.6080|
|x|          4|        625|        408|     363.6839441|       2500|00:05:08|+0.47|0.60|0.5884|
|-|          5|        188|        343|     378.1968221|       3125|00:04:53|-0.04|0.17|1.0214|
|=|          6|        188|        343|     382.1389180|       3313|00:01:38|-0.01|0.16|1.0038|
|=|          7|        188|        191|     376.3611618|       3501|00:01:38|+0.01|0.15|0.9953|
+-+-----------+-----------+-----------+----------------+-----------+--------+-----+----+------+
Best-so-far configuration:         191    mean value:      376.3611618
Description of the best-so-far configuration:
    .ID. population_size  selection populations        topology migration_selection .PARENT.
191  191               8 tournament         168 fully_connected          tournament       NA

# 2023-01-24 14:14:16 CET: Elite configurations (first number is the configuration ID; listed from best to worst according to the sum of ranks):
    population_size  selection populations        topology migration_selection
191               8 tournament         168 fully_connected          tournament
294              25 tournament         106 fully_connected          tournament
408              15 tournament         127 fully_connected          tournament
320              15 tournament         121            ring            roulette
# 2023-01-24 14:14:16 CET: Iteration 2 of 4
# experimentsUsedSoFar: 3501
# remainingBudget: 11499
# currentBudget: 3833
# nbConfigurations: 482
# Markers:
     x No test is performed.
     c Configurations are discarded only due to capping.
     - The test is performed and some configurations are discarded.
     = The test is performed but no configuration is discarded.
     ! The test is performed and configurations could be discarded but elite configurations are preserved.
     . All alive configurations are elite and nothing is discarded

+-+-----------+-----------+-----------+----------------+-----------+--------+-----+----+------+
| |   Instance|      Alive|       Best|       Mean best| Exp so far|  W time|  rho|KenW|  Qvar|
+-+-----------+-----------+-----------+----------------+-----------+--------+-----+----+------+
|x|          8|        482|        828|     284.0618632|        482|00:03:31|   NA|  NA|    NA|
|x|          1|        482|        828|     320.3022977|        960|00:03:29|+0.46|0.73|0.6423|
|x|          6|        482|       1103|     337.4339648|       1438|00:03:29|+0.46|0.64|0.6391|
|x|          5|        482|       1069|     355.7310321|       1916|00:03:29|+0.46|0.59|0.6396|
|-|          4|        148|        982|     377.6082389|       2394|00:03:30|-0.09|0.13|1.0813|
|=|          7|        148|        982|     380.8075219|       2538|00:01:09|-0.05|0.13|1.0348|
|=|          2|        148|        982|     390.5274874|       2682|00:01:08|-0.04|0.11|1.0193|
|=|          3|        148|        320|     388.3995342|       2826|00:01:08|-0.02|0.11|1.0123|
|=|          9|        148|        320|     393.8946611|       2974|00:01:10|-0.02|0.10|1.0067|
+-+-----------+-----------+-----------+----------------+-----------+--------+-----+----+------+
Best-so-far configuration:         320    mean value:      393.8946611
Description of the best-so-far configuration:
    .ID. population_size  selection populations topology migration_selection .PARENT.
320  320              15 tournament         121     ring            roulette       NA

# 2023-01-24 14:36:23 CET: Elite configurations (first number is the configuration ID; listed from best to worst according to the sum of ranks):
    population_size  selection populations topology migration_selection
320              15 tournament         121     ring            roulette
645              23 tournament         102     star            roulette
857              21 tournament         131     ring            roulette
885              18 tournament         116     ring            roulette
# 2023-01-24 14:36:23 CET: Iteration 3 of 4
# experimentsUsedSoFar: 6475
# remainingBudget: 8525
# currentBudget: 4262
# nbConfigurations: 429
# Markers:
     x No test is performed.
     c Configurations are discarded only due to capping.
     - The test is performed and some configurations are discarded.
     = The test is performed but no configuration is discarded.
     ! The test is performed and configurations could be discarded but elite configurations are preserved.
     . All alive configurations are elite and nothing is discarded

+-+-----------+-----------+-----------+----------------+-----------+--------+-----+----+------+
| |   Instance|      Alive|       Best|       Mean best| Exp so far|  W time|  rho|KenW|  Qvar|
+-+-----------+-----------+-----------+----------------+-----------+--------+-----+----+------+
|x|         10|        429|       1266|     304.8716770|        429|00:03:27|   NA|  NA|    NA|
|x|          4|        429|       1526|     354.8534836|        854|00:03:24|+0.54|0.77|0.5421|
|x|          1|        429|       1152|     367.7734006|       1279|00:03:25|+0.49|0.66|0.6111|
|x|          3|        429|        857|     388.6441464|       1704|00:03:25|+0.50|0.62|0.5964|
|-|          5|        168|       1249|     384.6053541|       2129|00:03:26|-0.10|0.12|1.0898|
|=|          8|        168|       1431|     378.3767355|       2293|00:01:25|-0.07|0.11|1.0561|
|=|          7|        168|        320|     384.0318361|       2457|00:01:25|-0.05|0.10|1.0341|
|=|          6|        168|       1114|     398.1110859|       2621|00:01:25|-0.03|0.10|1.0229|
|=|          9|        168|        857|     400.1185175|       2785|00:01:25|-0.02|0.10|1.0135|
|=|          2|        168|       1114|     401.2964294|       2949|00:01:26|-0.01|0.10|1.0091|
|=|         11|        168|       1114|     400.3480121|       3117|00:01:27|-0.00|0.09|1.0022|
+-+-----------+-----------+-----------+----------------+-----------+--------+-----+----+------+
Best-so-far configuration:        1114    mean value:      400.3480121
Description of the best-so-far configuration:
     .ID. population_size  selection populations topology migration_selection .PARENT.
1114 1114              22 tournament         106     star          tournament      645

# 2023-01-24 15:02:10 CET: Elite configurations (first number is the configuration ID; listed from best to worst according to the sum of ranks):
     population_size  selection populations topology migration_selection
1114              22 tournament         106     star          tournament
885               18 tournament         116     ring            roulette
857               21 tournament         131     ring            roulette
1466              20 tournament         109     star            roulette
# 2023-01-24 15:02:10 CET: Iteration 4 of 4
# experimentsUsedSoFar: 9592
# remainingBudget: 5408
# currentBudget: 5408
# nbConfigurations: 454
# Markers:
     x No test is performed.
     c Configurations are discarded only due to capping.
     - The test is performed and some configurations are discarded.
     = The test is performed but no configuration is discarded.
     ! The test is performed and configurations could be discarded but elite configurations are preserved.
     . All alive configurations are elite and nothing is discarded

+-+-----------+-----------+-----------+----------------+-----------+--------+-----+----+------+
| |   Instance|      Alive|       Best|       Mean best| Exp so far|  W time|  rho|KenW|  Qvar|
+-+-----------+-----------+-----------+----------------+-----------+--------+-----+----+------+
|x|         12|        454|       1610|     245.1991646|        454|00:03:47|   NA|  NA|    NA|
|x|          8|        454|       1890|     340.9978082|        904|00:03:45|+0.38|0.69|0.7176|
|x|          2|        454|       1957|     354.9535451|       1354|00:03:45|+0.38|0.59|0.6955|
|x|          3|        454|       1890|     374.4720729|       1804|00:03:46|+0.37|0.53|0.7102|
|-|          6|        151|        885|     370.2452157|       2254|00:03:45|-0.12|0.11|1.1061|
|=|         10|        151|        885|     370.8352097|       2401|00:01:18|-0.08|0.10|1.0720|
|=|          1|        151|       1114|     386.4990150|       2548|00:01:19|-0.06|0.09|1.0560|
|=|          9|        151|        885|     384.3654610|       2695|00:01:19|-0.04|0.09|1.0323|
|=|          5|        151|       1755|     392.3521624|       2842|00:01:18|-0.03|0.09|1.0202|
|=|          4|        151|       1755|     392.3850855|       2989|00:01:19|-0.01|0.09|1.0094|
|=|         11|        151|       1755|     391.4859735|       3136|00:01:19|-0.01|0.08|1.0083|
|=|          7|        151|        885|     385.5818081|       3283|00:01:18|-0.01|0.07|1.0069|
|=|         13|        151|       1114|     400.7417984|       3434|00:01:22|-0.01|0.07|1.0056|
+-+-----------+-----------+-----------+----------------+-----------+--------+-----+----+------+
Best-so-far configuration:        1114    mean value:      400.7417984
Description of the best-so-far configuration:
     .ID. population_size  selection populations topology migration_selection .PARENT.
1114 1114              22 tournament         106     star          tournament      645

# 2023-01-24 15:31:38 CET: Elite configurations (first number is the configuration ID; listed from best to worst according to the sum of ranks):
     population_size  selection populations topology migration_selection
1114              22 tournament         106     star          tournament
885               18 tournament         116     ring            roulette
1755              19 tournament         102     ring            roulette
1466              20 tournament         109     star            roulette
# 2023-01-24 15:31:38 CET: Iteration 5 of 5
# experimentsUsedSoFar: 13026
# remainingBudget: 1974
# currentBudget: 1974
# nbConfigurations: 144
# Markers:
     x No test is performed.
     c Configurations are discarded only due to capping.
     - The test is performed and some configurations are discarded.
     = The test is performed but no configuration is discarded.
     ! The test is performed and configurations could be discarded but elite configurations are preserved.
     . All alive configurations are elite and nothing is discarded

+-+-----------+-----------+-----------+----------------+-----------+--------+-----+----+------+
| |   Instance|      Alive|       Best|       Mean best| Exp so far|  W time|  rho|KenW|  Qvar|
+-+-----------+-----------+-----------+----------------+-----------+--------+-----+----+------+
|x|         14|        144|       1114|     312.1954626|        144|00:01:14|   NA|  NA|    NA|
|x|          8|        144|       2018|     380.8959993|        284|00:01:12|+0.35|0.67|0.7615|
|x|          6|        144|       1114|     355.3877074|        424|00:01:12|+0.31|0.54|0.7798|
|x|         10|        144|       1114|     366.7765093|        564|00:01:13|+0.30|0.47|0.7712|
|-|         12|         52|       1986|     370.3338385|        704|00:01:12|-0.10|0.12|1.0632|
|=|          3|         52|       1114|     370.3418446|        752|00:00:28|-0.07|0.11|1.0453|
|=|          5|         52|       1114|     373.7129927|        800|00:00:26|-0.06|0.09|1.0358|
|=|          4|         52|       1114|     381.5840940|        848|00:00:26|-0.04|0.09|1.0228|
|=|          9|         52|        885|     391.2831817|        896|00:00:26|-0.05|0.07|1.0350|
|=|          7|         52|        885|     388.5487469|        944|00:00:26|-0.04|0.06|1.0320|
|=|          1|         52|       1114|     392.1829044|        992|00:00:27|-0.03|0.06|1.0239|
|=|          2|         52|       1114|     392.1451919|       1040|00:00:26|-0.02|0.07|1.0079|
|=|         13|         52|       1114|     394.6903848|       1088|00:00:26|-0.02|0.06|1.0099|
|=|         11|         52|       1114|     394.4170601|       1136|00:00:26|-0.00|0.07|0.9966|
|=|         15|         52|       1114|     393.2849499|       1188|00:00:28|-0.00|0.06|0.9920|
+-+-----------+-----------+-----------+----------------+-----------+--------+-----+----+------+
Best-so-far configuration:        1114    mean value:      393.2849499
Description of the best-so-far configuration:
     .ID. population_size  selection populations topology migration_selection .PARENT.
1114 1114              22 tournament         106     star          tournament      645

# 2023-01-24 15:42:13 CET: Elite configurations (first number is the configuration ID; listed from best to worst according to the sum of ranks):
     population_size  selection populations topology migration_selection
1114              22 tournament         106     star          tournament
885               18 tournament         116     ring            roulette
1755              19 tournament         102     ring            roulette
1466              20 tournament         109     star            roulette
# 2023-01-24 15:42:13 CET: Iteration 6 of 6
# experimentsUsedSoFar: 14214
# remainingBudget: 786
# currentBudget: 786
# nbConfigurations: 52
# Markers:
     x No test is performed.
     c Configurations are discarded only due to capping.
     - The test is performed and some configurations are discarded.
     = The test is performed but no configuration is discarded.
     ! The test is performed and configurations could be discarded but elite configurations are preserved.
     . All alive configurations are elite and nothing is discarded

+-+-----------+-----------+-----------+----------------+-----------+--------+-----+----+------+
| |   Instance|      Alive|       Best|       Mean best| Exp so far|  W time|  rho|KenW|  Qvar|
+-+-----------+-----------+-----------+----------------+-----------+--------+-----+----+------+
|x|         16|         52|       2125|     349.2057500|         52|00:00:26|   NA|  NA|    NA|
|x|         13|         52|       2154|     381.1492998|        100|00:00:24|+0.08|0.54|0.9450|
|x|          6|         52|       2123|     398.4817740|        148|00:00:24|+0.21|0.47|0.8039|
|x|         12|         52|       1114|     385.4094116|        196|00:00:24|+0.24|0.43|0.7550|
|-|          5|         25|       1114|     387.1155056|        244|00:00:23|-0.12|0.10|1.0913|
|=|          4|         25|       1755|     395.0317305|        265|00:00:12|-0.07|0.11|1.0372|
|=|          7|         25|       1114|     399.0494470|        286|00:00:11|-0.06|0.09|1.0132|
|=|          8|         25|       1114|     402.1006388|        307|00:00:12|-0.01|0.12|0.9569|
|=|          2|         25|       1755|     402.7611537|        328|00:00:11|+0.02|0.13|0.9294|
|=|          1|         25|       1755|     400.6680296|        349|00:00:12|-0.00|0.10|0.9532|
|=|         14|         25|       1114|     393.1489157|        370|00:00:12|+0.00|0.09|0.9454|
|=|          9|         25|       1114|     396.7486104|        391|00:00:11|-0.00|0.08|0.9495|
|=|         15|         25|       1114|     395.2629794|        412|00:00:12|-0.00|0.08|0.9472|
|=|         10|         25|       1114|     395.6686891|        433|00:00:11|+0.00|0.08|0.9457|
|=|          3|         25|       1114|     394.2482754|        454|00:00:11|+0.01|0.07|0.9418|
|=|         11|         25|       1114|     394.0367481|        475|00:00:12|+0.02|0.08|0.9288|
|=|         17|         25|       1114|     394.2896145|        500|00:00:13|+0.02|0.08|0.9300|
+-+-----------+-----------+-----------+----------------+-----------+--------+-----+----+------+
Best-so-far configuration:        1114    mean value:      394.2896145
Description of the best-so-far configuration:
     .ID. population_size  selection populations topology migration_selection .PARENT.
1114 1114              22 tournament         106     star          tournament      645

# 2023-01-24 15:46:45 CET: Elite configurations (first number is the configuration ID; listed from best to worst according to the sum of ranks):
     population_size  selection populations topology migration_selection
1114              22 tournament         106     star          tournament
1755              19 tournament         102     ring            roulette
885               18 tournament         116     ring            roulette
1466              20 tournament         109     star            roulette
# 2023-01-24 15:46:45 CET: Iteration 7 of 7
# experimentsUsedSoFar: 14714
# remainingBudget: 286
# currentBudget: 286
# nbConfigurations: 19
# Markers:
     x No test is performed.
     c Configurations are discarded only due to capping.
     - The test is performed and some configurations are discarded.
     = The test is performed but no configuration is discarded.
     ! The test is performed and configurations could be discarded but elite configurations are preserved.
     . All alive configurations are elite and nothing is discarded

+-+-----------+-----------+-----------+----------------+-----------+--------+-----+----+------+
| |   Instance|      Alive|       Best|       Mean best| Exp so far|  W time|  rho|KenW|  Qvar|
+-+-----------+-----------+-----------+----------------+-----------+--------+-----+----+------+
|x|         18|         19|       2175|     371.7591845|         19|00:00:10|   NA|  NA|    NA|
|x|          1|         19|       2175|     323.0787674|         34|00:00:08|+0.12|0.56|0.6963|
|x|          3|         19|       1755|     393.3916904|         49|00:00:08|+0.26|0.51|0.7340|
|x|         17|         19|       1755|     392.4151972|         64|00:00:08|+0.33|0.50|0.6429|
|-|          7|         12|       1755|     404.7547002|         79|00:00:08|-0.11|0.11|1.0220|
|=|         14|         12|       2168|     412.8763638|         87|00:00:04|-0.12|0.07|0.9993|
|=|         16|         12|       2168|     409.0244037|         95|00:00:04|-0.05|0.10|0.9402|
|=|          8|         12|       2175|     397.5314208|        103|00:00:04|-0.05|0.08|0.9195|
|=|         13|         12|       2175|     396.1923488|        111|00:00:04|-0.05|0.07|0.9343|
|=|          4|         12|       2168|     410.7171330|        119|00:00:04|-0.04|0.06|0.9412|
|=|         10|         12|       2172|     403.9507990|        127|00:00:04|-0.02|0.07|0.9286|
|=|         15|         12|       1755|     412.7542621|        135|00:00:04|-0.01|0.08|0.9106|
|=|         11|         12|        885|     402.3862590|        143|00:00:04|-0.01|0.07|0.9082|
|=|          9|         12|        885|     401.5585120|        151|00:00:04|-0.00|0.07|0.9087|
|=|          6|         12|        885|     400.4785652|        159|00:00:04|-0.00|0.06|0.9078|
|=|         12|         12|        885|     397.3532545|        167|00:00:04|+0.02|0.08|0.8838|
|=|          5|         12|        885|     400.9376188|        175|00:00:05|+0.01|0.07|0.8903|
|=|          2|         12|       1755|     405.0579285|        183|00:00:04|+0.03|0.08|0.8877|
|=|         19|         12|       1755|     401.9781018|        195|00:00:06|+0.03|0.08|0.8895|
+-+-----------+-----------+-----------+----------------+-----------+--------+-----+----+------+
Best-so-far configuration:        1755    mean value:      401.9781018
Description of the best-so-far configuration:
     .ID. population_size  selection populations topology migration_selection .PARENT.
1755 1755              19 tournament         102     ring            roulette      885

# 2023-01-24 15:48:33 CET: Elite configurations (first number is the configuration ID; listed from best to worst according to the sum of ranks):
     population_size  selection populations topology migration_selection
1755              19 tournament         102     ring            roulette
1114              22 tournament         106     star          tournament
885               18 tournament         116     ring            roulette
1466              20 tournament         109     star            roulette
# 2023-01-24 15:48:33 CET: Iteration 8 of 8
# experimentsUsedSoFar: 14909
# remainingBudget: 91
# currentBudget: 91
# nbConfigurations: 8
# Markers:
     x No test is performed.
     c Configurations are discarded only due to capping.
     - The test is performed and some configurations are discarded.
     = The test is performed but no configuration is discarded.
     ! The test is performed and configurations could be discarded but elite configurations are preserved.
     . All alive configurations are elite and nothing is discarded

+-+-----------+-----------+-----------+----------------+-----------+--------+-----+----+------+
| |   Instance|      Alive|       Best|       Mean best| Exp so far|  W time|  rho|KenW|  Qvar|
+-+-----------+-----------+-----------+----------------+-----------+--------+-----+----+------+
|x|         20|          8|       2183|     399.1462082|          8|00:00:04|   NA|  NA|    NA|
|x|          2|          8|       2184|     394.1337497|         12|00:00:02|+0.45|0.73|0.4337|
|x|         11|          8|       1466|     391.0448476|         16|00:00:02|+0.21|0.47|0.6923|
|x|         14|          8|       1466|     401.9457303|         20|00:00:02|+0.10|0.32|0.7886|
|=|         18|          8|       2184|     389.7237544|         24|00:00:02|+0.01|0.21|0.8512|
|=|          3|          8|       2184|     396.9931412|         28|00:00:02|-0.04|0.13|0.8915|
|=|          4|          8|       2184|     391.8713779|         32|00:00:02|+0.01|0.15|0.8525|
|=|         17|          8|       2184|     403.6302097|         36|00:00:02|+0.00|0.13|0.8905|
|=|         19|          8|       1755|     403.7448600|         40|00:00:02|-0.01|0.10|0.9027|
|=|         16|          8|       1755|     401.0791643|         44|00:00:02|-0.00|0.10|0.8854|
|=|          7|          8|       1755|     405.9003959|         48|00:00:02|-0.01|0.08|0.8870|
|=|          5|          8|       1755|     404.6985604|         52|00:00:02|+0.02|0.10|0.8649|
|=|          9|          8|       1755|     406.7085457|         56|00:00:02|-0.00|0.07|0.8769|
|=|         13|          8|       1755|     409.2632946|         60|00:00:02|+0.00|0.07|0.8751|
|=|          8|          8|       1755|     410.9007415|         64|00:00:02|+0.01|0.07|0.8697|
|=|          6|          8|       1755|     408.0904322|         68|00:00:02|+0.03|0.09|0.8523|
|=|         10|          8|       1755|     407.2325266|         72|00:00:02|+0.03|0.09|0.8468|
|=|          1|          8|       1755|     405.8212703|         76|00:00:02|+0.04|0.10|0.8390|
|=|         12|          8|       1755|     405.5428820|         80|00:00:02|+0.05|0.10|0.8246|
|-|         15|          7|       1755|     404.8104871|         84|00:00:02|-0.01|0.04|0.8599|
|=|         21|          7|       1755|     403.3160192|         91|00:00:04|-0.00|0.04|0.8579|
+-+-----------+-----------+-----------+----------------+-----------+--------+-----+----+------+
Best-so-far configuration:        1755    mean value:      403.3160192
Description of the best-so-far configuration:
     .ID. population_size  selection populations topology migration_selection .PARENT.
1755 1755              19 tournament         102     ring            roulette      885

# 2023-01-24 15:49:22 CET: Elite configurations (first number is the configuration ID; listed from best to worst according to the sum of ranks):
     population_size  selection populations topology migration_selection
1755              19 tournament         102     ring            roulette
1466              20 tournament         109     star            roulette
885               18 tournament         116     ring            roulette
1114              22 tournament         106     star          tournament
# 2023-01-24 15:49:22 CET: Stopped because budget is exhausted
# Iteration: 9
# nbIterations: 8
# experimentsUsedSoFar: 15000
# timeUsed: 0
# remainingBudget: 0
# currentBudget: 91
# number of elites: 4
# nbConfigurations: 8
# Total CPU user time: 26372.99, CPU sys time: 1854.326, Wall-clock time: 7409.337
# Best configurations (first number is the configuration ID; listed from best to worst according to the sum of ranks):
     population_size  selection populations topology migration_selection
1755              19 tournament         102     ring            roulette
1466              20 tournament         109     star            roulette
885               18 tournament         116     ring            roulette
1114              22 tournament         106     star          tournament
# Best configurations as commandlines (first number is the configuration ID; same order as above):
1755  --population-size 19 --selection tournament --populations 102 --topology ring --migration-selection roulette
1466  --population-size 20 --selection tournament --populations 109 --topology star --migration-selection roulette
885   --population-size 18 --selection tournament --populations 116 --topology ring --migration-selection roulette
1114  --population-size 22 --selection tournament --populations 106 --topology star --migration-selection tournament


# Testing of elite configurations: 1 
# Testing iteration configurations: FALSE 
# 2023-01-24 15:49:22 CET: No test instances, skip testing
