#------------------------------------------------------------------------------
# irace: An implementation in R of (Elitist) Iterated Racing
# Version: 3.5.6863679
# Copyright (C) 2010-2020
# Manuel Lopez-Ibanez     <manuel.lopez-ibanez@manchester.ac.uk>
# Jeremie Dubois-Lacoste  
# Leslie Perez Caceres    <leslie.perez.caceres@ulb.ac.be>
#
# This is free software, and you are welcome to redistribute it under certain
# conditions.  See the GNU General Public License for details. There is NO
# WARRANTY; not even for MERCHANTABILITY or FITNESS FOR A PARTICULAR PURPOSE.
#
# irace builds upon previous code from the race package:
#     race: Racing methods for the selection of the best
#     Copyright (C) 2003 Mauro Birattari
#------------------------------------------------------------------------------
# installed at: /net/people/plgrid/plgfkatul/R/irace
# called with: --exec-dir=target-runner-07 --seed 1234573
== irace == WARNING: A default scenario file '/net/people/plgrid/plgfkatul/repos/computational-intelligence/tuning/scenario.txt' has been found and will be read.
# 2023-01-25 00:48:03 CET: Initialization
# Elitist race
# Elitist new instances: 1
# Elitist limit: 2
# nbIterations: 4
# minNbSurvival: 4
# nbParameters: 5
# seed: 1234573
# confidence level: 0.95
# budget: 15000
# mu: 5
# deterministic: FALSE

# 2023-01-25 00:48:03 CET: Iteration 1 of 4
# experimentsUsedSoFar: 0
# remainingBudget: 15000
# currentBudget: 3750
# nbConfigurations: 625
# Markers:
     x No test is performed.
     c Configurations are discarded only due to capping.
     - The test is performed and some configurations are discarded.
     = The test is performed but no configuration is discarded.
     ! The test is performed and configurations could be discarded but elite configurations are preserved.
     . All alive configurations are elite and nothing is discarded

+-+-----------+-----------+-----------+----------------+-----------+--------+-----+----+------+
| |   Instance|      Alive|       Best|       Mean best| Exp so far|  W time|  rho|KenW|  Qvar|
+-+-----------+-----------+-----------+----------------+-----------+--------+-----+----+------+
|x|          1|        625|         63|     280.4252480|        625|00:11:04|   NA|  NA|    NA|
|x|          2|        625|         63|     315.9182772|       1250|00:10:40|+0.43|0.71|0.6049|
|x|          3|        625|         24|     363.0699377|       1875|00:10:39|+0.44|0.63|0.5659|
|x|          4|        625|        446|     349.0969335|       2500|00:10:39|+0.45|0.58|0.5497|
|-|          5|        145|        446|     352.6650292|       3125|00:10:39|-0.06|0.15|1.0340|
|=|          6|        145|        446|     369.0600170|       3270|00:02:53|-0.04|0.13|1.0235|
|=|          7|        145|        428|     393.7642387|       3415|00:02:53|-0.02|0.12|1.0159|
+-+-----------+-----------+-----------+----------------+-----------+--------+-----+----+------+
Best-so-far configuration:         428    mean value:      393.7642387
Description of the best-so-far configuration:
    .ID. archipelago_size  selection populations topology migration_selection .PARENT.
428  428                2 tournament         214     ring          tournament       NA

# 2023-01-25 01:47:34 CET: Elite configurations (first number is the configuration ID; listed from best to worst according to the sum of ranks):
    archipelago_size  selection populations        topology migration_selection
428                2 tournament         214            ring          tournament
465               10 tournament         271            ring                 sus
315               80 tournament         269 fully_connected            roulette
446               80 tournament         262            ring            roulette
# 2023-01-25 01:47:34 CET: Iteration 2 of 4
# experimentsUsedSoFar: 3415
# remainingBudget: 11585
# currentBudget: 3861
# nbConfigurations: 486
# Markers:
     x No test is performed.
     c Configurations are discarded only due to capping.
     - The test is performed and some configurations are discarded.
     = The test is performed but no configuration is discarded.
     ! The test is performed and configurations could be discarded but elite configurations are preserved.
     . All alive configurations are elite and nothing is discarded

+-+-----------+-----------+-----------+----------------+-----------+--------+-----+----+------+
| |   Instance|      Alive|       Best|       Mean best| Exp so far|  W time|  rho|KenW|  Qvar|
+-+-----------+-----------+-----------+----------------+-----------+--------+-----+----+------+
|x|          8|        486|        891|     245.0311773|        486|00:07:15|   NA|  NA|    NA|
|x|          1|        486|        904|     326.9577922|        968|00:07:11|+0.54|0.77|0.5504|
|x|          2|        486|       1064|     352.3320670|       1450|00:07:10|+0.50|0.67|0.5813|
|x|          5|        486|        904|     345.5790482|       1932|00:07:11|+0.51|0.63|0.5811|
|-|          4|        182|        967|     386.2209727|       2414|00:07:11|-0.08|0.14|1.0517|
|=|          3|        182|        446|     371.1194188|       2592|00:02:45|-0.03|0.14|1.0162|
|=|          7|        182|        315|     386.2517845|       2770|00:02:45|-0.02|0.13|1.0058|
|=|          6|        182|        465|     390.8176124|       2948|00:02:45|-0.00|0.12|0.9935|
|=|          9|        182|        465|     394.0187661|       3130|00:02:49|+0.01|0.12|0.9821|
+-+-----------+-----------+-----------+----------------+-----------+--------+-----+----+------+
Best-so-far configuration:         465    mean value:      394.0187661
Description of the best-so-far configuration:
    .ID. archipelago_size  selection populations topology migration_selection .PARENT.
465  465               10 tournament         271     ring                 sus       NA

# 2023-01-25 02:34:41 CET: Elite configurations (first number is the configuration ID; listed from best to worst according to the sum of ranks):
    archipelago_size  selection populations        topology migration_selection
465               10 tournament         271            ring                 sus
943                3 tournament         257            mesh                 sus
662                2 tournament         244 fully_connected          tournament
714                2 tournament         272            star            roulette
# 2023-01-25 02:34:41 CET: Iteration 3 of 4
# experimentsUsedSoFar: 6545
# remainingBudget: 8455
# currentBudget: 4227
# nbConfigurations: 426
# Markers:
     x No test is performed.
     c Configurations are discarded only due to capping.
     - The test is performed and some configurations are discarded.
     = The test is performed but no configuration is discarded.
     ! The test is performed and configurations could be discarded but elite configurations are preserved.
     . All alive configurations are elite and nothing is discarded

+-+-----------+-----------+-----------+----------------+-----------+--------+-----+----+------+
| |   Instance|      Alive|       Best|       Mean best| Exp so far|  W time|  rho|KenW|  Qvar|
+-+-----------+-----------+-----------+----------------+-----------+--------+-----+----+------+
|x|         10|        426|       1223|     268.7642993|        426|00:05:45|   NA|  NA|    NA|
|x|          5|        426|       1223|     296.9180522|        848|00:05:43|+0.48|0.74|0.6269|
|x|          4|        426|        714|     337.9391611|       1270|00:05:43|+0.49|0.66|0.6240|
|x|          3|        426|        714|     347.3501332|       1692|00:05:43|+0.50|0.63|0.6087|
|-|          7|        126|        943|     369.1499343|       2114|00:05:44|-0.10|0.12|1.0890|
|=|          2|        126|       1465|     374.1599662|       2236|00:01:44|-0.07|0.11|1.0671|
|=|          6|        126|       1465|     379.7045907|       2358|00:01:43|-0.05|0.10|1.0381|
|=|          8|        126|       1465|     381.8025080|       2480|00:01:44|-0.02|0.11|1.0156|
|=|          9|        126|        714|     372.2116008|       2602|00:01:43|-0.01|0.10|1.0136|
|=|          1|        126|       1465|     386.2425700|       2724|00:01:44|-0.02|0.09|1.0141|
|=|         11|        126|        714|     375.3784539|       2850|00:01:46|-0.01|0.08|1.0030|
+-+-----------+-----------+-----------+----------------+-----------+--------+-----+----+------+
Best-so-far configuration:         714    mean value:      375.3784539
Description of the best-so-far configuration:
    .ID. archipelago_size  selection populations topology migration_selection .PARENT.
714  714                2 tournament         272     star            roulette      428

# 2023-01-25 03:13:49 CET: Elite configurations (first number is the configuration ID; listed from best to worst according to the sum of ranks):
     archipelago_size  selection populations topology migration_selection
714                 2 tournament         272     star            roulette
465                10 tournament         271     ring                 sus
1461                5 tournament         245     ring                 sus
943                 3 tournament         257     mesh                 sus
# 2023-01-25 03:13:49 CET: Iteration 4 of 4
# experimentsUsedSoFar: 9395
# remainingBudget: 5605
# currentBudget: 5605
# nbConfigurations: 470
# Markers:
     x No test is performed.
     c Configurations are discarded only due to capping.
     - The test is performed and some configurations are discarded.
     = The test is performed but no configuration is discarded.
     ! The test is performed and configurations could be discarded but elite configurations are preserved.
     . All alive configurations are elite and nothing is discarded

+-+-----------+-----------+-----------+----------------+-----------+--------+-----+----+------+
| |   Instance|      Alive|       Best|       Mean best| Exp so far|  W time|  rho|KenW|  Qvar|
+-+-----------+-----------+-----------+----------------+-----------+--------+-----+----+------+
|x|         12|        470|       1601|     277.4351691|        470|00:06:26|   NA|  NA|    NA|
|x|          8|        470|       1591|     311.2716455|        936|00:06:23|+0.43|0.71|0.6860|
|x|          1|        470|       1591|     299.0492110|       1402|00:06:23|+0.41|0.61|0.6797|
|x|          9|        470|       1591|     322.8948670|       1868|00:06:24|+0.38|0.53|0.7156|
|-|         10|        129|       1986|     358.0438221|       2334|00:06:30|-0.11|0.11|1.0925|
|=|          2|        129|       1591|     342.6383434|       2459|00:01:46|-0.07|0.11|1.0480|
|=|          6|        129|       1591|     355.3137807|       2584|00:01:46|-0.06|0.10|1.0351|
|=|          5|        129|        714|     381.8483200|       2709|00:01:46|-0.04|0.09|1.0244|
|=|          7|        129|       1592|     384.5241304|       2834|00:01:46|-0.03|0.08|1.0180|
|=|          3|        129|       1591|     372.6225267|       2959|00:01:46|-0.02|0.08|1.0080|
|=|         11|        129|       1591|     373.2961975|       3084|00:01:47|-0.01|0.08|0.9969|
|=|          4|        129|       1591|     371.8101772|       3209|00:01:46|-0.01|0.08|0.9856|
|=|         13|        129|        714|     378.2563002|       3338|00:01:49|-0.01|0.07|0.9884|
+-+-----------+-----------+-----------+----------------+-----------+--------+-----+----+------+
Best-so-far configuration:         714    mean value:      378.2563002
Description of the best-so-far configuration:
    .ID. archipelago_size  selection populations topology migration_selection .PARENT.
714  714                2 tournament         272     star            roulette      428

# 2023-01-25 04:00:15 CET: Elite configurations (first number is the configuration ID; listed from best to worst according to the sum of ranks):
     archipelago_size  selection populations        topology migration_selection
714                 2 tournament         272            star            roulette
1591                5 tournament         268 fully_connected                 sus
1670                3 tournament         322            star            roulette
1592               10 tournament         244            ring                 sus
# 2023-01-25 04:00:15 CET: Iteration 5 of 5
# experimentsUsedSoFar: 12733
# remainingBudget: 2267
# currentBudget: 2267
# nbConfigurations: 165
# Markers:
     x No test is performed.
     c Configurations are discarded only due to capping.
     - The test is performed and some configurations are discarded.
     = The test is performed but no configuration is discarded.
     ! The test is performed and configurations could be discarded but elite configurations are preserved.
     . All alive configurations are elite and nothing is discarded

+-+-----------+-----------+-----------+----------------+-----------+--------+-----+----+------+
| |   Instance|      Alive|       Best|       Mean best| Exp so far|  W time|  rho|KenW|  Qvar|
+-+-----------+-----------+-----------+----------------+-----------+--------+-----+----+------+
|x|         14|        165|       2046|     304.5956360|        165|00:02:23|   NA|  NA|    NA|
|x|         10|        165|        714|     345.3937302|        326|00:02:21|+0.39|0.70|0.7264|
|x|          1|        165|       2029|     360.7977193|        487|00:02:20|+0.41|0.60|0.7119|
|x|          2|        165|       2029|     370.9364832|        648|00:02:20|+0.41|0.56|0.7020|
|-|          9|         57|       2017|     371.4815096|        809|00:02:20|-0.08|0.14|1.0739|
|=|          4|         57|       2017|     363.6711184|        862|00:00:46|-0.03|0.14|1.0127|
|=|         11|         57|       2132|     371.8636854|        915|00:00:46|-0.01|0.13|0.9916|
|=|         12|         57|       1591|     371.6351159|        968|00:00:46|+0.00|0.13|0.9773|
|=|          6|         57|       1591|     378.2719257|       1021|00:00:47|+0.00|0.11|0.9762|
|=|          3|         57|       1591|     375.9848454|       1074|00:00:46|+0.01|0.11|0.9641|
|=|         13|         57|        714|     373.6053491|       1127|00:00:46|+0.00|0.09|0.9731|
|=|          7|         57|        714|     379.6910559|       1180|00:00:46|+0.01|0.09|0.9698|
|=|          8|         57|       1591|     377.0210377|       1233|00:00:46|+0.01|0.09|0.9582|
|=|          5|         57|        714|     378.9873363|       1286|00:00:46|+0.01|0.08|0.9659|
|=|         15|         57|        714|     383.3902662|       1343|00:00:49|+0.02|0.08|0.9639|
+-+-----------+-----------+-----------+----------------+-----------+--------+-----+----+------+
Best-so-far configuration:         714    mean value:      383.3902662
Description of the best-so-far configuration:
    .ID. archipelago_size  selection populations topology migration_selection .PARENT.
714  714                2 tournament         272     star            roulette      428

# 2023-01-25 04:19:50 CET: Elite configurations (first number is the configuration ID; listed from best to worst according to the sum of ranks):
     archipelago_size  selection populations        topology migration_selection
714                 2 tournament         272            star            roulette
1591                5 tournament         268 fully_connected                 sus
1670                3 tournament         322            star            roulette
2017                5 tournament         309            ring            roulette
# 2023-01-25 04:19:50 CET: Iteration 6 of 6
# experimentsUsedSoFar: 14076
# remainingBudget: 924
# currentBudget: 924
# nbConfigurations: 61
# Markers:
     x No test is performed.
     c Configurations are discarded only due to capping.
     - The test is performed and some configurations are discarded.
     = The test is performed but no configuration is discarded.
     ! The test is performed and configurations could be discarded but elite configurations are preserved.
     . All alive configurations are elite and nothing is discarded

+-+-----------+-----------+-----------+----------------+-----------+--------+-----+----+------+
| |   Instance|      Alive|       Best|       Mean best| Exp so far|  W time|  rho|KenW|  Qvar|
+-+-----------+-----------+-----------+----------------+-----------+--------+-----+----+------+
|x|         16|         61|       2160|     319.0966174|         61|00:00:54|   NA|  NA|    NA|
|x|         14|         61|       2160|     298.6384281|        118|00:00:51|+0.14|0.57|0.8148|
|x|          5|         61|       2179|     385.8026310|        175|00:00:51|+0.20|0.46|0.8404|
|x|          6|         61|       2160|     345.5888461|        232|00:00:51|+0.22|0.42|0.7978|
|-|         11|         36|       2207|     382.2931273|        289|00:00:51|-0.09|0.13|1.0421|
|=|          3|         36|       2207|     387.7506220|        321|00:00:28|-0.02|0.15|0.9890|
|=|          9|         36|       2207|     383.2196587|        353|00:00:29|+0.02|0.16|0.9474|
|=|         13|         36|        714|     376.9034886|        385|00:00:29|+0.02|0.14|0.9580|
|=|          1|         36|        714|     384.7880489|        417|00:00:29|-0.01|0.10|0.9767|
|=|          8|         36|        714|     382.6646076|        449|00:00:29|+0.00|0.10|0.9590|
|=|         12|         36|        714|     384.6750004|        481|00:00:29|+0.01|0.10|0.9514|
|=|          7|         36|        714|     389.8382363|        513|00:00:29|+0.02|0.11|0.9437|
|-|         10|         15|        714|     383.1042685|        545|00:00:28|-0.04|0.04|0.9596|
|=|          2|         15|        714|     386.8709224|        556|00:00:10|-0.03|0.04|0.9545|
|=|         15|         15|        714|     390.7482799|        567|00:00:10|-0.02|0.05|0.9470|
|=|          4|         15|        714|     386.6730391|        578|00:00:10|-0.00|0.06|0.9302|
|=|         17|         15|        714|     388.2503322|        593|00:00:13|+0.01|0.07|0.9208|
+-+-----------+-----------+-----------+----------------+-----------+--------+-----+----+------+
Best-so-far configuration:         714    mean value:      388.2503322
Description of the best-so-far configuration:
    .ID. archipelago_size  selection populations topology migration_selection .PARENT.
714  714                2 tournament         272     star            roulette      428

# 2023-01-25 04:28:47 CET: Elite configurations (first number is the configuration ID; listed from best to worst according to the sum of ranks):
     archipelago_size  selection populations        topology migration_selection
714                 2 tournament         272            star            roulette
1591                5 tournament         268 fully_connected                 sus
1670                3 tournament         322            star            roulette
2212                5 tournament         242 fully_connected                 sus
# 2023-01-25 04:28:47 CET: Iteration 7 of 7
# experimentsUsedSoFar: 14669
# remainingBudget: 331
# currentBudget: 331
# nbConfigurations: 22
# Markers:
     x No test is performed.
     c Configurations are discarded only due to capping.
     - The test is performed and some configurations are discarded.
     = The test is performed but no configuration is discarded.
     ! The test is performed and configurations could be discarded but elite configurations are preserved.
     . All alive configurations are elite and nothing is discarded

+-+-----------+-----------+-----------+----------------+-----------+--------+-----+----+------+
| |   Instance|      Alive|       Best|       Mean best| Exp so far|  W time|  rho|KenW|  Qvar|
+-+-----------+-----------+-----------+----------------+-----------+--------+-----+----+------+
|x|         18|         22|       2228|     391.5724581|         22|00:00:19|   NA|  NA|    NA|
|x|          5|         22|       2212|     394.9048075|         40|00:00:16|-0.03|0.48|1.0071|
|x|          1|         22|       2212|     402.6316725|         58|00:00:16|-0.08|0.28|1.0659|
|x|          6|         22|       2212|     388.8452338|         76|00:00:16|+0.04|0.28|0.9245|
|=|         10|         22|       2212|     382.7242780|         94|00:00:16|+0.09|0.27|0.8834|
|-|          8|         12|       2212|     375.5940706|        112|00:00:16|-0.05|0.12|0.9207|
|=|          3|         12|       2212|     385.6224805|        120|00:00:06|-0.03|0.12|0.9088|
|=|         12|         12|       2212|     389.3750035|        128|00:00:06|+0.01|0.13|0.8733|
|=|         16|         12|       2212|     390.1005433|        136|00:00:06|-0.01|0.10|0.8925|
|=|          2|         12|       2212|     388.9836406|        144|00:00:06|+0.03|0.13|0.8544|
|=|         15|         12|       2212|     387.8902475|        152|00:00:07|+0.04|0.13|0.8518|
|=|         17|         12|       2212|     391.9423609|        160|00:00:06|+0.05|0.13|0.8511|
|=|         13|         12|       2212|     394.7052081|        168|00:00:06|+0.03|0.11|0.8770|
|=|         14|         12|       2212|     399.6719421|        176|00:00:06|+0.01|0.08|0.9002|
|=|          7|         12|       2212|     398.8978966|        184|00:00:06|+0.02|0.09|0.8987|
|=|          4|         12|       1591|     392.4000414|        192|00:00:06|+0.03|0.09|0.8905|
|=|          9|         12|       1591|     392.5195587|        200|00:00:06|+0.04|0.10|0.8846|
|-|         11|          6|       1591|     391.8258558|        208|00:00:06|-0.02|0.03|0.8567|
|=|         19|          6|        714|     394.6917291|        214|00:00:06|-0.03|0.03|0.8607|
|=|         20|          6|       1591|     388.0615776|        220|00:00:06|-0.02|0.03|0.8511|
+-+-----------+-----------+-----------+----------------+-----------+--------+-----+----+------+
Best-so-far configuration:        1591    mean value:      388.0615776
Description of the best-so-far configuration:
     .ID. archipelago_size  selection populations        topology migration_selection .PARENT.
1591 1591                5 tournament         268 fully_connected                 sus      465

# 2023-01-25 04:32:00 CET: Elite configurations (first number is the configuration ID; listed from best to worst according to the sum of ranks):
     archipelago_size  selection populations        topology migration_selection
1591                5 tournament         268 fully_connected                 sus
714                 2 tournament         272            star            roulette
1670                3 tournament         322            star            roulette
2212                5 tournament         242 fully_connected                 sus
# 2023-01-25 04:32:00 CET: Iteration 8 of 8
# experimentsUsedSoFar: 14889
# remainingBudget: 111
# currentBudget: 111
# nbConfigurations: 9
# Markers:
     x No test is performed.
     c Configurations are discarded only due to capping.
     - The test is performed and some configurations are discarded.
     = The test is performed but no configuration is discarded.
     ! The test is performed and configurations could be discarded but elite configurations are preserved.
     . All alive configurations are elite and nothing is discarded

+-+-----------+-----------+-----------+----------------+-----------+--------+-----+----+------+
| |   Instance|      Alive|       Best|       Mean best| Exp so far|  W time|  rho|KenW|  Qvar|
+-+-----------+-----------+-----------+----------------+-----------+--------+-----+----+------+
|x|         21|          9|       2232|     343.7646754|          9|00:00:09|   NA|  NA|    NA|
|x|          6|          9|       1670|     407.8212506|         14|00:00:06|-0.03|0.48|0.9858|
|x|         12|          9|       1591|     393.9672136|         19|00:00:06|+0.16|0.44|0.7826|
|x|         20|          9|       1591|     367.8942119|         24|00:00:06|+0.30|0.48|0.6560|
|-|          7|          7|       1591|     377.1624141|         29|00:00:06|-0.03|0.17|0.8658|
|=|          2|          7|       1591|     373.5937027|         32|00:00:03|+0.11|0.26|0.7561|
|=|         17|          7|       1591|     374.9023410|         35|00:00:03|+0.11|0.23|0.7594|
|=|         10|          7|       1591|     379.1021043|         38|00:00:03|+0.06|0.18|0.7818|
|=|          9|          7|       1591|     380.8054077|         41|00:00:03|+0.04|0.15|0.7953|
|=|         16|          7|       1591|     386.7932136|         44|00:00:03|+0.07|0.16|0.7640|
|=|         18|          7|       1591|     390.5224018|         47|00:00:03|+0.06|0.14|0.7885|
|=|         15|          7|       1591|     393.8911628|         50|00:00:03|+0.08|0.16|0.7678|
|-|          5|          5|       1591|     399.6989547|         53|00:00:03|+0.01|0.09|0.7982|
|=|         14|          5|       1591|     403.0965805|         54|00:00:03|-0.03|0.05|0.8280|
|=|          4|          5|       1591|     399.9210720|         55|00:00:03|-0.02|0.05|0.8220|
|=|          1|          5|       1591|     392.0887764|         56|00:00:03|-0.01|0.05|0.8098|
|=|          8|          5|       1591|     384.6430665|         57|00:00:03|+0.01|0.07|0.7899|
|=|         11|          5|       1591|     384.3869464|         58|00:00:03|+0.01|0.06|0.7869|
|=|         13|          5|       1591|     388.4549022|         59|00:00:03|-0.00|0.05|0.7958|
|=|         19|          5|       1591|     389.9667042|         60|00:00:03|+0.00|0.05|0.7911|
|=|          3|          5|       1591|     388.3207241|         61|00:00:03|+0.01|0.06|0.7810|
|=|         22|          5|       1591|     390.5069254|         66|00:00:06|+0.02|0.07|0.7749|
+-+-----------+-----------+-----------+----------------+-----------+--------+-----+----+------+
Best-so-far configuration:        1591    mean value:      390.5069254
Description of the best-so-far configuration:
     .ID. archipelago_size  selection populations        topology migration_selection .PARENT.
1591 1591                5 tournament         268 fully_connected                 sus      465

# 2023-01-25 04:33:37 CET: Elite configurations (first number is the configuration ID; listed from best to worst according to the sum of ranks):
     archipelago_size  selection populations        topology migration_selection
1591                5 tournament         268 fully_connected                 sus
714                 2 tournament         272            star            roulette
1670                3 tournament         322            star            roulette
2212                5 tournament         242 fully_connected                 sus
# 2023-01-25 04:33:37 CET: Iteration 9 of 9
# experimentsUsedSoFar: 14955
# remainingBudget: 45
# currentBudget: 45
# nbConfigurations: 5
# Markers:
     x No test is performed.
     c Configurations are discarded only due to capping.
     - The test is performed and some configurations are discarded.
     = The test is performed but no configuration is discarded.
     ! The test is performed and configurations could be discarded but elite configurations are preserved.
     . All alive configurations are elite and nothing is discarded

+-+-----------+-----------+-----------+----------------+-----------+--------+-----+----+------+
| |   Instance|      Alive|       Best|       Mean best| Exp so far|  W time|  rho|KenW|  Qvar|
+-+-----------+-----------+-----------+----------------+-----------+--------+-----+----+------+
|x|         23|          5|       1591|     417.7884429|          5|00:00:05|   NA|  NA|    NA|
|x|          6|          5|       2212|     383.7400007|          6|00:00:03|-0.10|0.45|0.6003|
|x|         22|          5|        714|     413.5554852|          7|00:00:03|-0.27|0.16|1.0864|
|x|         13|          5|        714|     406.0141092|          8|00:00:03|-0.13|0.15|0.9589|
|=|          1|          5|        714|     414.3841937|          9|00:00:03|-0.16|0.07|0.9574|
|=|         14|          5|        714|     410.0686289|         10|00:00:03|-0.06|0.12|0.8964|
|=|         12|          5|        714|     409.3129574|         11|00:00:03|-0.01|0.13|0.8561|
|=|         15|          5|        714|     413.7777484|         12|00:00:03|-0.10|0.04|0.8949|
|=|         18|          5|       2237|     413.8134986|         13|00:00:03|-0.08|0.04|0.8784|
|=|          5|          5|        714|     419.0527583|         14|00:00:03|-0.09|0.02|0.8826|
|=|         11|          5|        714|     411.0837852|         15|00:00:03|-0.08|0.02|0.8759|
|=|         20|          5|        714|     416.2248287|         16|00:00:03|-0.08|0.01|0.8658|
|=|          7|          5|       1591|     402.9422583|         17|00:00:03|-0.07|0.02|0.8574|
|=|         17|          5|       1591|     401.5002521|         18|00:00:03|-0.07|0.01|0.8555|
|=|          9|          5|       1591|     401.0290243|         19|00:00:03|-0.05|0.02|0.8478|
|=|          3|          5|       1591|     398.1772804|         20|00:00:03|-0.03|0.04|0.8330|
|=|         21|          5|       1591|     397.9023611|         21|00:00:03|-0.03|0.03|0.8288|
|=|         10|          5|       1591|     398.4911437|         22|00:00:03|-0.02|0.04|0.8283|
|=|          2|          5|       1591|     396.2416175|         23|00:00:03|-0.02|0.03|0.8241|
|=|         16|          5|       1591|     398.4637099|         24|00:00:03|-0.03|0.02|0.8289|
|=|         19|          5|       1591|     399.4269114|         25|00:00:03|-0.03|0.01|0.8298|
|=|          8|          5|       1591|     393.3398568|         26|00:00:03|-0.02|0.02|0.8201|
|=|          4|          5|       1591|     391.6930783|         27|00:00:03|-0.02|0.03|0.8180|
|=|         24|          5|       1591|     392.5550256|         32|00:00:05|-0.02|0.02|0.8156|
+-+-----------+-----------+-----------+----------------+-----------+--------+-----+----+------+
Best-so-far configuration:        1591    mean value:      392.5550256
Description of the best-so-far configuration:
     .ID. archipelago_size  selection populations        topology migration_selection .PARENT.
1591 1591                5 tournament         268 fully_connected                 sus      465

# 2023-01-25 04:34:56 CET: Elite configurations (first number is the configuration ID; listed from best to worst according to the sum of ranks):
     archipelago_size  selection populations        topology migration_selection
1591                5 tournament         268 fully_connected                 sus
714                 2 tournament         272            star            roulette
1670                3 tournament         322            star            roulette
2212                5 tournament         242 fully_connected                 sus
# 2023-01-25 04:34:56 CET: Stopped because there is not enough budget left to race more than the minimum (4)
# You may either increase the budget or set 'minNbSurvival' to a lower value
# Iteration: 10
# nbIterations: 10
# experimentsUsedSoFar: 14987
# timeUsed: 0
# remainingBudget: 13
# currentBudget: 13
# number of elites: 4
# nbConfigurations: 4
# Total CPU user time: 50619.25, CPU sys time: 1855.714, Wall-clock time: 13613.39
# Best configurations (first number is the configuration ID; listed from best to worst according to the sum of ranks):
     archipelago_size  selection populations        topology migration_selection
1591                5 tournament         268 fully_connected                 sus
714                 2 tournament         272            star            roulette
1670                3 tournament         322            star            roulette
2212                5 tournament         242 fully_connected                 sus
# Best configurations as commandlines (first number is the configuration ID; same order as above):
1591  --archipelago-size 5 --selection tournament --populations 268 --topology fully_connected --migration-selection sus
714   --archipelago-size 2 --selection tournament --populations 272 --topology star --migration-selection roulette
1670  --archipelago-size 3 --selection tournament --populations 322 --topology star --migration-selection roulette
2212  --archipelago-size 5 --selection tournament --populations 242 --topology fully_connected --migration-selection sus


# Testing of elite configurations: 1 
# Testing iteration configurations: FALSE 
# 2023-01-25 04:34:56 CET: No test instances, skip testing
