#------------------------------------------------------------------------------
# irace: An implementation in R of (Elitist) Iterated Racing
# Version: 3.5.6863679
# Copyright (C) 2010-2020
# Manuel Lopez-Ibanez     <manuel.lopez-ibanez@manchester.ac.uk>
# Jeremie Dubois-Lacoste  
# Leslie Perez Caceres    <leslie.perez.caceres@ulb.ac.be>
#
# This is free software, and you are welcome to redistribute it under certain
# conditions.  See the GNU General Public License for details. There is NO
# WARRANTY; not even for MERCHANTABILITY or FITNESS FOR A PARTICULAR PURPOSE.
#
# irace builds upon previous code from the race package:
#     race: Racing methods for the selection of the best
#     Copyright (C) 2003 Mauro Birattari
#------------------------------------------------------------------------------
# installed at: /net/people/plgrid/plgfkatul/R/irace
# called with: --exec-dir=target-runner-03 --seed 1234569
== irace == WARNING: A default scenario file '/net/people/plgrid/plgfkatul/computational-intelligence/tuning/scenario.txt' has been found and will be read.
# 2023-01-24 10:35:31 CET: Initialization
# Elitist race
# Elitist new instances: 1
# Elitist limit: 2
# nbIterations: 4
# minNbSurvival: 4
# nbParameters: 5
# seed: 1234569
# confidence level: 0.95
# budget: 15000
# mu: 5
# deterministic: FALSE

# 2023-01-24 10:35:31 CET: Iteration 1 of 4
# experimentsUsedSoFar: 0
# remainingBudget: 15000
# currentBudget: 3750
# nbConfigurations: 625
# Markers:
     x No test is performed.
     c Configurations are discarded only due to capping.
     - The test is performed and some configurations are discarded.
     = The test is performed but no configuration is discarded.
     ! The test is performed and configurations could be discarded but elite configurations are preserved.
     . All alive configurations are elite and nothing is discarded

+-+-----------+-----------+-----------+----------------+-----------+--------+-----+----+------+
| |   Instance|      Alive|       Best|       Mean best| Exp so far|  W time|  rho|KenW|  Qvar|
+-+-----------+-----------+-----------+----------------+-----------+--------+-----+----+------+
|x|          1|        625|        380|     263.4332271|        625|00:04:56|   NA|  NA|    NA|
|x|          2|        625|        237|     328.9336454|       1250|00:05:00|+0.46|0.73|0.5769|
|x|          3|        625|         68|     356.3224971|       1875|00:05:06|+0.46|0.64|0.5778|
|x|          4|        625|         68|     347.2078224|       2500|00:05:17|+0.46|0.59|0.5852|
|-|          5|        148|         68|     358.5426295|       3125|00:05:28|-0.04|0.17|1.0151|
|=|          6|        148|         68|     375.9483292|       3273|00:01:26|-0.02|0.15|1.0048|
|=|          7|        148|        177|     395.9755363|       3421|00:01:25|+0.00|0.14|0.9865|
+-+-----------+-----------+-----------+----------------+-----------+--------+-----+----+------+
Best-so-far configuration:         177    mean value:      395.9755363
Description of the best-so-far configuration:
    .ID. population_size  selection populations topology migration_selection .PARENT.
177  177               7 tournament         153     mesh                 sus       NA

# 2023-01-24 11:04:13 CET: Elite configurations (first number is the configuration ID; listed from best to worst according to the sum of ranks):
    population_size  selection populations        topology migration_selection
177               7 tournament         153            mesh                 sus
466              11 tournament         184            ring            roulette
38               21 tournament         113            ring            roulette
68               22 tournament         179 fully_connected          tournament
# 2023-01-24 11:04:13 CET: Iteration 2 of 4
# experimentsUsedSoFar: 3421
# remainingBudget: 11579
# currentBudget: 3859
# nbConfigurations: 485
# Markers:
     x No test is performed.
     c Configurations are discarded only due to capping.
     - The test is performed and some configurations are discarded.
     = The test is performed but no configuration is discarded.
     ! The test is performed and configurations could be discarded but elite configurations are preserved.
     . All alive configurations are elite and nothing is discarded

+-+-----------+-----------+-----------+----------------+-----------+--------+-----+----+------+
| |   Instance|      Alive|       Best|       Mean best| Exp so far|  W time|  rho|KenW|  Qvar|
+-+-----------+-----------+-----------+----------------+-----------+--------+-----+----+------+
|x|          8|        485|        951|     208.9036812|        485|00:04:15|   NA|  NA|    NA|
|x|          2|        485|        804|     327.8830111|        966|00:03:56|+0.42|0.71|0.6701|
|x|          6|        485|        804|     337.8377442|       1447|00:03:43|+0.45|0.63|0.6325|
|x|          7|        485|        713|     343.5423240|       1928|00:03:44|+0.44|0.58|0.6390|
|-|          1|        155|        466|     361.9881163|       2409|00:03:43|-0.06|0.15|1.0239|
|=|          3|        155|        466|     370.1429373|       2560|00:01:17|-0.05|0.13|1.0238|
|=|          5|        155|        954|     382.2789678|       2711|00:01:16|-0.03|0.11|1.0211|
|=|          4|        155|        466|     377.5734880|       2862|00:01:16|-0.03|0.10|1.0138|
|=|          9|        155|       1029|     382.9188747|       3017|00:01:18|-0.02|0.09|1.0048|
+-+-----------+-----------+-----------+----------------+-----------+--------+-----+----+------+
Best-so-far configuration:        1029    mean value:      382.9188747
Description of the best-so-far configuration:
     .ID. population_size  selection populations topology migration_selection .PARENT.
1029 1029               8 tournament         152     mesh                 sus      177

# 2023-01-24 11:28:46 CET: Elite configurations (first number is the configuration ID; listed from best to worst according to the sum of ranks):
     population_size  selection populations        topology migration_selection
1029               8 tournament         152            mesh                 sus
954               22 tournament         144            ring            roulette
466               11 tournament         184            ring            roulette
68                22 tournament         179 fully_connected          tournament
# 2023-01-24 11:28:46 CET: Iteration 3 of 4
# experimentsUsedSoFar: 6438
# remainingBudget: 8562
# currentBudget: 4281
# nbConfigurations: 431
# Markers:
     x No test is performed.
     c Configurations are discarded only due to capping.
     - The test is performed and some configurations are discarded.
     = The test is performed but no configuration is discarded.
     ! The test is performed and configurations could be discarded but elite configurations are preserved.
     . All alive configurations are elite and nothing is discarded

+-+-----------+-----------+-----------+----------------+-----------+--------+-----+----+------+
| |   Instance|      Alive|       Best|       Mean best| Exp so far|  W time|  rho|KenW|  Qvar|
+-+-----------+-----------+-----------+----------------+-----------+--------+-----+----+------+
|x|         10|        431|       1337|     232.7327803|        431|00:03:39|   NA|  NA|    NA|
|x|          7|        431|       1108|     289.4056125|        858|00:03:36|+0.46|0.73|0.6720|
|x|          3|        431|       1029|     361.0634255|       1285|00:03:36|+0.43|0.62|0.7429|
|x|          1|        431|       1029|     361.8132788|       1712|00:03:37|+0.45|0.59|0.7153|
|-|          5|        123|       1029|     357.0790815|       2139|00:03:36|-0.13|0.10|1.0861|
|=|          4|        123|       1029|     371.7573845|       2258|00:01:06|-0.11|0.08|1.0693|
|=|          6|        123|       1029|     375.9619231|       2377|00:01:07|-0.07|0.08|1.0492|
|=|          9|        123|       1029|     367.0558338|       2496|00:01:06|-0.06|0.08|1.0301|
|=|          2|        123|       1029|     368.1253680|       2615|00:01:05|-0.04|0.07|1.0233|
|=|          8|        123|       1029|     374.6213415|       2734|00:01:05|-0.04|0.06|1.0207|
|=|         11|        123|       1029|     381.3348399|       2857|00:01:08|-0.04|0.05|1.0258|
+-+-----------+-----------+-----------+----------------+-----------+--------+-----+----+------+
Best-so-far configuration:        1029    mean value:      381.3348399
Description of the best-so-far configuration:
     .ID. population_size  selection populations topology migration_selection .PARENT.
1029 1029               8 tournament         152     mesh                 sus      177

# 2023-01-24 11:53:35 CET: Elite configurations (first number is the configuration ID; listed from best to worst according to the sum of ranks):
     population_size  selection populations topology migration_selection
1029               8 tournament         152     mesh                 sus
1352              19 tournament         195     ring            roulette
954               22 tournament         144     ring            roulette
466               11 tournament         184     ring            roulette
# 2023-01-24 11:53:35 CET: Iteration 4 of 4
# experimentsUsedSoFar: 9295
# remainingBudget: 5705
# currentBudget: 5705
# nbConfigurations: 479
# Markers:
     x No test is performed.
     c Configurations are discarded only due to capping.
     - The test is performed and some configurations are discarded.
     = The test is performed but no configuration is discarded.
     ! The test is performed and configurations could be discarded but elite configurations are preserved.
     . All alive configurations are elite and nothing is discarded

+-+-----------+-----------+-----------+----------------+-----------+--------+-----+----+------+
| |   Instance|      Alive|       Best|       Mean best| Exp so far|  W time|  rho|KenW|  Qvar|
+-+-----------+-----------+-----------+----------------+-----------+--------+-----+----+------+
|x|         12|        479|       1805|     278.6734743|        479|00:04:11|   NA|  NA|    NA|
|x|          1|        479|       1620|     319.7704634|        954|00:04:07|+0.33|0.67|0.7495|
|x|         11|        479|       1586|     329.6749366|       1429|00:04:10|+0.33|0.55|0.7402|
|x|          7|        479|       1586|     338.5378219|       1904|00:04:09|+0.34|0.51|0.7499|
|-|          2|        116|       1586|     351.2680190|       2379|00:04:08|-0.12|0.11|1.0895|
|=|          8|        116|       1877|     369.8487912|       2491|00:01:05|-0.09|0.09|1.0695|
|=|          3|        116|        466|     365.0705231|       2603|00:01:09|-0.06|0.09|1.0394|
|=|          6|        116|       1877|     383.2605923|       2715|00:01:05|-0.04|0.09|1.0267|
|=|          4|        116|        466|     372.8478887|       2827|00:01:07|-0.03|0.08|1.0232|
|=|          5|        116|        466|     379.5689309|       2939|00:01:05|-0.02|0.08|1.0142|
|=|         10|        116|        466|     389.7872114|       3051|00:01:06|-0.01|0.08|1.0065|
|=|          9|        116|       1029|     391.1824372|       3163|00:01:05|-0.00|0.08|1.0012|
|=|         13|        116|       1352|     392.7914951|       3279|00:01:07|+0.00|0.08|0.9932|
+-+-----------+-----------+-----------+----------------+-----------+--------+-----+----+------+
Best-so-far configuration:        1352    mean value:      392.7914951
Description of the best-so-far configuration:
     .ID. population_size  selection populations topology migration_selection .PARENT.
1352 1352              19 tournament         195     ring            roulette       68

# 2023-01-24 12:23:17 CET: Elite configurations (first number is the configuration ID; listed from best to worst according to the sum of ranks):
     population_size  selection populations topology migration_selection
1352              19 tournament         195     ring            roulette
1704               8 tournament         145     mesh                 sus
1614              19 tournament         186     star                 sus
954               22 tournament         144     ring            roulette
# 2023-01-24 12:23:17 CET: Iteration 5 of 5
# experimentsUsedSoFar: 12574
# remainingBudget: 2426
# currentBudget: 2426
# nbConfigurations: 177
# Markers:
     x No test is performed.
     c Configurations are discarded only due to capping.
     - The test is performed and some configurations are discarded.
     = The test is performed but no configuration is discarded.
     ! The test is performed and configurations could be discarded but elite configurations are preserved.
     . All alive configurations are elite and nothing is discarded

+-+-----------+-----------+-----------+----------------+-----------+--------+-----+----+------+
| |   Instance|      Alive|       Best|       Mean best| Exp so far|  W time|  rho|KenW|  Qvar|
+-+-----------+-----------+-----------+----------------+-----------+--------+-----+----+------+
|x|         14|        177|       2030|     175.7996052|        177|00:01:47|   NA|  NA|    NA|
|x|         12|        177|       2059|     338.0555829|        350|00:01:41|+0.29|0.65|0.8481|
|x|          2|        177|       2024|     386.1713818|        523|00:01:40|+0.26|0.51|0.8590|
|x|          7|        177|       2100|     377.1666104|        696|00:01:40|+0.29|0.47|0.8436|
|-|         10|         95|       2075|     391.6285310|        869|00:01:39|-0.12|0.11|1.1252|
|=|         11|         95|       2024|     403.6273439|        960|00:00:59|-0.08|0.10|1.0927|
|=|          4|         95|       2075|     401.5519756|       1051|00:00:57|-0.05|0.10|1.0664|
|=|          9|         95|       2075|     401.7483407|       1142|00:00:57|-0.04|0.09|1.0560|
|=|          6|         95|       1352|     393.8682375|       1233|00:00:57|-0.02|0.09|1.0300|
|=|          8|         95|       1352|     399.4008603|       1324|00:00:57|-0.01|0.09|1.0172|
|=|          5|         95|       2075|     403.4948887|       1415|00:00:57|-0.00|0.09|1.0100|
|=|          3|         95|       2075|     403.2084277|       1506|00:00:56|-0.00|0.08|1.0066|
|=|         13|         95|       2075|     402.1032535|       1597|00:00:57|+0.01|0.08|1.0038|
|=|          1|         95|       1352|     398.3122372|       1688|00:00:59|+0.02|0.09|0.9936|
|=|         15|         95|       1704|     392.5250066|       1783|00:00:59|+0.02|0.08|0.9918|
+-+-----------+-----------+-----------+----------------+-----------+--------+-----+----+------+
Best-so-far configuration:        1704    mean value:      392.5250066
Description of the best-so-far configuration:
     .ID. population_size  selection populations topology migration_selection .PARENT.
1704 1704               8 tournament         145     mesh                 sus     1029

# 2023-01-24 12:41:24 CET: Elite configurations (first number is the configuration ID; listed from best to worst according to the sum of ranks):
     population_size  selection populations topology migration_selection
1704               8 tournament         145     mesh                 sus
1352              19 tournament         195     ring            roulette
2130              19 tournament         192     ring            roulette
2038              24 tournament         198     ring            roulette
# 2023-01-24 12:41:24 CET: Iteration 6 of 6
# experimentsUsedSoFar: 14357
# remainingBudget: 643
# currentBudget: 643
# nbConfigurations: 43
# Markers:
     x No test is performed.
     c Configurations are discarded only due to capping.
     - The test is performed and some configurations are discarded.
     = The test is performed but no configuration is discarded.
     ! The test is performed and configurations could be discarded but elite configurations are preserved.
     . All alive configurations are elite and nothing is discarded

+-+-----------+-----------+-----------+----------------+-----------+--------+-----+----+------+
| |   Instance|      Alive|       Best|       Mean best| Exp so far|  W time|  rho|KenW|  Qvar|
+-+-----------+-----------+-----------+----------------+-----------+--------+-----+----+------+
|x|         16|         43|       2130|     307.3965604|         43|00:00:27|   NA|  NA|    NA|
|x|          5|         43|       2130|     321.8778312|         82|00:00:24|+0.18|0.59|0.7451|
|x|         10|         43|       2130|     335.6409828|        121|00:00:24|+0.27|0.51|0.7224|
|x|         14|         43|       2130|     358.0103973|        160|00:00:24|+0.23|0.42|0.7667|
|-|          4|         21|       2130|     367.9035927|        199|00:00:23|+0.02|0.21|0.9141|
|=|          6|         21|       2130|     372.7670161|        216|00:00:12|-0.00|0.16|0.9349|
|=|          8|         21|       2130|     379.7653466|        233|00:00:11|-0.01|0.13|0.9713|
|=|          1|         21|       2130|     379.2519429|        250|00:00:13|+0.02|0.15|0.9290|
|=|          9|         21|       2130|     388.6200868|        267|00:00:11|+0.01|0.12|0.9369|
|=|         12|         21|       2130|     392.5984067|        284|00:00:11|+0.02|0.12|0.9321|
|=|         13|         21|       2038|     403.2903336|        301|00:00:12|+0.03|0.11|0.9172|
|=|          3|         21|       2038|     402.8385406|        318|00:00:11|+0.00|0.09|0.9308|
|=|          2|         21|       2038|     404.5149204|        335|00:00:12|+0.01|0.09|0.9352|
|=|         11|         21|       2038|     408.3783321|        352|00:00:11|+0.01|0.08|0.9346|
|=|          7|         21|       2038|     410.1915047|        369|00:00:11|+0.01|0.08|0.9360|
|=|         15|         21|       2130|     402.6235189|        386|00:00:12|+0.01|0.07|0.9375|
|=|         17|         21|       2130|     403.7909092|        407|00:00:13|+0.02|0.08|0.9269|
+-+-----------+-----------+-----------+----------------+-----------+--------+-----+----+------+
Best-so-far configuration:        2130    mean value:      403.7909092
Description of the best-so-far configuration:
     .ID. population_size  selection populations topology migration_selection .PARENT.
2130 2130              19 tournament         192     ring            roulette     1352

# 2023-01-24 12:45:56 CET: Elite configurations (first number is the configuration ID; listed from best to worst according to the sum of ranks):
     population_size  selection populations topology migration_selection
2130              19 tournament         192     ring            roulette
2038              24 tournament         198     ring            roulette
1704               8 tournament         145     mesh                 sus
1352              19 tournament         195     ring            roulette
# 2023-01-24 12:45:56 CET: Iteration 7 of 7
# experimentsUsedSoFar: 14764
# remainingBudget: 236
# currentBudget: 236
# nbConfigurations: 16
# Markers:
     x No test is performed.
     c Configurations are discarded only due to capping.
     - The test is performed and some configurations are discarded.
     = The test is performed but no configuration is discarded.
     ! The test is performed and configurations could be discarded but elite configurations are preserved.
     . All alive configurations are elite and nothing is discarded

+-+-----------+-----------+-----------+----------------+-----------+--------+-----+----+------+
| |   Instance|      Alive|       Best|       Mean best| Exp so far|  W time|  rho|KenW|  Qvar|
+-+-----------+-----------+-----------+----------------+-----------+--------+-----+----+------+
|x|         18|         16|       2230|     354.6545763|         16|00:00:12|   NA|  NA|    NA|
|x|         11|         16|       2225|     382.5101218|         28|00:00:08|+0.37|0.69|0.5474|
|x|          4|         16|       2230|     352.4100631|         40|00:00:08|+0.17|0.45|0.7220|
|x|         16|         16|       2230|     352.1212748|         52|00:00:10|+0.27|0.45|0.6678|
|-|         10|         12|       2130|     378.3340650|         64|00:00:08|+0.03|0.22|0.8715|
|=|          6|         12|       2130|     381.4590762|         72|00:00:06|-0.02|0.15|0.9181|
|=|          5|         12|       2130|     375.0162228|         80|00:00:07|+0.04|0.18|0.8780|
|=|          3|         12|       2130|     390.1626536|         88|00:00:07|-0.01|0.12|0.9118|
|=|          2|         12|       2225|     409.1917750|         96|00:00:06|+0.01|0.12|0.8932|
|=|          1|         12|       2130|     394.1230040|        104|00:00:06|+0.02|0.11|0.8930|
|=|         14|         12|       2130|     396.9407892|        112|00:00:06|+0.01|0.10|0.9065|
|=|         17|         12|       2130|     399.0681529|        120|00:00:07|+0.02|0.10|0.8936|
|=|          8|         12|       2130|     400.8133204|        128|00:00:06|+0.00|0.08|0.9262|
|=|          7|         12|       2130|     399.7378743|        136|00:00:06|+0.01|0.08|0.9187|
|=|          9|         12|       2130|     403.9930319|        144|00:00:06|+0.02|0.08|0.9175|
|=|         15|         12|       2130|     401.3782085|        152|00:00:07|+0.04|0.10|0.9018|
|=|         13|         12|       1704|     396.4285155|        160|00:00:06|+0.05|0.10|0.8955|
|=|         12|         12|       2130|     403.5254723|        168|00:00:06|+0.03|0.08|0.9146|
|=|         19|         12|       2130|     407.2273545|        180|00:00:09|+0.01|0.07|0.9243|
+-+-----------+-----------+-----------+----------------+-----------+--------+-----+----+------+
Best-so-far configuration:        2130    mean value:      407.2273545
Description of the best-so-far configuration:
     .ID. population_size  selection populations topology migration_selection .PARENT.
2130 2130              19 tournament         192     ring            roulette     1352

# 2023-01-24 12:48:25 CET: Elite configurations (first number is the configuration ID; listed from best to worst according to the sum of ranks):
     population_size  selection populations topology migration_selection
2130              19 tournament         192     ring            roulette
2038              24 tournament         198     ring            roulette
1704               8 tournament         145     mesh                 sus
1352              19 tournament         195     ring            roulette
# 2023-01-24 12:48:25 CET: Iteration 8 of 8
# experimentsUsedSoFar: 14944
# remainingBudget: 56
# currentBudget: 56
# nbConfigurations: 6
# Markers:
     x No test is performed.
     c Configurations are discarded only due to capping.
     - The test is performed and some configurations are discarded.
     = The test is performed but no configuration is discarded.
     ! The test is performed and configurations could be discarded but elite configurations are preserved.
     . All alive configurations are elite and nothing is discarded

+-+-----------+-----------+-----------+----------------+-----------+--------+-----+----+------+
| |   Instance|      Alive|       Best|       Mean best| Exp so far|  W time|  rho|KenW|  Qvar|
+-+-----------+-----------+-----------+----------------+-----------+--------+-----+----+------+
|x|         20|          6|       2233|     333.7691627|          6|00:00:05|   NA|  NA|    NA|
|x|         12|          6|       2233|     347.3350530|          8|00:00:02|+0.49|0.74|0.3420|
|x|         15|          6|       2233|     375.0423635|         10|00:00:02|-0.09|0.28|1.0268|
|x|         17|          6|       2233|     381.2957410|         12|00:00:02|-0.14|0.14|0.9522|
|=|         13|          6|       2233|     394.4508233|         14|00:00:02|-0.21|0.03|1.0161|
|=|          7|          6|       2233|     378.2892055|         16|00:00:02|-0.13|0.06|0.9422|
|=|         16|          6|       2233|     382.1473643|         18|00:00:02|-0.12|0.04|0.9274|
|=|          2|          6|       2233|     383.2903263|         20|00:00:02|-0.07|0.07|0.8968|
|=|         11|          6|       2233|     389.2480198|         22|00:00:02|-0.07|0.05|0.8839|
|=|         10|          6|       2233|     393.3429976|         24|00:00:02|-0.08|0.03|0.8997|
|=|         18|          6|       2233|     392.7166478|         26|00:00:02|-0.03|0.06|0.8670|
|=|          5|          6|       2233|     382.6924117|         28|00:00:02|+0.00|0.09|0.8393|
|=|         14|          6|       2233|     384.1398987|         30|00:00:02|+0.03|0.10|0.8270|
|=|          4|          6|       2233|     389.8589541|         32|00:00:02|+0.00|0.07|0.8461|
|=|          8|          6|       2233|     388.2876680|         34|00:00:02|+0.00|0.07|0.8491|
|=|          6|          6|       2233|     391.5922595|         36|00:00:02|-0.01|0.05|0.8587|
|=|          9|          6|       2233|     393.5504367|         38|00:00:02|-0.03|0.03|0.8657|
|=|          3|          6|       2233|     397.5941744|         40|00:00:02|-0.03|0.02|0.8698|
|=|          1|          6|       2233|     400.3643281|         42|00:00:02|-0.04|0.01|0.8719|
|=|         19|          6|       2233|     403.3378147|         44|00:00:02|-0.03|0.02|0.8684|
|=|         21|          6|       2233|     405.9980072|         50|00:00:05|-0.04|0.01|0.8712|
+-+-----------+-----------+-----------+----------------+-----------+--------+-----+----+------+
Best-so-far configuration:        2233    mean value:      405.9980072
Description of the best-so-far configuration:
     .ID. population_size  selection populations topology migration_selection .PARENT.
2233 2233              19 tournament         188     ring            roulette     2130

# 2023-01-24 12:49:29 CET: Elite configurations (first number is the configuration ID; listed from best to worst according to the sum of ranks):
     population_size  selection populations topology migration_selection
2233              19 tournament         188     ring            roulette
2234              19 tournament         187     ring            roulette
1352              19 tournament         195     ring            roulette
2130              19 tournament         192     ring            roulette
# 2023-01-24 12:49:29 CET: Stopped because there is not enough budget left to race more than the minimum (4)
# You may either increase the budget or set 'minNbSurvival' to a lower value
# Iteration: 9
# nbIterations: 9
# experimentsUsedSoFar: 14994
# timeUsed: 0
# remainingBudget: 6
# currentBudget: 6
# number of elites: 4
# nbConfigurations: 4
# Total CPU user time: 27846.84, CPU sys time: 1888.274, Wall-clock time: 8037.365
# Best configurations (first number is the configuration ID; listed from best to worst according to the sum of ranks):
     population_size  selection populations topology migration_selection
2233              19 tournament         188     ring            roulette
2234              19 tournament         187     ring            roulette
1352              19 tournament         195     ring            roulette
2130              19 tournament         192     ring            roulette
# Best configurations as commandlines (first number is the configuration ID; same order as above):
2233  --population-size 19 --selection tournament --populations 188 --topology ring --migration-selection roulette
2234  --population-size 19 --selection tournament --populations 187 --topology ring --migration-selection roulette
1352  --population-size 19 --selection tournament --populations 195 --topology ring --migration-selection roulette
2130  --population-size 19 --selection tournament --populations 192 --topology ring --migration-selection roulette


# Testing of elite configurations: 1 
# Testing iteration configurations: FALSE 
# 2023-01-24 12:49:29 CET: No test instances, skip testing
