#------------------------------------------------------------------------------
# irace: An implementation in R of (Elitist) Iterated Racing
# Version: 3.5.6863679
# Copyright (C) 2010-2020
# Manuel Lopez-Ibanez     <manuel.lopez-ibanez@manchester.ac.uk>
# Jeremie Dubois-Lacoste  
# Leslie Perez Caceres    <leslie.perez.caceres@ulb.ac.be>
#
# This is free software, and you are welcome to redistribute it under certain
# conditions.  See the GNU General Public License for details. There is NO
# WARRANTY; not even for MERCHANTABILITY or FITNESS FOR A PARTICULAR PURPOSE.
#
# irace builds upon previous code from the race package:
#     race: Racing methods for the selection of the best
#     Copyright (C) 2003 Mauro Birattari
#------------------------------------------------------------------------------
# installed at: /net/people/plgrid/plgfkatul/R/irace
# called with: --exec-dir=target-runner-19 --seed 1234585
== irace == WARNING: A default scenario file '/net/people/plgrid/plgfkatul/repos/computational-intelligence/tuning/scenario.txt' has been found and will be read.
# 2023-01-25 00:48:04 CET: Initialization
# Elitist race
# Elitist new instances: 1
# Elitist limit: 2
# nbIterations: 4
# minNbSurvival: 4
# nbParameters: 5
# seed: 1234585
# confidence level: 0.95
# budget: 15000
# mu: 5
# deterministic: FALSE

# 2023-01-25 00:48:04 CET: Iteration 1 of 4
# experimentsUsedSoFar: 0
# remainingBudget: 15000
# currentBudget: 3750
# nbConfigurations: 625
# Markers:
     x No test is performed.
     c Configurations are discarded only due to capping.
     - The test is performed and some configurations are discarded.
     = The test is performed but no configuration is discarded.
     ! The test is performed and configurations could be discarded but elite configurations are preserved.
     . All alive configurations are elite and nothing is discarded

+-+-----------+-----------+-----------+----------------+-----------+--------+-----+----+------+
| |   Instance|      Alive|       Best|       Mean best| Exp so far|  W time|  rho|KenW|  Qvar|
+-+-----------+-----------+-----------+----------------+-----------+--------+-----+----+------+
|x|          1|        625|        462|     269.7562124|        625|00:11:52|   NA|  NA|    NA|
|x|          2|        625|        462|     300.9039827|       1250|00:11:47|+0.46|0.73|0.5641|
|x|          3|        625|        247|     358.8406307|       1875|00:11:45|+0.44|0.63|0.6063|
|x|          4|        625|        359|     376.4872409|       2500|00:11:44|+0.45|0.59|0.5992|
|-|          5|        177|        359|     375.2823049|       3125|00:11:44|-0.07|0.14|1.0469|
|=|          6|        177|        555|     362.7502972|       3302|00:03:40|-0.03|0.14|1.0205|
|=|          7|        177|        359|     386.4870021|       3479|00:03:40|-0.02|0.12|1.0163|
+-+-----------+-----------+-----------+----------------+-----------+--------+-----+----+------+
Best-so-far configuration:         359    mean value:      386.4870021
Description of the best-so-far configuration:
    .ID. archipelago_size  selection populations topology migration_selection .PARENT.
359  359               20 tournament         500     ring                 sus       NA

# 2023-01-25 01:54:19 CET: Elite configurations (first number is the configuration ID; listed from best to worst according to the sum of ranks):
    archipelago_size  selection populations        topology migration_selection
359               20 tournament         500            ring                 sus
555               10 tournament         475 fully_connected          tournament
391               60 tournament         495            ring                 sus
386               60 tournament         374            ring                 sus
# 2023-01-25 01:54:19 CET: Iteration 2 of 4
# experimentsUsedSoFar: 3479
# remainingBudget: 11521
# currentBudget: 3840
# nbConfigurations: 483
# Markers:
     x No test is performed.
     c Configurations are discarded only due to capping.
     - The test is performed and some configurations are discarded.
     = The test is performed but no configuration is discarded.
     ! The test is performed and configurations could be discarded but elite configurations are preserved.
     . All alive configurations are elite and nothing is discarded

+-+-----------+-----------+-----------+----------------+-----------+--------+-----+----+------+
| |   Instance|      Alive|       Best|       Mean best| Exp so far|  W time|  rho|KenW|  Qvar|
+-+-----------+-----------+-----------+----------------+-----------+--------+-----+----+------+
|x|          8|        483|        860|     247.6252575|        483|00:10:49|   NA|  NA|    NA|
|x|          1|        483|        555|     328.2698396|        962|00:10:44|+0.50|0.75|0.5887|
|x|          3|        483|       1051|     359.8094826|       1441|00:10:44|+0.50|0.67|0.5947|
|x|          5|        483|       1051|     352.1618362|       1920|00:10:42|+0.49|0.62|0.5895|
|-|          2|        149|        555|     354.8066878|       2399|00:10:28|-0.09|0.13|1.0664|
|=|          4|        149|        555|     359.7515161|       2544|00:03:33|-0.05|0.12|1.0375|
|=|          7|        149|        555|     369.6966136|       2689|00:03:34|-0.03|0.11|1.0214|
|=|          6|        149|        555|     373.5813654|       2834|00:03:33|-0.02|0.11|1.0128|
|=|          9|        149|        555|     380.9574390|       2983|00:03:46|-0.01|0.10|1.0112|
+-+-----------+-----------+-----------+----------------+-----------+--------+-----+----+------+
Best-so-far configuration:         555    mean value:      380.9574390
Description of the best-so-far configuration:
    .ID. archipelago_size  selection populations        topology migration_selection .PARENT.
555  555               10 tournament         475 fully_connected          tournament       NA

# 2023-01-25 03:02:19 CET: Elite configurations (first number is the configuration ID; listed from best to worst according to the sum of ranks):
    archipelago_size  selection populations        topology migration_selection
555               10 tournament         475 fully_connected          tournament
847               10 tournament         453            mesh                 sus
744                5 tournament         497            ring                 sus
960               40 tournament         490            star            roulette
# 2023-01-25 03:02:19 CET: Iteration 3 of 4
# experimentsUsedSoFar: 6462
# remainingBudget: 8538
# currentBudget: 4269
# nbConfigurations: 430
# Markers:
     x No test is performed.
     c Configurations are discarded only due to capping.
     - The test is performed and some configurations are discarded.
     = The test is performed but no configuration is discarded.
     ! The test is performed and configurations could be discarded but elite configurations are preserved.
     . All alive configurations are elite and nothing is discarded

+-+-----------+-----------+-----------+----------------+-----------+--------+-----+----+------+
| |   Instance|      Alive|       Best|       Mean best| Exp so far|  W time|  rho|KenW|  Qvar|
+-+-----------+-----------+-----------+----------------+-----------+--------+-----+----+------+
|x|         10|        430|       1115|     252.9979951|        430|00:08:59|   NA|  NA|    NA|
|x|          1|        430|       1454|     361.5775214|        856|00:08:54|+0.45|0.73|0.6958|
|x|          8|        430|       1474|     360.4155966|       1282|00:08:55|+0.44|0.63|0.7007|
|x|          9|        430|       1421|     386.4972354|       1708|00:08:54|+0.44|0.58|0.6873|
|-|          6|        180|       1269|     384.8334193|       2134|00:08:57|-0.13|0.10|1.1140|
|=|          7|        180|       1269|     372.0798293|       2310|00:03:57|-0.09|0.09|1.0732|
|=|          4|        180|        744|     379.5080092|       2486|00:03:58|-0.06|0.09|1.0512|
|=|          2|        180|        744|     384.2166854|       2662|00:03:59|-0.04|0.09|1.0333|
|=|          5|        180|        744|     381.7460007|       2838|00:03:58|-0.03|0.09|1.0201|
|=|          3|        180|        744|     390.6814137|       3014|00:03:59|-0.02|0.08|1.0143|
|=|         11|        180|       1504|     395.1126840|       3194|00:04:04|-0.01|0.08|1.0058|
+-+-----------+-----------+-----------+----------------+-----------+--------+-----+----+------+
Best-so-far configuration:        1504    mean value:      395.1126840
Description of the best-so-far configuration:
     .ID. archipelago_size  selection populations topology migration_selection .PARENT.
1504 1504                5 tournament         496     mesh          tournament      555

# 2023-01-25 04:10:59 CET: Elite configurations (first number is the configuration ID; listed from best to worst according to the sum of ranks):
     archipelago_size  selection populations topology migration_selection
1504                5 tournament         496     mesh          tournament
1474               10 tournament         486     mesh          tournament
1269               20 tournament         500     star                 sus
744                 5 tournament         497     ring                 sus
# 2023-01-25 04:11:00 CET: Iteration 4 of 4
# experimentsUsedSoFar: 9656
# remainingBudget: 5344
# currentBudget: 5344
# nbConfigurations: 449
# Markers:
     x No test is performed.
     c Configurations are discarded only due to capping.
     - The test is performed and some configurations are discarded.
     = The test is performed but no configuration is discarded.
     ! The test is performed and configurations could be discarded but elite configurations are preserved.
     . All alive configurations are elite and nothing is discarded

+-+-----------+-----------+-----------+----------------+-----------+--------+-----+----+------+
| |   Instance|      Alive|       Best|       Mean best| Exp so far|  W time|  rho|KenW|  Qvar|
+-+-----------+-----------+-----------+----------------+-----------+--------+-----+----+------+
|x|         12|        449|       1564|     285.6325949|        449|00:09:05|   NA|  NA|    NA|
|x|          6|        449|       1678|     341.5668571|        894|00:08:59|+0.42|0.71|0.6978|
|x|          9|        449|       1678|     363.1719777|       1339|00:09:00|+0.39|0.60|0.6990|
|x|         10|        449|       1269|     370.0520935|       1784|00:09:01|+0.41|0.56|0.6837|
|-|          2|        147|       1564|     360.1064337|       2229|00:09:02|-0.12|0.10|1.1054|
|=|          7|        147|       1269|     377.4950287|       2372|00:03:14|-0.08|0.10|1.0715|
|=|          4|        147|       1537|     382.4264362|       2515|00:03:17|-0.06|0.09|1.0459|
|=|          1|        147|        744|     380.6879639|       2658|00:03:15|-0.04|0.09|1.0262|
|=|          5|        147|        744|     378.6093594|       2801|00:03:16|-0.02|0.09|1.0124|
|=|         11|        147|        744|     387.4404462|       2944|00:03:16|-0.02|0.08|1.0104|
|=|          8|        147|       1504|     393.4688437|       3087|00:03:16|-0.02|0.07|1.0108|
|=|          3|        147|       1817|     387.4616892|       3230|00:03:15|-0.02|0.07|1.0046|
|=|         13|        147|       1269|     395.4946073|       3377|00:03:22|-0.01|0.06|1.0029|
+-+-----------+-----------+-----------+----------------+-----------+--------+-----+----+------+
Best-so-far configuration:        1269    mean value:      395.4946073
Description of the best-so-far configuration:
     .ID. archipelago_size  selection populations topology migration_selection .PARENT.
1269 1269               20 tournament         500     star                 sus      847

# 2023-01-25 05:22:25 CET: Elite configurations (first number is the configuration ID; listed from best to worst according to the sum of ranks):
     archipelago_size  selection populations topology migration_selection
1269               20 tournament         500     star                 sus
1504                5 tournament         496     mesh          tournament
1817                3 tournament         477     mesh          tournament
1908                5 tournament         477     star          tournament
# 2023-01-25 05:22:25 CET: Iteration 5 of 5
# experimentsUsedSoFar: 13033
# remainingBudget: 1967
# currentBudget: 1967
# nbConfigurations: 144
# Markers:
     x No test is performed.
     c Configurations are discarded only due to capping.
     - The test is performed and some configurations are discarded.
     = The test is performed but no configuration is discarded.
     ! The test is performed and configurations could be discarded but elite configurations are preserved.
     . All alive configurations are elite and nothing is discarded

+-+-----------+-----------+-----------+----------------+-----------+--------+-----+----+------+
| |   Instance|      Alive|       Best|       Mean best| Exp so far|  W time|  rho|KenW|  Qvar|
+-+-----------+-----------+-----------+----------------+-----------+--------+-----+----+------+
|x|         14|        144|       2079|     266.0990408|        144|00:03:10|   NA|  NA|    NA|
|x|          5|        144|       2038|     379.4276502|        284|00:03:05|+0.42|0.71|0.7257|
|x|         12|        144|       1996|     381.1627711|        424|00:03:06|+0.41|0.61|0.6963|
|x|         10|        144|       1996|     371.8431932|        564|00:03:04|+0.41|0.55|0.7107|
|-|          9|         49|       1996|     377.7368785|        704|00:03:05|-0.13|0.10|1.0911|
|=|          6|         49|       2109|     381.2776337|        749|00:01:04|-0.07|0.11|1.0462|
|=|         11|         49|       1996|     387.4461401|        794|00:01:05|-0.04|0.11|1.0223|
|=|          4|         49|       1996|     390.1974544|        839|00:01:04|-0.02|0.11|1.0016|
|=|          3|         49|       2088|     390.0463083|        884|00:01:04|-0.02|0.09|1.0018|
|=|         13|         49|       1908|     394.9685510|        929|00:01:04|-0.02|0.09|0.9990|
|=|          7|         49|       1269|     388.2210747|        974|00:01:03|-0.02|0.08|0.9940|
|=|          1|         49|       2088|     392.2668415|       1019|00:01:04|-0.00|0.08|0.9839|
|=|          2|         49|       1908|     404.0425329|       1064|00:01:04|-0.01|0.07|0.9860|
|=|          8|         49|       1908|     401.1622636|       1109|00:01:04|-0.00|0.07|0.9846|
|=|         15|         49|       2088|     399.5176135|       1158|00:01:11|-0.01|0.06|0.9866|
+-+-----------+-----------+-----------+----------------+-----------+--------+-----+----+------+
Best-so-far configuration:        2088    mean value:      399.5176135
Description of the best-so-far configuration:
     .ID. archipelago_size  selection populations topology migration_selection .PARENT.
2088 2088                2 tournament         495     mesh                 sus     1504

# 2023-01-25 05:48:50 CET: Elite configurations (first number is the configuration ID; listed from best to worst according to the sum of ranks):
     archipelago_size  selection populations topology migration_selection
2088                2 tournament         495     mesh                 sus
1908                5 tournament         477     star          tournament
1269               20 tournament         500     star                 sus
2082               40 tournament         478     star                 sus
# 2023-01-25 05:48:50 CET: Iteration 6 of 6
# experimentsUsedSoFar: 14191
# remainingBudget: 809
# currentBudget: 809
# nbConfigurations: 54
# Markers:
     x No test is performed.
     c Configurations are discarded only due to capping.
     - The test is performed and some configurations are discarded.
     = The test is performed but no configuration is discarded.
     ! The test is performed and configurations could be discarded but elite configurations are preserved.
     . All alive configurations are elite and nothing is discarded

+-+-----------+-----------+-----------+----------------+-----------+--------+-----+----+------+
| |   Instance|      Alive|       Best|       Mean best| Exp so far|  W time|  rho|KenW|  Qvar|
+-+-----------+-----------+-----------+----------------+-----------+--------+-----+----+------+
|x|         16|         54|       2131|     347.3311099|         54|00:01:17|   NA|  NA|    NA|
|x|          2|         54|       2139|     384.1002479|        104|00:01:10|+0.11|0.56|0.9226|
|x|          9|         54|       2153|     363.8108529|        154|00:01:10|+0.20|0.47|0.8271|
|x|         12|         54|       2142|     382.5127576|        204|00:01:11|+0.25|0.44|0.7611|
|-|          3|         31|       2142|     385.6606745|        254|00:01:10|-0.11|0.12|1.0426|
|=|         15|         31|       2142|     396.8214482|        281|00:00:38|-0.10|0.08|1.0492|
|=|          1|         31|       1269|     392.7564184|        308|00:00:40|-0.07|0.08|1.0254|
|=|         13|         31|       1269|     394.6215451|        335|00:00:38|-0.06|0.07|1.0177|
|=|          4|         31|       1269|     402.1506247|        362|00:00:38|-0.05|0.07|1.0042|
|=|         11|         31|       1269|     400.5512886|        389|00:00:39|-0.03|0.07|1.0006|
|=|          5|         31|       1269|     403.8049979|        416|00:00:39|-0.03|0.06|1.0018|
|=|         14|         31|       1908|     397.2847418|        443|00:00:40|-0.02|0.06|0.9941|
|=|          6|         31|       2088|     401.9267705|        470|00:00:40|-0.02|0.06|0.9888|
|=|          7|         31|       2088|     401.9225376|        497|00:00:38|-0.03|0.04|0.9943|
|=|         10|         31|       1269|     397.4069456|        524|00:00:39|-0.02|0.05|0.9887|
|=|          8|         31|       2088|     400.1085953|        551|00:00:39|-0.01|0.05|0.9823|
|=|         17|         31|       2088|     399.4815298|        582|00:00:45|-0.01|0.05|0.9753|
+-+-----------+-----------+-----------+----------------+-----------+--------+-----+----+------+
Best-so-far configuration:        2088    mean value:      399.4815298
Description of the best-so-far configuration:
     .ID. archipelago_size  selection populations topology migration_selection .PARENT.
2088 2088                2 tournament         495     mesh                 sus     1504

# 2023-01-25 06:02:52 CET: Elite configurations (first number is the configuration ID; listed from best to worst according to the sum of ranks):
     archipelago_size  selection populations topology migration_selection
2088                2 tournament         495     mesh                 sus
1269               20 tournament         500     star                 sus
2082               40 tournament         478     star                 sus
1908                5 tournament         477     star          tournament
# 2023-01-25 06:02:52 CET: Iteration 7 of 7
# experimentsUsedSoFar: 14773
# remainingBudget: 227
# currentBudget: 227
# nbConfigurations: 16
# Markers:
     x No test is performed.
     c Configurations are discarded only due to capping.
     - The test is performed and some configurations are discarded.
     = The test is performed but no configuration is discarded.
     ! The test is performed and configurations could be discarded but elite configurations are preserved.
     . All alive configurations are elite and nothing is discarded

+-+-----------+-----------+-----------+----------------+-----------+--------+-----+----+------+
| |   Instance|      Alive|       Best|       Mean best| Exp so far|  W time|  rho|KenW|  Qvar|
+-+-----------+-----------+-----------+----------------+-----------+--------+-----+----+------+
|x|         18|         16|       2088|     355.0529764|         16|00:00:26|   NA|  NA|    NA|
|x|          7|         16|       2088|     378.4602436|         28|00:00:20|+0.16|0.58|0.9704|
|x|         16|         16|       2088|     388.6312702|         40|00:00:19|+0.35|0.56|0.6750|
|x|         14|         16|       2088|     383.6360538|         52|00:00:20|+0.15|0.36|0.8146|
|=|          1|         16|       2088|     372.7278900|         64|00:00:20|+0.07|0.26|0.8586|
|=|          5|         16|       2088|     377.4460836|         76|00:00:19|+0.05|0.21|0.8791|
|=|         12|         16|       2088|     381.0358039|         88|00:00:19|+0.03|0.17|0.9103|
|=|         17|         16|       2088|     382.0873886|        100|00:00:20|+0.07|0.19|0.8700|
|=|         15|         16|       2088|     385.1128783|        112|00:00:19|+0.03|0.14|0.8922|
|=|          3|         16|       2088|     387.7964398|        124|00:00:19|+0.03|0.13|0.8854|
|=|         11|         16|       2088|     385.1775296|        136|00:00:19|+0.06|0.15|0.8606|
|-|          4|          4|       2088|     382.8321478|        148|00:00:18|+0.05|0.12|0.6904|
|.|          6|          4|       2088|     384.1892826|        148|00:00:00|+0.08|0.15|0.6690|
|.|          8|          4|       2088|     385.1369084|        148|00:00:00|+0.04|0.11|0.6997|
|.|          9|          4|       2088|     388.2840792|        148|00:00:00|+0.02|0.09|0.7269|
|.|          2|          4|       2088|     393.9406532|        148|00:00:00|-0.01|0.05|0.7549|
|.|         10|          4|       2088|     392.9656709|        148|00:00:00|+0.00|0.06|0.7416|
|.|         13|          4|       2088|     397.0132768|        148|00:00:00|-0.02|0.04|0.7618|
+-+-----------+-----------+-----------+----------------+-----------+--------+-----+----+------+
Best-so-far configuration:        2088    mean value:      397.0132768
Description of the best-so-far configuration:
     .ID. archipelago_size  selection populations topology migration_selection .PARENT.
2088 2088                2 tournament         495     mesh                 sus     1504

# 2023-01-25 06:06:54 CET: Elite configurations (first number is the configuration ID; listed from best to worst according to the sum of ranks):
     archipelago_size  selection populations topology migration_selection
2088                2 tournament         495     mesh                 sus
1269               20 tournament         500     star                 sus
1908                5 tournament         477     star          tournament
2082               40 tournament         478     star                 sus
# 2023-01-25 06:06:54 CET: Iteration 8 of 8
# experimentsUsedSoFar: 14921
# remainingBudget: 79
# currentBudget: 79
# nbConfigurations: 7
# Markers:
     x No test is performed.
     c Configurations are discarded only due to capping.
     - The test is performed and some configurations are discarded.
     = The test is performed but no configuration is discarded.
     ! The test is performed and configurations could be discarded but elite configurations are preserved.
     . All alive configurations are elite and nothing is discarded

+-+-----------+-----------+-----------+----------------+-----------+--------+-----+----+------+
| |   Instance|      Alive|       Best|       Mean best| Exp so far|  W time|  rho|KenW|  Qvar|
+-+-----------+-----------+-----------+----------------+-----------+--------+-----+----+------+
|x|         19|          7|       2180|     392.9741229|          7|00:00:13|   NA|  NA|    NA|
|x|          1|          7|       2088|     384.8586220|         10|00:00:06|-0.25|0.38|1.0305|
|x|         13|          7|       1908|     393.8712108|         13|00:00:06|-0.17|0.22|1.0447|
|x|         18|          7|       2088|     397.6481995|         16|00:00:06|-0.20|0.10|0.9605|
|=|         11|          7|       2088|     389.9162451|         19|00:00:06|-0.05|0.16|0.7978|
|=|          4|          7|       2088|     384.4356956|         22|00:00:06|-0.03|0.14|0.8075|
|=|          6|          7|       2088|     386.7270104|         25|00:00:06|-0.03|0.12|0.8252|
|=|          7|          7|       2088|     388.6195730|         28|00:00:06|+0.00|0.13|0.8203|
|=|         14|          7|       2088|     386.4007765|         31|00:00:06|-0.01|0.10|0.8512|
|=|          8|          7|       2088|     387.5063033|         34|00:00:06|+0.00|0.10|0.8388|
|=|          2|          7|       2088|     395.8047542|         37|00:00:06|-0.04|0.05|0.8815|
|=|          9|          7|       2088|     398.8497306|         40|00:00:06|-0.02|0.06|0.8676|
|=|         17|          7|       2088|     398.1265575|         43|00:00:06|-0.01|0.07|0.8433|
|=|         15|          7|       2088|     398.9258603|         46|00:00:06|+0.01|0.08|0.8257|
|=|         12|          7|       2088|     399.1690780|         49|00:00:06|+0.02|0.08|0.8256|
|=|         16|          7|       2088|     399.7818433|         52|00:00:06|+0.04|0.10|0.8155|
|=|          3|          7|       2088|     400.4975286|         55|00:00:06|+0.02|0.07|0.8330|
|=|          5|          7|       2088|     400.5275021|         58|00:00:06|+0.02|0.08|0.8270|
|=|         10|          7|       2088|     399.3084733|         61|00:00:06|+0.04|0.09|0.8099|
|=|         20|          7|       1269|     402.0570056|         68|00:00:12|+0.04|0.09|0.8154|
+-+-----------+-----------+-----------+----------------+-----------+--------+-----+----+------+
Best-so-far configuration:        1269    mean value:      402.0570056
Description of the best-so-far configuration:
     .ID. archipelago_size  selection populations topology migration_selection .PARENT.
1269 1269               20 tournament         500     star                 sus      847

# 2023-01-25 06:09:21 CET: Elite configurations (first number is the configuration ID; listed from best to worst according to the sum of ranks):
     archipelago_size  selection populations topology migration_selection
1269               20 tournament         500     star                 sus
2088                2 tournament         495     mesh                 sus
2082               40 tournament         478     star                 sus
1908                5 tournament         477     star          tournament
# 2023-01-25 06:09:21 CET: Stopped because there is not enough budget left to race more than the minimum (4)
# You may either increase the budget or set 'minNbSurvival' to a lower value
# Iteration: 9
# nbIterations: 9
# experimentsUsedSoFar: 14989
# timeUsed: 0
# remainingBudget: 11
# currentBudget: 11
# number of elites: 4
# nbConfigurations: 4
# Total CPU user time: 72129.29, CPU sys time: 2097.248, Wall-clock time: 19277.02
# Best configurations (first number is the configuration ID; listed from best to worst according to the sum of ranks):
     archipelago_size  selection populations topology migration_selection
1269               20 tournament         500     star                 sus
2088                2 tournament         495     mesh                 sus
2082               40 tournament         478     star                 sus
1908                5 tournament         477     star          tournament
# Best configurations as commandlines (first number is the configuration ID; same order as above):
1269  --archipelago-size 20 --selection tournament --populations 500 --topology star --migration-selection sus
2088  --archipelago-size 2 --selection tournament --populations 495 --topology mesh --migration-selection sus
2082  --archipelago-size 40 --selection tournament --populations 478 --topology star --migration-selection sus
1908  --archipelago-size 5 --selection tournament --populations 477 --topology star --migration-selection tournament


# Testing of elite configurations: 1 
# Testing iteration configurations: FALSE 
# 2023-01-25 06:09:21 CET: No test instances, skip testing
