#------------------------------------------------------------------------------
# irace: An implementation in R of (Elitist) Iterated Racing
# Version: 3.5.6863679
# Copyright (C) 2010-2020
# Manuel Lopez-Ibanez     <manuel.lopez-ibanez@manchester.ac.uk>
# Jeremie Dubois-Lacoste  
# Leslie Perez Caceres    <leslie.perez.caceres@ulb.ac.be>
#
# This is free software, and you are welcome to redistribute it under certain
# conditions.  See the GNU General Public License for details. There is NO
# WARRANTY; not even for MERCHANTABILITY or FITNESS FOR A PARTICULAR PURPOSE.
#
# irace builds upon previous code from the race package:
#     race: Racing methods for the selection of the best
#     Copyright (C) 2003 Mauro Birattari
#------------------------------------------------------------------------------
# installed at: /net/people/plgrid/plgfkatul/R/irace
# called with: --exec-dir=target-runner-03 --seed 1234569
== irace == WARNING: A default scenario file '/net/people/plgrid/plgfkatul/computational-intelligence/tuning/scenario.txt' has been found and will be read.
# 2023-01-24 21:36:14 CET: Initialization
# Elitist race
# Elitist new instances: 1
# Elitist limit: 2
# nbIterations: 4
# minNbSurvival: 4
# nbParameters: 5
# seed: 1234569
# confidence level: 0.95
# budget: 15000
# mu: 5
# deterministic: FALSE

# 2023-01-24 21:36:14 CET: Iteration 1 of 4
# experimentsUsedSoFar: 0
# remainingBudget: 15000
# currentBudget: 3750
# nbConfigurations: 625
# Markers:
     x No test is performed.
     c Configurations are discarded only due to capping.
     - The test is performed and some configurations are discarded.
     = The test is performed but no configuration is discarded.
     ! The test is performed and configurations could be discarded but elite configurations are preserved.
     . All alive configurations are elite and nothing is discarded

+-+-----------+-----------+-----------+----------------+-----------+--------+-----+----+------+
| |   Instance|      Alive|       Best|       Mean best| Exp so far|  W time|  rho|KenW|  Qvar|
+-+-----------+-----------+-----------+----------------+-----------+--------+-----+----+------+
|x|          1|        625|        126|     108.6694343|        625|00:15:06|   NA|  NA|    NA|
|x|          2|        625|        105|     289.8316961|       1250|00:15:29|+0.50|0.75|0.6742|
|x|          3|        625|        455|     309.6266835|       1875|00:15:43|+0.51|0.67|0.6844|
|x|          4|        625|        470|     376.6528373|       2500|00:16:01|+0.47|0.60|0.7212|
|-|          5|        150|        470|     370.2403980|       3125|00:16:48|+0.13|0.31|0.9015|
|-|          6|         78|        470|     375.0391204|       3275|00:05:35|-0.12|0.07|1.0561|
|=|          7|         78|        470|     366.7793150|       3353|00:04:01|-0.09|0.07|1.0444|
|=|          8|         78|        470|     380.6474470|       3431|00:03:57|-0.07|0.07|1.0445|
+-+-----------+-----------+-----------+----------------+-----------+--------+-----+----+------+
Best-so-far configuration:         470    mean value:      380.6474470
Description of the best-so-far configuration:
    .ID. population_size  selection populations topology migration_selection .PARENT.
470  470              15 tournament         497     ring            roulette       NA

# 2023-01-24 23:08:59 CET: Elite configurations (first number is the configuration ID; listed from best to worst according to the sum of ranks):
    population_size  selection populations        topology migration_selection
470              15 tournament         497            ring            roulette
55               80 tournament         451            star          tournament
483              15 tournament         488 fully_connected            roulette
107              60 tournament         478 fully_connected                 sus
# 2023-01-24 23:08:59 CET: Iteration 2 of 4
# experimentsUsedSoFar: 3431
# remainingBudget: 11569
# currentBudget: 3856
# nbConfigurations: 432
# Markers:
     x No test is performed.
     c Configurations are discarded only due to capping.
     - The test is performed and some configurations are discarded.
     = The test is performed but no configuration is discarded.
     ! The test is performed and configurations could be discarded but elite configurations are preserved.
     . All alive configurations are elite and nothing is discarded

+-+-----------+-----------+-----------+----------------+-----------+--------+-----+----+------+
| |   Instance|      Alive|       Best|       Mean best| Exp so far|  W time|  rho|KenW|  Qvar|
+-+-----------+-----------+-----------+----------------+-----------+--------+-----+----+------+
|x|          9|        432|        944|     257.0763528|        432|00:18:08|   NA|  NA|    NA|
|x|          8|        432|        741|     366.0900307|        860|00:18:01|+0.62|0.81|0.4741|
|x|          4|        432|        896|     368.6654874|       1288|00:17:08|+0.60|0.73|0.5025|
|x|          6|        432|       1008|     385.7230641|       1716|00:16:40|+0.59|0.69|0.5143|
|-|          7|        155|        925|     379.7361554|       2144|00:16:44|-0.06|0.15|1.0834|
|=|          1|        155|        925|     381.9557065|       2295|00:08:19|-0.06|0.12|1.0670|
|=|          5|        155|        741|     401.2055916|       2446|00:08:43|-0.04|0.10|1.0441|
|=|          2|        155|        925|     393.2923541|       2597|00:08:44|-0.03|0.10|1.0259|
|=|          3|        155|        969|     376.2762144|       2748|00:08:57|-0.01|0.11|0.9975|
|=|         10|        155|        925|     391.1205120|       2903|00:08:58|+0.01|0.11|0.9842|
+-+-----------+-----------+-----------+----------------+-----------+--------+-----+----+------+
Best-so-far configuration:         925    mean value:      391.1205120
Description of the best-so-far configuration:
    .ID. population_size  selection populations        topology migration_selection .PARENT.
925  925              15 tournament         468 fully_connected            roulette      470

# 2023-01-25 01:19:25 CET: Elite configurations (first number is the configuration ID; listed from best to worst according to the sum of ranks):
    population_size  selection populations        topology migration_selection
925              15 tournament         468 fully_connected            roulette
969              10 tournament         424            ring          tournament
107              60 tournament         478 fully_connected                 sus
846              20 tournament         488            ring            roulette
# 2023-01-25 01:19:25 CET: Iteration 3 of 4
# experimentsUsedSoFar: 6334
# remainingBudget: 8666
# currentBudget: 4333
# nbConfigurations: 397
# Markers:
     x No test is performed.
     c Configurations are discarded only due to capping.
     - The test is performed and some configurations are discarded.
     = The test is performed but no configuration is discarded.
     ! The test is performed and configurations could be discarded but elite configurations are preserved.
     . All alive configurations are elite and nothing is discarded

+-+-----------+-----------+-----------+----------------+-----------+--------+-----+----+------+
| |   Instance|      Alive|       Best|       Mean best| Exp so far|  W time|  rho|KenW|  Qvar|
+-+-----------+-----------+-----------+----------------+-----------+--------+-----+----+------+
|x|         11|        397|       1344|     70.16951548|        397|00:12:05|   NA|  NA|    NA|
|x|         10|        397|       1344|     208.6356142|        790|00:11:53|+0.47|0.74|0.6310|
|x|          8|        397|       1427|     353.6028424|       1183|00:12:05|+0.45|0.63|0.6954|
|x|          5|        397|       1427|     346.3507971|       1576|00:12:18|+0.44|0.58|0.7085|
|-|          4|        141|       1427|     361.2949777|       1969|00:12:36|-0.14|0.09|1.1106|
|=|          1|        141|       1427|     350.7625947|       2106|00:05:49|-0.09|0.09|1.0638|
|=|          2|        141|       1427|     364.1358662|       2243|00:05:44|-0.06|0.09|1.0466|
|=|          3|        141|       1371|     391.7707856|       2380|00:05:49|-0.04|0.09|1.0279|
|=|          7|        141|       1372|     376.4260867|       2517|00:05:46|-0.04|0.08|1.0231|
|=|          9|        141|       1372|     381.0944732|       2654|00:05:45|-0.02|0.08|1.0087|
|=|          6|        141|       1372|     385.6392305|       2791|00:05:29|-0.01|0.08|1.0065|
|=|         12|        141|       1372|     391.6388063|       2932|00:05:55|-0.01|0.07|1.0041|
+-+-----------+-----------+-----------+----------------+-----------+--------+-----+----+------+
Best-so-far configuration:        1372    mean value:      391.6388063
Description of the best-so-far configuration:
     .ID. population_size  selection populations topology migration_selection .PARENT.
1372 1372              15 tournament         431     star                 sus      925

# 2023-01-25 03:00:47 CET: Elite configurations (first number is the configuration ID; listed from best to worst according to the sum of ranks):
     population_size  selection populations        topology migration_selection
1372              15 tournament         431            star                 sus
1315              80 tournament         494            ring                 sus
925               15 tournament         468 fully_connected            roulette
969               10 tournament         424            ring          tournament
# 2023-01-25 03:00:47 CET: Iteration 4 of 4
# experimentsUsedSoFar: 9266
# remainingBudget: 5734
# currentBudget: 5734
# nbConfigurations: 444
# Markers:
     x No test is performed.
     c Configurations are discarded only due to capping.
     - The test is performed and some configurations are discarded.
     = The test is performed but no configuration is discarded.
     ! The test is performed and configurations could be discarded but elite configurations are preserved.
     . All alive configurations are elite and nothing is discarded

+-+-----------+-----------+-----------+----------------+-----------+--------+-----+----+------+
| |   Instance|      Alive|       Best|       Mean best| Exp so far|  W time|  rho|KenW|  Qvar|
+-+-----------+-----------+-----------+----------------+-----------+--------+-----+----+------+
|x|         13|        444|       1551|     270.7480341|        444|00:21:35|   NA|  NA|    NA|
|x|          5|        444|       1545|     336.9810674|        884|00:20:42|+0.44|0.72|0.7016|
|x|          1|        444|        969|     344.1005799|       1324|00:19:54|+0.41|0.61|0.7021|
|x|          6|        444|        969|     358.4337632|       1764|00:19:58|+0.41|0.56|0.7076|
|-|          2|        127|        969|     357.2792633|       2204|00:19:50|-0.11|0.11|1.0769|
|=|         11|        127|        969|     362.0885749|       2327|00:07:37|-0.07|0.11|1.0438|
|=|          3|        127|        969|     356.0615839|       2450|00:07:42|-0.05|0.10|1.0282|
|=|         12|        127|        969|     366.8801528|       2573|00:07:31|-0.04|0.09|1.0212|
|=|          7|        127|        969|     370.2866830|       2696|00:07:38|-0.02|0.09|1.0017|
|=|          9|        127|        969|     366.6163189|       2819|00:07:23|-0.02|0.08|0.9946|
|=|          4|        127|        969|     374.2654564|       2942|00:07:46|-0.01|0.08|0.9869|
|=|         10|        127|        969|     380.9311304|       3065|00:07:38|-0.01|0.08|0.9847|
|=|          8|        127|       1372|     391.8006740|       3188|00:07:48|-0.00|0.07|0.9853|
|=|         14|        127|       1455|     398.1463032|       3315|00:08:01|-0.00|0.07|0.9886|
+-+-----------+-----------+-----------+----------------+-----------+--------+-----+----+------+
Best-so-far configuration:        1455    mean value:      398.1463032
Description of the best-so-far configuration:
     .ID. population_size  selection populations        topology migration_selection .PARENT.
1455 1455              20 tournament         460 fully_connected            roulette      925

# 2023-01-25 05:51:58 CET: Elite configurations (first number is the configuration ID; listed from best to worst according to the sum of ranks):
     population_size  selection populations        topology migration_selection
1455              20 tournament         460 fully_connected            roulette
925               15 tournament         468 fully_connected            roulette
1372              15 tournament         431            star                 sus
1782              20 tournament         398 fully_connected          tournament
# 2023-01-25 05:51:58 CET: Iteration 5 of 5
# experimentsUsedSoFar: 12581
# remainingBudget: 2419
# currentBudget: 2419
# nbConfigurations: 165
# Markers:
     x No test is performed.
     c Configurations are discarded only due to capping.
     - The test is performed and some configurations are discarded.
     = The test is performed but no configuration is discarded.
     ! The test is performed and configurations could be discarded but elite configurations are preserved.
     . All alive configurations are elite and nothing is discarded

+-+-----------+-----------+-----------+----------------+-----------+--------+-----+----+------+
| |   Instance|      Alive|       Best|       Mean best| Exp so far|  W time|  rho|KenW|  Qvar|
+-+-----------+-----------+-----------+----------------+-----------+--------+-----+----+------+
|x|         15|        165|       2003|     293.2788431|        165|00:04:52|   NA|  NA|    NA|
|x|         10|        165|       2022|     357.7692122|        326|00:04:49|+0.32|0.66|0.8345|
|x|          6|        165|        925|     384.9133465|        487|00:05:02|+0.37|0.58|0.7898|
|x|          7|        165|        925|     376.2217060|        648|00:04:56|+0.37|0.53|0.7742|
|-|          5|         82|       1979|     387.0445894|        809|00:05:04|-0.09|0.13|1.0713|
|=|         12|         82|        925|     394.9529068|        887|00:03:04|-0.05|0.12|1.0364|
|=|          2|         82|       1782|     393.3728467|        965|00:02:59|-0.02|0.13|1.0027|
|=|          4|         82|       1782|     389.6350166|       1043|00:02:51|+0.01|0.13|0.9795|
|=|          8|         82|       1891|     377.4446253|       1121|00:02:52|+0.01|0.12|0.9823|
|=|         13|         82|       1782|     392.9989510|       1199|00:02:53|+0.01|0.11|0.9797|
|=|          1|         82|       1455|     383.4180830|       1277|00:03:09|+0.02|0.11|0.9657|
|-|          9|         34|       1455|     385.5565333|       1355|00:02:54|-0.04|0.05|0.9915|
|=|         11|         34|       1455|     391.1266862|       1385|00:01:14|-0.04|0.04|0.9941|
|=|         14|         34|        925|     403.6637922|       1415|00:01:14|-0.04|0.03|1.0008|
|=|          3|         34|        925|     402.9915378|       1445|00:01:13|-0.03|0.03|0.9968|
|=|         16|         34|        925|     402.3717144|       1479|00:01:21|-0.03|0.04|0.9939|
+-+-----------+-----------+-----------+----------------+-----------+--------+-----+----+------+
Best-so-far configuration:         925    mean value:      402.3717144
Description of the best-so-far configuration:
    .ID. population_size  selection populations        topology migration_selection .PARENT.
925  925              15 tournament         468 fully_connected            roulette      470

# 2023-01-25 06:42:33 CET: Elite configurations (first number is the configuration ID; listed from best to worst according to the sum of ranks):
     population_size  selection populations        topology migration_selection
925               15 tournament         468 fully_connected            roulette
1455              20 tournament         460 fully_connected            roulette
1782              20 tournament         398 fully_connected          tournament
1979              20 tournament         377 fully_connected            roulette
# 2023-01-25 06:42:33 CET: Iteration 6 of 6
# experimentsUsedSoFar: 14060
# remainingBudget: 940
# currentBudget: 940
# nbConfigurations: 59
# Markers:
     x No test is performed.
     c Configurations are discarded only due to capping.
     - The test is performed and some configurations are discarded.
     = The test is performed but no configuration is discarded.
     ! The test is performed and configurations could be discarded but elite configurations are preserved.
     . All alive configurations are elite and nothing is discarded

+-+-----------+-----------+-----------+----------------+-----------+--------+-----+----+------+
| |   Instance|      Alive|       Best|       Mean best| Exp so far|  W time|  rho|KenW|  Qvar|
+-+-----------+-----------+-----------+----------------+-----------+--------+-----+----+------+
|x|         17|         59|       2090|     302.9450408|         59|00:01:47|   NA|  NA|    NA|
|x|          9|         59|       2096|     343.5484611|        114|00:01:49|+0.42|0.71|0.6093|
|x|          5|         59|       2057|     353.0728042|        169|00:01:50|+0.25|0.50|0.7545|
|x|          3|         59|       2059|     390.4740129|        224|00:01:42|+0.22|0.42|0.7819|
|-|         14|         35|       2096|     380.3933149|        279|00:01:45|-0.07|0.15|1.0246|
|=|         12|         35|       2057|     381.6937810|        310|00:01:09|-0.05|0.13|1.0272|
|=|         16|         35|        925|     396.1716191|        341|00:01:22|-0.05|0.10|1.0205|
|=|         10|         35|        925|     393.0609557|        372|00:01:11|-0.02|0.11|0.9796|
|=|          1|         35|        925|     393.0601231|        403|00:01:16|-0.01|0.10|0.9694|
|=|          8|         35|        925|     400.4444193|        434|00:01:10|-0.02|0.09|0.9810|
|=|         11|         35|        925|     404.3608932|        465|00:01:11|-0.02|0.07|0.9888|
|=|          7|         35|        925|     399.8430508|        496|00:01:11|-0.00|0.08|0.9753|
|=|         15|         35|        925|     400.0677211|        527|00:01:07|+0.01|0.08|0.9670|
|=|          4|         35|        925|     397.6536622|        558|00:01:09|+0.01|0.08|0.9613|
|=|          2|         35|        925|     398.9894401|        589|00:01:11|+0.02|0.09|0.9475|
|=|          6|         35|        925|     397.8457227|        620|00:01:11|+0.02|0.08|0.9476|
|-|         13|         19|        925|     401.4780912|        651|00:01:12|-0.02|0.04|0.9685|
|=|         18|         19|        925|     406.3829414|        670|00:00:51|-0.03|0.03|0.9761|
|=|         19|         19|        925|     406.8478477|        689|00:00:50|-0.03|0.03|0.9758|
+-+-----------+-----------+-----------+----------------+-----------+--------+-----+----+------+
Best-so-far configuration:         925    mean value:      406.8478477
Description of the best-so-far configuration:
    .ID. population_size  selection populations        topology migration_selection .PARENT.
925  925              15 tournament         468 fully_connected            roulette      470

# 2023-01-25 07:07:37 CET: Elite configurations (first number is the configuration ID; listed from best to worst according to the sum of ranks):
     population_size  selection populations        topology migration_selection
925               15 tournament         468 fully_connected            roulette
1455              20 tournament         460 fully_connected            roulette
1782              20 tournament         398 fully_connected          tournament
1979              20 tournament         377 fully_connected            roulette
# 2023-01-25 07:07:37 CET: Iteration 7 of 7
# experimentsUsedSoFar: 14749
# remainingBudget: 251
# currentBudget: 251
# nbConfigurations: 16
# Markers:
     x No test is performed.
     c Configurations are discarded only due to capping.
     - The test is performed and some configurations are discarded.
     = The test is performed but no configuration is discarded.
     ! The test is performed and configurations could be discarded but elite configurations are preserved.
     . All alive configurations are elite and nothing is discarded

+-+-----------+-----------+-----------+----------------+-----------+--------+-----+----+------+
| |   Instance|      Alive|       Best|       Mean best| Exp so far|  W time|  rho|KenW|  Qvar|
+-+-----------+-----------+-----------+----------------+-----------+--------+-----+----+------+
|x|         20|         16|        925|     354.8902299|         16|00:00:24|   NA|  NA|    NA|
|x|         10|         16|        925|     363.0882710|         28|00:00:20|+0.12|0.56|0.6169|
|x|         14|         16|        925|     375.3475840|         40|00:00:21|+0.20|0.46|0.6542|
|x|         12|         16|        925|     388.4897764|         52|00:00:22|+0.26|0.45|0.6781|
|-|         16|          9|       1782|     388.1176021|         64|00:00:21|-0.09|0.13|0.9506|
|=|         19|          9|        925|     393.7082716|         69|00:00:12|-0.07|0.11|0.9369|
|=|         11|          9|        925|     400.8250374|         74|00:00:13|-0.03|0.11|0.9185|
|=|          3|          9|        925|     399.9194046|         79|00:00:13|-0.02|0.10|0.9291|
|=|          2|          9|        925|     401.8939520|         84|00:00:12|-0.04|0.08|0.9398|
|=|          6|          9|        925|     399.7735531|         89|00:00:13|-0.00|0.10|0.9087|
|=|          4|          9|        925|     396.7278569|         94|00:00:12|+0.04|0.13|0.8673|
|=|          9|          9|        925|     391.5563729|         99|00:00:13|+0.07|0.15|0.8429|
|=|         13|          9|        925|     396.7901893|        104|00:00:13|+0.06|0.13|0.8411|
|=|          1|          9|        925|     396.5232802|        109|00:00:13|+0.05|0.12|0.8461|
|=|         15|          9|        925|     396.9393125|        114|00:00:13|+0.04|0.10|0.8489|
|=|          5|          9|        925|     399.4377469|        119|00:00:12|+0.05|0.11|0.8409|
|=|         18|          9|        925|     404.7511380|        124|00:00:13|+0.01|0.07|0.8745|
|=|         17|          9|        925|     403.7749703|        129|00:00:11|+0.03|0.08|0.8595|
|=|          8|          9|        925|     407.0975027|        134|00:00:13|+0.02|0.07|0.8673|
|=|          7|          9|        925|     404.2499668|        139|00:00:13|+0.04|0.09|0.8588|
|=|         21|          9|        925|     403.6576385|        148|00:00:18|+0.04|0.08|0.8698|
+-+-----------+-----------+-----------+----------------+-----------+--------+-----+----+------+
Best-so-far configuration:         925    mean value:      403.6576385
Description of the best-so-far configuration:
    .ID. population_size  selection populations        topology migration_selection .PARENT.
925  925              15 tournament         468 fully_connected            roulette      470

# 2023-01-25 07:13:00 CET: Elite configurations (first number is the configuration ID; listed from best to worst according to the sum of ranks):
     population_size  selection populations        topology migration_selection
925               15 tournament         468 fully_connected            roulette
1782              20 tournament         398 fully_connected          tournament
1455              20 tournament         460 fully_connected            roulette
1979              20 tournament         377 fully_connected            roulette
# 2023-01-25 07:13:00 CET: Iteration 8 of 8
# experimentsUsedSoFar: 14897
# remainingBudget: 103
# currentBudget: 103
# nbConfigurations: 8
# Markers:
     x No test is performed.
     c Configurations are discarded only due to capping.
     - The test is performed and some configurations are discarded.
     = The test is performed but no configuration is discarded.
     ! The test is performed and configurations could be discarded but elite configurations are preserved.
     . All alive configurations are elite and nothing is discarded

+-+-----------+-----------+-----------+----------------+-----------+--------+-----+----+------+
| |   Instance|      Alive|       Best|       Mean best| Exp so far|  W time|  rho|KenW|  Qvar|
+-+-----------+-----------+-----------+----------------+-----------+--------+-----+----+------+
|x|         22|          8|       1782|     335.7769243|          8|00:00:11|   NA|  NA|    NA|
|x|          4|          8|       1782|     349.6235652|         12|00:00:06|+0.74|0.87|0.3921|
|x|         12|          8|       1782|     357.8069201|         16|00:00:05|+0.52|0.68|0.4014|
|x|         20|          8|       1782|     372.2906178|         20|00:00:07|+0.44|0.58|0.4938|
|-|          6|          6|       1782|     375.2475225|         24|00:00:06|+0.12|0.30|0.6877|
|=|         18|          6|       1782|     386.6889518|         26|00:00:05|+0.05|0.21|0.7638|
|=|         19|          6|       1782|     398.4386050|         28|00:00:05|-0.03|0.12|0.8258|
|=|          5|          6|       1782|     404.0802951|         30|00:00:05|-0.04|0.09|0.8474|
|=|          7|          6|        925|     411.9989387|         32|00:00:05|+0.02|0.13|0.7950|
|=|         13|          6|       1782|     396.8956162|         34|00:00:05|+0.02|0.12|0.7724|
|=|          9|          6|       1782|     395.1259840|         36|00:00:05|+0.06|0.14|0.7479|
|=|         15|          6|       1782|     398.1076508|         38|00:00:05|+0.04|0.12|0.7553|
|=|         21|          6|        925|     407.4485630|         40|00:00:05|+0.04|0.11|0.7511|
|=|         16|          6|       1782|     394.8496139|         42|00:00:05|+0.07|0.14|0.7245|
|=|         17|          6|        925|     405.1390535|         44|00:00:05|+0.06|0.12|0.7325|
|=|         14|          6|        925|     404.8095008|         46|00:00:05|+0.06|0.12|0.7341|
|-|         10|          4|        925|     402.8375485|         48|00:00:05|+0.02|0.08|0.7160|
|.|          2|          4|        925|     403.6627031|         48|00:00:00|-0.01|0.04|0.7434|
|.|          3|          4|        925|     403.1320332|         48|00:00:00|-0.02|0.04|0.7525|
|.|         11|          4|        925|     405.1517131|         48|00:00:00|-0.01|0.04|0.7476|
|.|          1|          4|        925|     404.5756059|         48|00:00:00|-0.01|0.04|0.7595|
|.|          8|          4|        925|     407.4086732|         48|00:00:00|-0.03|0.02|0.7690|
+-+-----------+-----------+-----------+----------------+-----------+--------+-----+----+------+
Best-so-far configuration:         925    mean value:      407.4086732
Description of the best-so-far configuration:
    .ID. population_size  selection populations        topology migration_selection .PARENT.
925  925              15 tournament         468 fully_connected            roulette      470

# 2023-01-25 07:14:41 CET: Elite configurations (first number is the configuration ID; listed from best to worst according to the sum of ranks):
     population_size  selection populations        topology migration_selection
925               15 tournament         468 fully_connected            roulette
1782              20 tournament         398 fully_connected          tournament
1455              20 tournament         460 fully_connected            roulette
1979              20 tournament         377 fully_connected            roulette
# 2023-01-25 07:14:41 CET: Iteration 9 of 9
# experimentsUsedSoFar: 14945
# remainingBudget: 55
# currentBudget: 55
# nbConfigurations: 6
# Markers:
     x No test is performed.
     c Configurations are discarded only due to capping.
     - The test is performed and some configurations are discarded.
     = The test is performed but no configuration is discarded.
     ! The test is performed and configurations could be discarded but elite configurations are preserved.
     . All alive configurations are elite and nothing is discarded

+-+-----------+-----------+-----------+----------------+-----------+--------+-----+----+------+
| |   Instance|      Alive|       Best|       Mean best| Exp so far|  W time|  rho|KenW|  Qvar|
+-+-----------+-----------+-----------+----------------+-----------+--------+-----+----+------+
|x|         23|          6|       2120|     371.5238313|          6|00:00:10|   NA|  NA|    NA|
|x|          2|          6|       1455|     371.6630321|          8|00:00:04|-0.26|0.37|0.8112|
|x|         17|          6|       1455|     387.1968583|         10|00:00:04|-0.18|0.21|0.9867|
|x|          6|          6|        925|     399.5053565|         12|00:00:04|-0.18|0.11|1.0013|
|=|         12|          6|        925|     405.1875559|         14|00:00:04|-0.17|0.07|0.9534|
|=|         22|          6|       1782|     396.5120533|         16|00:00:04|-0.17|0.03|0.9344|
|=|          9|          6|       1782|     393.7859974|         18|00:00:04|-0.09|0.06|0.8763|
|=|         13|          6|       1782|     390.8167502|         20|00:00:04|-0.06|0.07|0.8492|
|=|         16|          6|       1782|     386.5136374|         22|00:00:04|+0.01|0.12|0.7910|
|=|         14|          6|       2120|     392.3337052|         24|00:00:04|-0.00|0.10|0.8310|
|=|         20|          6|        925|     404.9286383|         26|00:00:04|-0.02|0.07|0.8396|
|=|         15|          6|        925|     404.7482321|         28|00:00:04|-0.02|0.07|0.8462|
|=|          8|          6|       2120|     395.3739533|         30|00:00:04|+0.01|0.08|0.8271|
|=|         19|          6|       2120|     395.2409512|         32|00:00:04|+0.01|0.08|0.8261|
|=|          5|          6|       2120|     399.5509958|         34|00:00:04|-0.01|0.05|0.8513|
|=|         21|          6|       2120|     396.6804235|         36|00:00:04|+0.01|0.07|0.8310|
|=|          3|          6|        925|     409.4943142|         38|00:00:04|-0.01|0.05|0.8497|
|=|          1|          6|        925|     408.5809335|         40|00:00:04|+0.01|0.06|0.8467|
|=|          4|          6|        925|     406.3540894|         42|00:00:04|+0.01|0.06|0.8459|
|=|         10|          6|        925|     404.6007006|         44|00:00:04|+0.02|0.07|0.8390|
|=|         18|          6|        925|     408.6561623|         46|00:00:04|-0.00|0.04|0.8546|
|=|         11|          6|        925|     410.2411382|         48|00:00:04|-0.00|0.05|0.8496|
|=|          7|          6|        925|     407.6283402|         50|00:00:04|+0.01|0.06|0.8374|
+-+-----------+-----------+-----------+----------------+-----------+--------+-----+----+------+
Best-so-far configuration:         925    mean value:      407.6283402
Description of the best-so-far configuration:
    .ID. population_size  selection populations        topology migration_selection .PARENT.
925  925              15 tournament         468 fully_connected            roulette      470

# 2023-01-25 07:16:34 CET: Elite configurations (first number is the configuration ID; listed from best to worst according to the sum of ranks):
     population_size  selection populations        topology migration_selection
925               15 tournament         468 fully_connected            roulette
1455              20 tournament         460 fully_connected            roulette
2120              15 tournament         378 fully_connected            roulette
1979              20 tournament         377 fully_connected            roulette
# 2023-01-25 07:16:34 CET: Stopped because there is not enough budget left to race more than the minimum (4)
# You may either increase the budget or set 'minNbSurvival' to a lower value
# Iteration: 10
# nbIterations: 10
# experimentsUsedSoFar: 14995
# timeUsed: 0
# remainingBudget: 5
# currentBudget: 5
# number of elites: 4
# nbConfigurations: 4
# Total CPU user time: 115132.2, CPU sys time: 2189.822, Wall-clock time: 34820.56
# Best configurations (first number is the configuration ID; listed from best to worst according to the sum of ranks):
     population_size  selection populations        topology migration_selection
925               15 tournament         468 fully_connected            roulette
1455              20 tournament         460 fully_connected            roulette
2120              15 tournament         378 fully_connected            roulette
1979              20 tournament         377 fully_connected            roulette
# Best configurations as commandlines (first number is the configuration ID; same order as above):
925   --population-size 15 --selection tournament --populations 468 --topology fully_connected --migration-selection roulette
1455  --population-size 20 --selection tournament --populations 460 --topology fully_connected --migration-selection roulette
2120  --population-size 15 --selection tournament --populations 378 --topology fully_connected --migration-selection roulette
1979  --population-size 20 --selection tournament --populations 377 --topology fully_connected --migration-selection roulette


# Testing of elite configurations: 1 
# Testing iteration configurations: FALSE 
# 2023-01-25 07:16:34 CET: No test instances, skip testing
