#------------------------------------------------------------------------------
# irace: An implementation in R of (Elitist) Iterated Racing
# Version: 3.5.6863679
# Copyright (C) 2010-2020
# Manuel Lopez-Ibanez     <manuel.lopez-ibanez@manchester.ac.uk>
# Jeremie Dubois-Lacoste  
# Leslie Perez Caceres    <leslie.perez.caceres@ulb.ac.be>
#
# This is free software, and you are welcome to redistribute it under certain
# conditions.  See the GNU General Public License for details. There is NO
# WARRANTY; not even for MERCHANTABILITY or FITNESS FOR A PARTICULAR PURPOSE.
#
# irace builds upon previous code from the race package:
#     race: Racing methods for the selection of the best
#     Copyright (C) 2003 Mauro Birattari
#------------------------------------------------------------------------------
# installed at: /net/people/plgrid/plgfkatul/R/irace
# called with: --exec-dir=target-runner-10 --seed 1234576
== irace == WARNING: A default scenario file '/net/people/plgrid/plgfkatul/computational-intelligence/tuning/scenario.txt' has been found and will be read.
# 2023-01-24 21:36:13 CET: Initialization
# Elitist race
# Elitist new instances: 1
# Elitist limit: 2
# nbIterations: 4
# minNbSurvival: 4
# nbParameters: 5
# seed: 1234576
# confidence level: 0.95
# budget: 15000
# mu: 5
# deterministic: FALSE

# 2023-01-24 21:36:13 CET: Iteration 1 of 4
# experimentsUsedSoFar: 0
# remainingBudget: 15000
# currentBudget: 3750
# nbConfigurations: 625
# Markers:
     x No test is performed.
     c Configurations are discarded only due to capping.
     - The test is performed and some configurations are discarded.
     = The test is performed but no configuration is discarded.
     ! The test is performed and configurations could be discarded but elite configurations are preserved.
     . All alive configurations are elite and nothing is discarded

+-+-----------+-----------+-----------+----------------+-----------+--------+-----+----+------+
| |   Instance|      Alive|       Best|       Mean best| Exp so far|  W time|  rho|KenW|  Qvar|
+-+-----------+-----------+-----------+----------------+-----------+--------+-----+----+------+
|x|          1|        625|        339|     235.3432480|        625|00:14:41|   NA|  NA|    NA|
|x|          2|        625|         42|     305.0527338|       1250|00:14:50|+0.47|0.73|0.6676|
|x|          3|        625|        540|     371.5753783|       1875|00:15:06|+0.48|0.65|0.6588|
|x|          4|        625|        540|     379.2660517|       2500|00:15:29|+0.48|0.61|0.6681|
|-|          5|        152|        538|     396.3311001|       3125|00:16:02|+0.05|0.24|0.9444|
|-|          6|         78|        566|     389.5863720|       3277|00:05:27|-0.10|0.08|1.0705|
|=|          7|         78|         97|     408.7481244|       3355|00:03:49|-0.09|0.07|1.0733|
|=|          8|         78|        566|     405.3350267|       3433|00:03:48|-0.06|0.08|1.0368|
+-+-----------+-----------+-----------+----------------+-----------+--------+-----+----+------+
Best-so-far configuration:         566    mean value:      405.3350267
Description of the best-so-far configuration:
    .ID. population_size  selection populations        topology migration_selection .PARENT.
566  566              15 tournament         489 fully_connected                 sus       NA

# 2023-01-24 23:05:30 CET: Elite configurations (first number is the configuration ID; listed from best to worst according to the sum of ranks):
    population_size  selection populations        topology migration_selection
566              15 tournament         489 fully_connected                 sus
332             100 tournament         354            ring                 sus
467              15 tournament         302 fully_connected          tournament
437              40 tournament         225 fully_connected                 sus
# 2023-01-24 23:05:30 CET: Iteration 2 of 4
# experimentsUsedSoFar: 3433
# remainingBudget: 11567
# currentBudget: 3855
# nbConfigurations: 431
# Markers:
     x No test is performed.
     c Configurations are discarded only due to capping.
     - The test is performed and some configurations are discarded.
     = The test is performed but no configuration is discarded.
     ! The test is performed and configurations could be discarded but elite configurations are preserved.
     . All alive configurations are elite and nothing is discarded

+-+-----------+-----------+-----------+----------------+-----------+--------+-----+----+------+
| |   Instance|      Alive|       Best|       Mean best| Exp so far|  W time|  rho|KenW|  Qvar|
+-+-----------+-----------+-----------+----------------+-----------+--------+-----+----+------+
|x|          9|        431|        765|     242.9725141|        431|00:13:45|   NA|  NA|    NA|
|x|          1|        431|        966|     369.3895589|        858|00:13:36|+0.59|0.80|0.5529|
|x|          3|        431|        980|     389.4225147|       1285|00:13:27|+0.61|0.74|0.4984|
|x|          4|        431|        980|     396.5194796|       1712|00:12:50|+0.60|0.70|0.5076|
|-|          8|        125|        966|     376.5300434|       2139|00:13:26|-0.10|0.12|1.0779|
|=|          6|        125|        467|     387.2688466|       2260|00:04:54|-0.06|0.11|1.0541|
|=|          5|        125|        905|     398.3645684|       2381|00:04:55|-0.06|0.09|1.0510|
|=|          7|        125|        905|     402.2672635|       2502|00:05:02|-0.04|0.09|1.0415|
|=|          2|        125|        744|     398.3232279|       2623|00:05:09|-0.03|0.08|1.0302|
|=|         10|        125|        873|     407.1793405|       2748|00:05:09|-0.03|0.08|1.0224|
+-+-----------+-----------+-----------+----------------+-----------+--------+-----+----+------+
Best-so-far configuration:         873    mean value:      407.1793405
Description of the best-so-far configuration:
    .ID. population_size  selection populations topology migration_selection .PARENT.
873  873              40 tournament         335     star          tournament      467

# 2023-01-25 00:37:49 CET: Elite configurations (first number is the configuration ID; listed from best to worst according to the sum of ranks):
    population_size  selection populations        topology migration_selection
873              40 tournament         335            star          tournament
744              40 tournament         226 fully_connected            roulette
916              40 tournament         269 fully_connected                 sus
467              15 tournament         302 fully_connected          tournament
# 2023-01-25 00:37:49 CET: Iteration 3 of 4
# experimentsUsedSoFar: 6181
# remainingBudget: 8819
# currentBudget: 4409
# nbConfigurations: 404
# Markers:
     x No test is performed.
     c Configurations are discarded only due to capping.
     - The test is performed and some configurations are discarded.
     = The test is performed but no configuration is discarded.
     ! The test is performed and configurations could be discarded but elite configurations are preserved.
     . All alive configurations are elite and nothing is discarded

+-+-----------+-----------+-----------+----------------+-----------+--------+-----+----+------+
| |   Instance|      Alive|       Best|       Mean best| Exp so far|  W time|  rho|KenW|  Qvar|
+-+-----------+-----------+-----------+----------------+-----------+--------+-----+----+------+
|x|         11|        404|       1249|     309.2825187|        404|00:11:45|   NA|  NA|    NA|
|x|         10|        404|       1205|     362.4704521|        804|00:11:54|+0.63|0.82|0.4903|
|x|          1|        404|       1191|     389.4751568|       1204|00:12:06|+0.58|0.72|0.5511|
|x|          3|        404|       1314|     398.5517941|       1604|00:12:20|+0.58|0.68|0.5256|
|-|          7|        156|       1090|     397.6601765|       2004|00:12:17|-0.09|0.13|1.0839|
|=|          2|        156|       1191|     402.7158209|       2156|00:06:03|-0.07|0.11|1.0686|
|=|          6|        156|       1191|     399.7882529|       2308|00:06:01|-0.04|0.11|1.0355|
|=|          5|        156|        916|     401.7487543|       2460|00:06:01|-0.03|0.10|1.0370|
|=|          9|        156|       1361|     400.0464848|       2612|00:05:57|-0.03|0.08|1.0238|
|=|          4|        156|       1191|     400.1167160|       2764|00:06:05|-0.03|0.07|1.0224|
|=|          8|        156|       1417|     400.8009202|       2916|00:05:58|-0.03|0.06|1.0190|
|=|         12|        156|       1417|     397.6166294|       3072|00:06:15|-0.03|0.06|1.0167|
+-+-----------+-----------+-----------+----------------+-----------+--------+-----+----+------+
Best-so-far configuration:        1417    mean value:      397.6166294
Description of the best-so-far configuration:
     .ID. population_size  selection populations topology migration_selection .PARENT.
1417 1417              20 tournament         206     star            roulette      744

# 2023-01-25 02:20:36 CET: Elite configurations (first number is the configuration ID; listed from best to worst according to the sum of ranks):
     population_size  selection populations        topology migration_selection
1417              20 tournament         206            star            roulette
873               40 tournament         335            star          tournament
1090              60 tournament         314            ring                 sus
1054              40 tournament         386 fully_connected            roulette
# 2023-01-25 02:20:36 CET: Iteration 4 of 4
# experimentsUsedSoFar: 9253
# remainingBudget: 5747
# currentBudget: 5747
# nbConfigurations: 445
# Markers:
     x No test is performed.
     c Configurations are discarded only due to capping.
     - The test is performed and some configurations are discarded.
     = The test is performed but no configuration is discarded.
     ! The test is performed and configurations could be discarded but elite configurations are preserved.
     . All alive configurations are elite and nothing is discarded

+-+-----------+-----------+-----------+----------------+-----------+--------+-----+----+------+
| |   Instance|      Alive|       Best|       Mean best| Exp so far|  W time|  rho|KenW|  Qvar|
+-+-----------+-----------+-----------+----------------+-----------+--------+-----+----+------+
|x|         13|        445|       1653|     295.1279146|        445|00:14:20|   NA|  NA|    NA|
|x|          2|        445|       1707|     328.1431225|        886|00:14:14|+0.44|0.72|0.6633|
|x|          3|        445|       1715|     361.9704748|       1327|00:14:31|+0.50|0.66|0.5950|
|x|         12|        445|       1843|     372.3675224|       1768|00:14:40|+0.50|0.63|0.5829|
|-|          7|        122|       1715|     371.9886899|       2209|00:14:25|-0.13|0.10|1.0584|
|=|          9|        122|       1679|     374.8905049|       2327|00:04:50|-0.07|0.11|1.0124|
|=|          6|        122|       1715|     387.6612368|       2445|00:04:35|-0.06|0.09|1.0083|
|=|          1|        122|       1774|     390.2251086|       2563|00:04:31|-0.05|0.08|1.0077|
|=|          5|        122|       1774|     392.3559003|       2681|00:04:33|-0.04|0.08|1.0016|
|=|         10|        122|       1774|     390.8626038|       2799|00:04:30|-0.02|0.08|0.9859|
|=|          4|        122|       1707|     393.5143564|       2917|00:04:35|-0.02|0.07|0.9862|
|=|          8|        122|       1774|     396.8326836|       3035|00:04:30|-0.02|0.07|0.9944|
|=|         11|        122|       1707|     397.6212133|       3153|00:04:41|-0.02|0.06|0.9970|
|=|         14|        122|       1774|     397.0783873|       3275|00:04:45|-0.01|0.06|0.9950|
+-+-----------+-----------+-----------+----------------+-----------+--------+-----+----+------+
Best-so-far configuration:        1774    mean value:      397.0783873
Description of the best-so-far configuration:
     .ID. population_size  selection populations topology migration_selection .PARENT.
1774 1774              15 tournament         231     star            roulette     1417

# 2023-01-25 04:14:23 CET: Elite configurations (first number is the configuration ID; listed from best to worst according to the sum of ranks):
     population_size  selection populations        topology migration_selection
1774              15 tournament         231            star            roulette
1875              40 tournament         418 fully_connected          tournament
1417              20 tournament         206            star            roulette
1707              20 tournament         232 fully_connected            roulette
# 2023-01-25 04:14:23 CET: Iteration 5 of 5
# experimentsUsedSoFar: 12528
# remainingBudget: 2472
# currentBudget: 2472
# nbConfigurations: 168
# Markers:
     x No test is performed.
     c Configurations are discarded only due to capping.
     - The test is performed and some configurations are discarded.
     = The test is performed but no configuration is discarded.
     ! The test is performed and configurations could be discarded but elite configurations are preserved.
     . All alive configurations are elite and nothing is discarded

+-+-----------+-----------+-----------+----------------+-----------+--------+-----+----+------+
| |   Instance|      Alive|       Best|       Mean best| Exp so far|  W time|  rho|KenW|  Qvar|
+-+-----------+-----------+-----------+----------------+-----------+--------+-----+----+------+
|x|         15|        168|       1955|     286.3485283|        168|00:04:53|   NA|  NA|    NA|
|x|          5|        168|       1960|     389.0212009|        332|00:04:40|+0.36|0.68|0.8480|
|x|         13|        168|       2032|     388.3984310|        496|00:04:48|+0.41|0.61|0.7578|
|x|          2|        168|       1707|     372.2107333|        660|00:04:40|+0.43|0.57|0.7205|
|-|         14|         70|       1901|     387.1897741|        824|00:04:47|-0.11|0.11|1.0875|
|=|         11|         70|       1901|     392.4181884|        890|00:02:13|-0.09|0.09|1.0737|
|=|          3|         70|       1901|     393.1794305|        956|00:02:11|-0.07|0.08|1.0589|
|=|          4|         70|       1901|     398.9804564|       1022|00:02:13|-0.06|0.07|1.0393|
|=|          7|         70|       1901|     399.5341325|       1088|00:02:18|-0.04|0.07|1.0284|
|=|          9|         70|       1901|     403.3420509|       1154|00:02:13|-0.03|0.07|1.0155|
|=|         12|         70|       1901|     403.5533740|       1220|00:02:12|-0.01|0.08|0.9929|
|=|         10|         70|       2032|     401.4797113|       1286|00:02:13|-0.02|0.07|0.9973|
|=|          1|         70|       2032|     400.4659929|       1352|00:02:13|-0.00|0.07|0.9859|
|=|          8|         70|       1774|     397.8709143|       1418|00:02:19|-0.00|0.07|0.9831|
|=|          6|         70|       1774|     399.0723964|       1484|00:02:14|+0.00|0.07|0.9817|
|=|         16|         70|       2032|     399.0896199|       1554|00:02:18|+0.01|0.08|0.9699|
+-+-----------+-----------+-----------+----------------+-----------+--------+-----+----+------+
Best-so-far configuration:        2032    mean value:      399.0896199
Description of the best-so-far configuration:
     .ID. population_size  selection populations        topology migration_selection .PARENT.
2032 2032              20 tournament         224 fully_connected            roulette     1417

# 2023-01-25 05:02:57 CET: Elite configurations (first number is the configuration ID; listed from best to worst according to the sum of ranks):
     population_size  selection populations        topology migration_selection
2032              20 tournament         224 fully_connected            roulette
1875              40 tournament         418 fully_connected          tournament
1774              15 tournament         231            star            roulette
1924              20 tournament         220            star            roulette
# 2023-01-25 05:02:57 CET: Iteration 6 of 6
# experimentsUsedSoFar: 14082
# remainingBudget: 918
# currentBudget: 918
# nbConfigurations: 57
# Markers:
     x No test is performed.
     c Configurations are discarded only due to capping.
     - The test is performed and some configurations are discarded.
     = The test is performed but no configuration is discarded.
     ! The test is performed and configurations could be discarded but elite configurations are preserved.
     . All alive configurations are elite and nothing is discarded

+-+-----------+-----------+-----------+----------------+-----------+--------+-----+----+------+
| |   Instance|      Alive|       Best|       Mean best| Exp so far|  W time|  rho|KenW|  Qvar|
+-+-----------+-----------+-----------+----------------+-----------+--------+-----+----+------+
|x|         17|         57|       2100|     340.7904744|         57|00:01:52|   NA|  NA|    NA|
|x|          9|         57|       2032|     387.8427562|        110|00:01:47|+0.53|0.77|0.4752|
|x|         14|         57|       1774|     380.6573092|        163|00:01:49|+0.47|0.65|0.5119|
|x|          1|         57|       1774|     385.8561072|        216|00:01:48|+0.42|0.57|0.5681|
|-|         11|         31|       1924|     396.5126703|        269|00:01:55|-0.12|0.11|1.0744|
|=|          8|         31|       1924|     375.9311078|        296|00:01:02|-0.07|0.11|1.0158|
|=|          7|         31|       1774|     401.4714791|        323|00:01:02|-0.09|0.07|1.0389|
|=|          6|         31|       1774|     403.2741876|        350|00:01:01|-0.05|0.08|0.9950|
|=|         10|         31|       1774|     400.4018262|        377|00:01:02|-0.03|0.08|0.9821|
|=|         15|         31|       1774|     403.0604960|        404|00:01:01|-0.02|0.08|0.9727|
|=|          2|         31|       1774|     403.3174051|        431|00:01:01|-0.01|0.09|0.9667|
|=|         16|         31|       1924|     397.3451637|        458|00:01:02|-0.00|0.08|0.9584|
|=|          5|         31|       1774|     407.0086828|        485|00:01:04|+0.01|0.09|0.9486|
|=|          4|         31|       2032|     402.5940805|        512|00:01:05|-0.00|0.07|0.9659|
|=|         13|         31|       2032|     401.3263780|        539|00:00:57|+0.00|0.07|0.9627|
|=|         12|         31|       1774|     397.0822185|        566|00:01:02|+0.02|0.08|0.9497|
|=|          3|         31|       2032|     399.1375576|        593|00:01:03|+0.02|0.08|0.9449|
|=|         18|         31|       2032|     399.7101234|        624|00:01:08|+0.02|0.07|0.9518|
+-+-----------+-----------+-----------+----------------+-----------+--------+-----+----+------+
Best-so-far configuration:        2032    mean value:      399.7101234
Description of the best-so-far configuration:
     .ID. population_size  selection populations        topology migration_selection .PARENT.
2032 2032              20 tournament         224 fully_connected            roulette     1417

# 2023-01-25 05:25:48 CET: Elite configurations (first number is the configuration ID; listed from best to worst according to the sum of ranks):
     population_size  selection populations        topology migration_selection
2032              20 tournament         224 fully_connected            roulette
1924              20 tournament         220            star            roulette
1875              40 tournament         418 fully_connected          tournament
1774              15 tournament         231            star            roulette
# 2023-01-25 05:25:48 CET: Iteration 7 of 7
# experimentsUsedSoFar: 14706
# remainingBudget: 294
# currentBudget: 294
# nbConfigurations: 19
# Markers:
     x No test is performed.
     c Configurations are discarded only due to capping.
     - The test is performed and some configurations are discarded.
     = The test is performed but no configuration is discarded.
     ! The test is performed and configurations could be discarded but elite configurations are preserved.
     . All alive configurations are elite and nothing is discarded

+-+-----------+-----------+-----------+----------------+-----------+--------+-----+----+------+
| |   Instance|      Alive|       Best|       Mean best| Exp so far|  W time|  rho|KenW|  Qvar|
+-+-----------+-----------+-----------+----------------+-----------+--------+-----+----+------+
|x|         19|         19|       1774|     353.3110223|         19|00:00:27|   NA|  NA|    NA|
|x|          5|         19|       2122|     385.2918715|         34|00:00:23|+0.18|0.59|0.7433|
|x|          3|         19|       2122|     368.2751070|         49|00:00:23|+0.04|0.36|0.8825|
|x|          7|         19|       2122|     387.7167478|         64|00:00:22|-0.05|0.21|0.9842|
|=|          9|         19|       2122|     400.5278681|         79|00:00:22|+0.05|0.24|0.8985|
|=|         17|         19|       2124|     395.2050295|         94|00:00:22|+0.11|0.26|0.8456|
|-|          2|         14|       1774|     410.9658802|        109|00:00:24|-0.03|0.12|0.9791|
|=|         13|         14|       1774|     400.2240088|        119|00:00:16|+0.00|0.13|0.9434|
|=|          8|         14|       1774|     400.0402658|        129|00:00:18|-0.01|0.11|0.9488|
|=|         16|         14|       2032|     400.9978494|        139|00:00:17|+0.01|0.11|0.9232|
|=|          1|         14|       2032|     399.8436241|        149|00:00:17|+0.02|0.11|0.9153|
|=|         12|         14|       1774|     394.1174955|        159|00:00:18|+0.03|0.11|0.9013|
|=|         10|         14|       1774|     392.8332986|        169|00:00:16|+0.06|0.13|0.8679|
|-|         11|          9|       1774|     396.7786517|        179|00:00:18|+0.00|0.08|0.8789|
|=|         15|          9|       1774|     398.7926432|        184|00:00:09|+0.01|0.07|0.8749|
|=|          6|          9|       2032|     401.7655573|        189|00:00:09|+0.01|0.07|0.8578|
|=|         18|          9|       2032|     402.2172152|        194|00:00:09|+0.01|0.07|0.8672|
|=|          4|          9|       2032|     401.1108934|        199|00:00:10|+0.02|0.07|0.8581|
|=|         14|          9|       2032|     403.6088056|        204|00:00:10|+0.02|0.07|0.8588|
|=|         20|          9|       2032|     402.5119387|        213|00:00:18|+0.03|0.07|0.8490|
+-+-----------+-----------+-----------+----------------+-----------+--------+-----+----+------+
Best-so-far configuration:        2032    mean value:      402.5119387
Description of the best-so-far configuration:
     .ID. population_size  selection populations        topology migration_selection .PARENT.
2032 2032              20 tournament         224 fully_connected            roulette     1417

# 2023-01-25 05:31:46 CET: Elite configurations (first number is the configuration ID; listed from best to worst according to the sum of ranks):
     population_size  selection populations        topology migration_selection
2032              20 tournament         224 fully_connected            roulette
1774              15 tournament         231            star            roulette
1924              20 tournament         220            star            roulette
1875              40 tournament         418 fully_connected          tournament
# 2023-01-25 05:31:46 CET: Iteration 8 of 8
# experimentsUsedSoFar: 14919
# remainingBudget: 81
# currentBudget: 81
# nbConfigurations: 7
# Markers:
     x No test is performed.
     c Configurations are discarded only due to capping.
     - The test is performed and some configurations are discarded.
     = The test is performed but no configuration is discarded.
     ! The test is performed and configurations could be discarded but elite configurations are preserved.
     . All alive configurations are elite and nothing is discarded

+-+-----------+-----------+-----------+----------------+-----------+--------+-----+----+------+
| |   Instance|      Alive|       Best|       Mean best| Exp so far|  W time|  rho|KenW|  Qvar|
+-+-----------+-----------+-----------+----------------+-----------+--------+-----+----+------+
|x|         21|          7|       1924|     356.4267553|          7|00:00:13|   NA|  NA|    NA|
|x|          6|          7|       2126|     394.4563255|         10|00:00:08|-0.57|0.21|1.3142|
|x|         20|          7|       1875|     410.3231995|         13|00:00:08|-0.42|0.06|1.1483|
|x|         11|          7|       1875|     408.7924607|         16|00:00:09|-0.26|0.05|1.0966|
|=|         10|          7|       1924|     396.7971447|         19|00:00:08|-0.20|0.04|1.0084|
|=|         19|          7|       1924|     396.6800309|         22|00:00:09|-0.13|0.06|0.9550|
|=|         13|          7|       1774|     390.7102814|         25|00:00:09|-0.10|0.06|0.9225|
|=|         18|          7|       1924|     403.4843612|         28|00:00:08|-0.09|0.04|0.9209|
|=|         16|          7|       1924|     400.6472459|         31|00:00:08|-0.04|0.07|0.8850|
|=|          9|          7|       2032|     402.6841109|         34|00:00:09|-0.03|0.07|0.8659|
|=|          5|          7|       2032|     398.4529118|         37|00:00:09|-0.03|0.06|0.8718|
|=|          4|          7|       2032|     397.1071211|         40|00:00:08|-0.00|0.08|0.8426|
|=|          3|          7|       2032|     394.1224549|         43|00:00:09|+0.02|0.10|0.8223|
|=|         12|          7|       2032|     395.0520187|         46|00:00:09|+0.02|0.09|0.8322|
|=|          8|          7|       2032|     398.7755079|         49|00:00:08|+0.01|0.08|0.8386|
|=|          2|          7|       2032|     400.4635506|         52|00:00:09|+0.01|0.07|0.8374|
|=|         14|          7|       1924|     393.1907742|         55|00:00:09|+0.01|0.06|0.8444|
|=|         17|          7|       1924|     395.7700055|         58|00:00:08|+0.01|0.07|0.8353|
|=|          7|          7|       2032|     405.2784881|         61|00:00:08|-0.00|0.05|0.8524|
|=|          1|          7|       2032|     404.4296323|         64|00:00:09|+0.01|0.06|0.8493|
|=|         15|          7|       2032|     405.4318322|         67|00:00:09|+0.03|0.07|0.8423|
|=|         22|          7|       2032|     407.0147290|         74|00:00:12|+0.01|0.06|0.8480|
+-+-----------+-----------+-----------+----------------+-----------+--------+-----+----+------+
Best-so-far configuration:        2032    mean value:      407.0147290
Description of the best-so-far configuration:
     .ID. population_size  selection populations        topology migration_selection .PARENT.
2032 2032              20 tournament         224 fully_connected            roulette     1417

# 2023-01-25 05:35:13 CET: Elite configurations (first number is the configuration ID; listed from best to worst according to the sum of ranks):
     population_size  selection populations        topology migration_selection
2032              20 tournament         224 fully_connected            roulette
1774              15 tournament         231            star            roulette
1924              20 tournament         220            star            roulette
2128              10 tournament         260 fully_connected            roulette
# 2023-01-25 05:35:13 CET: Stopped because there is not enough budget left to race more than the minimum (4)
# You may either increase the budget or set 'minNbSurvival' to a lower value
# Iteration: 9
# nbIterations: 9
# experimentsUsedSoFar: 14993
# timeUsed: 0
# remainingBudget: 7
# currentBudget: 7
# number of elites: 4
# nbConfigurations: 4
# Total CPU user time: 95728.33, CPU sys time: 2037.761, Wall-clock time: 28739.79
# Best configurations (first number is the configuration ID; listed from best to worst according to the sum of ranks):
     population_size  selection populations        topology migration_selection
2032              20 tournament         224 fully_connected            roulette
1774              15 tournament         231            star            roulette
1924              20 tournament         220            star            roulette
2128              10 tournament         260 fully_connected            roulette
# Best configurations as commandlines (first number is the configuration ID; same order as above):
2032  --population-size 20 --selection tournament --populations 224 --topology fully_connected --migration-selection roulette
1774  --population-size 15 --selection tournament --populations 231 --topology star --migration-selection roulette
1924  --population-size 20 --selection tournament --populations 220 --topology star --migration-selection roulette
2128  --population-size 10 --selection tournament --populations 260 --topology fully_connected --migration-selection roulette


# Testing of elite configurations: 1 
# Testing iteration configurations: FALSE 
# 2023-01-25 05:35:13 CET: No test instances, skip testing
