#------------------------------------------------------------------------------
# irace: An implementation in R of (Elitist) Iterated Racing
# Version: 3.5.6863679
# Copyright (C) 2010-2020
# Manuel Lopez-Ibanez     <manuel.lopez-ibanez@manchester.ac.uk>
# Jeremie Dubois-Lacoste  
# Leslie Perez Caceres    <leslie.perez.caceres@ulb.ac.be>
#
# This is free software, and you are welcome to redistribute it under certain
# conditions.  See the GNU General Public License for details. There is NO
# WARRANTY; not even for MERCHANTABILITY or FITNESS FOR A PARTICULAR PURPOSE.
#
# irace builds upon previous code from the race package:
#     race: Racing methods for the selection of the best
#     Copyright (C) 2003 Mauro Birattari
#------------------------------------------------------------------------------
# installed at: /net/people/plgrid/plgfkatul/R/irace
# called with: --exec-dir=target-runner-01 --seed 1234567
== irace == WARNING: A default scenario file '/net/people/plgrid/plgfkatul/computational-intelligence/tuning/scenario.txt' has been found and will be read.
# 2023-01-24 10:35:32 CET: Initialization
# Elitist race
# Elitist new instances: 1
# Elitist limit: 2
# nbIterations: 4
# minNbSurvival: 4
# nbParameters: 5
# seed: 1234567
# confidence level: 0.95
# budget: 15000
# mu: 5
# deterministic: FALSE

# 2023-01-24 10:35:32 CET: Iteration 1 of 4
# experimentsUsedSoFar: 0
# remainingBudget: 15000
# currentBudget: 3750
# nbConfigurations: 625
# Markers:
     x No test is performed.
     c Configurations are discarded only due to capping.
     - The test is performed and some configurations are discarded.
     = The test is performed but no configuration is discarded.
     ! The test is performed and configurations could be discarded but elite configurations are preserved.
     . All alive configurations are elite and nothing is discarded

+-+-----------+-----------+-----------+----------------+-----------+--------+-----+----+------+
| |   Instance|      Alive|       Best|       Mean best| Exp so far|  W time|  rho|KenW|  Qvar|
+-+-----------+-----------+-----------+----------------+-----------+--------+-----+----+------+
|x|          1|        625|        254|     232.9089989|        625|00:05:06|   NA|  NA|    NA|
|x|          2|        625|        406|     345.9242891|       1250|00:05:15|+0.43|0.71|0.6394|
|x|          3|        625|        365|     339.7176022|       1875|00:05:30|+0.41|0.61|0.6326|
|x|          4|        625|        522|     337.9128794|       2500|00:05:52|+0.40|0.55|0.6282|
|-|          5|        161|        228|     381.9803381|       3125|00:06:08|-0.01|0.19|1.0237|
|=|          6|        161|        228|     370.6724309|       3286|00:01:47|+0.02|0.18|0.9941|
|=|          7|        161|        228|     384.6941541|       3447|00:01:49|+0.02|0.16|0.9982|
+-+-----------+-----------+-----------+----------------+-----------+--------+-----+----+------+
Best-so-far configuration:         228    mean value:      384.6941541
Description of the best-so-far configuration:
    .ID. population_size  selection populations topology migration_selection .PARENT.
228  228              12 tournament         163     mesh            roulette       NA

# 2023-01-24 11:07:03 CET: Elite configurations (first number is the configuration ID; listed from best to worst according to the sum of ranks):
    population_size  selection populations topology migration_selection
228              12 tournament         163     mesh            roulette
428               8 tournament         101     mesh                 sus
522               9 tournament         108     mesh          tournament
427              22 tournament         146     star                 sus
# 2023-01-24 11:07:03 CET: Iteration 2 of 4
# experimentsUsedSoFar: 3447
# remainingBudget: 11553
# currentBudget: 3851
# nbConfigurations: 484
# Markers:
     x No test is performed.
     c Configurations are discarded only due to capping.
     - The test is performed and some configurations are discarded.
     = The test is performed but no configuration is discarded.
     ! The test is performed and configurations could be discarded but elite configurations are preserved.
     . All alive configurations are elite and nothing is discarded

+-+-----------+-----------+-----------+----------------+-----------+--------+-----+----+------+
| |   Instance|      Alive|       Best|       Mean best| Exp so far|  W time|  rho|KenW|  Qvar|
+-+-----------+-----------+-----------+----------------+-----------+--------+-----+----+------+
|x|          8|        484|        904|     249.8784714|        484|00:04:19|   NA|  NA|    NA|
|x|          5|        484|        967|     336.1035443|        964|00:03:40|+0.44|0.72|0.7058|
|x|          2|        484|        699|     348.7544082|       1444|00:03:43|+0.43|0.62|0.6758|
|x|          1|        484|        745|     369.7181417|       1924|00:03:44|+0.43|0.57|0.6737|
|-|          4|        153|        954|     350.5957693|       2404|00:03:43|-0.09|0.12|1.0716|
|=|          6|        153|        228|     367.3359721|       2553|00:01:15|-0.05|0.13|1.0369|
|=|          7|        153|        228|     381.8343323|       2702|00:01:13|-0.03|0.12|1.0229|
|=|          3|        153|        746|     388.3267301|       2851|00:01:15|-0.03|0.10|1.0197|
|=|          9|        153|        746|     388.0393404|       3004|00:01:16|-0.02|0.09|1.0108|
+-+-----------+-----------+-----------+----------------+-----------+--------+-----+----+------+
Best-so-far configuration:         746    mean value:      388.0393404
Description of the best-so-far configuration:
    .ID. population_size  selection populations topology migration_selection .PARENT.
746  746              11 tournament         124     ring                 sus      428

# 2023-01-24 11:31:16 CET: Elite configurations (first number is the configuration ID; listed from best to worst according to the sum of ranks):
    population_size  selection populations        topology migration_selection
746              11 tournament         124            ring                 sus
228              12 tournament         163            mesh            roulette
522               9 tournament         108            mesh          tournament
745               7 tournament         120 fully_connected                 sus
# 2023-01-24 11:31:16 CET: Iteration 3 of 4
# experimentsUsedSoFar: 6451
# remainingBudget: 8549
# currentBudget: 4274
# nbConfigurations: 431
# Markers:
     x No test is performed.
     c Configurations are discarded only due to capping.
     - The test is performed and some configurations are discarded.
     = The test is performed but no configuration is discarded.
     ! The test is performed and configurations could be discarded but elite configurations are preserved.
     . All alive configurations are elite and nothing is discarded

+-+-----------+-----------+-----------+----------------+-----------+--------+-----+----+------+
| |   Instance|      Alive|       Best|       Mean best| Exp so far|  W time|  rho|KenW|  Qvar|
+-+-----------+-----------+-----------+----------------+-----------+--------+-----+----+------+
|x|         10|        431|       1440|     256.9442086|        431|00:03:13|   NA|  NA|    NA|
|x|          8|        431|       1134|     268.5356293|        858|00:03:12|+0.36|0.68|0.7174|
|x|          9|        431|       1324|     342.2221187|       1285|00:03:15|+0.40|0.60|0.7138|
|x|          3|        431|       1324|     345.7015121|       1712|00:03:14|+0.37|0.53|0.7453|
|-|          4|        106|       1324|     328.4501371|       2139|00:03:13|-0.12|0.11|1.0807|
|=|          7|        106|       1324|     344.6070771|       2241|00:00:51|-0.07|0.11|1.0377|
|=|          5|        106|       1324|     366.5926569|       2343|00:00:51|-0.06|0.10|1.0244|
|=|          6|        106|       1188|     373.8636043|       2445|00:00:48|-0.04|0.09|1.0130|
|=|          1|        106|       1335|     372.9093590|       2547|00:00:51|-0.02|0.09|0.9987|
|=|          2|        106|        228|     381.3452509|       2649|00:00:49|-0.01|0.09|0.9928|
|=|         11|        106|        228|     384.4167935|       2755|00:00:50|-0.00|0.09|0.9871|
+-+-----------+-----------+-----------+----------------+-----------+--------+-----+----+------+
Best-so-far configuration:         228    mean value:      384.4167935
Description of the best-so-far configuration:
    .ID. population_size  selection populations topology migration_selection .PARENT.
228  228              12 tournament         163     mesh            roulette       NA

# 2023-01-24 11:52:29 CET: Elite configurations (first number is the configuration ID; listed from best to worst according to the sum of ranks):
     population_size  selection populations topology migration_selection
228               12 tournament         163     mesh            roulette
1335              14 tournament         132     mesh                 sus
1412              15 tournament         111     star          tournament
746               11 tournament         124     ring                 sus
# 2023-01-24 11:52:29 CET: Iteration 4 of 4
# experimentsUsedSoFar: 9206
# remainingBudget: 5794
# currentBudget: 5794
# nbConfigurations: 486
# Markers:
     x No test is performed.
     c Configurations are discarded only due to capping.
     - The test is performed and some configurations are discarded.
     = The test is performed but no configuration is discarded.
     ! The test is performed and configurations could be discarded but elite configurations are preserved.
     . All alive configurations are elite and nothing is discarded

+-+-----------+-----------+-----------+----------------+-----------+--------+-----+----+------+
| |   Instance|      Alive|       Best|       Mean best| Exp so far|  W time|  rho|KenW|  Qvar|
+-+-----------+-----------+-----------+----------------+-----------+--------+-----+----+------+
|x|         12|        486|       1645|     207.1726645|        486|00:04:04|   NA|  NA|    NA|
|x|         10|        486|       1765|     322.6709793|        968|00:04:04|+0.38|0.69|0.7395|
|x|          4|        486|       1625|     346.7760777|       1450|00:04:08|+0.38|0.58|0.7510|
|x|          6|        486|       1965|     373.5589447|       1932|00:04:04|+0.37|0.53|0.7400|
|-|          7|        165|       1965|     371.5113963|       2414|00:04:07|-0.12|0.11|1.0913|
|=|          9|        165|       1546|     381.4631079|       2575|00:01:24|-0.07|0.10|1.0573|
|=|          5|        165|       1965|     383.4458337|       2736|00:01:24|-0.05|0.10|1.0392|
|=|          8|        165|       1335|     377.0430716|       2897|00:01:35|-0.04|0.09|1.0252|
|=|          1|        165|       1335|     375.4544892|       3058|00:01:25|-0.02|0.09|1.0126|
|=|          3|        165|       1335|     380.8852187|       3219|00:01:26|-0.02|0.09|1.0075|
|=|         11|        165|       1998|     385.2398293|       3380|00:01:24|-0.00|0.09|0.9982|
|=|          2|        165|       1998|     383.2343641|       3541|00:01:23|+0.00|0.08|0.9927|
|=|         13|        165|       1412|     398.5714700|       3706|00:01:30|-0.00|0.07|1.0009|
+-+-----------+-----------+-----------+----------------+-----------+--------+-----+----+------+
Best-so-far configuration:        1412    mean value:      398.5714700
Description of the best-so-far configuration:
     .ID. population_size  selection populations topology migration_selection .PARENT.
1412 1412              15 tournament         111     star          tournament      746

# 2023-01-24 12:24:35 CET: Elite configurations (first number is the configuration ID; listed from best to worst according to the sum of ranks):
     population_size  selection populations topology migration_selection
1412              15 tournament         111     star          tournament
1998              13 tournament         132     mesh                 sus
1863              19 tournament         113     star          tournament
228               12 tournament         163     mesh            roulette
# 2023-01-24 12:24:35 CET: Iteration 5 of 5
# experimentsUsedSoFar: 12912
# remainingBudget: 2088
# currentBudget: 2088
# nbConfigurations: 152
# Markers:
     x No test is performed.
     c Configurations are discarded only due to capping.
     - The test is performed and some configurations are discarded.
     = The test is performed but no configuration is discarded.
     ! The test is performed and configurations could be discarded but elite configurations are preserved.
     . All alive configurations are elite and nothing is discarded

+-+-----------+-----------+-----------+----------------+-----------+--------+-----+----+------+
| |   Instance|      Alive|       Best|       Mean best| Exp so far|  W time|  rho|KenW|  Qvar|
+-+-----------+-----------+-----------+----------------+-----------+--------+-----+----+------+
|x|         14|        152|       2107|     291.0748206|        152|00:01:16|   NA|  NA|    NA|
|x|          1|        152|       2065|     332.0073701|        300|00:01:15|+0.35|0.68|0.7342|
|x|          8|        152|       2065|     333.4619685|        448|00:01:14|+0.36|0.58|0.7038|
|x|          7|        152|       2065|     352.0467170|        596|00:01:15|+0.38|0.53|0.6909|
|-|         13|         59|       2065|     369.3808473|        744|00:01:15|-0.07|0.14|1.0210|
|=|          5|         59|       2093|     382.0797321|        799|00:00:33|-0.08|0.10|1.0452|
|=|          4|         59|       2093|     390.2913089|        854|00:00:31|-0.07|0.08|1.0363|
|=|         11|         59|       2093|     386.7558828|        909|00:00:31|-0.04|0.09|1.0169|
|=|          2|         59|       2093|     380.7244828|        964|00:00:31|-0.02|0.09|1.0044|
|=|          3|         59|       2093|     378.0836568|       1019|00:00:29|-0.01|0.09|0.9813|
|=|         12|         59|       2093|     388.9445341|       1074|00:00:30|-0.01|0.08|0.9858|
|=|          9|         59|       2093|     393.8828699|       1129|00:00:30|-0.01|0.08|0.9797|
|=|         10|         59|       2093|     395.9960341|       1184|00:00:31|+0.01|0.08|0.9711|
|=|          6|         59|       1863|     401.6084507|       1239|00:00:30|+0.02|0.09|0.9642|
|=|         15|         59|       1863|     395.8251884|       1298|00:00:32|+0.02|0.09|0.9618|
+-+-----------+-----------+-----------+----------------+-----------+--------+-----+----+------+
Best-so-far configuration:        1863    mean value:      395.8251884
Description of the best-so-far configuration:
     .ID. population_size  selection populations topology migration_selection .PARENT.
1863 1863              19 tournament         113     star          tournament     1412

# 2023-01-24 12:36:06 CET: Elite configurations (first number is the configuration ID; listed from best to worst according to the sum of ranks):
     population_size  selection populations topology migration_selection
1863              19 tournament         113     star          tournament
2141              13 tournament         133     mesh                 sus
2093              12 tournament         143     ring          tournament
2043              10 tournament         139     mesh                 sus
# 2023-01-24 12:36:06 CET: Iteration 6 of 6
# experimentsUsedSoFar: 14210
# remainingBudget: 790
# currentBudget: 790
# nbConfigurations: 53
# Markers:
     x No test is performed.
     c Configurations are discarded only due to capping.
     - The test is performed and some configurations are discarded.
     = The test is performed but no configuration is discarded.
     ! The test is performed and configurations could be discarded but elite configurations are preserved.
     . All alive configurations are elite and nothing is discarded

+-+-----------+-----------+-----------+----------------+-----------+--------+-----+----+------+
| |   Instance|      Alive|       Best|       Mean best| Exp so far|  W time|  rho|KenW|  Qvar|
+-+-----------+-----------+-----------+----------------+-----------+--------+-----+----+------+
|x|         16|         53|       2141|     313.4421001|         53|00:00:28|   NA|  NA|    NA|
|x|          9|         53|       2189|     361.4061733|        102|00:00:26|+0.11|0.56|0.8841|
|x|         10|         53|       2194|     365.0606878|        151|00:00:25|+0.26|0.51|0.7940|
|x|          2|         53|       2168|     369.4397807|        200|00:00:26|+0.27|0.45|0.7850|
|-|          4|         25|       2168|     364.2014482|        249|00:00:25|-0.09|0.13|1.0141|
|=|          7|         25|       2168|     371.9081780|        270|00:00:13|-0.04|0.13|0.9701|
|=|          3|         25|       2093|     388.2206434|        291|00:00:12|-0.02|0.12|0.9541|
|=|         12|         25|       2168|     390.3967094|        312|00:00:14|-0.03|0.10|0.9568|
|=|          5|         25|       2168|     394.3175012|        333|00:00:15|-0.02|0.09|0.9487|
|=|          6|         25|       1863|     398.5267392|        354|00:00:12|+0.00|0.10|0.9391|
|=|          8|         25|       2141|     400.0355288|        375|00:00:13|+0.01|0.10|0.9403|
|=|         14|         25|       2141|     400.8842106|        396|00:00:12|+0.01|0.10|0.9316|
|=|         15|         25|       2141|     397.8643710|        417|00:00:13|+0.02|0.10|0.9214|
|=|         13|         25|       1863|     398.2959865|        438|00:00:12|+0.03|0.10|0.9112|
|=|          1|         25|       1863|     398.9989900|        459|00:00:13|+0.04|0.10|0.9175|
|-|         11|         13|       2141|     396.7798375|        480|00:00:12|+0.02|0.08|0.9084|
|=|         17|         13|       2141|     397.8293517|        493|00:00:07|+0.02|0.08|0.9142|
|=|         18|         13|       2141|     397.9399903|        506|00:00:08|+0.03|0.08|0.9078|
+-+-----------+-----------+-----------+----------------+-----------+--------+-----+----+------+
Best-so-far configuration:        2141    mean value:      397.9399903
Description of the best-so-far configuration:
     .ID. population_size  selection populations topology migration_selection .PARENT.
2141 2141              13 tournament         133     mesh                 sus     1998

# 2023-01-24 12:41:01 CET: Elite configurations (first number is the configuration ID; listed from best to worst according to the sum of ranks):
     population_size  selection populations topology migration_selection
2141              13 tournament         133     mesh                 sus
1863              19 tournament         113     star          tournament
2093              12 tournament         143     ring          tournament
2187              12 tournament         144     ring          tournament
# 2023-01-24 12:41:01 CET: Iteration 7 of 7
# experimentsUsedSoFar: 14716
# remainingBudget: 284
# currentBudget: 284
# nbConfigurations: 18
# Markers:
     x No test is performed.
     c Configurations are discarded only due to capping.
     - The test is performed and some configurations are discarded.
     = The test is performed but no configuration is discarded.
     ! The test is performed and configurations could be discarded but elite configurations are preserved.
     . All alive configurations are elite and nothing is discarded

+-+-----------+-----------+-----------+----------------+-----------+--------+-----+----+------+
| |   Instance|      Alive|       Best|       Mean best| Exp so far|  W time|  rho|KenW|  Qvar|
+-+-----------+-----------+-----------+----------------+-----------+--------+-----+----+------+
|x|         19|         18|       2216|     290.1333122|         18|00:00:10|   NA|  NA|    NA|
|x|         11|         18|       2093|     351.2042642|         32|00:00:07|+0.53|0.76|0.4588|
|x|          7|         18|       2093|     345.3636807|         46|00:00:08|+0.10|0.40|0.8710|
|x|          1|         18|       2093|     363.6482006|         60|00:00:08|+0.13|0.35|0.8375|
|=|         12|         18|       1863|     380.7214837|         74|00:00:07|+0.02|0.22|0.9268|
|=|         10|         18|       1863|     386.6548693|         88|00:00:07|+0.06|0.22|0.8959|
|=|         18|         18|       1863|     384.2828554|        102|00:00:08|+0.09|0.22|0.8686|
|-|          2|         11|       1863|     390.0110507|        116|00:00:08|-0.03|0.10|0.9361|
|=|         14|         11|       2093|     381.0911278|        123|00:00:04|-0.00|0.11|0.9071|
|=|         15|         11|       1863|     385.3095032|        130|00:00:04|+0.00|0.10|0.8983|
|=|          8|         11|       1863|     389.8685262|        137|00:00:04|-0.01|0.09|0.9108|
|=|         17|         11|       1863|     390.2120468|        144|00:00:04|+0.00|0.09|0.8986|
|=|          3|         11|       1863|     391.4516736|        151|00:00:04|+0.03|0.11|0.8687|
|=|         16|         11|       2093|     386.3911816|        158|00:00:04|+0.04|0.11|0.8634|
|=|          6|         11|       2141|     391.6777447|        165|00:00:04|+0.06|0.12|0.8504|
|-|          4|          7|       2141|     392.8790656|        172|00:00:04|+0.01|0.07|0.8318|
|=|          9|          7|       2141|     395.5778589|        175|00:00:02|+0.01|0.07|0.8408|
|=|         13|          7|       1863|     394.7397149|        178|00:00:02|+0.00|0.06|0.8462|
|=|          5|          7|       2141|     397.0871099|        181|00:00:02|+0.01|0.06|0.8405|
|=|         20|          7|       2141|     398.7957611|        188|00:00:04|-0.01|0.04|0.8600|
+-+-----------+-----------+-----------+----------------+-----------+--------+-----+----+------+
Best-so-far configuration:        2141    mean value:      398.7957611
Description of the best-so-far configuration:
     .ID. population_size  selection populations topology migration_selection .PARENT.
2141 2141              13 tournament         133     mesh                 sus     1998

# 2023-01-24 12:42:54 CET: Elite configurations (first number is the configuration ID; listed from best to worst according to the sum of ranks):
     population_size  selection populations topology migration_selection
2141              13 tournament         133     mesh                 sus
1863              19 tournament         113     star          tournament
2093              12 tournament         143     ring          tournament
2187              12 tournament         144     ring          tournament
# 2023-01-24 12:42:54 CET: Iteration 8 of 8
# experimentsUsedSoFar: 14904
# remainingBudget: 96
# currentBudget: 96
# nbConfigurations: 8
# Markers:
     x No test is performed.
     c Configurations are discarded only due to capping.
     - The test is performed and some configurations are discarded.
     = The test is performed but no configuration is discarded.
     ! The test is performed and configurations could be discarded but elite configurations are preserved.
     . All alive configurations are elite and nothing is discarded

+-+-----------+-----------+-----------+----------------+-----------+--------+-----+----+------+
| |   Instance|      Alive|       Best|       Mean best| Exp so far|  W time|  rho|KenW|  Qvar|
+-+-----------+-----------+-----------+----------------+-----------+--------+-----+----+------+
|x|         21|          8|       2227|     375.8068434|          8|00:00:04|   NA|  NA|    NA|
|x|         10|          8|       2227|     386.4880169|         12|00:00:02|+0.02|0.51|0.7242|
|x|          1|          8|       2227|     405.3351015|         16|00:00:02|-0.12|0.25|0.9517|
|x|         11|          8|       2141|     407.6981365|         20|00:00:02|+0.07|0.30|0.7844|
|=|         20|          8|       2141|     412.4105359|         24|00:00:02|-0.10|0.12|0.9525|
|=|          2|          8|       2141|     404.0750449|         28|00:00:02|-0.00|0.16|0.8961|
|=|         13|          8|       2141|     407.1698954|         32|00:00:02|+0.03|0.17|0.8387|
|=|          9|          8|       2141|     411.1184773|         36|00:00:02|+0.02|0.15|0.8552|
|=|          8|          8|       2141|     406.8656264|         40|00:00:02|+0.02|0.13|0.8640|
|=|         17|          8|       2141|     407.6412217|         44|00:00:02|+0.06|0.16|0.8273|
|=|          4|          8|       2141|     407.9373724|         48|00:00:02|+0.06|0.14|0.8380|
|=|          3|          8|       2141|     409.3518259|         52|00:00:02|+0.08|0.15|0.8196|
|=|         12|          8|       2141|     412.2394485|         56|00:00:02|+0.05|0.13|0.8292|
|=|         18|          8|       2141|     411.3524056|         60|00:00:02|+0.03|0.10|0.8526|
|=|         19|          8|       2141|     409.3779294|         64|00:00:02|+0.05|0.11|0.8391|
|-|          5|          5|       2141|     408.4225894|         68|00:00:02|+0.04|0.10|0.7542|
|=|         14|          5|       1863|     407.4356451|         69|00:00:01|+0.03|0.09|0.7601|
|=|          6|          5|       2141|     407.0435637|         70|00:00:02|+0.02|0.08|0.7728|
|=|         15|          5|       1863|     401.5318490|         71|00:00:01|+0.03|0.08|0.7773|
|=|          7|          5|       1863|     400.9887761|         72|00:00:01|+0.01|0.06|0.7850|
|=|         16|          5|       2141|     401.8450951|         73|00:00:01|+0.02|0.06|0.7765|
|=|         22|          5|       1863|     397.8970242|         78|00:00:03|+0.02|0.06|0.7762|
+-+-----------+-----------+-----------+----------------+-----------+--------+-----+----+------+
Best-so-far configuration:        1863    mean value:      397.8970242
Description of the best-so-far configuration:
     .ID. population_size  selection populations topology migration_selection .PARENT.
1863 1863              19 tournament         113     star          tournament     1412

# 2023-01-24 12:43:47 CET: Elite configurations (first number is the configuration ID; listed from best to worst according to the sum of ranks):
     population_size  selection populations topology migration_selection
1863              19 tournament         113     star          tournament
2141              13 tournament         133     mesh                 sus
2093              12 tournament         143     ring          tournament
2187              12 tournament         144     ring          tournament
# 2023-01-24 12:43:47 CET: Stopped because there is not enough budget left to race more than the minimum (4)
# You may either increase the budget or set 'minNbSurvival' to a lower value
# Iteration: 9
# nbIterations: 9
# experimentsUsedSoFar: 14982
# timeUsed: 0
# remainingBudget: 18
# currentBudget: 18
# number of elites: 4
# nbConfigurations: 4
# Total CPU user time: 25836.17, CPU sys time: 2291.761, Wall-clock time: 7695.23
# Best configurations (first number is the configuration ID; listed from best to worst according to the sum of ranks):
     population_size  selection populations topology migration_selection
1863              19 tournament         113     star          tournament
2141              13 tournament         133     mesh                 sus
2093              12 tournament         143     ring          tournament
2187              12 tournament         144     ring          tournament
# Best configurations as commandlines (first number is the configuration ID; same order as above):
1863  --population-size 19 --selection tournament --populations 113 --topology star --migration-selection tournament
2141  --population-size 13 --selection tournament --populations 133 --topology mesh --migration-selection sus
2093  --population-size 12 --selection tournament --populations 143 --topology ring --migration-selection tournament
2187  --population-size 12 --selection tournament --populations 144 --topology ring --migration-selection tournament


# Testing of elite configurations: 1 
# Testing iteration configurations: FALSE 
# 2023-01-24 12:43:47 CET: No test instances, skip testing
