#------------------------------------------------------------------------------
# irace: An implementation in R of (Elitist) Iterated Racing
# Version: 3.5.6863679
# Copyright (C) 2010-2020
# Manuel Lopez-Ibanez     <manuel.lopez-ibanez@manchester.ac.uk>
# Jeremie Dubois-Lacoste  
# Leslie Perez Caceres    <leslie.perez.caceres@ulb.ac.be>
#
# This is free software, and you are welcome to redistribute it under certain
# conditions.  See the GNU General Public License for details. There is NO
# WARRANTY; not even for MERCHANTABILITY or FITNESS FOR A PARTICULAR PURPOSE.
#
# irace builds upon previous code from the race package:
#     race: Racing methods for the selection of the best
#     Copyright (C) 2003 Mauro Birattari
#------------------------------------------------------------------------------
# installed at: /net/people/plgrid/plgfkatul/R/irace
# called with: --exec-dir=target-runner-17 --seed 1234583
== irace == WARNING: A default scenario file '/net/people/plgrid/plgfkatul/computational-intelligence/tuning/scenario.txt' has been found and will be read.
# 2023-01-24 13:45:53 CET: Initialization
# Elitist race
# Elitist new instances: 1
# Elitist limit: 2
# nbIterations: 4
# minNbSurvival: 4
# nbParameters: 5
# seed: 1234583
# confidence level: 0.95
# budget: 15000
# mu: 5
# deterministic: FALSE

# 2023-01-24 13:45:53 CET: Iteration 1 of 4
# experimentsUsedSoFar: 0
# remainingBudget: 15000
# currentBudget: 3750
# nbConfigurations: 625
# Markers:
     x No test is performed.
     c Configurations are discarded only due to capping.
     - The test is performed and some configurations are discarded.
     = The test is performed but no configuration is discarded.
     ! The test is performed and configurations could be discarded but elite configurations are preserved.
     . All alive configurations are elite and nothing is discarded

+-+-----------+-----------+-----------+----------------+-----------+--------+-----+----+------+
| |   Instance|      Alive|       Best|       Mean best| Exp so far|  W time|  rho|KenW|  Qvar|
+-+-----------+-----------+-----------+----------------+-----------+--------+-----+----+------+
|x|          1|        625|        163|     259.4870764|        625|00:05:31|   NA|  NA|    NA|
|x|          2|        625|        268|     313.8396789|       1250|00:05:28|+0.47|0.73|0.5634|
|x|          3|        625|        289|     347.8800484|       1875|00:05:29|+0.46|0.64|0.5793|
|x|          4|        625|        583|     361.1884094|       2500|00:05:20|+0.45|0.59|0.6047|
|-|          5|        154|        583|     346.4572960|       3125|00:05:00|-0.03|0.18|1.0099|
|=|          6|        154|        583|     360.1771523|       3279|00:01:20|-0.02|0.15|1.0066|
|=|          7|        154|        583|     367.7821323|       3433|00:01:20|-0.01|0.14|0.9983|
+-+-----------+-----------+-----------+----------------+-----------+--------+-----+----+------+
Best-so-far configuration:         583    mean value:      367.7821323
Description of the best-so-far configuration:
    .ID. population_size  selection populations        topology migration_selection .PARENT.
583  583              16 tournament         117 fully_connected                 sus       NA

# 2023-01-24 14:15:24 CET: Elite configurations (first number is the configuration ID; listed from best to worst according to the sum of ranks):
    population_size  selection populations        topology migration_selection
583              16 tournament         117 fully_connected                 sus
142              25 tournament         109 fully_connected                 sus
442              14 tournament         172 fully_connected            roulette
26               11 tournament         128            star          tournament
# 2023-01-24 14:15:24 CET: Iteration 2 of 4
# experimentsUsedSoFar: 3433
# remainingBudget: 11567
# currentBudget: 3855
# nbConfigurations: 485
# Markers:
     x No test is performed.
     c Configurations are discarded only due to capping.
     - The test is performed and some configurations are discarded.
     = The test is performed but no configuration is discarded.
     ! The test is performed and configurations could be discarded but elite configurations are preserved.
     . All alive configurations are elite and nothing is discarded

+-+-----------+-----------+-----------+----------------+-----------+--------+-----+----+------+
| |   Instance|      Alive|       Best|       Mean best| Exp so far|  W time|  rho|KenW|  Qvar|
+-+-----------+-----------+-----------+----------------+-----------+--------+-----+----+------+
|x|          8|        485|       1087|     225.8389652|        485|00:03:54|   NA|  NA|    NA|
|x|          4|        485|        812|     341.7426949|        966|00:03:53|+0.50|0.75|0.6099|
|x|          7|        485|        812|     363.4940845|       1447|00:03:53|+0.50|0.67|0.5814|
|x|          5|        485|        661|     383.5142692|       1928|00:03:55|+0.51|0.63|0.5670|
|-|          3|        154|        661|     390.5311578|       2409|00:03:54|-0.07|0.14|1.0697|
|=|          2|        154|        628|     388.1520570|       2559|00:01:18|-0.05|0.13|1.0485|
|=|          1|        154|        583|     377.4775492|       2709|00:01:18|-0.04|0.11|1.0303|
|=|          6|        154|        583|     383.8899097|       2859|00:01:20|-0.02|0.10|1.0180|
|=|          9|        154|        726|     396.0391332|       3013|00:01:20|-0.02|0.10|1.0104|
+-+-----------+-----------+-----------+----------------+-----------+--------+-----+----+------+
Best-so-far configuration:         726    mean value:      396.0391332
Description of the best-so-far configuration:
    .ID. population_size  selection populations        topology migration_selection .PARENT.
726  726              22 tournament         134 fully_connected          tournament      142

# 2023-01-24 14:40:16 CET: Elite configurations (first number is the configuration ID; listed from best to worst according to the sum of ranks):
    population_size  selection populations        topology migration_selection
726              22 tournament         134 fully_connected          tournament
628              14 tournament         102            star          tournament
583              16 tournament         117 fully_connected                 sus
894              22 tournament         123 fully_connected          tournament
# 2023-01-24 14:40:16 CET: Iteration 3 of 4
# experimentsUsedSoFar: 6446
# remainingBudget: 8554
# currentBudget: 4277
# nbConfigurations: 431
# Markers:
     x No test is performed.
     c Configurations are discarded only due to capping.
     - The test is performed and some configurations are discarded.
     = The test is performed but no configuration is discarded.
     ! The test is performed and configurations could be discarded but elite configurations are preserved.
     . All alive configurations are elite and nothing is discarded

+-+-----------+-----------+-----------+----------------+-----------+--------+-----+----+------+
| |   Instance|      Alive|       Best|       Mean best| Exp so far|  W time|  rho|KenW|  Qvar|
+-+-----------+-----------+-----------+----------------+-----------+--------+-----+----+------+
|x|         10|        431|       1126|     260.9830388|        431|00:03:35|   NA|  NA|    NA|
|x|          8|        431|       1195|     355.7856255|        858|00:03:36|+0.50|0.75|0.6347|
|x|          6|        431|       1354|     373.8067889|       1285|00:03:37|+0.48|0.66|0.6338|
|x|          5|        431|        726|     385.9883109|       1712|00:03:36|+0.49|0.62|0.6203|
|-|          2|        150|       1384|     385.7927292|       2139|00:03:35|-0.12|0.10|1.1038|
|=|          3|        150|       1354|     385.3201386|       2285|00:01:21|-0.07|0.11|1.0631|
|=|          1|        150|       1354|     372.7468480|       2431|00:01:23|-0.06|0.10|1.0407|
|=|          7|        150|       1354|     378.2187076|       2577|00:01:22|-0.04|0.09|1.0283|
|=|          4|        150|       1354|     378.9348999|       2723|00:01:21|-0.03|0.08|1.0221|
|=|          9|        150|       1354|     379.6612754|       2869|00:01:21|-0.02|0.08|1.0167|
|=|         11|        150|       1354|     380.8318686|       3019|00:01:24|-0.01|0.08|1.0070|
+-+-----------+-----------+-----------+----------------+-----------+--------+-----+----+------+
Best-so-far configuration:        1354    mean value:      380.8318686
Description of the best-so-far configuration:
     .ID. population_size  selection populations topology migration_selection .PARENT.
1354 1354              16 tournament         108     ring            roulette      583

# 2023-01-24 15:06:35 CET: Elite configurations (first number is the configuration ID; listed from best to worst according to the sum of ranks):
     population_size  selection populations        topology migration_selection
1354              16 tournament         108            ring            roulette
1121              19 tournament         109            star          tournament
1425              18 tournament         118 fully_connected          tournament
583               16 tournament         117 fully_connected                 sus
# 2023-01-24 15:06:35 CET: Iteration 4 of 4
# experimentsUsedSoFar: 9465
# remainingBudget: 5535
# currentBudget: 5535
# nbConfigurations: 464
# Markers:
     x No test is performed.
     c Configurations are discarded only due to capping.
     - The test is performed and some configurations are discarded.
     = The test is performed but no configuration is discarded.
     ! The test is performed and configurations could be discarded but elite configurations are preserved.
     . All alive configurations are elite and nothing is discarded

+-+-----------+-----------+-----------+----------------+-----------+--------+-----+----+------+
| |   Instance|      Alive|       Best|       Mean best| Exp so far|  W time|  rho|KenW|  Qvar|
+-+-----------+-----------+-----------+----------------+-----------+--------+-----+----+------+
|x|         12|        464|       1956|     256.2113983|        464|00:04:02|   NA|  NA|    NA|
|x|          2|        464|       1838|     327.2985337|        924|00:04:00|+0.32|0.66|0.7690|
|x|          8|        464|       1980|     367.7390770|       1384|00:04:02|+0.34|0.56|0.7629|
|x|          5|        464|       1646|     363.2021664|       1844|00:04:00|+0.37|0.53|0.7222|
|-|          6|        151|       1646|     362.7056280|       2304|00:03:53|-0.14|0.09|1.1211|
|=|          7|        151|       1646|     370.7373945|       2451|00:01:17|-0.10|0.09|1.0839|
|=|          4|        151|       1646|     377.6721026|       2598|00:01:17|-0.06|0.09|1.0434|
|=|         10|        151|       1647|     379.5080592|       2745|00:01:15|-0.03|0.10|1.0204|
|=|          3|        151|       1976|     390.1842301|       2892|00:01:16|-0.03|0.08|1.0172|
|=|         11|        151|       1976|     390.7807181|       3039|00:01:14|-0.03|0.07|1.0161|
|=|          1|        151|       1976|     387.4793933|       3186|00:01:15|-0.01|0.08|1.0029|
|=|          9|        151|       1354|     387.2555569|       3333|00:01:14|-0.01|0.07|1.0035|
|=|         13|        151|       1976|     393.3853153|       3484|00:01:16|-0.01|0.07|1.0002|
+-+-----------+-----------+-----------+----------------+-----------+--------+-----+----+------+
Best-so-far configuration:        1976    mean value:      393.3853153
Description of the best-so-far configuration:
     .ID. population_size  selection populations topology migration_selection .PARENT.
1976 1976              19 tournament         116     star                 sus     1425

# 2023-01-24 15:36:45 CET: Elite configurations (first number is the configuration ID; listed from best to worst according to the sum of ranks):
     population_size  selection populations topology migration_selection
1976              19 tournament         116     star                 sus
1641              19 tournament         113     star          tournament
1121              19 tournament         109     star          tournament
1354              16 tournament         108     ring            roulette
# 2023-01-24 15:36:45 CET: Iteration 5 of 5
# experimentsUsedSoFar: 12949
# remainingBudget: 2051
# currentBudget: 2051
# nbConfigurations: 150
# Markers:
     x No test is performed.
     c Configurations are discarded only due to capping.
     - The test is performed and some configurations are discarded.
     = The test is performed but no configuration is discarded.
     ! The test is performed and configurations could be discarded but elite configurations are preserved.
     . All alive configurations are elite and nothing is discarded

+-+-----------+-----------+-----------+----------------+-----------+--------+-----+----+------+
| |   Instance|      Alive|       Best|       Mean best| Exp so far|  W time|  rho|KenW|  Qvar|
+-+-----------+-----------+-----------+----------------+-----------+--------+-----+----+------+
|x|         14|        150|       2097|     308.6867284|        150|00:01:18|   NA|  NA|    NA|
|x|          5|        150|       2083|     383.0078654|        296|00:01:16|+0.21|0.61|0.8497|
|x|          2|        150|       2056|     374.1477158|        442|00:01:15|+0.25|0.50|0.7860|
|x|         12|        150|       2044|     386.7497726|        588|00:01:16|+0.26|0.45|0.7857|
|-|          6|         77|       2127|     387.4791646|        734|00:01:15|-0.15|0.08|1.1280|
|=|         10|         77|       2127|     394.6711928|        807|00:00:39|-0.09|0.09|1.0806|
|=|          3|         77|       1976|     395.9503882|        880|00:00:40|-0.08|0.07|1.0651|
|=|          1|         77|       1976|     390.7648579|        953|00:00:41|-0.05|0.08|1.0409|
|=|          9|         77|       1976|     397.3401518|       1026|00:00:40|-0.04|0.07|1.0327|
|=|          8|         77|       1976|     394.5520677|       1099|00:00:40|-0.02|0.08|1.0106|
|=|          7|         77|       1976|     389.1300552|       1172|00:00:39|-0.01|0.08|1.0019|
|=|         11|         77|       1976|     389.7149764|       1245|00:00:39|-0.00|0.08|0.9931|
|=|         13|         77|       1976|     390.6440759|       1318|00:00:40|-0.00|0.07|0.9953|
|=|          4|         77|       1976|     390.7506830|       1391|00:00:40|+0.01|0.08|0.9841|
|=|         15|         77|       1976|     390.7685554|       1468|00:00:43|+0.01|0.07|0.9838|
+-+-----------+-----------+-----------+----------------+-----------+--------+-----+----+------+
Best-so-far configuration:        1976    mean value:      390.7685554
Description of the best-so-far configuration:
     .ID. population_size  selection populations topology migration_selection .PARENT.
1976 1976              19 tournament         116     star                 sus     1425

# 2023-01-24 15:49:53 CET: Elite configurations (first number is the configuration ID; listed from best to worst according to the sum of ranks):
     population_size  selection populations topology migration_selection
1976              19 tournament         116     star                 sus
2056              20 tournament         134     star                 sus
1354              16 tournament         108     ring            roulette
1641              19 tournament         113     star          tournament
# 2023-01-24 15:49:53 CET: Iteration 6 of 6
# experimentsUsedSoFar: 14417
# remainingBudget: 583
# currentBudget: 583
# nbConfigurations: 40
# Markers:
     x No test is performed.
     c Configurations are discarded only due to capping.
     - The test is performed and some configurations are discarded.
     = The test is performed but no configuration is discarded.
     ! The test is performed and configurations could be discarded but elite configurations are preserved.
     . All alive configurations are elite and nothing is discarded

+-+-----------+-----------+-----------+----------------+-----------+--------+-----+----+------+
| |   Instance|      Alive|       Best|       Mean best| Exp so far|  W time|  rho|KenW|  Qvar|
+-+-----------+-----------+-----------+----------------+-----------+--------+-----+----+------+
|x|         16|         40|       2150|     329.5567097|         40|00:00:21|   NA|  NA|    NA|
|x|          3|         40|       2158|     363.1839566|         76|00:00:19|-0.02|0.49|1.1127|
|x|         12|         40|       2146|     383.4478512|        112|00:00:19|-0.05|0.30|1.0451|
|x|         15|         40|       2142|     401.2376219|        148|00:00:19|-0.05|0.22|1.0243|
|=|          2|         40|       1976|     411.6647690|        184|00:00:19|-0.07|0.15|1.0465|
|=|          9|         40|       2142|     407.5313025|        220|00:00:20|-0.07|0.11|1.0435|
|=|         11|         40|       2142|     405.2147496|        256|00:00:19|-0.01|0.14|0.9872|
|=|         13|         40|       2153|     391.5730221|        292|00:00:20|+0.01|0.14|0.9607|
|=|          1|         40|       1976|     406.7416526|        328|00:00:20|+0.03|0.14|0.9483|
|-|          7|         21|       1976|     399.5584803|        364|00:00:19|-0.04|0.07|0.9925|
|=|          8|         21|       1976|     396.8221922|        381|00:00:11|-0.02|0.07|0.9851|
|=|          5|         21|       1976|     398.7272668|        398|00:00:10|-0.02|0.07|0.9794|
|=|          4|         21|       1976|     398.2202905|        415|00:00:09|+0.00|0.08|0.9633|
|=|         10|         21|       1976|     399.6093198|        432|00:00:10|+0.01|0.08|0.9614|
|=|         14|         21|       1976|     396.7353960|        449|00:00:09|+0.01|0.07|0.9580|
|=|          6|         21|       1976|     393.3023924|        466|00:00:09|+0.02|0.08|0.9486|
|=|         17|         21|       1976|     397.6221104|        487|00:00:12|+0.01|0.06|0.9561|
+-+-----------+-----------+-----------+----------------+-----------+--------+-----+----+------+
Best-so-far configuration:        1976    mean value:      397.6221104
Description of the best-so-far configuration:
     .ID. population_size  selection populations topology migration_selection .PARENT.
1976 1976              19 tournament         116     star                 sus     1425

# 2023-01-24 15:54:29 CET: Elite configurations (first number is the configuration ID; listed from best to worst according to the sum of ranks):
     population_size  selection populations topology migration_selection
1976              19 tournament         116     star                 sus
1641              19 tournament         113     star          tournament
2056              20 tournament         134     star                 sus
1354              16 tournament         108     ring            roulette
# 2023-01-24 15:54:29 CET: Iteration 7 of 7
# experimentsUsedSoFar: 14904
# remainingBudget: 96
# currentBudget: 96
# nbConfigurations: 9
# Markers:
     x No test is performed.
     c Configurations are discarded only due to capping.
     - The test is performed and some configurations are discarded.
     = The test is performed but no configuration is discarded.
     ! The test is performed and configurations could be discarded but elite configurations are preserved.
     . All alive configurations are elite and nothing is discarded

+-+-----------+-----------+-----------+----------------+-----------+--------+-----+----+------+
| |   Instance|      Alive|       Best|       Mean best| Exp so far|  W time|  rho|KenW|  Qvar|
+-+-----------+-----------+-----------+----------------+-----------+--------+-----+----+------+
|x|         18|          9|       2176|     359.8454922|          9|00:00:05|   NA|  NA|    NA|
|x|         15|          9|       2178|     394.7734761|         14|00:00:03|-0.35|0.33|1.1161|
|x|         14|          9|       2178|     381.7309804|         19|00:00:03|+0.09|0.39|0.8062|
|x|         10|          9|       2178|     397.6035624|         24|00:00:03|+0.04|0.28|0.8340|
|=|         12|          9|       2178|     407.8261343|         29|00:00:03|-0.07|0.15|0.9415|
|=|          8|          9|       2056|     401.9684658|         34|00:00:03|-0.03|0.14|0.8836|
|=|         11|          9|       1641|     404.2095343|         39|00:00:03|+0.03|0.17|0.8154|
|=|          2|          9|       2056|     393.1595694|         44|00:00:03|+0.08|0.20|0.7858|
|=|          1|          9|       1976|     402.4923369|         49|00:00:03|+0.10|0.20|0.7759|
|=|          7|          9|       1976|     395.7340962|         54|00:00:03|+0.07|0.17|0.8014|
|=|         16|          9|       1976|     398.9682646|         59|00:00:03|+0.03|0.12|0.8431|
|=|          5|          9|       2056|     394.3086205|         64|00:00:03|+0.07|0.15|0.8076|
|=|          3|          9|       1976|     400.2984089|         69|00:00:03|+0.07|0.14|0.8106|
|=|         13|          9|       1976|     400.4051847|         74|00:00:03|+0.07|0.13|0.8133|
|-|          6|          4|       1976|     396.4986617|         79|00:00:03|-0.04|0.03|0.7745|
|.|          4|          4|       1976|     396.2260313|         79|00:00:00|-0.05|0.02|0.7841|
|.|         17|          4|       1976|     400.3737704|         79|00:00:00|-0.05|0.01|0.7853|
|.|          9|          4|       1976|     403.1275889|         79|00:00:00|-0.05|0.01|0.7849|
+-+-----------+-----------+-----------+----------------+-----------+--------+-----+----+------+
Best-so-far configuration:        1976    mean value:      403.1275889
Description of the best-so-far configuration:
     .ID. population_size  selection populations topology migration_selection .PARENT.
1976 1976              19 tournament         116     star                 sus     1425

# 2023-01-24 15:55:29 CET: Elite configurations (first number is the configuration ID; listed from best to worst according to the sum of ranks):
     population_size  selection populations topology migration_selection
1976              19 tournament         116     star                 sus
2056              20 tournament         134     star                 sus
1641              19 tournament         113     star          tournament
1354              16 tournament         108     ring            roulette
# 2023-01-24 15:55:29 CET: Stopped because there is not enough budget left to race more than the minimum (4)
# You may either increase the budget or set 'minNbSurvival' to a lower value
# Iteration: 8
# nbIterations: 8
# experimentsUsedSoFar: 14983
# timeUsed: 0
# remainingBudget: 17
# currentBudget: 17
# number of elites: 4
# nbConfigurations: 4
# Total CPU user time: 27224.56, CPU sys time: 2144.141, Wall-clock time: 7776.256
# Best configurations (first number is the configuration ID; listed from best to worst according to the sum of ranks):
     population_size  selection populations topology migration_selection
1976              19 tournament         116     star                 sus
2056              20 tournament         134     star                 sus
1641              19 tournament         113     star          tournament
1354              16 tournament         108     ring            roulette
# Best configurations as commandlines (first number is the configuration ID; same order as above):
1976  --population-size 19 --selection tournament --populations 116 --topology star --migration-selection sus
2056  --population-size 20 --selection tournament --populations 134 --topology star --migration-selection sus
1641  --population-size 19 --selection tournament --populations 113 --topology star --migration-selection tournament
1354  --population-size 16 --selection tournament --populations 108 --topology ring --migration-selection roulette


# Testing of elite configurations: 1 
# Testing iteration configurations: FALSE 
# 2023-01-24 15:55:29 CET: No test instances, skip testing
