#------------------------------------------------------------------------------
# irace: An implementation in R of (Elitist) Iterated Racing
# Version: 3.5.6863679
# Copyright (C) 2010-2020
# Manuel Lopez-Ibanez     <manuel.lopez-ibanez@manchester.ac.uk>
# Jeremie Dubois-Lacoste  
# Leslie Perez Caceres    <leslie.perez.caceres@ulb.ac.be>
#
# This is free software, and you are welcome to redistribute it under certain
# conditions.  See the GNU General Public License for details. There is NO
# WARRANTY; not even for MERCHANTABILITY or FITNESS FOR A PARTICULAR PURPOSE.
#
# irace builds upon previous code from the race package:
#     race: Racing methods for the selection of the best
#     Copyright (C) 2003 Mauro Birattari
#------------------------------------------------------------------------------
# installed at: /net/people/plgrid/plgfkatul/R/irace
# called with: --exec-dir=target-runner-09 --seed 1234575
== irace == WARNING: A default scenario file '/net/people/plgrid/plgfkatul/computational-intelligence/tuning/scenario.txt' has been found and will be read.
# 2023-01-24 13:45:53 CET: Initialization
# Elitist race
# Elitist new instances: 1
# Elitist limit: 2
# nbIterations: 4
# minNbSurvival: 4
# nbParameters: 5
# seed: 1234575
# confidence level: 0.95
# budget: 15000
# mu: 5
# deterministic: FALSE

# 2023-01-24 13:45:53 CET: Iteration 1 of 4
# experimentsUsedSoFar: 0
# remainingBudget: 15000
# currentBudget: 3750
# nbConfigurations: 625
# Markers:
     x No test is performed.
     c Configurations are discarded only due to capping.
     - The test is performed and some configurations are discarded.
     = The test is performed but no configuration is discarded.
     ! The test is performed and configurations could be discarded but elite configurations are preserved.
     . All alive configurations are elite and nothing is discarded

+-+-----------+-----------+-----------+----------------+-----------+--------+-----+----+------+
| |   Instance|      Alive|       Best|       Mean best| Exp so far|  W time|  rho|KenW|  Qvar|
+-+-----------+-----------+-----------+----------------+-----------+--------+-----+----+------+
|x|          1|        625|         21|     252.5388883|        625|00:05:05|   NA|  NA|    NA|
|x|          2|        625|         21|     279.4793192|       1250|00:04:55|+0.41|0.70|0.5880|
|x|          3|        625|        528|     320.6261835|       1875|00:04:58|+0.43|0.62|0.6007|
|x|          4|        625|        528|     326.3938629|       2500|00:05:07|+0.42|0.57|0.5849|
|-|          5|        152|        528|     346.6510380|       3125|00:04:53|-0.00|0.20|0.9785|
|=|          6|        152|        528|     352.6539843|       3277|00:01:18|+0.04|0.20|0.9484|
|-|          7|         98|         57|     385.3853687|       3429|00:01:19|-0.07|0.08|1.0554|
|=|          8|         98|        528|     371.7803083|       3527|00:00:53|-0.05|0.09|1.0285|
|=|          9|         98|        528|     378.3147179|       3625|00:00:53|-0.04|0.07|1.0226|
+-+-----------+-----------+-----------+----------------+-----------+--------+-----+----+------+
Best-so-far configuration:         528    mean value:      378.3147179
Description of the best-so-far configuration:
    .ID. population_size  selection populations topology migration_selection .PARENT.
528  528               8 tournament         175     star                 sus       NA

# 2023-01-24 14:15:19 CET: Elite configurations (first number is the configuration ID; listed from best to worst according to the sum of ranks):
    population_size  selection populations        topology migration_selection
528               8 tournament         175            star                 sus
68               19 tournament         147            ring          tournament
242               7 tournament         160            ring            roulette
555              22 tournament         140 fully_connected          tournament
# 2023-01-24 14:15:19 CET: Iteration 2 of 4
# experimentsUsedSoFar: 3625
# remainingBudget: 11375
# currentBudget: 3791
# nbConfigurations: 382
# Markers:
     x No test is performed.
     c Configurations are discarded only due to capping.
     - The test is performed and some configurations are discarded.
     = The test is performed but no configuration is discarded.
     ! The test is performed and configurations could be discarded but elite configurations are preserved.
     . All alive configurations are elite and nothing is discarded

+-+-----------+-----------+-----------+----------------+-----------+--------+-----+----+------+
| |   Instance|      Alive|       Best|       Mean best| Exp so far|  W time|  rho|KenW|  Qvar|
+-+-----------+-----------+-----------+----------------+-----------+--------+-----+----+------+
|x|         10|        382|        925|     171.5976332|        382|00:02:55|   NA|  NA|    NA|
|x|          4|        382|        680|     265.7266934|        760|00:02:54|+0.44|0.72|0.6094|
|x|          9|        382|        680|     298.1970036|       1138|00:02:54|+0.45|0.64|0.6183|
|x|          6|        382|        744|     373.6979888|       1516|00:02:54|+0.43|0.57|0.6859|
|-|          2|        120|        744|     373.4008318|       1894|00:02:54|-0.08|0.14|1.0642|
|=|          3|        120|        744|     381.8232761|       2010|00:00:58|-0.04|0.14|1.0273|
|=|          5|        120|         68|     386.1180295|       2126|00:00:59|-0.02|0.12|1.0165|
|=|          7|        120|        555|     394.3185952|       2242|00:00:58|-0.02|0.11|1.0143|
|=|          1|        120|        555|     400.8316375|       2358|00:00:58|-0.01|0.10|1.0040|
|=|          8|        120|        555|     403.2012300|       2474|00:00:58|-0.00|0.10|0.9937|
|=|         11|        120|        644|     393.8510921|       2594|00:01:00|+0.00|0.09|0.9868|
+-+-----------+-----------+-----------+----------------+-----------+--------+-----+----+------+
Best-so-far configuration:         644    mean value:      393.8510921
Description of the best-so-far configuration:
    .ID. population_size  selection populations topology migration_selection .PARENT.
644  644              16 tournament         139     star            roulette      555

# 2023-01-24 14:35:50 CET: Elite configurations (first number is the configuration ID; listed from best to worst according to the sum of ranks):
    population_size  selection populations        topology migration_selection
644              16 tournament         139            star            roulette
555              22 tournament         140 fully_connected          tournament
760              17 tournament         130            star          tournament
941              10 tournament         155            ring            roulette
# 2023-01-24 14:35:50 CET: Iteration 3 of 4
# experimentsUsedSoFar: 6219
# remainingBudget: 8781
# currentBudget: 4390
# nbConfigurations: 369
# Markers:
     x No test is performed.
     c Configurations are discarded only due to capping.
     - The test is performed and some configurations are discarded.
     = The test is performed but no configuration is discarded.
     ! The test is performed and configurations could be discarded but elite configurations are preserved.
     . All alive configurations are elite and nothing is discarded

+-+-----------+-----------+-----------+----------------+-----------+--------+-----+----+------+
| |   Instance|      Alive|       Best|       Mean best| Exp so far|  W time|  rho|KenW|  Qvar|
+-+-----------+-----------+-----------+----------------+-----------+--------+-----+----+------+
|x|         12|        369|       1058|     313.1483165|        369|00:03:04|   NA|  NA|    NA|
|x|          5|        369|       1234|     335.0969464|        734|00:03:02|+0.39|0.69|0.7276|
|x|          6|        369|       1333|     377.3928962|       1099|00:03:02|+0.45|0.63|0.6539|
|x|          9|        369|       1293|     378.0809888|       1464|00:03:02|+0.44|0.58|0.6509|
|-|          8|        131|        941|     361.5938155|       1829|00:03:02|-0.14|0.09|1.1070|
|=|          2|        131|       1029|     383.8467204|       1956|00:01:10|-0.09|0.09|1.0613|
|=|         11|        131|        941|     367.9985544|       2083|00:01:10|-0.07|0.08|1.0406|
|=|          7|        131|        941|     370.1696883|       2210|00:01:09|-0.04|0.09|1.0198|
|=|          1|        131|        941|     369.9012147|       2337|00:01:09|-0.04|0.07|1.0179|
|=|          3|        131|        644|     386.3173905|       2464|00:01:10|-0.03|0.07|1.0100|
|=|         10|        131|       1084|     391.2999423|       2591|00:01:09|-0.02|0.08|0.9987|
|=|          4|        131|        760|     391.5995249|       2718|00:01:09|-0.02|0.07|1.0008|
|=|         13|        131|       1145|     399.3132522|       2849|00:01:12|-0.01|0.06|0.9972|
+-+-----------+-----------+-----------+----------------+-----------+--------+-----+----+------+
Best-so-far configuration:        1145    mean value:      399.3132522
Description of the best-so-far configuration:
     .ID. population_size  selection populations        topology migration_selection .PARENT.
1145 1145              24 tournament         130 fully_connected                 sus      555

# 2023-01-24 15:00:28 CET: Elite configurations (first number is the configuration ID; listed from best to worst according to the sum of ranks):
     population_size  selection populations        topology migration_selection
1145              24 tournament         130 fully_connected                 sus
1338              16 tournament         133 fully_connected                 sus
644               16 tournament         139            star            roulette
1039              15 tournament         119            star          tournament
# 2023-01-24 15:00:28 CET: Iteration 4 of 4
# experimentsUsedSoFar: 9068
# remainingBudget: 5932
# currentBudget: 5932
# nbConfigurations: 427
# Markers:
     x No test is performed.
     c Configurations are discarded only due to capping.
     - The test is performed and some configurations are discarded.
     = The test is performed but no configuration is discarded.
     ! The test is performed and configurations could be discarded but elite configurations are preserved.
     . All alive configurations are elite and nothing is discarded

+-+-----------+-----------+-----------+----------------+-----------+--------+-----+----+------+
| |   Instance|      Alive|       Best|       Mean best| Exp so far|  W time|  rho|KenW|  Qvar|
+-+-----------+-----------+-----------+----------------+-----------+--------+-----+----+------+
|x|         14|        427|       1749|     278.0858085|        427|00:03:40|   NA|  NA|    NA|
|x|         11|        427|       1431|     338.0367215|        850|00:03:39|+0.46|0.73|0.6677|
|x|          9|        427|       1145|     343.2824988|       1273|00:03:39|+0.45|0.64|0.6594|
|x|         13|        427|       1145|     348.1781213|       1696|00:03:39|+0.47|0.60|0.6259|
|-|          1|        130|       1517|     373.0145924|       2119|00:03:41|-0.11|0.11|1.0783|
|=|          5|        130|       1517|     372.7426159|       2245|00:01:10|-0.07|0.11|1.0532|
|=|          2|        130|       1517|     377.7578271|       2371|00:01:11|-0.05|0.10|1.0350|
|=|         12|        130|       1517|     385.7592232|       2497|00:01:11|-0.04|0.09|1.0262|
|=|          3|        130|       1378|     386.3097950|       2623|00:01:12|-0.02|0.09|1.0143|
|=|          6|        130|       1646|     386.7486924|       2749|00:01:11|-0.02|0.08|1.0107|
|=|         10|        130|       1646|     387.9996893|       2875|00:01:11|-0.02|0.08|1.0105|
|=|          7|        130|       1517|     396.3517381|       3001|00:01:11|-0.01|0.07|1.0069|
|=|          4|        130|       1517|     397.7823925|       3127|00:01:11|-0.01|0.07|1.0005|
|=|          8|        130|       1646|     391.4362314|       3253|00:01:11|-0.01|0.06|1.0002|
|=|         15|        130|       1646|     395.1115899|       3383|00:01:13|-0.01|0.06|1.0035|
+-+-----------+-----------+-----------+----------------+-----------+--------+-----+----+------+
Best-so-far configuration:        1646    mean value:      395.1115899
Description of the best-so-far configuration:
     .ID. population_size  selection populations topology migration_selection .PARENT.
1646 1646              25 tournament         117     star                 sus     1145

# 2023-01-24 15:30:45 CET: Elite configurations (first number is the configuration ID; listed from best to worst according to the sum of ranks):
     population_size  selection populations        topology migration_selection
1646              25 tournament         117            star                 sus
1618              23 tournament         127 fully_connected                 sus
1517              25 tournament         138            star                 sus
1762              13 tournament         163            star            roulette
# 2023-01-24 15:30:45 CET: Iteration 5 of 5
# experimentsUsedSoFar: 12451
# remainingBudget: 2549
# currentBudget: 2549
# nbConfigurations: 163
# Markers:
     x No test is performed.
     c Configurations are discarded only due to capping.
     - The test is performed and some configurations are discarded.
     = The test is performed but no configuration is discarded.
     ! The test is performed and configurations could be discarded but elite configurations are preserved.
     . All alive configurations are elite and nothing is discarded

+-+-----------+-----------+-----------+----------------+-----------+--------+-----+----+------+
| |   Instance|      Alive|       Best|       Mean best| Exp so far|  W time|  rho|KenW|  Qvar|
+-+-----------+-----------+-----------+----------------+-----------+--------+-----+----+------+
|x|         16|        163|       1830|     334.8419897|        163|00:01:30|   NA|  NA|    NA|
|x|          5|        163|       1925|     371.0739211|        322|00:01:27|+0.47|0.74|0.5956|
|x|          9|        163|       1517|     377.3876296|        481|00:01:27|+0.48|0.65|0.6101|
|x|          8|        163|       1899|     387.5530646|        640|00:01:27|+0.42|0.57|0.6715|
|-|         14|         58|       1899|     386.9970736|        799|00:01:28|-0.15|0.08|1.1195|
|=|         10|         58|       1517|     396.0070884|        853|00:00:32|-0.10|0.08|1.0803|
|=|         15|         58|       1899|     396.8821912|        907|00:00:32|-0.07|0.09|1.0498|
|=|          7|         58|       1517|     402.9615180|        961|00:00:32|-0.04|0.09|1.0196|
|=|          3|         58|       1517|     406.5127286|       1015|00:00:32|-0.02|0.09|1.0044|
|=|         12|         58|       1762|     400.7743067|       1069|00:00:32|-0.02|0.09|0.9995|
|=|          4|         58|       1795|     398.4113792|       1123|00:00:32|-0.01|0.08|0.9918|
|=|         13|         58|       1795|     399.2150670|       1177|00:00:32|-0.01|0.08|0.9876|
|=|          1|         58|       1517|     403.5445865|       1231|00:00:32|+0.00|0.08|0.9787|
|=|          2|         58|       1517|     403.8520514|       1285|00:00:32|+0.00|0.08|0.9743|
|=|         11|         58|       1517|     401.5052937|       1339|00:00:32|+0.00|0.07|0.9761|
|=|          6|         58|       1517|     403.6305121|       1393|00:00:32|+0.01|0.07|0.9764|
|=|         17|         58|       1517|     401.3992871|       1451|00:00:34|+0.01|0.07|0.9746|
+-+-----------+-----------+-----------+----------------+-----------+--------+-----+----+------+
Best-so-far configuration:        1517    mean value:      401.3992871
Description of the best-so-far configuration:
     .ID. population_size  selection populations topology migration_selection .PARENT.
1517 1517              25 tournament         138     star                 sus     1145

# 2023-01-24 15:44:41 CET: Elite configurations (first number is the configuration ID; listed from best to worst according to the sum of ranks):
     population_size  selection populations        topology migration_selection
1517              25 tournament         138            star                 sus
1618              23 tournament         127 fully_connected                 sus
1762              13 tournament         163            star            roulette
1646              25 tournament         117            star                 sus
# 2023-01-24 15:44:41 CET: Iteration 6 of 6
# experimentsUsedSoFar: 13902
# remainingBudget: 1098
# currentBudget: 1098
# nbConfigurations: 64
# Markers:
     x No test is performed.
     c Configurations are discarded only due to capping.
     - The test is performed and some configurations are discarded.
     = The test is performed but no configuration is discarded.
     ! The test is performed and configurations could be discarded but elite configurations are preserved.
     . All alive configurations are elite and nothing is discarded

+-+-----------+-----------+-----------+----------------+-----------+--------+-----+----+------+
| |   Instance|      Alive|       Best|       Mean best| Exp so far|  W time|  rho|KenW|  Qvar|
+-+-----------+-----------+-----------+----------------+-----------+--------+-----+----+------+
|x|         18|         64|       1984|     306.6721565|         64|00:00:40|   NA|  NA|    NA|
|x|          6|         64|       1997|     376.9354357|        124|00:00:36|-0.08|0.46|1.1192|
|x|          2|         64|       1997|     378.6772547|        184|00:00:36|+0.15|0.43|0.8973|
|x|          3|         64|       1762|     367.5899619|        244|00:00:36|+0.21|0.41|0.8149|
|-|         10|         27|       1762|     370.6187065|        304|00:00:36|-0.07|0.14|1.0540|
|=|         13|         27|       1965|     386.7442375|        327|00:00:15|-0.05|0.13|1.0167|
|=|         14|         27|       1965|     385.3368000|        350|00:00:14|-0.01|0.13|0.9891|
|=|          1|         27|       1762|     394.3656507|        373|00:00:15|-0.03|0.09|1.0040|
|=|         17|         27|       1965|     393.3357173|        396|00:00:14|-0.02|0.09|0.9905|
|=|          7|         27|       1965|     384.3542349|        419|00:00:15|-0.01|0.09|0.9746|
|=|         12|         27|       1965|     385.4614779|        442|00:00:14|+0.01|0.10|0.9632|
|=|         16|         27|       1965|     387.3889075|        465|00:00:15|+0.02|0.10|0.9542|
|=|         11|         27|       1762|     397.7397107|        488|00:00:14|+0.03|0.11|0.9425|
|=|          4|         27|       1965|     397.0033628|        511|00:00:15|+0.02|0.09|0.9464|
|=|          5|         27|       1517|     396.6618758|        534|00:00:14|+0.03|0.09|0.9406|
|=|          8|         27|       1517|     400.3471829|        557|00:00:15|+0.01|0.08|0.9505|
|=|         15|         27|       1517|     402.0994766|        580|00:00:14|+0.02|0.07|0.9522|
|-|          9|         15|       1517|     399.7398407|        603|00:00:15|-0.01|0.05|0.9340|
|=|         19|         15|       1517|     402.0249615|        618|00:00:10|-0.01|0.04|0.9364|
|=|         20|         15|       1965|     406.8056943|        633|00:00:11|-0.01|0.04|0.9339|
+-+-----------+-----------+-----------+----------------+-----------+--------+-----+----+------+
Best-so-far configuration:        1965    mean value:      406.8056943
Description of the best-so-far configuration:
     .ID. population_size  selection populations        topology migration_selection .PARENT.
1965 1965              22 tournament         120 fully_connected                 sus     1618

# 2023-01-24 15:51:25 CET: Elite configurations (first number is the configuration ID; listed from best to worst according to the sum of ranks):
     population_size  selection populations        topology migration_selection
1965              22 tournament         120 fully_connected                 sus
1517              25 tournament         138            star                 sus
1618              23 tournament         127 fully_connected                 sus
1762              13 tournament         163            star            roulette
# 2023-01-24 15:51:25 CET: Iteration 7 of 7
# experimentsUsedSoFar: 14535
# remainingBudget: 465
# currentBudget: 465
# nbConfigurations: 25
# Markers:
     x No test is performed.
     c Configurations are discarded only due to capping.
     - The test is performed and some configurations are discarded.
     = The test is performed but no configuration is discarded.
     ! The test is performed and configurations could be discarded but elite configurations are preserved.
     . All alive configurations are elite and nothing is discarded

+-+-----------+-----------+-----------+----------------+-----------+--------+-----+----+------+
| |   Instance|      Alive|       Best|       Mean best| Exp so far|  W time|  rho|KenW|  Qvar|
+-+-----------+-----------+-----------+----------------+-----------+--------+-----+----+------+
|x|         21|         25|       2011|     284.9859206|         25|00:00:15|   NA|  NA|    NA|
|x|         13|         25|       2011|     327.2186616|         46|00:00:13|+0.14|0.57|0.8485|
|x|         15|         25|       2026|     386.4361738|         67|00:00:13|+0.13|0.42|0.8561|
|x|          9|         25|       1618|     389.7513144|         88|00:00:14|+0.11|0.33|0.8836|
|-|          5|         19|       1618|     396.1599522|        109|00:00:13|-0.12|0.10|1.0514|
|=|          7|         19|       1618|     388.9528503|        124|00:00:09|-0.05|0.12|0.9825|
|=|         20|         19|       1618|     391.0392484|        139|00:00:10|-0.05|0.10|0.9787|
|=|         19|         19|       1618|     393.9427064|        154|00:00:09|-0.05|0.08|0.9901|
|=|         12|         19|       1618|     397.2946383|        169|00:00:09|-0.02|0.09|0.9633|
|=|         10|         19|       1618|     398.3813597|        184|00:00:10|+0.01|0.11|0.9350|
|=|          1|         19|       1618|     394.5970858|        199|00:00:09|+0.01|0.10|0.9317|
|=|          3|         19|       1618|     394.9679990|        214|00:00:09|+0.01|0.09|0.9322|
|=|         17|         19|       1618|     396.4213501|        229|00:00:10|+0.02|0.09|0.9221|
|=|         11|         19|       1618|     395.6090520|        244|00:00:09|+0.02|0.09|0.9233|
|=|          4|         19|       1618|     394.3617247|        259|00:00:09|+0.03|0.10|0.9129|
|=|         18|         19|       1618|     398.7789471|        274|00:00:09|+0.03|0.09|0.9132|
|=|         14|         19|       1618|     402.1104270|        289|00:00:09|+0.02|0.08|0.9216|
|=|          6|         19|       1618|     404.0169516|        304|00:00:09|+0.02|0.07|0.9233|
|=|         16|         19|       1618|     402.8254806|        319|00:00:09|+0.02|0.07|0.9187|
|=|          2|         19|       1618|     401.6990878|        334|00:00:09|+0.02|0.07|0.9162|
|=|          8|         19|       1618|     404.3272009|        349|00:00:09|+0.01|0.06|0.9241|
|=|         22|         19|       1618|     405.5483614|        368|00:00:11|+0.02|0.07|0.9172|
+-+-----------+-----------+-----------+----------------+-----------+--------+-----+----+------+
Best-so-far configuration:        1618    mean value:      405.5483614
Description of the best-so-far configuration:
     .ID. population_size  selection populations        topology migration_selection .PARENT.
1618 1618              23 tournament         127 fully_connected                 sus     1145

# 2023-01-24 15:55:22 CET: Elite configurations (first number is the configuration ID; listed from best to worst according to the sum of ranks):
     population_size  selection populations        topology migration_selection
1618              23 tournament         127 fully_connected                 sus
1517              25 tournament         138            star                 sus
1762              13 tournament         163            star            roulette
1965              22 tournament         120 fully_connected                 sus
# 2023-01-24 15:55:22 CET: Iteration 8 of 8
# experimentsUsedSoFar: 14903
# remainingBudget: 97
# currentBudget: 97
# nbConfigurations: 8
# Markers:
     x No test is performed.
     c Configurations are discarded only due to capping.
     - The test is performed and some configurations are discarded.
     = The test is performed but no configuration is discarded.
     ! The test is performed and configurations could be discarded but elite configurations are preserved.
     . All alive configurations are elite and nothing is discarded

+-+-----------+-----------+-----------+----------------+-----------+--------+-----+----+------+
| |   Instance|      Alive|       Best|       Mean best| Exp so far|  W time|  rho|KenW|  Qvar|
+-+-----------+-----------+-----------+----------------+-----------+--------+-----+----+------+
|x|         23|          8|       1965|     346.3599299|          8|00:00:05|   NA|  NA|    NA|
|x|          7|          8|       1965|     324.9404115|         12|00:00:02|+0.52|0.76|0.3370|
|x|          5|          8|       1965|     346.6378972|         16|00:00:02|+0.41|0.61|0.5066|
|x|          1|          8|       1618|     381.0169501|         20|00:00:02|+0.33|0.49|0.5970|
|-|         11|          5|       1618|     381.8233952|         24|00:00:02|-0.01|0.19|0.8539|
|=|         12|          5|       1618|     388.8711783|         25|00:00:02|-0.06|0.12|0.8533|
|=|         15|          5|       1618|     385.9126868|         26|00:00:02|-0.03|0.12|0.8239|
|=|          3|          5|       1618|     387.5546066|         27|00:00:02|-0.03|0.10|0.8244|
|=|         18|          5|       1618|     396.1637928|         28|00:00:02|-0.03|0.08|0.8185|
|=|          8|          5|       1618|     402.2363600|         29|00:00:02|-0.06|0.05|0.8224|
|=|         17|          5|       1517|     402.2087418|         30|00:00:02|-0.02|0.07|0.7975|
|=|         13|          5|       1517|     402.0893190|         31|00:00:02|-0.02|0.07|0.8030|
|=|          2|          5|       1517|     402.5323786|         32|00:00:02|-0.01|0.07|0.8012|
|=|          9|          5|       1517|     399.4676395|         33|00:00:02|+0.00|0.07|0.7989|
|=|         16|          5|       1517|     399.5800719|         34|00:00:02|+0.03|0.10|0.7719|
|=|         19|          5|       1618|     399.7049608|         35|00:00:02|+0.01|0.07|0.7904|
|=|         22|          5|       1517|     401.6144774|         36|00:00:02|+0.02|0.08|0.7779|
|=|          4|          5|       1618|     400.1872915|         37|00:00:02|+0.02|0.07|0.7830|
|=|          6|          5|       1517|     404.1002710|         38|00:00:02|+0.02|0.07|0.7718|
|=|         21|          5|       1618|     402.3765983|         39|00:00:02|+0.01|0.06|0.7777|
|=|         14|          5|       1517|     407.0284862|         40|00:00:02|+0.01|0.05|0.7806|
|=|         10|          5|       1517|     405.9000292|         41|00:00:02|+0.02|0.07|0.7653|
|=|         20|          5|       1618|     404.9854591|         42|00:00:02|+0.01|0.06|0.7727|
|=|         24|          5|       1618|     404.7935278|         47|00:00:04|+0.01|0.05|0.7754|
+-+-----------+-----------+-----------+----------------+-----------+--------+-----+----+------+
Best-so-far configuration:        1618    mean value:      404.7935278
Description of the best-so-far configuration:
     .ID. population_size  selection populations        topology migration_selection .PARENT.
1618 1618              23 tournament         127 fully_connected                 sus     1145

# 2023-01-24 15:56:24 CET: Elite configurations (first number is the configuration ID; listed from best to worst according to the sum of ranks):
     population_size  selection populations        topology migration_selection
1618              23 tournament         127 fully_connected                 sus
1517              25 tournament         138            star                 sus
1965              22 tournament         120 fully_connected                 sus
1762              13 tournament         163            star            roulette
# 2023-01-24 15:56:24 CET: Iteration 9 of 9
# experimentsUsedSoFar: 14950
# remainingBudget: 50
# currentBudget: 50
# nbConfigurations: 5
# Markers:
     x No test is performed.
     c Configurations are discarded only due to capping.
     - The test is performed and some configurations are discarded.
     = The test is performed but no configuration is discarded.
     ! The test is performed and configurations could be discarded but elite configurations are preserved.
     . All alive configurations are elite and nothing is discarded

+-+-----------+-----------+-----------+----------------+-----------+--------+-----+----+------+
| |   Instance|      Alive|       Best|       Mean best| Exp so far|  W time|  rho|KenW|  Qvar|
+-+-----------+-----------+-----------+----------------+-----------+--------+-----+----+------+
|x|         25|          5|       1965|     349.1517044|          5|00:00:04|   NA|  NA|    NA|
|x|         23|          5|       1965|     347.7558172|          6|00:00:02|+0.70|0.85|0.1884|
|x|         12|          5|       1965|     364.0151807|          7|00:00:02|+0.57|0.71|0.2567|
|x|          5|          5|       1965|     370.5196027|          8|00:00:02|+0.22|0.41|0.5712|
|=|         10|          5|       1965|     366.8779904|          9|00:00:02|+0.28|0.42|0.5018|
|-|         17|          4|       1965|     372.2179762|         10|00:00:02|+0.13|0.28|0.6145|
|.|         20|          4|       1965|     382.1180903|         10|00:00:00|+0.11|0.24|0.6602|
|.|         24|          4|       1965|     392.5333444|         10|00:00:00|+0.01|0.13|0.7239|
|.|          7|          4|       1965|     382.6430720|         10|00:00:00|+0.07|0.17|0.6663|
|.|          8|          4|       1965|     391.6727379|         10|00:00:00|-0.03|0.08|0.7324|
|.|          6|          4|       1965|     394.7497697|         10|00:00:00|-0.03|0.07|0.7440|
|.|         19|          4|       1965|     398.6181364|         10|00:00:00|-0.01|0.07|0.7411|
|.|          3|          4|       1965|     395.1339357|         10|00:00:00|+0.00|0.08|0.7276|
|.|         13|          4|       1965|     394.5093211|         10|00:00:00|+0.02|0.09|0.7214|
|.|         18|          4|       1965|     393.5532850|         10|00:00:00|+0.02|0.09|0.7239|
|.|         21|          4|       1965|     396.5304886|         10|00:00:00|+0.01|0.07|0.7342|
|.|          4|          4|       1965|     399.6217797|         10|00:00:00|-0.00|0.06|0.7476|
|.|         16|          4|       1965|     400.1200494|         10|00:00:00|-0.02|0.04|0.7534|
|.|         22|          4|       1965|     398.7440394|         10|00:00:00|-0.01|0.05|0.7467|
|.|         14|          4|       1965|     397.6514462|         10|00:00:00|+0.01|0.06|0.7381|
|.|          1|          4|       1965|     399.8464225|         10|00:00:00|-0.01|0.04|0.7515|
|.|         11|          4|       1965|     402.5942102|         10|00:00:00|-0.02|0.03|0.7636|
|.|          9|          4|       1965|     401.0828118|         10|00:00:00|-0.01|0.03|0.7583|
|.|         15|          4|       1965|     403.7282453|         10|00:00:00|-0.02|0.02|0.7624|
|.|          2|          4|       1965|     404.4892018|         10|00:00:00|-0.03|0.01|0.7686|
+-+-----------+-----------+-----------+----------------+-----------+--------+-----+----+------+
Best-so-far configuration:        1618    mean value:      404.5583640
Description of the best-so-far configuration:
     .ID. population_size  selection populations        topology migration_selection .PARENT.
1618 1618              23 tournament         127 fully_connected                 sus     1145

# 2023-01-24 15:56:39 CET: Elite configurations (first number is the configuration ID; listed from best to worst according to the sum of ranks):
     population_size  selection populations        topology migration_selection
1618              23 tournament         127 fully_connected                 sus
1965              22 tournament         120 fully_connected                 sus
1517              25 tournament         138            star                 sus
1762              13 tournament         163            star            roulette
# 2023-01-24 15:56:39 CET: Iteration 10 of 10
# experimentsUsedSoFar: 14960
# remainingBudget: 40
# currentBudget: 40
# nbConfigurations: 5
# Markers:
     x No test is performed.
     c Configurations are discarded only due to capping.
     - The test is performed and some configurations are discarded.
     = The test is performed but no configuration is discarded.
     ! The test is performed and configurations could be discarded but elite configurations are preserved.
     . All alive configurations are elite and nothing is discarded

+-+-----------+-----------+-----------+----------------+-----------+--------+-----+----+------+
| |   Instance|      Alive|       Best|       Mean best| Exp so far|  W time|  rho|KenW|  Qvar|
+-+-----------+-----------+-----------+----------------+-----------+--------+-----+----+------+
|x|         26|          5|       1762|     401.9750261|          5|00:00:04|   NA|  NA|    NA|
|x|         24|          5|       1618|     422.1536848|          6|00:00:02|-0.60|0.20|1.4317|
|x|         17|          5|       1618|     419.3896444|          7|00:00:02|-0.30|0.13|1.0174|
|x|         10|          5|       1965|     405.9290389|          8|00:00:02|-0.05|0.21|0.8170|
|=|         12|          5|       1965|     404.0500127|          9|00:00:02|+0.09|0.27|0.6729|
|=|         19|          5|       1965|     410.2367055|         10|00:00:02|-0.03|0.14|0.7793|
|=|          6|          5|       1965|     412.4200459|         11|00:00:02|-0.10|0.06|0.8769|
|=|         23|          5|       1965|     404.1625314|         12|00:00:02|-0.03|0.10|0.8232|
|=|         25|          5|       1965|     398.0502173|         13|00:00:02|+0.04|0.15|0.7631|
|=|         15|          5|       1965|     404.7025171|         14|00:00:02|+0.03|0.13|0.7759|
|=|          8|          5|       1762|     412.0232288|         15|00:00:02|-0.00|0.09|0.7970|
|=|          7|          5|       1965|     401.9571495|         16|00:00:02|+0.02|0.10|0.7755|
|=|         16|          5|       1618|     407.0768654|         17|00:00:02|+0.03|0.10|0.7566|
|=|         22|          5|       1965|     400.4323062|         18|00:00:02|+0.01|0.08|0.7578|
|=|         13|          5|       1965|     399.4961078|         19|00:00:02|-0.01|0.06|0.7763|
|=|          5|          5|       1965|     398.9046554|         20|00:00:02|-0.01|0.06|0.7740|
|=|         14|          5|       1965|     397.6098036|         21|00:00:02|+0.01|0.06|0.7655|
|=|          1|          5|       1965|     400.1729228|         22|00:00:02|-0.01|0.05|0.7812|
|=|         21|          5|       1965|     402.3316397|         23|00:00:02|+0.00|0.05|0.7844|
|=|          4|          5|       1965|     404.6691796|         24|00:00:02|+0.01|0.06|0.7803|
|=|          3|          5|       1965|     402.2241486|         25|00:00:02|+0.02|0.07|0.7705|
|=|         11|          5|       1965|     404.8638578|         26|00:00:02|+0.02|0.06|0.7786|
|=|          9|          5|       1618|     404.7389052|         27|00:00:02|+0.04|0.08|0.7647|
|=|          2|          5|       1618|     403.7205184|         28|00:00:02|+0.02|0.06|0.7791|
|=|         18|          5|       1618|     406.1731890|         29|00:00:02|+0.02|0.06|0.7839|
|=|         20|          5|       1618|     406.0725909|         30|00:00:02|+0.02|0.06|0.7793|
|=|         27|          5|       1618|     404.0987050|         35|00:00:04|+0.03|0.07|0.7739|
+-+-----------+-----------+-----------+----------------+-----------+--------+-----+----+------+
Best-so-far configuration:        1618    mean value:      404.0987050
Description of the best-so-far configuration:
     .ID. population_size  selection populations        topology migration_selection .PARENT.
1618 1618              23 tournament         127 fully_connected                 sus     1145

# 2023-01-24 15:57:56 CET: Elite configurations (first number is the configuration ID; listed from best to worst according to the sum of ranks):
     population_size  selection populations        topology migration_selection
1618              23 tournament         127 fully_connected                 sus
1965              22 tournament         120 fully_connected                 sus
1517              25 tournament         138            star                 sus
1762              13 tournament         163            star            roulette
# 2023-01-24 15:57:56 CET: Stopped because there is not enough budget left to race more than the minimum (4)
# You may either increase the budget or set 'minNbSurvival' to a lower value
# Iteration: 11
# nbIterations: 11
# experimentsUsedSoFar: 14995
# timeUsed: 0
# remainingBudget: 5
# currentBudget: 5
# number of elites: 4
# nbConfigurations: 4
# Total CPU user time: 27984.81, CPU sys time: 1886.404, Wall-clock time: 7922.888
# Best configurations (first number is the configuration ID; listed from best to worst according to the sum of ranks):
     population_size  selection populations        topology migration_selection
1618              23 tournament         127 fully_connected                 sus
1965              22 tournament         120 fully_connected                 sus
1517              25 tournament         138            star                 sus
1762              13 tournament         163            star            roulette
# Best configurations as commandlines (first number is the configuration ID; same order as above):
1618  --population-size 23 --selection tournament --populations 127 --topology fully_connected --migration-selection sus
1965  --population-size 22 --selection tournament --populations 120 --topology fully_connected --migration-selection sus
1517  --population-size 25 --selection tournament --populations 138 --topology star --migration-selection sus
1762  --population-size 13 --selection tournament --populations 163 --topology star --migration-selection roulette


# Testing of elite configurations: 1 
# Testing iteration configurations: FALSE 
# 2023-01-24 15:57:56 CET: No test instances, skip testing
