#------------------------------------------------------------------------------
# irace: An implementation in R of (Elitist) Iterated Racing
# Version: 3.5.6863679
# Copyright (C) 2010-2020
# Manuel Lopez-Ibanez     <manuel.lopez-ibanez@manchester.ac.uk>
# Jeremie Dubois-Lacoste  
# Leslie Perez Caceres    <leslie.perez.caceres@ulb.ac.be>
#
# This is free software, and you are welcome to redistribute it under certain
# conditions.  See the GNU General Public License for details. There is NO
# WARRANTY; not even for MERCHANTABILITY or FITNESS FOR A PARTICULAR PURPOSE.
#
# irace builds upon previous code from the race package:
#     race: Racing methods for the selection of the best
#     Copyright (C) 2003 Mauro Birattari
#------------------------------------------------------------------------------
# installed at: /net/people/plgrid/plgfkatul/R/irace
# called with: --exec-dir=target-runner-16 --seed 1234582
== irace == WARNING: A default scenario file '/net/people/plgrid/plgfkatul/computational-intelligence/tuning/scenario.txt' has been found and will be read.
# 2023-01-24 13:45:53 CET: Initialization
# Elitist race
# Elitist new instances: 1
# Elitist limit: 2
# nbIterations: 4
# minNbSurvival: 4
# nbParameters: 5
# seed: 1234582
# confidence level: 0.95
# budget: 15000
# mu: 5
# deterministic: FALSE

# 2023-01-24 13:45:53 CET: Iteration 1 of 4
# experimentsUsedSoFar: 0
# remainingBudget: 15000
# currentBudget: 3750
# nbConfigurations: 625
# Markers:
     x No test is performed.
     c Configurations are discarded only due to capping.
     - The test is performed and some configurations are discarded.
     = The test is performed but no configuration is discarded.
     ! The test is performed and configurations could be discarded but elite configurations are preserved.
     . All alive configurations are elite and nothing is discarded

+-+-----------+-----------+-----------+----------------+-----------+--------+-----+----+------+
| |   Instance|      Alive|       Best|       Mean best| Exp so far|  W time|  rho|KenW|  Qvar|
+-+-----------+-----------+-----------+----------------+-----------+--------+-----+----+------+
|x|          1|        625|          4|     230.0094010|        625|00:05:11|   NA|  NA|    NA|
|x|          2|        625|        606|     316.6478105|       1250|00:05:03|+0.38|0.69|0.6718|
|x|          3|        625|          4|     309.9838806|       1875|00:05:06|+0.41|0.61|0.6677|
|x|          4|        625|        306|     358.4897446|       2500|00:05:11|+0.40|0.55|0.6487|
|-|          5|        169|        306|     371.4674687|       3125|00:04:58|-0.05|0.16|1.0191|
|=|          6|        169|        302|     386.3202366|       3294|00:01:24|+0.00|0.17|0.9760|
|=|          7|        169|        306|     380.9396852|       3463|00:01:24|+0.02|0.16|0.9656|
+-+-----------+-----------+-----------+----------------+-----------+--------+-----+----+------+
Best-so-far configuration:         306    mean value:      380.9396852
Description of the best-so-far configuration:
    .ID. population_size  selection populations topology migration_selection .PARENT.
306  306              13 tournament         110     star                 sus       NA

# 2023-01-24 14:14:13 CET: Elite configurations (first number is the configuration ID; listed from best to worst according to the sum of ranks):
    population_size  selection populations        topology migration_selection
306              13 tournament         110            star                 sus
459              17 tournament         171 fully_connected            roulette
302              18 tournament         141            star            roulette
256              19 tournament         135            star                 sus
# 2023-01-24 14:14:14 CET: Iteration 2 of 4
# experimentsUsedSoFar: 3463
# remainingBudget: 11537
# currentBudget: 3845
# nbConfigurations: 484
# Markers:
     x No test is performed.
     c Configurations are discarded only due to capping.
     - The test is performed and some configurations are discarded.
     = The test is performed but no configuration is discarded.
     ! The test is performed and configurations could be discarded but elite configurations are preserved.
     . All alive configurations are elite and nothing is discarded

+-+-----------+-----------+-----------+----------------+-----------+--------+-----+----+------+
| |   Instance|      Alive|       Best|       Mean best| Exp so far|  W time|  rho|KenW|  Qvar|
+-+-----------+-----------+-----------+----------------+-----------+--------+-----+----+------+
|x|          8|        484|       1090|     241.7693939|        484|00:03:55|   NA|  NA|    NA|
|x|          5|        484|        697|     321.2090076|        964|00:03:52|+0.47|0.74|0.5935|
|x|          4|        484|        919|     369.9912245|       1444|00:03:51|+0.47|0.65|0.6085|
|x|          1|        484|        926|     380.0031151|       1924|00:03:52|+0.49|0.62|0.5799|
|-|          2|        140|        926|     362.5484294|       2404|00:03:52|-0.08|0.13|1.0675|
|=|          3|        140|        926|     358.5749030|       2540|00:01:09|-0.05|0.12|1.0396|
|=|          6|        140|        926|     371.2445044|       2676|00:01:09|-0.03|0.12|1.0122|
|=|          7|        140|        926|     367.9165897|       2812|00:01:09|+0.00|0.13|0.9873|
|=|          9|        140|        926|     369.8487341|       2952|00:01:11|+0.01|0.12|0.9827|
+-+-----------+-----------+-----------+----------------+-----------+--------+-----+----+------+
Best-so-far configuration:         926    mean value:      369.8487341
Description of the best-so-far configuration:
    .ID. population_size  selection populations        topology migration_selection .PARENT.
926  926               9 tournament         123 fully_connected          tournament      306

# 2023-01-24 14:38:19 CET: Elite configurations (first number is the configuration ID; listed from best to worst according to the sum of ranks):
    population_size  selection populations        topology migration_selection
926               9 tournament         123 fully_connected          tournament
758              17 tournament         128 fully_connected                 sus
306              13 tournament         110            star                 sus
709              14 tournament         142            ring            roulette
# 2023-01-24 14:38:19 CET: Iteration 3 of 4
# experimentsUsedSoFar: 6415
# remainingBudget: 8585
# currentBudget: 4292
# nbConfigurations: 432
# Markers:
     x No test is performed.
     c Configurations are discarded only due to capping.
     - The test is performed and some configurations are discarded.
     = The test is performed but no configuration is discarded.
     ! The test is performed and configurations could be discarded but elite configurations are preserved.
     . All alive configurations are elite and nothing is discarded

+-+-----------+-----------+-----------+----------------+-----------+--------+-----+----+------+
| |   Instance|      Alive|       Best|       Mean best| Exp so far|  W time|  rho|KenW|  Qvar|
+-+-----------+-----------+-----------+----------------+-----------+--------+-----+----+------+
|x|         10|        432|        709|     248.9805674|        432|00:03:03|   NA|  NA|    NA|
|x|          8|        432|        709|     307.7583100|        860|00:03:01|+0.42|0.71|0.7387|
|x|          3|        432|        709|     309.0172259|       1288|00:03:02|+0.43|0.62|0.7080|
|x|          2|        432|        709|     332.2714537|       1716|00:03:02|+0.41|0.56|0.7062|
|-|          4|        137|       1147|     340.0421676|       2144|00:03:02|-0.12|0.11|1.0849|
|=|          7|        137|       1147|     346.3348002|       2277|00:00:59|-0.07|0.11|1.0434|
|=|          5|        137|        926|     367.0773680|       2410|00:00:59|-0.03|0.11|1.0181|
|=|          6|        137|        926|     377.1004610|       2543|00:00:59|-0.02|0.11|1.0090|
|=|          1|        137|        926|     372.6178054|       2676|00:00:59|-0.01|0.11|0.9936|
|=|          9|        137|        926|     373.8866138|       2809|00:00:59|+0.00|0.10|0.9899|
|=|         11|        137|        926|     382.5473184|       2946|00:01:01|+0.01|0.10|0.9883|
+-+-----------+-----------+-----------+----------------+-----------+--------+-----+----+------+
Best-so-far configuration:         926    mean value:      382.5473184
Description of the best-so-far configuration:
    .ID. population_size  selection populations        topology migration_selection .PARENT.
926  926               9 tournament         123 fully_connected          tournament      306

# 2023-01-24 14:59:32 CET: Elite configurations (first number is the configuration ID; listed from best to worst according to the sum of ranks):
     population_size  selection populations        topology migration_selection
926                9 tournament         123 fully_connected          tournament
1266               8 tournament         120 fully_connected          tournament
709               14 tournament         142            ring            roulette
758               17 tournament         128 fully_connected                 sus
# 2023-01-24 14:59:32 CET: Iteration 4 of 4
# experimentsUsedSoFar: 9361
# remainingBudget: 5639
# currentBudget: 5639
# nbConfigurations: 473
# Markers:
     x No test is performed.
     c Configurations are discarded only due to capping.
     - The test is performed and some configurations are discarded.
     = The test is performed but no configuration is discarded.
     ! The test is performed and configurations could be discarded but elite configurations are preserved.
     . All alive configurations are elite and nothing is discarded

+-+-----------+-----------+-----------+----------------+-----------+--------+-----+----+------+
| |   Instance|      Alive|       Best|       Mean best| Exp so far|  W time|  rho|KenW|  Qvar|
+-+-----------+-----------+-----------+----------------+-----------+--------+-----+----+------+
|x|         12|        473|       1710|     254.7484289|        473|00:03:10|   NA|  NA|    NA|
|x|          4|        473|       1677|     307.5861654|        942|00:03:08|+0.29|0.65|0.8286|
|x|          8|        473|       1715|     275.8052994|       1411|00:03:08|+0.29|0.53|0.8128|
|x|          9|        473|       1715|     272.8113250|       1880|00:03:08|+0.28|0.46|0.8187|
|-|          6|         73|       1715|     278.6719213|       2349|00:03:08|-0.12|0.11|1.0358|
|=|         11|         73|       1715|     288.4228829|       2418|00:00:30|-0.06|0.12|0.9938|
|=|          2|         73|       1715|     317.6213766|       2487|00:00:31|-0.07|0.08|1.0137|
|=|          7|         73|       1715|     339.4470418|       2556|00:00:30|-0.06|0.08|1.0180|
|=|         10|         73|       1715|     350.6071930|       2625|00:00:30|-0.05|0.07|1.0163|
|=|          3|         73|        926|     379.5892062|       2694|00:00:30|-0.04|0.06|1.0119|
|=|          5|         73|        709|     373.3811815|       2763|00:00:30|-0.03|0.06|1.0045|
|=|          1|         73|        926|     378.2380692|       2832|00:00:30|-0.02|0.07|0.9947|
|=|         13|         73|       1266|     380.3296760|       2905|00:00:32|-0.01|0.06|0.9950|
+-+-----------+-----------+-----------+----------------+-----------+--------+-----+----+------+
Best-so-far configuration:        1266    mean value:      380.3296760
Description of the best-so-far configuration:
     .ID. population_size  selection populations        topology migration_selection .PARENT.
1266 1266               8 tournament         120 fully_connected          tournament      926

# 2023-01-24 15:19:25 CET: Elite configurations (first number is the configuration ID; listed from best to worst according to the sum of ranks):
     population_size  selection populations        topology migration_selection
1266               8 tournament         120 fully_connected          tournament
926                9 tournament         123 fully_connected          tournament
709               14 tournament         142            ring            roulette
758               17 tournament         128 fully_connected                 sus
# 2023-01-24 15:19:25 CET: Iteration 5 of 5
# experimentsUsedSoFar: 12266
# remainingBudget: 2734
# currentBudget: 2734
# nbConfigurations: 199
# Markers:
     x No test is performed.
     c Configurations are discarded only due to capping.
     - The test is performed and some configurations are discarded.
     = The test is performed but no configuration is discarded.
     ! The test is performed and configurations could be discarded but elite configurations are preserved.
     . All alive configurations are elite and nothing is discarded

+-+-----------+-----------+-----------+----------------+-----------+--------+-----+----+------+
| |   Instance|      Alive|       Best|       Mean best| Exp so far|  W time|  rho|KenW|  Qvar|
+-+-----------+-----------+-----------+----------------+-----------+--------+-----+----+------+
|x|         14|        199|       2089|     216.5963329|        199|00:01:20|   NA|  NA|    NA|
|x|         12|        199|       2139|     321.7808468|        394|00:01:19|+0.36|0.68|0.7094|
|x|          8|        199|       1266|     344.7727041|        589|00:01:20|+0.33|0.55|0.7526|
|x|          1|        199|       2080|     346.3071833|        784|00:01:18|+0.32|0.49|0.7592|
|-|          9|         58|       1266|     341.6196415|        979|00:01:19|-0.06|0.15|1.0242|
|=|          7|         58|       1266|     354.8533493|       1033|00:00:23|-0.05|0.12|1.0194|
|=|         13|         58|       1266|     348.4596903|       1087|00:00:23|-0.01|0.13|0.9911|
|=|          6|         58|       1266|     359.9477709|       1141|00:00:23|+0.00|0.13|0.9798|
|=|         10|         58|       1266|     369.7062237|       1195|00:00:23|+0.02|0.13|0.9594|
|=|          4|         58|       1266|     369.5723785|       1249|00:00:23|+0.01|0.11|0.9703|
|=|          2|         58|       1266|     380.4226497|       1303|00:00:23|+0.00|0.09|0.9749|
|=|          3|         58|       1266|     376.0412431|       1357|00:00:23|+0.01|0.09|0.9685|
|=|          5|         58|       1266|     375.6692200|       1411|00:00:23|+0.02|0.09|0.9579|
|=|         11|         58|       1266|     375.4508565|       1465|00:00:23|+0.02|0.09|0.9658|
|=|         15|         58|       1266|     382.7995823|       1523|00:00:25|+0.02|0.08|0.9642|
+-+-----------+-----------+-----------+----------------+-----------+--------+-----+----+------+
Best-so-far configuration:        1266    mean value:      382.7995823
Description of the best-so-far configuration:
     .ID. population_size  selection populations        topology migration_selection .PARENT.
1266 1266               8 tournament         120 fully_connected          tournament      926

# 2023-01-24 15:29:58 CET: Elite configurations (first number is the configuration ID; listed from best to worst according to the sum of ranks):
     population_size  selection populations        topology migration_selection
1266               8 tournament         120 fully_connected          tournament
2139               7 tournament         128 fully_connected          tournament
926                9 tournament         123 fully_connected          tournament
758               17 tournament         128 fully_connected                 sus
# 2023-01-24 15:29:58 CET: Iteration 6 of 6
# experimentsUsedSoFar: 13789
# remainingBudget: 1211
# currentBudget: 1211
# nbConfigurations: 79
# Markers:
     x No test is performed.
     c Configurations are discarded only due to capping.
     - The test is performed and some configurations are discarded.
     = The test is performed but no configuration is discarded.
     ! The test is performed and configurations could be discarded but elite configurations are preserved.
     . All alive configurations are elite and nothing is discarded

+-+-----------+-----------+-----------+----------------+-----------+--------+-----+----+------+
| |   Instance|      Alive|       Best|       Mean best| Exp so far|  W time|  rho|KenW|  Qvar|
+-+-----------+-----------+-----------+----------------+-----------+--------+-----+----+------+
|x|         16|         79|       2245|     100.9870324|         79|00:00:31|   NA|  NA|    NA|
|x|         14|         79|       2205|     347.2401377|        154|00:00:29|+0.47|0.73|0.7092|
|x|          1|         79|       2245|     301.4484130|        229|00:00:30|+0.38|0.58|0.7840|
|x|          6|         79|       2199|     365.4707679|        304|00:00:29|+0.33|0.50|0.7967|
|-|          3|         42|       2199|     371.8339225|        379|00:00:29|-0.10|0.12|1.0527|
|=|          9|         42|       2139|     357.5024744|        417|00:00:15|-0.05|0.12|0.9927|
|=|          8|         42|       2139|     367.1233848|        455|00:00:16|-0.02|0.12|0.9809|
|=|          2|         42|       2139|     381.8254047|        493|00:00:15|-0.03|0.10|1.0015|
|=|          7|         42|        926|     375.1877909|        531|00:00:16|-0.03|0.09|0.9981|
|=|          4|         42|        926|     378.7087185|        569|00:00:15|-0.01|0.09|0.9897|
|=|         11|         42|       1266|     386.6614076|        607|00:00:16|-0.01|0.09|0.9875|
|=|         10|         42|        926|     388.8724234|        645|00:00:16|+0.01|0.09|0.9829|
|=|         13|         42|       1266|     385.4728512|        683|00:00:15|+0.01|0.08|0.9792|
|=|          5|         42|       1266|     384.4537149|        721|00:00:16|+0.03|0.09|0.9584|
|-|         12|         22|       1266|     383.2949550|        759|00:00:15|-0.02|0.04|0.9720|
|=|         15|         22|        758|     397.6883494|        777|00:00:08|-0.02|0.05|0.9661|
|=|         17|         22|        758|     395.3916508|        799|00:00:10|-0.01|0.05|0.9546|
+-+-----------+-----------+-----------+----------------+-----------+--------+-----+----+------+
Best-so-far configuration:         758    mean value:      395.3916508
Description of the best-so-far configuration:
    .ID. population_size  selection populations        topology migration_selection .PARENT.
758  758              17 tournament         128 fully_connected                 sus      306

# 2023-01-24 15:35:26 CET: Elite configurations (first number is the configuration ID; listed from best to worst according to the sum of ranks):
     population_size  selection populations        topology migration_selection
758               17 tournament         128 fully_connected                 sus
2139               7 tournament         128 fully_connected          tournament
926                9 tournament         123 fully_connected          tournament
2210              10 tournament         153 fully_connected          tournament
# 2023-01-24 15:35:26 CET: Iteration 7 of 7
# experimentsUsedSoFar: 14588
# remainingBudget: 412
# currentBudget: 412
# nbConfigurations: 26
# Markers:
     x No test is performed.
     c Configurations are discarded only due to capping.
     - The test is performed and some configurations are discarded.
     = The test is performed but no configuration is discarded.
     ! The test is performed and configurations could be discarded but elite configurations are preserved.
     . All alive configurations are elite and nothing is discarded

+-+-----------+-----------+-----------+----------------+-----------+--------+-----+----+------+
| |   Instance|      Alive|       Best|       Mean best| Exp so far|  W time|  rho|KenW|  Qvar|
+-+-----------+-----------+-----------+----------------+-----------+--------+-----+----+------+
|x|         18|         26|       2285|     359.2545590|         26|00:00:11|   NA|  NA|    NA|
|x|         10|         26|       2139|     379.6629687|         48|00:00:09|-0.00|0.50|1.0575|
|x|          7|         26|       2292|     403.2240549|         70|00:00:10|+0.04|0.36|1.0094|
|x|         17|         26|        758|     407.8856861|         92|00:00:09|+0.03|0.28|0.9483|
|-|         12|         19|       2139|     364.7955500|        114|00:00:09|-0.09|0.13|0.9850|
|=|          5|         19|       2139|     377.8782336|        129|00:00:07|-0.04|0.13|0.9627|
|=|         13|         19|       2139|     373.6429685|        144|00:00:06|-0.02|0.13|0.9356|
|=|         16|         19|       2139|     388.6435798|        159|00:00:06|-0.02|0.11|0.9489|
|=|          8|         19|        926|     405.8348876|        174|00:00:06|-0.02|0.09|0.9592|
|=|         15|         19|        926|     408.0687985|        189|00:00:07|+0.00|0.10|0.9375|
|=|         11|         19|        758|     395.3459518|        204|00:00:06|+0.03|0.12|0.9155|
|=|          1|         19|        758|     395.5135807|        219|00:00:06|+0.03|0.11|0.9152|
|=|          2|         19|        926|     398.4098921|        234|00:00:06|+0.04|0.11|0.9108|
|=|          3|         19|        926|     394.1454192|        249|00:00:06|+0.04|0.11|0.9098|
|=|         14|         19|        758|     395.6629498|        264|00:00:07|+0.03|0.09|0.9143|
|=|          4|         19|        758|     394.7820310|        279|00:00:06|+0.03|0.09|0.9223|
|=|          9|         19|        758|     394.8140481|        294|00:00:06|+0.03|0.09|0.9159|
|=|          6|         19|        758|     395.1864563|        309|00:00:06|+0.03|0.09|0.9174|
|=|         19|         19|       2139|     387.1680312|        328|00:00:09|+0.02|0.08|0.9275|
+-+-----------+-----------+-----------+----------------+-----------+--------+-----+----+------+
Best-so-far configuration:        2139    mean value:      387.1680312
Description of the best-so-far configuration:
     .ID. population_size  selection populations        topology migration_selection .PARENT.
2139 2139               7 tournament         128 fully_connected          tournament     1266

# 2023-01-24 15:37:57 CET: Elite configurations (first number is the configuration ID; listed from best to worst according to the sum of ranks):
     population_size  selection populations        topology migration_selection
2139               7 tournament         128 fully_connected          tournament
758               17 tournament         128 fully_connected                 sus
926                9 tournament         123 fully_connected          tournament
2289              13 tournament         133            star                 sus
# 2023-01-24 15:37:57 CET: Iteration 8 of 8
# experimentsUsedSoFar: 14916
# remainingBudget: 84
# currentBudget: 84
# nbConfigurations: 8
# Markers:
     x No test is performed.
     c Configurations are discarded only due to capping.
     - The test is performed and some configurations are discarded.
     = The test is performed but no configuration is discarded.
     ! The test is performed and configurations could be discarded but elite configurations are preserved.
     . All alive configurations are elite and nothing is discarded

+-+-----------+-----------+-----------+----------------+-----------+--------+-----+----+------+
| |   Instance|      Alive|       Best|       Mean best| Exp so far|  W time|  rho|KenW|  Qvar|
+-+-----------+-----------+-----------+----------------+-----------+--------+-----+----+------+
|x|         20|          8|       2139|     277.2252667|          8|00:00:03|   NA|  NA|    NA|
|x|         11|          8|       2298|     418.4529038|         12|00:00:02|-0.40|0.30|1.3166|
|x|          3|          8|       2139|     355.7159691|         16|00:00:01|-0.11|0.26|1.0006|
|x|         15|          8|       2139|     357.6104961|         20|00:00:01|-0.06|0.21|0.9075|
|=|         16|          8|        758|     387.5727141|         24|00:00:01|-0.03|0.17|0.8922|
|=|         19|          8|       2139|     390.9874120|         28|00:00:01|-0.05|0.12|0.9051|
|=|         10|          8|       2139|     390.4233315|         32|00:00:01|-0.07|0.09|0.9275|
|=|          6|          8|       2139|     389.4112305|         36|00:00:01|-0.10|0.04|0.9307|
|=|          2|          8|       2139|     400.0032653|         40|00:00:01|-0.10|0.02|0.9585|
|=|         18|          8|       2139|     397.2316477|         44|00:00:01|-0.08|0.03|0.9335|
|=|         13|          8|       2139|     392.7770777|         48|00:00:02|-0.05|0.05|0.9002|
|=|          9|          8|       2139|     386.1737955|         52|00:00:01|-0.02|0.07|0.8745|
|=|          4|          8|       2139|     388.6689856|         56|00:00:01|-0.00|0.07|0.8585|
|=|         17|          8|       2139|     378.8466836|         60|00:00:01|+0.02|0.09|0.8341|
|=|         14|          8|       2139|     375.1787523|         64|00:00:01|+0.03|0.09|0.8231|
|=|          8|          8|       2139|     378.2831332|         68|00:00:01|+0.03|0.09|0.8307|
|=|          1|          8|       2139|     375.0959502|         72|00:00:01|+0.05|0.11|0.8155|
|=|          5|          8|       2139|     378.8846003|         76|00:00:01|+0.06|0.11|0.8124|
|=|          7|          8|       2139|     384.9307305|         80|00:00:01|+0.04|0.09|0.8361|
|=|         12|          8|       2139|     381.6708930|         84|00:00:01|+0.05|0.10|0.8214|
+-+-----------+-----------+-----------+----------------+-----------+--------+-----+----+------+
Best-so-far configuration:        2139    mean value:      381.6708930
Description of the best-so-far configuration:
     .ID. population_size  selection populations        topology migration_selection .PARENT.
2139 2139               7 tournament         128 fully_connected          tournament     1266

# 2023-01-24 15:38:37 CET: Elite configurations (first number is the configuration ID; listed from best to worst according to the sum of ranks):
     population_size  selection populations        topology migration_selection
2139               7 tournament         128 fully_connected          tournament
758               17 tournament         128 fully_connected                 sus
926                9 tournament         123 fully_connected          tournament
2289              13 tournament         133            star                 sus
# 2023-01-24 15:38:37 CET: Stopped because budget is exhausted
# Iteration: 9
# nbIterations: 8
# experimentsUsedSoFar: 15000
# timeUsed: 0
# remainingBudget: 0
# currentBudget: 84
# number of elites: 4
# nbConfigurations: 8
# Total CPU user time: 23738.12, CPU sys time: 1848.356, Wall-clock time: 6764.004
# Best configurations (first number is the configuration ID; listed from best to worst according to the sum of ranks):
     population_size  selection populations        topology migration_selection
2139               7 tournament         128 fully_connected          tournament
758               17 tournament         128 fully_connected                 sus
926                9 tournament         123 fully_connected          tournament
2289              13 tournament         133            star                 sus
# Best configurations as commandlines (first number is the configuration ID; same order as above):
2139  --population-size 7 --selection tournament --populations 128 --topology fully_connected --migration-selection tournament
758   --population-size 17 --selection tournament --populations 128 --topology fully_connected --migration-selection sus
926   --population-size 9 --selection tournament --populations 123 --topology fully_connected --migration-selection tournament
2289  --population-size 13 --selection tournament --populations 133 --topology star --migration-selection sus


# Testing of elite configurations: 1 
# Testing iteration configurations: FALSE 
# 2023-01-24 15:38:37 CET: No test instances, skip testing
