Args: Namespace(population_size=25, selection='tournament', crossover='uniform', crossover_points=1, mutation='shift_gaussian', populations=100, interval=10, topology='mesh3d', emigration_selection='tournament', immigration_selection='tournament')
step, bsf, mean_fitness, std_fitness, min_fitness, max_fitness, island
0, 177.9364909475318, 462.68034817217625, 87.73083997528282, 177.9364909475318, 499.99976785364913, 0
0, 71.03844805109831, 480.218737342061, 83.68582426693541, 71.03844805109831, 499.9998523641184, 1
0, 41.55197796296731, 474.9045758539435, 89.98055008136176, 41.55197796296731, 499.99964544515007, 2
0, 37.38095132896649, 443.42289141840973, 138.3378061983391, 37.38095132896649, 499.9995714673212, 3
0, 17.374407456722622, 469.19925818813556, 95.65559519932003, 17.374407456722622, 499.99830167828657, 4
0, 17.374407456722622, 480.33854446243737, 62.44293450401209, 213.46531898526047, 499.9995190082312, 5
0, 17.374407456722622, 465.9530708704299, 92.81182368428352, 39.47740165774896, 499.99947353933163, 6
0, 17.374407456722622, 483.22468317311774, 69.05158824666707, 145.62019551250307, 499.9995418744184, 7
0, 17.374407456722622, 486.9625036190774, 21.461385733128598, 437.021304259409, 499.9996055796389, 8
1, 17.374407456722622, 451.0235124728806, 106.85691841667094, 46.63380611946577, 499.9993765882484, 0
1, 17.374407456722622, 475.03679392931934, 86.51265081755481, 70.30116128855974, 499.99972590022963, 1
1, 17.374407456722622, 465.47127786401524, 79.10495728578931, 195.73660360406475, 499.9997330431245, 2
1, 17.374407456722622, 434.07761493535946, 143.61237029861252, 37.38095132896649, 499.99979393920233, 3
1, 17.374407456722622, 461.4798971815269, 96.31808636174796, 17.396583492098863, 499.99962579454746, 4
1, 17.374407456722622, 424.4664577939691, 134.42866713854283, 20.21009440980586, 499.9996211034212, 5
1, 17.374407456722622, 488.62064033204604, 23.7470304423887, 397.9408035776115, 499.999852364119, 6
1, 17.374407456722622, 457.26615674084496, 106.68148757170248, 17.38276573064398, 499.9997248919443, 7
1, 17.374407456722622, 481.1069868181471, 39.44371759329252, 330.29038202493876, 499.9995041929985, 8
2, 17.374407456722622, 403.74390650103385, 153.98686511472542, 46.63380611946577, 499.9888881972908, 0
2, 17.374407456722622, 477.713063961721, 64.54247764796354, 178.65614495556324, 499.9995726516348, 1
2, 17.374407456722622, 460.85093891122835, 101.54295709605135, 61.7915619258266, 499.99951585295514, 2
2, 17.374407456722622, 398.3297639235272, 178.03319369307707, 22.248895354718115, 499.99952075123787, 3
2, 17.374407456722622, 449.23880826369117, 129.84950992939233, 17.396583492098863, 499.9994045477402, 4
2, 17.374407456722622, 434.1114718514498, 123.21971197717248, 56.281626456914395, 499.99961575122586, 5
2, 17.374407456722622, 449.04111039701354, 114.64579783715531, 48.67961307333204, 499.9995281574286, 6
2, 17.374407456722622, 454.5354846720942, 90.65050974656107, 99.3853359792049, 499.9995322457158, 7
2, 17.374407456722622, 455.59808402412654, 86.72054020331939, 155.92196044494412, 499.9996233260078, 8
3, 17.374407456722622, 478.87868621149113, 42.66054240728533, 321.8159019380583, 499.999852364119, 0
3, 10.063789531223296, 442.39497479340645, 130.16790439524408, 10.063789531223296, 499.99970696112473, 1
3, 10.063789531223296, 444.72032667769184, 131.57365864703388, 32.42529622804836, 499.9995609527714, 2
3, 10.063789531223296, 440.8617372848971, 146.8211543738566, 22.248895354718115, 499.99973253708214, 3
3, 9.31323739502059, 422.490179965361, 158.10346725759302, 9.31323739502059, 499.9993636252211, 4
3, 9.31323739502059, 418.68247354556956, 160.11868511854232, 12.352401703659506, 499.99950840935645, 5
3, 9.31323739502059, 440.4188489113585, 126.79556269232917, 93.2689831095644, 499.99985236411925, 6
3, 9.31323739502059, 464.7891387823555, 82.45016731809689, 99.3853359792049, 499.99879288750174, 7
3, 9.31323739502059, 426.87663665501344, 131.35557055629783, 58.96633151146011, 499.9991790712634, 8
4, 9.31323739502059, 481.41229981691066, 48.46379855119637, 252.14795742099233, 499.9997102460255, 0
4, 9.31323739502059, 439.7461705464203, 136.25864875453703, 10.063789531223296, 499.999852364119, 1
4, 9.31323739502059, 450.91622040389245, 117.87785521317159, 32.42529622804836, 499.999497340443, 2
4, 9.31323739502059, 481.84020088275145, 58.576356472050755, 199.62391603537515, 499.99962704413014, 3
4, 9.31323739502059, 433.42012496755905, 144.7593455613753, 13.78142250795407, 499.9996011917647, 4
4, 9.31323739502059, 418.09614833084794, 164.7127872539263, 12.352401703659506, 499.99970564498136, 5
4, 9.31323739502059, 403.51828599937, 171.3956042171432, 9.314453486419964, 499.9995303204139, 6
4, 9.31323739502059, 470.20180341556625, 71.79436849896715, 147.00751692008342, 499.99965209556717, 7
4, 9.31323739502059, 407.79128524020166, 143.6961091926519, 18.25859888856572, 499.9991405128044, 8
5, 9.31323739502059, 468.3969122827472, 73.97172790031934, 243.72106907832227, 499.9998523641184, 0
5, 9.31323739502059, 428.8369101128362, 152.9240651027385, 32.033587939775195, 499.99956168893783, 1
5, 9.31323739502059, 433.00458704746893, 101.88024907737217, 195.3616890393319, 499.9993254022819, 2
5, 9.31323739502059, 446.42747824494467, 116.76025470939199, 35.089774374418994, 499.9995531303532, 3
5, 8.844216886556287, 384.82205454614297, 188.16372753329927, 8.844216886556287, 499.99928824228016, 4
5, 8.844216886556287, 473.9857052165613, 80.16754451074686, 161.92351936881255, 499.99942427964896, 5
5, 8.844216886556287, 459.78342073531763, 119.93404093327428, 18.20423807455465, 499.9993451841374, 6
5, 8.844216886556287, 463.62825861997027, 96.6058213381047, 19.99711045067274, 499.9997980443047, 7
5, 8.844216886556287, 403.45823671639147, 156.9984623969286, 17.89402240035516, 499.9991558924806, 8
6, 8.844216886556287, 466.8937510036253, 71.96438160367866, 253.85095509002753, 499.9991919433094, 0
6, 8.844216886556287, 422.0578731161495, 162.46110460189644, 32.033587939775195, 499.9988087030077, 1
6, 5.928919999370483, 389.23984052060973, 161.77582943025058, 5.928919999370483, 499.99949883243795, 2
6, 5.928919999370483, 463.47721662058865, 89.33787559540664, 63.90237638738895, 499.999390578735, 3
6, 2.9827403350689394, 345.8381204597035, 193.7143686089508, 2.9827403350689394, 499.9992911024967, 4
6, 2.9827403350689394, 442.34985827066953, 131.87621584248362, 21.434131128171618, 499.99942327902806, 5
6, 2.9827403350689394, 484.99727022209214, 34.434528769437726, 365.80850333533374, 499.99966909159383, 6
6, 2.9827403350689394, 485.9359902543173, 32.125198129193464, 342.0988898767985, 499.99943632879416, 7
6, 2.9827403350689394, 406.51255089027103, 168.01279288992424, 17.89402240035516, 499.9997045040784, 8
7, 2.9827403350689394, 446.9899682660633, 94.66532497172014, 207.4563589613095, 499.9994316572293, 0
7, 2.9827403350689394, 398.48426735261506, 164.96455982414145, 22.711518114626855, 499.99928003021927, 1
7, 2.9827403350689394, 445.72173511829715, 103.5362835550653, 141.80244173944067, 499.99975549949113, 2
7, 2.9827403350689394, 469.6617846524488, 95.40520340624063, 22.274126052699945, 499.9994413050349, 3
7, 2.9827403350689394, 412.2807760796238, 155.69155611039474, 2.9827403350689394, 499.9991604638558, 4
7, 2.9827403350689394, 387.72910102561167, 165.73545779522385, 21.434131128171618, 499.9993860702336, 5
7, 2.9827403350689394, 450.8166203341888, 122.57186377591024, 22.690895105641182, 499.9994241209004, 6
7, 2.9827403350689394, 466.03546591188825, 77.19256196600702, 119.11471823636465, 499.99917806156526, 7
7, 2.9827403350689394, 384.820963011063, 170.86544331131938, 3.9762699755984237, 499.99943939710886, 8
8, 2.9827403350689394, 413.7545304508879, 155.10913524954822, 20.88696751329224, 499.99956526973335, 0
8, 2.9827403350689394, 429.2292910633594, 136.98892674972288, 23.81220948686986, 499.9994647411973, 1
8, 2.9827403350689394, 455.9538019489957, 86.99574206976753, 137.8913347902452, 499.99949883243795, 2
8, 2.9827403350689394, 473.68359821378135, 93.11311561479673, 22.274126052699945, 499.9996102381742, 3
8, 2.9827403350689394, 393.69083776855405, 165.84832583355856, 3.9691756893857293, 499.9994904334231, 4
8, 2.9827403350689394, 417.6649119894831, 163.44886513924072, 21.434131128171618, 499.9992875394119, 5
8, 2.9827403350689394, 446.8343558455505, 116.67181152219128, 60.970119779718054, 499.9995828662246, 6
8, 2.9827403350689394, 469.8470445720577, 72.19314044797974, 155.04924659477658, 499.9995443314088, 7
8, 2.9827403350689394, 444.011214399367, 114.69514041179549, 14.72372757057818, 499.99976535009074, 8
9, 2.9827403350689394, 466.20495565075595, 104.09839628974314, 26.833148144960354, 499.9992924236616, 0
9, 2.9827403350689394, 405.6481339388655, 154.84121053801837, 29.081326292219778, 499.999852364119, 1
9, 2.9827403350689394, 460.11382010105893, 82.98407920922551, 166.24407335537967, 499.9994582330818, 2
9, 2.9827403350689394, 458.2118970200435, 111.8367042341365, 22.274126052699945, 499.99967318705905, 3
9, 2.9827403350689394, 382.50403234327894, 183.11767692632037, 3.9691756893857293, 499.99942050631057, 4
9, 2.9827403350689394, 430.8957795043841, 139.29670994046884, 48.35111490266118, 499.9994190246195, 5
9, 2.9827403350689394, 443.3736723975105, 123.34569221812941, 9.463304477473779, 499.9995066806136, 6
9, 2.9827403350689394, 445.73183651866987, 102.7703348448642, 155.04924659477658, 499.9995795044038, 7
9, 2.9827403350689394, 478.8498399472874, 41.36274295824324, 364.9742252634654, 499.9998523641186, 8
10, 2.9827403350689394, 476.1336201983062, 94.54350368446526, 17.749156931041938, 499.99985236411925, 0
10, 2.9827403350689394, 421.7753562338161, 136.37713754044836, 29.081326292219778, 499.9985510557588, 1
10, 2.9827403350689394, 450.21887757227256, 119.58425459304777, 18.529106846388267, 499.9994138497446, 2
10, 2.9827403350689394, 398.0657866827949, 178.696010032071, 8.083160777958483, 499.9914077029465, 3
10, 2.9827403350689394, 439.7918272839629, 144.23620513771772, 3.9691756893857293, 499.99925474297135, 4
10, 2.9827403350689394, 413.474496827242, 164.5352289552904, 3.5897783485049475, 499.99938318399853, 5
10, 2.9827403350689394, 379.5003897523212, 158.81193500968257, 9.463304477473779, 499.99930457619064, 6
10, 2.9827403350689394, 455.8959470788292, 96.42317784605132, 155.04924659477658, 499.9998523641186, 7
10, 2.9827403350689394, 458.21320657212163, 112.62128169199129, 21.330368506735347, 499.9995679627828, 8
11, 2.9827403350689394, 478.5300795201895, 94.19621528142034, 17.749156931041938, 499.999852364119, 0
11, 2.9827403350689394, 454.7541404951135, 98.2654324729036, 139.71233241198425, 499.9994837435636, 1
11, 2.9827403350689394, 454.9716106962601, 69.97426316921536, 257.3200598967532, 499.99884296116994, 2
11, 2.9827403350689394, 439.08869741789204, 132.62110598105733, 22.274126052699945, 499.9994806183613, 3
11, 2.9827403350689394, 434.94756189430933, 146.3926637108501, 3.9691756893857293, 499.9992156466408, 4
11, 2.9827403350689394, 476.67258532124595, 70.90607771036072, 142.6876416731703, 499.9998192094045, 5
11, 2.9827403350689394, 376.0872625385446, 170.2192230082826, 6.283365964714858, 499.99976390651983, 6
11, 2.9827403350689394, 430.3808215257727, 137.15495643669615, 27.928045060596602, 499.9993391211607, 7
11, 2.9827403350689394, 462.78816227547037, 101.30559593571212, 95.4565352747422, 499.9997048326795, 8
12, 2.9827403350689394, 487.8047732267142, 44.81442438658538, 269.2771682931879, 499.9996790732379, 0
12, 2.9827403350689394, 464.8522588440365, 93.92573337280676, 74.81839826485349, 499.99908935215234, 1
12, 2.9827403350689394, 431.7796303442525, 112.70110572062174, 22.14959445217889, 499.9936850470824, 2
12, 2.9827403350689394, 368.82720269337, 190.92009619915927, 3.8265390048653525, 499.99953557891513, 3
12, 2.9827403350689394, 370.7957715929442, 193.4149754484277, 3.9691756893857293, 499.9994216063152, 4
12, 2.9827403350689394, 471.3056846470648, 72.9903689221077, 142.6876416731703, 499.99938134066923, 5
12, 2.9827403350689394, 418.198018005533, 151.71026389967932, 22.293101692664706, 499.9998523641186, 6
12, 2.9827403350689394, 414.4701424767549, 164.37692694598636, 24.23995555464311, 499.9994958964844, 7
12, 2.9827403350689394, 460.2847975230732, 110.87662936814105, 9.126623275929745, 499.99941755195425, 8
13, 2.9827403350689394, 446.9695341662871, 118.4738315271331, 31.789008767173854, 499.99965880506954, 0
13, 2.9827403350689394, 429.059440069841, 142.01974623625094, 74.81839826485349, 499.99958846554085, 1
13, 2.9827403350689394, 417.35551462490565, 146.58515202991322, 11.915845494272894, 499.99931520045646, 2
13, 2.9827403350689394, 442.6240290929516, 114.09397901950528, 54.840236191137535, 499.99927026756643, 3
13, 2.9827403350689394, 438.6964373087054, 109.06332591754453, 147.9671995556226, 499.99937047187154, 4
13, 2.9827403350689394, 484.1602852165652, 30.822435024318253, 382.9013654944482, 499.9995304967523, 5
13, 2.9827403350689394, 466.5441928796127, 85.40394440632342, 83.67979110011615, 499.99952004437876, 6
13, 2.9827403350689394, 438.12595355251705, 147.26807571803576, 18.65848132256557, 499.9994707592671, 7
13, 2.9827403350689394, 462.00069388016004, 99.40395063858769, 7.192272882586205, 499.9997927195352, 8
14, 2.9827403350689394, 425.2039328361006, 152.49133043525785, 15.503826876750118, 499.9995343569, 0
14, 2.9827403350689394, 363.1030299854352, 177.90608968368565, 21.994946856479142, 499.99935970574325, 1
14, 2.9827403350689394, 418.3902924271743, 153.89588600679593, 11.915845494272894, 499.999175176984, 2
14, 2.9827403350689394, 396.2704383183794, 156.65128254226437, 22.407952477167626, 499.99917417781876, 3
14, 2.9827403350689394, 380.61676933481226, 162.72204907666548, 18.302159208575087, 499.9994919611757, 4
14, 2.9827403350689394, 442.6792271766262, 122.34567972197468, 48.42076692581678, 499.99932308278983, 5
14, 2.9827403350689394, 491.40398349286835, 19.214144976181245, 404.2842748085462, 499.99925703108926, 6
14, 2.9827403350689394, 395.77956892061246, 181.82272003275804, 18.65848132256557, 499.99930301566616, 7
14, 2.9827403350689394, 485.2744431665345, 40.137418468138456, 319.0416786359772, 499.9994384212195, 8
15, 2.9827403350689394, 360.03053549987635, 193.12551421382489, 15.503826876750118, 499.99941763606256, 0
15, 2.9827403350689394, 421.4540728870891, 134.85587595881674, 22.91136133722214, 499.99935970574325, 1
15, 2.9827403350689394, 408.8686924607006, 138.8517723638152, 42.06530799133592, 499.9993855212598, 2
15, 2.9827403350689394, 381.12943127566973, 175.62229838927166, 5.765434498337879, 499.9985584977943, 3
15, 2.9827403350689394, 360.7631895330627, 183.659891032874, 12.853728547582753, 499.998849256146, 4
15, 2.9827403350689394, 433.56678145700585, 131.57524211810926, 40.30802603241277, 499.9996114073744, 5
15, 2.9827403350689394, 473.0560365583946, 92.96970691764126, 20.483407773564096, 499.9998363582592, 6
15, 2.9827403350689394, 415.4465370853517, 146.02852013214658, 18.65848132256557, 499.9993753577847, 7
15, 2.9827403350689394, 481.13885433519545, 39.247229395803, 352.03573593874773, 499.99937949936015, 8
16, 2.9827403350689394, 386.20208024833295, 178.29937261775214, 15.503826876750118, 499.999404997738, 0
16, 2.9827403350689394, 421.98066060825164, 145.44787263262037, 60.856765464362375, 499.99921439462224, 1
16, 2.9827403350689394, 370.33380555334645, 170.1567403644948, 42.06530799133592, 499.99932213199696, 2
16, 2.9827403350689394, 431.7245703171218, 130.58148648988413, 9.544197969129907, 499.99927627194626, 3
16, 2.9827403350689394, 328.3953114336013, 187.58825267121048, 17.303274011511753, 499.999257521622, 4
16, 2.9827403350689394, 418.22396740680983, 134.22320970058718, 40.30802603241277, 499.9991765928859, 5
16, 2.9827403350689394, 462.4856409341862, 80.97567615109504, 160.68526524792793, 499.9996101229027, 6
16, 2.9827403350689394, 477.46795631960566, 48.754354624469926, 341.15616550116266, 499.999553397165, 7
16, 2.9827403350689394, 450.27949681351834, 113.78224658076907, 23.854484126192887, 499.9993183157841, 8
17, 2.9827403350689394, 382.3976789665757, 182.77370806695725, 15.503826876750118, 499.99956088232756, 0
17, 2.9827403350689394, 388.9478021940431, 171.22527477734826, 7.284467191228634, 499.99947243387953, 1
17, 2.9827403350689394, 351.3524954620883, 173.01170508306214, 16.44662303669215, 499.99941475510764, 2
17, 2.9827403350689394, 426.9544677167949, 143.29674418495748, 9.544197969129907, 499.9998523641186, 3
17, 2.9827403350689394, 370.2119255289245, 193.5194753294285, 17.303274011511753, 499.99925343664194, 4
17, 1.2729740684568929, 397.5200906760631, 171.39648867536454, 1.2729740684568929, 499.9993637360804, 5
17, 1.2729740684568929, 479.84263293304065, 37.81597993937361, 347.9469130571223, 499.9998523641184, 6
17, 1.2729740684568929, 483.2861549503864, 39.947597256935225, 342.1586600946568, 499.99971037467736, 7
17, 1.2729740684568929, 447.05449842511183, 101.59403362830214, 177.3112036575171, 499.99941994989575, 8
18, 1.2729740684568929, 390.3417101322729, 175.68371982709402, 15.503826876750118, 499.9995126767016, 0
18, 1.2729740684568929, 409.87003529020313, 147.00538812980008, 68.47907701959728, 499.9993146070106, 1
18, 1.2729740684568929, 363.91331883172774, 172.15170329918504, 16.44662303669215, 499.99969882104205, 2
18, 1.2729740684568929, 446.35632641090706, 129.39099894973538, 8.537429987229174, 499.9996204034918, 3
18, 1.2729740684568929, 366.9642517054139, 180.47243453705795, 7.957660048193517, 499.99853457675056, 4
18, 1.2729740684568929, 404.29182886414884, 152.52905338156393, 40.30802603241277, 499.9998016516806, 5
18, 1.2729740684568929, 453.78731336677595, 103.91383432895118, 41.463928107346696, 499.99942456749505, 6
18, 1.2729740684568929, 458.4796877831515, 99.84752714819453, 37.3262566157226, 499.9994670951317, 7
18, 1.2729740684568929, 424.53109200235644, 139.34434685999997, 10.77484877596576, 499.99949816391154, 8
19, 1.2729740684568929, 415.0073075693376, 165.23474109270379, 15.503826876750118, 499.9994456283495, 0
19, 1.2729740684568929, 406.76505357894973, 153.8869384036351, 52.41743610907327, 499.99955141648167, 1
19, 1.2729740684568929, 350.21300902766643, 198.75306765950603, 6.034742099111543, 499.99982345370415, 2
19, 1.2729740684568929, 440.0261548178064, 121.04072460681189, 8.537429987229174, 499.99942722173796, 3
19, 1.2729740684568929, 321.6597523231251, 202.90452532965304, 7.9885693938906375, 499.9995128818303, 4
19, 1.2729740684568929, 422.67031098904357, 139.59151620307486, 26.527546851330563, 499.9992468786167, 5
19, 1.2729740684568929, 444.1944833763992, 129.6480721609914, 10.920517731540293, 499.999726338411, 6
19, 1.2729740684568929, 480.8632777602212, 40.9036557148674, 293.9333857176893, 499.99967488997265, 7
19, 1.2729740684568929, 477.40585906347593, 43.61300783767832, 365.8922449799295, 499.99948918564644, 8
20, 1.2729740684568929, 466.0354503203339, 96.86928808479249, 124.93610479711388, 499.9994829164487, 0
20, 1.2729740684568929, 374.59211059796974, 163.46696113568342, 51.44009042241248, 499.9992041036061, 1
20, 1.2729740684568929, 386.05712135047827, 189.30544496830288, 24.669604009301025, 499.99985236411925, 2
20, 1.2729740684568929, 443.3691602337821, 77.03911518101401, 225.58136445910114, 499.99921853725033, 3
20, 1.2729740684568929, 358.55823369424695, 184.35672116400474, 3.0228260008137915, 499.9996984849562, 4
20, 1.2729740684568929, 413.44238352045505, 146.7023476728674, 12.380015500883019, 499.99981738054987, 5
20, 1.2729740684568929, 442.34031933641154, 146.41618710702437, 10.920517731540293, 499.99965976215293, 6
20, 1.2729740684568929, 447.9604220589262, 118.70908291732157, 46.85408899807154, 499.9898272891238, 7
20, 1.2729740684568929, 462.0183182227879, 99.12482448846148, 15.273136150576759, 499.9998330405738, 8
21, 1.2729740684568929, 474.0545131266355, 74.94098892261957, 124.93610479711388, 499.9995268830809, 0
21, 1.2729740684568929, 398.6190352049578, 150.81925886874447, 97.75987359990485, 499.9994602935933, 1
21, 1.2729740684568929, 455.8333525462199, 120.2271185324019, 5.004718812134872, 499.99950788030196, 2
21, 1.2729740684568929, 442.406621837691, 115.25307712292891, 22.073535244318766, 499.9994944303327, 3
21, 1.2729740684568929, 407.76197625524065, 158.42940498638268, 6.6512957509510455, 499.99933662579804, 4
21, 1.2729740684568929, 474.36138303038484, 54.570013493950334, 268.78818034784507, 499.99964063151987, 5
21, 1.2729740684568929, 401.3320786874028, 171.68128053062176, 10.977867376160015, 499.99932929206, 6
21, 1.2729740684568929, 443.60841784050746, 131.8838139445017, 9.772154402602236, 499.99943881409945, 7
21, 1.2729740684568929, 430.25903891583073, 148.82076165297494, 15.273136150576759, 499.99975445229666, 8
22, 1.2729740684568929, 447.5069734608215, 130.49672150883958, 34.791753394705985, 499.99972101921685, 0
22, 1.2729740684568929, 391.6115570890589, 150.21720656281516, 97.75987359990485, 499.9992800635564, 1
22, 1.2729740684568929, 477.31504514652914, 92.93164067369348, 22.817005377208435, 499.9998523641186, 2
22, 1.2729740684568929, 450.9964964332698, 104.62829918917537, 36.09893642282643, 499.9996087243062, 3
22, 1.2729740684568929, 386.78002153285263, 185.23534601577956, 27.84291431944451, 499.99975347391745, 4
22, 1.2729740684568929, 443.73720083057253, 117.13136639510064, 26.317143587148728, 499.99951500418956, 5
22, 1.2729740684568929, 405.585353638203, 180.1096569166821, 10.977867376160015, 499.99920587753365, 6
22, 1.2729740684568929, 412.623558794302, 177.42186081305465, 4.037071640022424, 499.99784885211795, 7
22, 1.2729740684568929, 427.3884957955727, 136.3797330646497, 61.14531186079694, 499.990472773249, 8
23, 1.2729740684568929, 443.27806174037954, 140.72484402933978, 17.786249691532706, 499.99971245245405, 0
23, 1.2729740684568929, 432.8587530351999, 116.06282105379069, 105.77610730371988, 499.9995612545213, 1
23, 1.2729740684568929, 492.82519851969374, 24.575043597178343, 372.99596605374677, 499.99923688507806, 2
23, 1.2729740684568929, 487.19599527573934, 32.41749671646157, 356.9177653095643, 499.9995392563622, 3
23, 1.2729740684568929, 439.38937046367295, 140.20812508808822, 27.84291431944451, 499.99954905113583, 4
23, 1.2729740684568929, 430.67063137075024, 129.26579679254945, 29.52883487306648, 499.9993093599417, 5
23, 1.2729740684568929, 437.465663305258, 147.13324362943868, 10.977867376160015, 499.99953466074464, 6
23, 1.2729740684568929, 450.16410007811896, 128.95184109906847, 5.138334895872967, 499.9985207547218, 7
23, 1.2729740684568929, 448.58591927318264, 123.90250955351448, 88.64887526566899, 499.9992842831297, 8
24, 1.2729740684568929, 442.38262213366426, 124.99533133800948, 17.79784648082551, 499.9995560821209, 0
24, 1.2729740684568929, 430.49422133652513, 110.06326227092423, 172.12959701360342, 499.9998523641186, 1
24, 1.2729740684568929, 479.0098261240797, 41.941560167141, 372.99596605374677, 499.99934515245275, 2
24, 1.2729740684568929, 447.91391802697325, 128.26836403760325, 12.259095646023772, 499.9994960887587, 3
24, 1.2729740684568929, 453.94304337072606, 88.87960981693003, 178.58219543058547, 499.9997676081467, 4
24, 1.2729740684568929, 396.8916628959967, 159.52788350627168, 29.52883487306648, 499.9994230441555, 5
24, 1.2729740684568929, 450.2765409605209, 113.72447639409597, 96.36254403411851, 499.99917570351107, 6
24, 1.2729740684568929, 455.2406332021173, 110.30028851427495, 21.572168288624876, 499.9998523641184, 7
24, 1.2729740684568929, 458.7298328824784, 99.99061542658804, 88.64887526566899, 499.99964752612425, 8
25, 1.2729740684568929, 446.2485004178382, 103.95567143957199, 111.91601127283303, 499.9995560821209, 0
25, 1.2729740684568929, 421.60629937247484, 123.87585663006041, 81.41518974739989, 499.99928239169026, 1
25, 1.2729740684568929, 474.40806191459336, 95.32002636556093, 20.55308892763561, 499.99917457507956, 2
25, 1.2729740684568929, 467.8207390536407, 66.76246501241516, 227.58391530377472, 499.99931672716826, 3
25, 1.2729740684568929, 429.6127457805923, 150.70056572339803, 33.0475545407967, 499.9994696835699, 4
25, 1.2729740684568929, 374.25405940884366, 167.12017280234951, 29.52883487306648, 499.9996521263744, 5
25, 1.2729740684568929, 387.05017233895035, 172.7739820471159, 24.044749214622584, 499.9998365939863, 6
25, 1.2729740684568929, 454.76063492942444, 126.81244517620871, 21.572168288624876, 499.9993142678714, 7
25, 1.2729740684568929, 453.73816770109954, 107.39573011133893, 71.35561460159708, 499.99964156990524, 8
26, 1.2729740684568929, 413.3211014103682, 151.36746232329452, 35.800740690873205, 499.9997980485385, 0
26, 1.2729740684568929, 405.3845573348658, 154.12654647933005, 14.563679776502237, 499.9993082118654, 1
26, 1.2729740684568929, 477.345059320223, 49.72508378324748, 293.6511075140065, 499.9992041451863, 2
26, 1.2729740684568929, 455.1606060212574, 126.76028314273691, 9.883812177393937, 499.99975121930936, 3
26, 1.2729740684568929, 461.7538398541201, 95.45387943943825, 33.07961071813865, 499.99742417486436, 4
26, 1.2729740684568929, 407.3089493918651, 151.02067421945364, 27.756683067263356, 499.99957291245136, 5
26, 1.2729740684568929, 379.80336743747563, 181.490982332341, 24.044749214622584, 499.99975056892544, 6
26, 1.2729740684568929, 471.0934429917381, 94.18142147059287, 21.572168288624876, 499.99963813379173, 7
26, 1.2729740684568929, 406.6542332801589, 154.39534876769466, 8.030911128598479, 499.9993103794329, 8
27, 1.2729740684568929, 403.8364050849409, 154.09734844664163, 35.800740690873205, 499.9996527905078, 0
27, 1.2729740684568929, 430.5808410224578, 140.90443309268585, 14.566011378818356, 499.9995501067371, 1
27, 1.2729740684568929, 447.15534396054574, 117.12023553820829, 60.79439986536238, 499.99974860450527, 2
27, 1.2729740684568929, 454.6643595465879, 126.46749385844258, 9.883812177393937, 499.99944249828013, 3
27, 1.2729740684568929, 459.961100209481, 99.44875689611084, 28.65545512967911, 499.99971211403795, 4
27, 1.2729740684568929, 395.69982141638343, 176.81874949220784, 8.806193627169893, 499.99959009171545, 5
27, 1.2729740684568929, 410.3350507370507, 162.19288637893249, 8.840959493689782, 499.9993830515224, 6
27, 1.2729740684568929, 468.308210524701, 74.60179402771769, 132.6788607294006, 499.9997941831127, 7
27, 1.2729740684568929, 362.5516392805151, 186.3387923896828, 8.030911128598479, 499.999029968094, 8
28, 1.2729740684568929, 441.0231851842466, 103.73336639173593, 63.167046898884536, 499.99957219516784, 0
28, 1.2729740684568929, 377.38131504063654, 200.278741829414, 7.874709580863129, 499.9994428287676, 1
28, 1.2729740684568929, 437.33088332258325, 131.3962554672852, 60.79439986536238, 499.99985236411925, 2
28, 1.2729740684568929, 484.67970657749794, 46.32195355606909, 261.28953018717226, 499.9998523641186, 3
28, 1.2729740684568929, 429.37693101182003, 150.5413838290022, 28.65545512967911, 499.99947151743555, 4
28, 1.2729740684568929, 435.7185202615842, 143.3053178653417, 8.806193627169893, 499.9993896880663, 5
28, 1.2729740684568929, 444.24583978200366, 123.05505094238883, 8.840959493689782, 499.9994703934811, 6
28, 1.2729740684568929, 418.3255621329691, 155.11174284474066, 2.096339522053256, 499.99928916803896, 7
28, 1.2729740684568929, 416.97813758924457, 153.36277026488233, 11.745526435802507, 499.99940576122106, 8
29, 1.2729740684568929, 450.3719854411354, 106.81475402480454, 23.655631591722244, 499.99970758072254, 0
29, 1.2729740684568929, 438.1814801021948, 143.54176082536017, 13.620264447777757, 499.999201924402, 1
29, 1.2729740684568929, 437.1803963006332, 122.24640424330535, 129.47265357127503, 499.9996874969744, 2
29, 1.2729740684568929, 459.89662187294545, 86.63716770455937, 177.93348129311642, 499.99962685489584, 3
29, 1.2729740684568929, 449.3218671720956, 129.31577205336828, 10.063894844187102, 499.9988117965685, 4
29, 1.2729740684568929, 455.4506630694785, 123.7418976308336, 37.54999387797654, 499.99947130720574, 5
29, 1.2729740684568929, 475.04487853157593, 61.17325012855008, 196.94207977274567, 499.99945418238326, 6
29, 1.2729740684568929, 448.6156945497202, 104.1692105699436, 27.43483193034575, 499.99972324301535, 7
29, 1.2729740684568929, 423.56092233697905, 145.1487027381051, 10.790076660431023, 499.99983217904975, 8
30, 1.2729740684568929, 436.64060086805665, 109.5180743552194, 54.699081246555636, 499.999227502362, 0
30, 1.2729740684568929, 437.90941500208464, 137.74463190008214, 13.620264447777757, 499.99934272781553, 1
30, 1.2729740684568929, 433.9193207778378, 126.10794661957895, 73.13697124897533, 499.9994760552885, 2
30, 1.2729740684568929, 434.97846360323217, 151.103700395872, 9.80426986600074, 499.9994506900596, 3
30, 1.2729740684568929, 456.3103051361416, 106.47400338287558, 55.67224605636527, 499.99966346857735, 4
30, 1.2729740684568929, 469.4878927468716, 54.217442967485475, 268.5654947332182, 499.99931010235815, 5
30, 1.2729740684568929, 471.81099181731565, 81.68649840991095, 196.94207977274567, 499.9998079948208, 6
30, 1.2729740684568929, 388.11039117213966, 155.7388277627449, 9.380891144151951, 499.99884974634136, 7
30, 1.2729740684568929, 440.62078491105655, 113.3630488181029, 20.768148524143346, 499.9996599949123, 8
31, 1.2729740684568929, 459.5749004258972, 85.24803702305894, 144.95883592408194, 499.99937776058715, 0
31, 1.2729740684568929, 449.7113770182938, 121.0996362783235, 39.62105220469814, 499.9995274175511, 1
31, 1.2729740684568929, 448.6550307798194, 116.63043371970743, 36.24320678347751, 499.999427061576, 2
31, 1.2729740684568929, 488.51422754583166, 22.650191688145338, 382.5066615570032, 499.9993911150418, 3
31, 1.2729740684568929, 435.02467593729637, 128.22325773034729, 32.85303838518356, 499.9994875672423, 4
31, 1.2729740684568929, 456.382626716889, 106.17126934511575, 53.32218832528871, 499.9995889418588, 5
31, 1.2729740684568929, 460.97164800789375, 109.40236335942366, 10.944403475668025, 499.99965858734026, 6
31, 1.2729740684568929, 378.8944452291715, 183.08822452960487, 9.380891144151951, 499.9994995544751, 7
31, 1.2729740684568929, 426.34634144526814, 123.84016252659161, 40.97284247619816, 499.99946922987203, 8
32, 1.2729740684568929, 443.0816320035837, 103.37016762988749, 69.03239973935189, 499.9998523641186, 0
32, 1.2729740684568929, 448.39175451569486, 108.23063447747529, 38.86274909946084, 499.99933585697084, 1
32, 1.2729740684568929, 372.75654647295846, 183.25946596838904, 3.9696849244489054, 499.99931715522536, 2
32, 1.2729740684568929, 469.99887113318687, 92.91117130373767, 28.53988158743954, 499.9992575766792, 3
32, 1.2729740684568929, 442.2265573956279, 137.36516043969803, 32.85303838518356, 499.99918389154675, 4
32, 1.2729740684568929, 463.8916053912989, 97.70526437821711, 25.519862267502162, 499.9996579611678, 5
32, 1.2729740684568929, 446.59372037172636, 112.6032364625531, 84.53216660635249, 499.99925253707437, 6
32, 1.2729740684568929, 357.8515539642416, 194.67608477808878, 9.380891144151951, 499.9993450728966, 7
32, 1.2729740684568929, 462.4864768215915, 89.28623966225722, 130.82123416397494, 499.99976529709096, 8
33, 1.2729740684568929, 460.8245725985861, 76.22207232675126, 248.8956842090229, 499.9995477603921, 0
33, 1.2729740684568929, 457.9390819477942, 102.90062211473672, 24.89893598531909, 499.99985236411925, 1
33, 1.2729740684568929, 424.6709064839422, 159.69217402315016, 3.9696849244489054, 499.9994760552885, 2
33, 1.2729740684568929, 481.16307988378014, 36.87486291036965, 363.17408147941575, 499.99951180832966, 3
33, 1.2729740684568929, 425.91555769245906, 151.66596867718698, 32.85303838518356, 499.9994364191239, 4
33, 1.2729740684568929, 468.83600664583435, 66.84419650065216, 241.4073123029509, 499.9993407745773, 5
33, 1.2729740684568929, 381.6487492726724, 155.13200922103246, 84.53216660635249, 499.9995373235876, 6
33, 1.2729740684568929, 358.6550260125327, 206.1208588297096, 6.162694817319773, 499.99985236411925, 7
33, 1.2729740684568929, 453.98800784723096, 108.5476214550288, 23.58938711326734, 499.99936934475534, 8
34, 1.2729740684568929, 450.6880236981731, 105.41418603300727, 85.08943500851846, 499.99937423254886, 0
34, 1.2729740684568929, 487.34507515556254, 26.6349606487145, 383.33027900841364, 499.999701844343, 1
34, 1.2729740684568929, 428.334651912107, 149.37597785632957, 10.540290876336552, 499.9976153456041, 2
34, 1.2729740684568929, 478.0583335610204, 39.84601826481329, 363.17408147941575, 499.99956573500407, 3
34, 1.2729740684568929, 398.9760284327958, 165.61896901036528, 14.224503687624505, 499.9993118295626, 4
34, 1.2729740684568929, 427.5107620202854, 120.42546363663999, 7.937272757314145, 499.99918863592706, 5
34, 1.2729740684568929, 420.3774249886177, 164.1729157753146, 8.212098227557576, 499.99971766186087, 6
34, 1.2729740684568929, 477.1135483901357, 87.15523198352771, 53.086547966481085, 499.9994600684799, 7
34, 1.2729740684568929, 434.9945628206579, 141.90179057664588, 7.873995867954403, 499.99933815047314, 8
35, 1.2729740684568929, 411.76458039833386, 154.53603662794697, 17.427789293513797, 499.9998523641184, 0
35, 1.2729740684568929, 463.33281572947476, 94.31491353348477, 30.579201850535576, 499.9993899965622, 1
35, 1.2729740684568929, 438.604349498175, 125.18818069742132, 10.419001316715688, 499.99929659704185, 2
35, 1.2729740684568929, 449.1264380992403, 101.382565274617, 36.33599046956896, 499.99918585684867, 3
35, 1.2729740684568929, 299.1228270606729, 212.24445022071438, 14.224503687624505, 499.9992504196798, 4
35, 1.2729740684568929, 426.45835017256644, 110.02265791657088, 64.44760316002129, 499.9971689744711, 5
35, 1.2729740684568929, 394.66372099901827, 180.79206847161953, 10.224835480535837, 499.99921438206223, 6
35, 1.2729740684568929, 422.6240202135738, 142.5301487025794, 52.50034929672684, 499.9943749334134, 7
35, 1.2729740684568929, 441.49767928479554, 145.74648023931968, 16.53078171724608, 499.99936429777995, 8
36, 1.2729740684568929, 421.17901487806563, 137.01940654782086, 17.427789293513797, 499.9995313727585, 0
36, 1.2729740684568929, 354.05100837983883, 204.8693457286695, 14.910654019072147, 499.9994878073093, 1
36, 1.2729740684568929, 410.3024759512384, 157.6683142423013, 10.419001316715688, 499.9996811303503, 2
36, 1.2729740684568929, 477.62406704945033, 47.24271060288285, 300.65832747839517, 499.99956184532874, 3
36, 1.2729740684568929, 413.65477841416464, 158.2472103715714, 14.224503687624505, 499.9994304749826, 4
36, 1.2729740684568929, 426.4538281398561, 124.93687255050068, 56.31958062870931, 499.9992316100379, 5
36, 1.2729740684568929, 396.82492569340525, 178.9827304896241, 10.224835480535837, 499.9994574588892, 6
36, 1.2729740684568929, 463.8872722958871, 105.29600075950957, 108.15177817813868, 499.99964189538434, 7
36, 1.2729740684568929, 447.7045933813161, 118.50531584166903, 63.17467489685828, 499.9998523641184, 8
37, 1.2729740684568929, 434.6616044642344, 134.0424417944617, 16.654086955893384, 499.999424442697, 0
37, 1.2729740684568929, 375.04936168902464, 180.6463800276183, 14.910654019072147, 499.99966334074793, 1
37, 1.2729740684568929, 434.7737440774984, 140.4236439655682, 9.460825783749321, 499.9995369243463, 2
37, 1.2729740684568929, 450.44605478589773, 79.05559087597175, 291.72601241732156, 499.99956184532874, 3
37, 1.2729740684568929, 428.5440739580422, 152.98674116560488, 17.56234802668793, 499.99973599278394, 4
37, 1.2729740684568929, 377.4402193654041, 163.96010089710305, 3.709892513743612, 499.9996411591889, 5
37, 1.2729740684568929, 474.85843715312416, 51.224794171989345, 314.9532684938288, 499.9998523641186, 6
37, 1.2729740684568929, 490.69922255229847, 11.97162674275352, 466.6477061976584, 499.9994201922968, 7
37, 1.2729740684568929, 448.5506141410175, 120.92011187591089, 46.70219722104129, 499.99950562952654, 8
38, 1.2729740684568929, 436.2332261765364, 109.75970984852144, 59.79708240244241, 499.99944017144617, 0
38, 1.2729740684568929, 387.02927259139744, 168.78625528204824, 14.910654019072147, 499.9995332203521, 1
38, 1.2729740684568929, 451.8999041893743, 112.38046067616897, 19.49337846237142, 499.9993554015933, 2
38, 1.2729740684568929, 453.19441968593077, 97.44562716326205, 100.59435782332227, 499.99960624221626, 3
38, 1.2729740684568929, 402.578080709642, 178.6665287998035, 16.62835687155446, 499.9993170026944, 4
38, 1.2729740684568929, 409.7101784912253, 155.04477629546162, 3.709892513743612, 499.99947990576374, 5
38, 1.2729740684568929, 436.1943844801483, 123.15704538335758, 10.098891720573222, 499.99967779902465, 6
38, 1.2729740684568929, 487.90894102138606, 15.959207722893943, 434.8132899369374, 499.99983705530707, 7
38, 1.2729740684568929, 478.3634997078163, 56.4257745828841, 220.55691342442643, 499.9998493147786, 8
39, 1.2729740684568929, 395.7688775062141, 154.701997298387, 17.896619324892768, 499.9991793078805, 0
39, 1.2729740684568929, 368.6869489490525, 188.69966665774623, 14.910654019072147, 499.99931072736644, 1
39, 1.2729740684568929, 438.96811606888207, 139.60106462426072, 12.412775312480926, 499.9996003807695, 2
39, 1.2729740684568929, 430.22661130892976, 126.19371412195254, 39.443311244030674, 499.9995376809324, 3
39, 1.2729740684568929, 400.88764036896646, 185.54432082908014, 7.924393931653533, 499.9993907116026, 4
39, 1.2729740684568929, 418.15477985482045, 154.7836466161676, 3.709892513743612, 499.99921883807974, 5
39, 1.2729740684568929, 405.7863779271419, 169.2729720852252, 5.870165699185657, 499.9995368855249, 6
39, 1.2729740684568929, 476.3017574890207, 52.07927071738979, 235.4757840600313, 499.99929635361536, 7
39, 1.2729740684568929, 438.76429194428437, 115.15131510343451, 9.42111992250302, 499.9992837307245, 8
40, 1.2729740684568929, 432.0459915671287, 115.98000041100275, 20.685954522398138, 499.999451924083, 0
40, 1.2729740684568929, 439.4179750421309, 136.72713720497967, 20.977415475449174, 499.99917360640893, 1
40, 1.2729740684568929, 433.7757855739174, 139.64888398365798, 19.75185246425854, 499.9992247797958, 2
40, 1.2729740684568929, 373.85590194281036, 176.51005984054922, 28.691970131789564, 499.96783632076756, 3
40, 1.2729740684568929, 424.22094748845205, 153.90317142467038, 7.924393931653533, 499.9995083834482, 4
40, 1.2729740684568929, 439.67839166772933, 118.10561572155231, 7.786052114292969, 499.9995071371231, 5
40, 1.2729740684568929, 368.1065609387677, 192.5730349512231, 8.930925549436669, 499.9994736652461, 6
40, 1.2729740684568929, 447.8139062606957, 117.17753332838139, 35.26106782730519, 499.9993690132208, 7
40, 1.2729740684568929, 446.55337363646214, 86.34538245487913, 220.55691342442643, 499.9993555084542, 8
41, 1.2729740684568929, 403.6118225902643, 156.35157108957281, 20.685954522398138, 499.9995589893184, 0
41, 1.2729740684568929, 397.27404749870226, 165.45584222301645, 18.16744167473735, 499.99943218785853, 1
41, 1.2729740684568929, 456.58364297847817, 107.47390851376163, 101.26125919045708, 499.9991901613831, 2
41, 1.2729740684568929, 372.50954361067306, 174.2699685926045, 28.691970131789564, 499.99946016332285, 3
41, 1.2729740684568929, 438.1538906003614, 115.07877907757803, 32.2003621037973, 499.9993419665246, 4
41, 1.2729740684568929, 422.8566365138634, 126.67231827278839, 7.786052114292969, 499.9994174581399, 5
41, 1.2729740684568929, 380.55457180053764, 185.25405490033393, 16.912392990852627, 499.9993237653329, 6
41, 1.2729740684568929, 408.6604560049852, 155.1439582719591, 24.9908256715657, 499.99935300301655, 7
41, 1.2729740684568929, 417.649448232894, 147.46477922836493, 42.697286508617154, 499.99933127244805, 8
42, 1.2729740684568929, 438.02478184301947, 118.02636524331712, 22.27022933805799, 499.9993193081353, 0
42, 1.2729740684568929, 394.47274112946275, 162.66330663351968, 8.295917063651236, 499.99925727705335, 1
42, 1.2729740684568929, 468.89893756040544, 82.70312094979073, 101.26125919045708, 499.99923849907395, 2
42, 1.2729740684568929, 362.5011926624344, 195.62134370643986, 18.194790876836024, 499.9996462453769, 3
42, 1.2729740684568929, 393.7537643531728, 160.84102788001488, 32.2003621037973, 499.9995470899815, 4
42, 1.2729740684568929, 391.9250520303382, 160.92625367144046, 7.786052114292969, 499.9997138858607, 5
42, 1.2729740684568929, 416.8246565788722, 168.92323377512324, 16.912392990852627, 499.9994256876058, 6
42, 1.2729740684568929, 409.0944458990468, 151.77637792605626, 22.482257109876016, 499.99872470405427, 7
42, 1.2729740684568929, 451.5086945918606, 113.95750026272606, 79.10988393683952, 499.999443117917, 8
43, 1.2729740684568929, 405.892381295403, 148.23583308557414, 22.27022933805799, 499.9991802849446, 0
43, 1.2729740684568929, 422.0252328098479, 149.44917861901283, 23.685248498535074, 499.9993582415974, 1
43, 1.2729740684568929, 427.5075153168451, 149.92948618494802, 39.59790375183687, 499.99722296445464, 2
43, 1.2729740684568929, 381.4754986202502, 175.56347081617474, 20.459350620059595, 499.9997530791648, 3
43, 1.2729740684568929, 466.62104421735, 73.63397315232608, 189.0229438165658, 499.99978777192695, 4
43, 1.2729740684568929, 372.9504652881587, 177.64147925042124, 7.133691075330246, 499.9994332373398, 5
43, 1.2729740684568929, 376.7618760579685, 203.0957613476693, 4.060137254335557, 499.9995598525517, 6
43, 1.2729740684568929, 431.3769010126476, 126.57842398394749, 51.76450616210752, 499.9992041874141, 7
43, 1.2729740684568929, 473.7390382554515, 60.1968576041587, 230.07805709067486, 499.99917598112694, 8
44, 1.2729740684568929, 425.13643601953123, 139.85399137408606, 22.48558970007741, 499.99927645486497, 0
44, 1.2729740684568929, 433.8456070135691, 143.5864803740819, 7.874005879923814, 499.9994170378318, 1
44, 1.2729740684568929, 429.70698930974527, 147.46178577065538, 12.198157493091163, 499.9998243785938, 2
44, 1.2729740684568929, 380.51949520640903, 188.70519040364158, 20.459350620059595, 499.99967920483704, 3
44, 1.2729740684568929, 471.77645134648503, 83.65583277837256, 189.0229438165658, 499.99965537000475, 4
44, 1.2729740684568929, 374.9248350808792, 167.44086548762337, 5.122503277437227, 499.99923732254865, 5
44, 1.2729740684568929, 415.0045579852337, 174.49481502399937, 11.5304295450971, 499.999523835842, 6
44, 1.2729740684568929, 454.05357579834543, 86.7178098510044, 164.0267989468803, 499.99949465611604, 7
44, 1.2729740684568929, 449.11505403514565, 131.87481785433806, 3.1853824863700533, 499.9957223345424, 8
45, 1.2729740684568929, 410.2722510378894, 155.8822151321076, 23.121569517559287, 499.9992394141874, 0
45, 1.2729740684568929, 437.9133951374726, 140.47669169044653, 7.874005879923814, 499.9995620424525, 1
45, 1.2729740684568929, 397.0878633150988, 180.70846189829032, 12.198157493091163, 499.99967756834775, 2
45, 1.2729740684568929, 371.5928842491895, 197.51231607383178, 9.165063912658708, 499.99939410052554, 3
45, 1.2729740684568929, 473.9487109720358, 66.63886690313691, 187.55680516331, 499.9995164747632, 4
45, 1.2729740684568929, 364.9029203315546, 167.93488730384553, 5.122503277437227, 499.9992517150046, 5
45, 1.2729740684568929, 389.2457738773186, 188.20939437094393, 11.767962917641377, 499.9992489792592, 6
45, 1.2729740684568929, 417.28468123869857, 156.3639447197961, 12.064096973240222, 499.9989380164329, 7
45, 1.2729740684568929, 447.50544328605565, 132.553574756267, 3.1853824863700533, 499.9994705346064, 8
46, 1.2729740684568929, 438.45304064399005, 122.38849190949479, 64.54301502052354, 499.99944581599186, 0
46, 1.2729740684568929, 403.0550558195833, 159.9133116479176, 7.874005879923814, 499.99922366214355, 1
46, 1.2729740684568929, 366.9581760507328, 182.24815375378486, 14.801396177542616, 499.9994144032081, 2
46, 1.2729740684568929, 342.3151734413592, 206.81782525720268, 18.35269876014841, 499.9994881785163, 3
46, 1.2729740684568929, 475.65177121047, 66.96146893338164, 187.55680516331, 499.99956132258916, 4
46, 1.2729740684568929, 376.08872378728864, 171.27137975826037, 7.133691075330246, 499.99951907432535, 5
46, 1.2729740684568929, 419.7999824159989, 154.68801807254872, 11.618903109694607, 499.9997340112938, 6
46, 1.2729740684568929, 419.1948078687071, 151.19697298296302, 16.02267839037988, 499.9995552979027, 7
46, 1.2729740684568929, 448.305004678414, 115.0972760399354, 3.1853824863700533, 499.9992616897117, 8
47, 1.2729740684568929, 433.8098756614664, 119.248523677459, 27.53200316389743, 499.99961668478863, 0
47, 1.2729740684568929, 450.89901269323457, 112.9492734717049, 102.43140496774973, 499.9991805076131, 1
47, 1.2729740684568929, 412.0286200648124, 162.71398220173555, 11.7242475104323, 499.99919238479737, 2
47, 1.2729740684568929, 411.33864962606856, 165.97434154578673, 19.32464663735327, 499.9997780085424, 3
47, 1.2729740684568929, 477.08731702824144, 64.18576695585847, 187.55680516331, 499.9993222646215, 4
47, 1.2729740684568929, 441.57217905283636, 121.01433530445773, 20.93796619560323, 499.9997931249728, 5
47, 1.2729740684568929, 392.2345921426069, 190.33043582293675, 11.618903109694607, 499.99922364304376, 6
47, 1.2729740684568929, 400.23594144968064, 171.80267383338136, 16.02267839037988, 499.99930349728436, 7
47, 1.2729740684568929, 418.4236958045625, 153.05720507295547, 3.1853824863700533, 499.99932562265127, 8
48, 1.2729740684568929, 429.80651487990633, 124.6167970349572, 27.53200316389743, 499.99939089275335, 0
48, 1.2729740684568929, 427.4348700425378, 144.33290521537808, 33.987210101054465, 499.99957898093953, 1
48, 1.2729740684568929, 437.96507130025253, 135.7447774047834, 11.7242475104323, 499.99924787782663, 2
48, 1.2729740684568929, 431.8674846696611, 142.58299973016705, 19.32464663735327, 499.9995511744134, 3
48, 1.2729740684568929, 471.20809875532564, 47.80591463073002, 330.84162924472275, 499.99917302986063, 4
48, 1.2729740684568929, 421.0680726493192, 139.66562869150044, 12.671256168160355, 499.999242526177, 5
48, 1.2729740684568929, 437.78153747577153, 135.51248876557415, 11.767962917641377, 499.9995099934578, 6
48, 1.2729740684568929, 346.28521637855056, 200.6834847543767, 17.38688995178467, 499.9991778449474, 7
48, 1.2729740684568929, 379.31731361226224, 185.73206672984796, 3.1853824863700533, 499.9992960348221, 8
49, 1.2729740684568929, 445.2747873219004, 105.1477719578304, 152.98119235887276, 499.9964616006341, 0
49, 1.2729740684568929, 440.8379089271318, 123.2566465967635, 58.428467815102444, 499.99920690917105, 1
49, 1.2729740684568929, 405.11459146068205, 162.05459376829484, 11.7242475104323, 499.99917605640405, 2
49, 1.2729740684568929, 478.18463432266776, 92.42039798020494, 26.65065413421739, 499.99970418115817, 3
49, 1.2729740684568929, 431.6344111066277, 137.73364556758762, 4.3049690296218195, 499.9995206162004, 4
49, 1.2729740684568929, 461.34665996466936, 89.00950507477954, 81.52291177150335, 499.99931899563546, 5
49, 1.2729740684568929, 401.42164646388045, 170.935990354191, 11.767962917641377, 499.9995032245824, 6
49, 1.2729740684568929, 369.5334880139942, 190.3704082303808, 32.75520515958867, 499.9997893413356, 7
49, 1.2729740684568929, 381.81948308641114, 186.8907149691511, 3.1853824863700533, 499.99917754868676, 8
50, 1.2729740684568929, 438.0677159394699, 126.28943552344595, 22.480351765018327, 499.999852364119, 0
50, 1.2729740684568929, 418.4582453689495, 146.06575228862465, 58.428467815102444, 499.9996872634879, 1
50, 1.2729740684568929, 427.4224397362685, 144.2603310661448, 11.7242475104323, 499.99965687866285, 2
50, 1.2729740684568929, 458.37262128445536, 124.49628763629288, 23.04300008801246, 499.9998172492704, 3
50, 1.2729740684568929, 400.7023642224913, 142.73275443205503, 27.703490782927155, 499.99928583593686, 4
50, 1.2729740684568929, 467.6634607892397, 91.29614517977586, 31.754943080665186, 499.9994037917175, 5
50, 1.2729740684568929, 468.0568789412124, 72.98081965054052, 128.31162389012462, 499.98997149952197, 6
50, 1.2729740684568929, 426.92833794206047, 148.49947427933566, 32.75520515958867, 499.99946260443284, 7
50, 1.2729740684568929, 420.68816278999685, 144.8020038647905, 14.426249142130535, 499.9993386208776, 8
51, 1.2729740684568929, 415.60363766807416, 130.57276203483286, 130.16022204618858, 499.9998523641186, 0
51, 1.2729740684568929, 441.4462240521223, 124.93074703981839, 58.428467815102444, 499.99965665487116, 1
51, 1.2729740684568929, 411.018160424413, 175.21128921804322, 11.7242475104323, 499.9995690224661, 2
51, 1.2729740684568929, 438.78913332600047, 138.50728608375968, 15.976936370942592, 499.9992556826831, 3
51, 1.2729740684568929, 391.5675958759621, 147.83334563311723, 24.704234111074555, 499.99917340429903, 4
51, 1.2729740684568929, 481.0043956959577, 29.698550662713377, 377.67648362645457, 499.9995230522055, 5
51, 1.2729740684568929, 479.1358187276105, 31.90975750693024, 356.2312807610554, 499.99932675930927, 6
51, 1.2729740684568929, 379.8126444450751, 185.41039021562239, 32.75520515958867, 499.9996793477195, 7
51, 1.2729740684568929, 393.24083582021456, 149.9416812908537, 11.127473105045533, 499.9991764161636, 8
52, 1.2729740684568929, 450.1644230740716, 113.19641115220003, 15.196961365929168, 499.99967152828424, 0
52, 1.2729740684568929, 416.71171325071396, 144.34256833931914, 22.89391439756221, 499.99973290036377, 1
52, 1.2729740684568929, 392.0727328275188, 186.8283859216606, 3.0010709941015263, 499.9995362496144, 2
52, 1.2729740684568929, 382.23267709047707, 187.13997585659362, 15.976936370942592, 499.9995181529477, 3
52, 1.2729740684568929, 442.2694170504729, 92.98628401092559, 187.93170015261464, 499.99951690680047, 4
52, 1.2729740684568929, 480.472585538055, 33.382980864355694, 377.67648362645457, 499.99945404513096, 5
52, 1.2729740684568929, 487.00316852544876, 18.781665254966995, 439.796954267595, 499.99985236411925, 6
52, 1.2729740684568929, 378.0981901655544, 187.61105667205558, 12.188505733948169, 499.9994593672819, 7
52, 1.2729740684568929, 407.78510340712165, 131.82440629929238, 11.127473105045533, 499.99919796442305, 8
53, 1.2729740684568929, 449.62495994267925, 79.5655990155599, 156.95043257887795, 499.99969229300854, 0
53, 1.2729740684568929, 416.49290726493314, 142.15806720540508, 56.7886172564491, 499.9995890030479, 1
53, 1.2729740684568929, 435.79105227515095, 149.4618102426132, 3.0010709941015263, 499.9995527670688, 2
53, 1.2729740684568929, 410.747191881144, 153.69003066828245, 23.04300008801246, 499.99966152439407, 3
53, 1.2729740684568929, 445.43978819314196, 90.2408134388854, 187.05800465183512, 499.99930008552536, 4
53, 1.2729740684568929, 482.1590802440847, 29.46501182364791, 384.5496529810057, 499.99937879584314, 5
53, 1.2729740684568929, 460.8096708886299, 100.02282185768061, 27.996923302569535, 499.9993972634923, 6
53, 1.2729740684568929, 436.6768128987556, 137.32000824868183, 32.75520515958867, 499.9994593672819, 7
53, 1.2729740684568929, 396.68993365979094, 177.2018150177193, 10.952177774666717, 499.9996311907, 8
54, 1.2729740684568929, 421.80612320721104, 127.502454849803, 5.082264852054481, 499.99953279277145, 0
54, 1.2729740684568929, 460.0924509786041, 102.6141661889447, 69.39769639304524, 499.99936093710716, 1
54, 1.2729740684568929, 463.6071422299491, 91.21349543623369, 108.47853013343317, 499.9994625927793, 2
54, 1.2729740684568929, 406.9653805104045, 170.69187776809503, 21.09272736543194, 499.9995412536446, 3
54, 1.2729740684568929, 454.98374106602097, 75.03597362462054, 251.74191347691058, 499.9995809311527, 4
54, 1.2729740684568929, 417.27649230108227, 131.03116978192983, 20.05322410253552, 499.9992889315613, 5
54, 1.2729740684568929, 474.9301692784749, 90.95648959107979, 34.22446922879599, 499.99953407217333, 6
54, 1.2729740684568929, 441.694648560034, 132.10543372134856, 21.441408947208632, 499.99970432540954, 7
54, 1.2729740684568929, 398.4577805389127, 171.42487931041205, 10.952177774666717, 499.9995933766153, 8
55, 1.2729740684568929, 402.76021582404275, 149.32129309487058, 3.309935344702814, 499.9992280695685, 0
55, 1.2729740684568929, 432.7940864622646, 127.42821943358919, 69.39769639304524, 499.9995340916061, 1
55, 1.2729740684568929, 423.55592300545015, 130.2873833335112, 91.8801723221445, 499.9992251109847, 2
55, 1.2729740684568929, 390.8054378670071, 188.06667414915515, 21.09272736543194, 499.99951490879664, 3
55, 1.2729740684568929, 437.7454010912045, 139.45040936699027, 13.810804613824276, 499.99985236411925, 4
55, 1.2729740684568929, 352.4281186493005, 192.31316664110167, 20.05322410253552, 499.99951090071386, 5
55, 1.2729740684568929, 478.0855307867213, 89.05432932359903, 44.118926926497416, 499.9995334655971, 6
55, 1.2729740684568929, 410.7861885894692, 122.17528259863366, 28.20286092781436, 499.99937971998526, 7
55, 1.2729740684568929, 407.1719010770341, 149.44982352594008, 10.952177774666717, 499.9995933766153, 8
56, 1.2729740684568929, 411.1088002422766, 129.9998658882749, 180.71256704749612, 499.99917441719606, 0
56, 1.2729740684568929, 455.02080799647666, 74.24765365708951, 218.2783501189987, 499.9991764330822, 1
56, 1.2729740684568929, 464.11865852608827, 86.13933302623812, 108.47853013343317, 499.9996701850364, 2
56, 1.2729740684568929, 457.27965840163546, 115.92067235569598, 18.32934812430096, 499.9997069920559, 3
56, 1.2729740684568929, 450.8606117966568, 95.50679237609295, 118.55036432773429, 499.99672877802817, 4
56, 1.2729740684568929, 371.6779272937188, 184.18966243682505, 5.922372841647907, 499.9996784469078, 5
56, 1.2729740684568929, 443.2548483823448, 147.45862793482144, 13.034963234315859, 499.99941709387025, 6
56, 1.2729740684568929, 404.8753655277323, 138.47042421940844, 42.94152744896239, 499.99938893544555, 7
56, 1.2729740684568929, 438.97265561026694, 106.20759906964048, 10.952177774666717, 499.999852364119, 8
57, 1.2729740684568929, 382.2298071895472, 160.20823067046567, 17.39065681331828, 499.9914500075291, 0
57, 1.2729740684568929, 442.08503472937184, 105.97812518992178, 19.96295549165133, 499.99936183029666, 1
57, 1.2729740684568929, 455.01664772548634, 83.17350705147209, 144.40643731101989, 499.9997851788807, 2
57, 1.2729740684568929, 434.66711739812547, 154.1373042418366, 18.32934812430096, 499.9983367940216, 3
57, 1.2729740684568929, 475.56091959547337, 54.51900227730244, 329.98888929732595, 499.9994126690386, 4
57, 1.2729740684568929, 391.8574065630014, 182.5555323822188, 5.922372841647907, 499.9992545072683, 5
57, 1.2729740684568929, 471.4957086715877, 95.9457925293921, 13.034963234315859, 499.99967495351115, 6
57, 1.2729740684568929, 451.27517194663335, 111.48039468811237, 42.94152744896239, 499.9994868461013, 7
57, 1.2729740684568929, 395.2038707062025, 156.9836636366822, 19.25100153494168, 499.9994966109075, 8
58, 1.2729740684568929, 418.14253202333884, 139.0664034307098, 3.4229393047430223, 499.99928882986285, 0
58, 1.2729740684568929, 435.7488189483629, 91.73973764664649, 138.93258544404927, 499.99972185509955, 1
58, 1.2729740684568929, 440.64568223807976, 118.77331884413233, 11.001920287849112, 499.9997974084792, 2
58, 1.2729740684568929, 418.01745942828506, 172.5415705683342, 18.32934812430096, 499.9991729182046, 3
58, 1.2729740684568929, 447.71288068284304, 73.90032683596363, 255.13968642468762, 499.9992158054721, 4
58, 1.2729740684568929, 457.02945008030133, 133.24482718485203, 5.922372841647907, 499.99939752638176, 5
58, 1.2729740684568929, 451.67821708208686, 125.31096236807889, 13.034963234315859, 499.9992417291247, 6
58, 1.2729740684568929, 442.7144383403822, 121.52319476882076, 42.94152744896239, 499.99956586972644, 7
58, 1.2729740684568929, 448.9359953088483, 107.00162698789843, 19.25100153494168, 499.99929395004415, 8
59, 1.2729740684568929, 436.59085545573015, 119.81599080967662, 82.53245303270911, 499.99917441720504, 0
59, 1.2729740684568929, 453.9795637332173, 55.38999125381302, 315.6900117711093, 499.9992268910349, 1
59, 1.2729740684568929, 421.84747260123254, 123.92396756640966, 10.915099284185542, 499.99932607347387, 2
59, 1.2729740684568929, 459.55882569803777, 103.46273725509667, 10.944666195570845, 499.99984781842915, 3
59, 1.2729740684568929, 439.7193614671057, 114.44589513730446, 9.830790055950692, 499.99948641365455, 4
59, 1.2729740684568929, 444.5997827491421, 131.98157147845524, 5.922372841647907, 499.99922790463046, 5
59, 1.2729740684568929, 455.3504089327238, 103.19832889545567, 50.526667789860966, 499.9995669832599, 6
59, 1.2729740684568929, 425.5462211307371, 139.4755097882799, 18.242333296131854, 499.990971978901, 7
59, 1.2729740684568929, 436.19339568709984, 125.5220213090985, 33.90754107693624, 499.9991766214219, 8
60, 1.2729740684568929, 409.0812168505012, 140.37086547963312, 18.78052410923607, 499.9998485386407, 0
60, 1.2729740684568929, 424.9625226537327, 133.2019868242392, 8.926564996470827, 499.9991755276457, 1
60, 1.2729740684568929, 454.04266292007253, 80.81798510210277, 144.40643731101989, 499.99946904502843, 2
60, 1.2729740684568929, 482.7285073274046, 31.48296514183686, 390.1546627766643, 499.99936060269295, 3
60, 1.2729740684568929, 471.93474340146514, 97.03310667461791, 9.830790055950692, 499.999541394849, 4
60, 1.2729740684568929, 408.296739528464, 154.20912299309688, 5.922372841647907, 499.99965308785073, 5
60, 1.2729740684568929, 422.5644696014356, 127.00083391111856, 50.526667789860966, 499.99939295772003, 6
60, 1.2729740684568929, 413.5066890680791, 150.23311109471416, 18.242333296131854, 499.99962817634525, 7
60, 1.2729740684568929, 426.9312291182811, 118.54212766330828, 66.89248372846083, 499.99954760876966, 8
61, 1.2729740684568929, 410.0859773884227, 145.44134972832003, 8.874072746282229, 499.99860670536896, 0
61, 1.2729740684568929, 429.28551349883986, 118.40308452671142, 61.343777625792804, 499.99967126207696, 1
61, 1.2729740684568929, 444.46286164717907, 115.74481412657377, 21.91836624358879, 499.9994359202948, 2
61, 1.2729740684568929, 480.1991295798539, 36.07627413066933, 382.19168832227257, 499.9997648825276, 3
61, 1.2729740684568929, 449.88587192136305, 129.36823290774038, 9.830790055950692, 499.9993007997518, 4
61, 1.2729740684568929, 363.8216266910458, 189.5422151224503, 1.9942431517926662, 499.99938785220564, 5
61, 1.2729740684568929, 425.07262146020713, 139.8239963956364, 18.849925378545336, 499.9996585445492, 6
61, 1.2729740684568929, 384.0528319680122, 175.10618962200306, 4.978269112823085, 499.999516409728, 7
61, 1.2729740684568929, 466.54661219382956, 40.15427735692405, 370.11720451642924, 499.99985236411925, 8
62, 1.2729740684568929, 403.8456619372462, 134.0438644518206, 8.874072746282229, 499.99985236411925, 0
62, 1.2729740684568929, 421.9146899738111, 129.93587374987482, 50.269416407246254, 499.99917669715956, 1
62, 1.2729740684568929, 427.8130933654663, 154.03027057678932, 11.57880183344734, 499.999852364119, 2
62, 1.2729740684568929, 438.79782229875434, 117.88565079947166, 17.356609995917065, 499.9997784082176, 3
62, 1.2729740684568929, 459.5303302181786, 107.39555206832904, 19.28390942992146, 499.9996907088745, 4
62, 1.2729740684568929, 365.20279788351166, 193.8971032018961, 17.742799853211284, 499.99972446873363, 5
62, 1.2729740684568929, 436.5035539283745, 138.61664340041537, 27.63264857671868, 499.9993882358411, 6
62, 1.2729740684568929, 367.03169176597703, 172.03041777124307, 15.412036387300839, 499.9994899076982, 7
62, 1.2729740684568929, 427.9321202808758, 130.64883927611484, 21.185081736560495, 499.99968859871217, 8
63, 1.2729740684568929, 366.2507932394502, 189.08365806819083, 8.874072746282229, 499.9994071827995, 0
63, 1.2729740684568929, 454.2585916170208, 101.31087107215025, 64.83068625320924, 499.99969224555025, 1
63, 1.2729740684568929, 462.2589592152202, 81.24159860358495, 102.75958555735855, 499.9992621403127, 2
63, 1.2729740684568929, 414.342353098047, 140.02395603961375, 17.356609995917065, 499.99952210784824, 3
63, 1.2729740684568929, 475.4300783120759, 58.61792658665369, 217.0050781610096, 499.9996146949535, 4
63, 1.2729740684568929, 359.3477155558664, 193.18215352479146, 12.466158718068947, 499.99957261626173, 5
63, 1.2729740684568929, 397.61790528938866, 175.41211045843784, 13.813312908961441, 499.9993488963542, 6
63, 1.2729740684568929, 373.6342478601119, 192.8561434224884, 14.962155321654949, 499.9994760884315, 7
63, 1.2729740684568929, 380.44788584372657, 184.5906296668358, 21.185081736560495, 499.9997082293763, 8
64, 1.2729740684568929, 303.76695348017194, 201.64041239335393, 8.874072746282229, 499.9993746425843, 0
64, 1.2729740684568929, 460.07754259975366, 100.46017357269557, 64.83068625320924, 499.999506146301, 1
64, 1.2729740684568929, 402.01475236313746, 161.55642884296964, 4.42121470355553, 499.99959664610947, 2
64, 1.2729740684568929, 428.89100861455927, 150.4882652243427, 16.140048803558933, 499.9993092044153, 3
64, 1.2729740684568929, 443.10904867329236, 117.03677280354397, 23.59702447573037, 499.99905319112025, 4
64, 1.2729740684568929, 392.8082258465443, 170.55399570159497, 12.466158718068947, 499.998367504243, 5
64, 1.2729740684568929, 402.67082654191427, 160.48189880328422, 27.63264857671868, 499.9991749419193, 6
64, 1.2729740684568929, 397.8637835956353, 180.10758707849152, 14.962155321654949, 499.9991942208509, 7
64, 1.2729740684568929, 429.1583733377694, 133.8757193114962, 20.97861693724816, 499.99931163467613, 8
65, 1.2729740684568929, 401.9474666980608, 155.6276445718583, 8.874072746282229, 499.9994852581156, 0
65, 1.2729740684568929, 460.1415867741037, 80.3391540742542, 139.8055026481646, 499.99940263595545, 1
65, 1.2729740684568929, 347.90111405746956, 199.40741102574472, 3.9222513394917167, 499.9992380210226, 2
65, 1.2729740684568929, 434.70665561081375, 151.91440204018832, 16.140048803558933, 499.99942236247557, 3
65, 1.2729740684568929, 423.7703460200103, 132.93434625573343, 23.59702447573037, 499.9993033338127, 4
65, 1.2729740684568929, 378.00317789772294, 177.55042906343516, 5.98476507507518, 499.99956260870374, 5
65, 1.2729740684568929, 403.7243788602744, 147.59492687886402, 18.839958072659012, 499.999414410115, 6
65, 1.2729740684568929, 400.63057162791875, 169.8009359097498, 14.962155321654949, 499.99976015556564, 7
65, 1.2729740684568929, 464.0017020925759, 84.26378967520299, 103.05705864027341, 499.9998523641186, 8
66, 1.2729740684568929, 427.1420676876891, 158.42021681432504, 9.210018748086862, 499.99926692663814, 0
66, 1.2729740684568929, 472.3876376141284, 93.32765087040598, 29.742935972756115, 499.9992958074412, 1
66, 1.2729740684568929, 358.3462408789661, 200.7048218950086, 4.42121470355553, 499.9997044903938, 2
66, 1.2729740684568929, 442.53637233126057, 104.17837840685725, 57.394239697099756, 499.99952291665807, 3
66, 1.2729740684568929, 443.3888190166831, 123.82069097708299, 23.59702447573037, 499.99949432755835, 4
66, 1.2729740684568929, 402.1404500966887, 148.12413410204357, 22.9198704428632, 499.99917302409085, 5
66, 1.2729740684568929, 446.5847837967503, 118.43242306807457, 74.66545339466461, 499.99924106342894, 6
66, 1.2729740684568929, 447.5681580786431, 121.80087781244465, 11.7039841046404, 499.99970418655073, 7
66, 1.2729740684568929, 471.15045657565776, 84.9006775111127, 103.05705864027341, 499.99977398416104, 8
67, 1.2729740684568929, 428.62996467719466, 157.23227468748436, 9.210018748086862, 499.99878865002916, 0
67, 1.2729740684568929, 474.6975404513898, 45.32004500956414, 342.8293806690022, 499.99971409810263, 1
67, 1.2729740684568929, 455.85011757836446, 120.75374427044399, 15.992510929656891, 499.9994649970055, 2
67, 1.2729740684568929, 459.23377152494027, 84.13547033187471, 201.05177871908597, 499.99954510687576, 3
67, 1.2729740684568929, 458.32062028239886, 107.60353936761, 61.45963901941224, 499.99978919665915, 4
67, 1.2729740684568929, 390.3487414762613, 158.28835115897726, 8.850404232883806, 499.99944148014356, 5
67, 1.2729740684568929, 460.7959766474421, 101.93493307849832, 118.48561381171513, 499.9995212917207, 6
67, 1.2729740684568929, 440.43228280511977, 124.86901669823166, 13.89640191841582, 499.9992705061268, 7
67, 1.2729740684568929, 397.3326179049493, 161.81829805434361, 9.844096919989356, 499.999852364119, 8
68, 1.2729740684568929, 449.9586389872062, 133.02956801962094, 9.210018748086862, 499.99963950669456, 0
68, 1.2729740684568929, 478.56503647602636, 50.93845565520974, 258.11715918763076, 499.9998160564185, 1
68, 1.2729740684568929, 435.5378211816943, 142.93933402054228, 16.907238136961148, 499.9995470186948, 2
68, 1.2729740684568929, 466.10348452757734, 83.69036623930245, 189.60711159356592, 499.999482490108, 3
68, 1.2729740684568929, 465.5338830853327, 75.39918073670806, 167.88616729694215, 499.9998007262052, 4
68, 1.2729740684568929, 438.9285958678819, 121.84082406861405, 8.850404232883806, 499.999370802454, 5
68, 1.2729740684568929, 428.8806383546811, 142.48848301375227, 70.89545709676953, 499.9997807412785, 6
68, 1.2729740684568929, 420.5340611596499, 168.18025641277444, 13.89640191841582, 499.99920350402164, 7
68, 1.2729740684568929, 364.6196003161637, 185.28915416542048, 9.844096919989356, 499.99950879018485, 8
69, 1.2729740684568929, 473.32079436889313, 95.84939004703493, 9.210018748086862, 499.9994864880698, 0
69, 1.2729740684568929, 463.987921914343, 72.63152981483145, 258.11715918763076, 499.9998523641186, 1
69, 1.2729740684568929, 475.52737036050314, 69.1570001439808, 242.2867207061723, 499.99970658442095, 2
69, 1.2729740684568929, 460.0468138593543, 99.11517008670882, 83.74519051986871, 499.99930525779814, 3
69, 1.2729740684568929, 411.119841677045, 145.0451220556729, 30.24125531456989, 499.9996300467371, 4
69, 1.2729740684568929, 404.1447436108125, 170.64393235318863, 1.5415174294432548, 499.99942075982847, 5
69, 1.2729740684568929, 414.70615417669376, 151.28470322091198, 4.69138129434572, 499.9995832593662, 6
69, 1.2729740684568929, 371.60299006626565, 186.19605686825557, 13.89640191841582, 499.99943501369177, 7
69, 1.2729740684568929, 360.5532917490476, 184.56762136828246, 9.844096919989356, 499.9996604649624, 8
70, 1.2729740684568929, 441.1032716607923, 148.57570083524644, 9.210018748086862, 499.99919255030466, 0
70, 1.2729740684568929, 447.8313460749411, 113.28243755696428, 21.22549729403753, 499.99955052554316, 1
70, 1.2729740684568929, 485.3428293301229, 52.76468061473012, 228.45750104361227, 499.99942141077554, 2
70, 1.2729740684568929, 393.1421042065868, 161.2587737269066, 27.187889378976042, 499.9996621481472, 3
70, 1.2729740684568929, 416.7370608386835, 151.1574662526827, 19.35080867858885, 499.99958219799487, 4
70, 1.2729740684568929, 466.7583829917076, 99.21180543185567, 8.850404232883806, 499.9997583195738, 5
70, 1.2729740684568929, 449.40873785855433, 131.3406160283793, 4.69138129434572, 499.99947933405264, 6
70, 1.2729740684568929, 317.60840831714205, 204.75277574695804, 18.20014858717296, 499.9991186024959, 7
70, 1.2729740684568929, 428.39080233224956, 137.70129984424995, 54.66547590194968, 499.9997503554154, 8
71, 1.2729740684568929, 428.40748958060067, 147.68149458332164, 9.210018748086862, 499.99939556397993, 0
71, 1.2729740684568929, 424.3905654522192, 139.06384053232023, 14.565665295268406, 499.99922679463407, 1
71, 1.2729740684568929, 495.22421042399174, 5.972870075282926, 479.8132971414146, 499.9995469641774, 2
71, 1.2729740684568929, 449.3409838876861, 102.69558968198822, 75.98787790683139, 499.99938545596376, 3
71, 1.2729740684568929, 412.058512700358, 171.28031633207746, 16.321378437117286, 499.99923585411545, 4
71, 1.2729740684568929, 446.5229192184411, 128.98047641187657, 14.239575432017167, 499.99984671313604, 5
71, 1.2729740684568929, 449.1833224638433, 109.22932294524546, 25.345090451489114, 499.99952645922497, 6
71, 1.2729740684568929, 351.0165959041515, 199.0838309943264, 18.20014858717296, 499.9985406248463, 7
71, 1.2729740684568929, 423.0798694036181, 132.23998923933212, 45.31214425587176, 499.9998523641186, 8
72, 1.2729740684568929, 402.79058710007075, 184.31454395454338, 9.210018748086862, 499.99782335608495, 0
72, 1.2729740684568929, 417.96350811130725, 141.6046277152017, 11.772319284976627, 499.9992320669631, 1
72, 1.2729740684568929, 475.7550812699569, 94.76666101409988, 12.777800060879951, 499.9993818723369, 2
72, 1.2729740684568929, 398.8534772101242, 162.6803405335609, 19.233663585716034, 499.9994969902719, 3
72, 1.2729740684568929, 407.31357428314334, 172.34823890319606, 23.831830502987238, 499.9994970232113, 4
72, 1.2729740684568929, 413.1571254617205, 169.81000301903126, 25.714009241610587, 499.99931967504347, 5
72, 1.2729740684568929, 451.63110639538894, 94.33508733468321, 49.88740489658984, 499.99963687624586, 6
72, 1.2729740684568929, 400.25795574353134, 168.03181196388962, 3.907762139972897, 499.9996317328225, 7
72, 1.2729740684568929, 462.37796410958157, 94.82394482886448, 54.66547590194968, 499.9995225513499, 8
73, 1.2729740684568929, 330.28467128918476, 213.993656048251, 9.137593925337386, 499.99962229000766, 0
73, 1.2729740684568929, 428.6953180009826, 138.04654033129813, 11.772319284976627, 499.99930025554386, 1
73, 1.2729740684568929, 440.3248036331017, 145.83967427624034, 12.777800060879951, 499.99968426476244, 2
73, 1.2729740684568929, 374.0078147428163, 194.0973243582457, 13.048006931006292, 499.9994894753884, 3
73, 1.2729740684568929, 415.39702122803396, 144.2681779265645, 34.600002973820054, 499.9994538563555, 4
73, 1.2729740684568929, 414.2277992854376, 170.86198771699213, 20.163115187742672, 499.9995072026194, 5
73, 1.2729740684568929, 438.65324360651204, 120.42474645413228, 49.88740489658984, 499.9993669594918, 6
73, 1.2729740684568929, 363.58470989200373, 196.49553379369735, 3.907762139972897, 499.9993151065411, 7
73, 1.2729740684568929, 448.8515307839142, 105.98158015897312, 21.706421795762147, 499.99927482801684, 8
74, 1.2729740684568929, 403.06823621452963, 172.4873556797832, 17.51945669758852, 499.99945977146, 0
74, 1.2729740684568929, 424.44842756082073, 154.27576767814287, 11.772319284976627, 499.9995790593023, 1
74, 1.2729740684568929, 423.9375041838965, 158.57304778786445, 2.982126375854379, 499.99949540460057, 2
74, 1.2729740684568929, 395.1536814195434, 184.8819034138733, 21.753933974360844, 499.9995195753591, 3
74, 1.2729740684568929, 397.48170056920287, 157.66300015860057, 17.50992236136069, 499.9994741851435, 4
74, 1.2729740684568929, 447.059097760672, 127.41647340748501, 20.163115187742672, 499.99943298935244, 5
74, 1.2729740684568929, 450.18243679555906, 101.6616761010881, 113.49535265853149, 499.9995041863411, 6
74, 1.2729740684568929, 424.67400705205733, 153.80944944266, 18.251351280682822, 499.99940838249194, 7
74, 1.2729740684568929, 434.66059904059875, 111.20807142093216, 24.4259887578603, 499.9996203568347, 8
75, 1.2729740684568929, 435.7289351600225, 132.790374139006, 24.096461718636487, 499.9995674821832, 0
75, 1.2729740684568929, 425.54064510384126, 154.16687081288887, 15.68279436353454, 499.9996707405582, 1
75, 1.2729740684568929, 441.47284680564525, 122.77814972589113, 120.6236729147053, 499.9993619642749, 2
75, 1.2729740684568929, 393.7587830392572, 180.31476261477175, 21.753933974360844, 499.9997716689973, 3
75, 1.2729740684568929, 409.86256389608565, 142.74938165507237, 21.092462844337675, 499.9992190247562, 4
75, 1.2729740684568929, 453.41331850854067, 111.72014737936742, 48.16011658176255, 499.99954530786954, 5
75, 1.2729740684568929, 469.6221602595446, 82.68730457983416, 136.90989739674063, 499.99985236411925, 6
75, 1.2729740684568929, 401.0216522370527, 156.16923541269236, 35.99867424938082, 499.9998523641184, 7
75, 1.2729740684568929, 430.32248611852884, 135.83423250851735, 16.842753839879613, 499.99948959908494, 8
76, 1.2729740684568929, 451.67947420220975, 122.62199282310155, 11.931134490501055, 499.999604271163, 0
76, 1.2729740684568929, 446.54145535428455, 123.7144803869734, 15.68279436353454, 499.99970808878277, 1
76, 1.2729740684568929, 431.4976643072795, 137.79377089792106, 13.95950825710986, 499.9993880196914, 2
76, 1.2729740684568929, 389.5442476665526, 173.0539447026298, 21.555738463001255, 499.99985236411925, 3
76, 1.2729740684568929, 458.2845656660221, 81.22298886335277, 179.64183295654937, 499.99928260209686, 4
76, 1.2729740684568929, 426.32240320654245, 142.48762269389107, 47.93489618580488, 499.9995856042478, 5
76, 1.2729740684568929, 469.1353121310221, 98.02902359195076, 136.90989739674063, 499.9998523641184, 6
76, 1.2729740684568929, 401.9399535915454, 170.75530258967004, 16.15645435560644, 499.99938497066756, 7
76, 1.2729740684568929, 374.3583592653646, 184.27185523782262, 9.842083246230544, 499.9992780476703, 8
77, 1.2729740684568929, 413.6539967824546, 149.68928707605596, 9.922652270532582, 499.9997568737761, 0
77, 1.2729740684568929, 391.9820055426709, 156.3537104116822, 15.68279436353454, 499.9995988482618, 1
77, 1.2729740684568929, 461.3518779293895, 100.71702611046015, 13.95950825710986, 499.9991884212953, 2
77, 1.2729740684568929, 387.9836495971859, 171.57085956470203, 13.619930014335136, 499.9989733225906, 3
77, 1.2729740684568929, 452.0659642153764, 90.17061446465486, 179.64183295654937, 499.99985236411925, 4
77, 1.2729740684568929, 443.61140064856596, 106.67115809651831, 59.13822896171044, 499.9996165385393, 5
77, 1.2729740684568929, 498.3253398860465, 2.9550947404491126, 489.4630556474062, 499.9995287277819, 6
77, 1.2729740684568929, 387.03944482818423, 161.33006052270377, 16.15645435560644, 499.9991804736376, 7
77, 1.2729740684568929, 393.02492192541786, 182.7219591437559, 9.842083246230544, 499.9995007953069, 8
78, 1.2729740684568929, 456.74055335421093, 107.52387062318752, 39.854987724408346, 499.99941607969095, 0
78, 1.2729740684568929, 426.0207666264705, 133.48051578292666, 38.31721561291331, 499.999852364119, 1
78, 1.2729740684568929, 420.68845265271864, 157.71182537262337, 12.921081747426658, 499.99929923086955, 2
78, 1.2729740684568929, 421.7190918322935, 151.75332944525127, 19.228286096603966, 499.9998523641186, 3
78, 1.2729740684568929, 422.18866926117437, 117.642013730606, 32.77538854241276, 499.9993448878644, 4
78, 1.2729740684568929, 420.7984156463522, 138.2790084439425, 44.61262623807467, 499.99831011773966, 5
78, 1.2729740684568929, 473.941152326956, 93.80434829603037, 20.331116555513685, 499.9997761155943, 6
78, 1.2729740684568929, 367.8266090877862, 174.77962691951444, 13.555425766586545, 499.99950467262505, 7
78, 1.2729740684568929, 404.6370902220098, 175.6623595558897, 19.267744235952303, 499.99945454812746, 8
79, 1.2729740684568929, 431.1451276813217, 141.93019526491028, 20.7136118399205, 499.999556875909, 0
79, 1.2729740684568929, 394.5748204935904, 145.1999632254935, 12.330501266046594, 499.99956785829625, 1
79, 1.2729740684568929, 422.7606155625919, 143.12038744673032, 13.854338440452187, 499.99950327934636, 2
79, 1.2729740684568929, 408.62292647443525, 171.36626963004986, 19.228286096603966, 499.99944800362914, 3
79, 1.2729740684568929, 432.66944987200355, 134.3290501670938, 32.77538854241276, 499.99890378384106, 4
79, 1.2729740684568929, 444.41496612226825, 125.03075430939604, 37.21269291463195, 499.9993636182986, 5
79, 1.2729740684568929, 482.8533690176691, 46.77392689925016, 262.5575701756942, 499.99977979138146, 6
79, 1.2729740684568929, 386.4097018476598, 175.92223440436914, 13.555425766586545, 499.9994393041301, 7
79, 1.2729740684568929, 421.1069269890013, 155.01348764526372, 23.809529850673627, 499.999748535575, 8
80, 1.2729740684568929, 415.7215229678292, 144.7558775782223, 47.678315648258426, 499.99944030878044, 0
80, 1.2729740684568929, 397.3488111139521, 161.08935384337937, 12.330501266046594, 499.9993442701518, 1
80, 1.2729740684568929, 374.11700016135615, 184.7179618324274, 12.823559580560083, 499.97719154738127, 2
80, 1.2729740684568929, 417.64944145530643, 158.85155303684067, 12.427103888170581, 499.999309253667, 3
80, 1.2729740684568929, 428.6001843252441, 138.5563701286081, 36.51904724567261, 499.99927860876187, 4
80, 1.2729740684568929, 405.83037544007954, 160.5756456518844, 37.21269291463195, 499.99891452394905, 5
80, 1.2729740684568929, 472.4406153019347, 63.80916371816511, 262.5575701756942, 499.9996434632318, 6
80, 1.2729740684568929, 387.96900554368557, 174.92537461675192, 16.15645435560644, 499.99974214337686, 7
80, 1.2729740684568929, 389.83093496909095, 168.2641646361808, 23.809529850673627, 499.9983117215277, 8
81, 1.2729740684568929, 419.1311436242449, 154.29101401619695, 47.249672231685224, 499.9994403989579, 0
81, 1.2729740684568929, 410.6120957062444, 162.56507524903606, 12.330501266046594, 499.99975819849533, 1
81, 1.2729740684568929, 427.55708051766106, 122.07460039882965, 19.05346312654376, 499.9998523641184, 2
81, 1.2729740684568929, 448.42894364860956, 117.21224709269431, 23.2090344632368, 499.99956982824114, 3
81, 1.2729740684568929, 452.6836066225385, 119.89434689845231, 37.67747891585069, 499.99927860876187, 4
81, 1.2729740684568929, 473.19244770064967, 84.11723259498181, 72.95287485793038, 499.9993758334296, 5
81, 1.2729740684568929, 439.38772845111237, 117.31785471127472, 49.380832834459326, 499.99942465203924, 6
81, 1.2729740684568929, 394.3179023084312, 156.47915449688907, 16.15645435560644, 499.9994221298869, 7
81, 1.2729740684568929, 390.3202403721921, 182.11397168344087, 8.482285637379965, 499.999816456677, 8
82, 1.2729740684568929, 452.3646120874592, 101.7597480950377, 47.678315648258426, 499.9992617770617, 0
82, 1.2729740684568929, 356.91917826300414, 185.35483913213508, 12.330501266046594, 499.99950432462407, 1
82, 1.2729740684568929, 466.0820045078458, 94.3033653253261, 19.05346312654376, 499.99962354698215, 2
82, 1.2729740684568929, 467.3429276247613, 94.64209474354986, 23.2090344632368, 499.9993577430289, 3
82, 1.2729740684568929, 455.5488431861977, 100.45498254509516, 45.86481413239895, 499.9992811637819, 4
82, 1.2729740684568929, 439.5960931650393, 149.35033163362345, 2.0616728955299157, 499.99959057275055, 5
82, 1.2729740684568929, 460.8591614744204, 82.70882872200583, 208.30433068365068, 499.9992421399863, 6
82, 1.2729740684568929, 419.8762155323223, 129.4930408089522, 106.24290211926575, 499.9996181794329, 7
82, 1.2729740684568929, 378.24285417382407, 176.18915296012628, 21.072876513558352, 499.9995419547419, 8
83, 1.2729740684568929, 469.14249787185764, 80.45154529223933, 102.36162340781499, 499.9993974642987, 0
83, 1.2729740684568929, 423.18963097361717, 145.205760660636, 12.330501266046594, 499.9998523641184, 1
83, 1.2729740684568929, 475.6866005969667, 27.80209337165401, 401.49693365846997, 499.9994293360047, 2
83, 1.2729740684568929, 485.87966701066625, 26.905648636914226, 381.9490053700673, 499.99952217427955, 3
83, 1.2729740684568929, 473.6586431562506, 89.1074442453138, 45.86481413239895, 499.99948886079227, 4
83, 1.2729740684568929, 428.1596597797956, 146.23837984109863, 24.555792273989972, 499.9995252220804, 5
83, 1.2729740684568929, 442.36066312467983, 118.99519356168491, 64.82241429444211, 499.9992093988124, 6
83, 1.2729740684568929, 400.51643970921214, 153.10158537651677, 18.266914948010946, 499.9992429067867, 7
83, 1.2729740684568929, 412.7389841380642, 157.1745251428825, 64.78869603144943, 499.99965256341903, 8
84, 1.2729740684568929, 481.0129018213184, 37.93621947438875, 357.54838628703135, 499.9998041220106, 0
84, 1.2729740684568929, 426.34385291938867, 148.3669687381639, 12.330501266046594, 499.999848470024, 1
84, 1.2729740684568929, 443.0702227024029, 118.99685806730562, 14.715422117359672, 499.999134583673, 2
84, 1.2729740684568929, 449.4994470892279, 119.6117355188309, 22.427797021085514, 499.999510437159, 3
84, 1.2729740684568929, 470.2911537902018, 83.80585117874126, 90.70324767535978, 499.99934714858864, 4
84, 1.2729740684568929, 424.49087945294707, 165.82309892567798, 24.555792273989972, 499.9993838350247, 5
84, 1.2729740684568929, 453.3711823831491, 119.22192103534576, 64.82241429444211, 499.9994636366244, 6
84, 1.2729740684568929, 407.7611519798552, 151.0333326865021, 18.266914948010946, 499.9991516802713, 7
84, 1.2729740684568929, 390.92717642724995, 149.5705594171711, 64.78869603144943, 499.99951918615136, 8
85, 1.2729740684568929, 462.38706967374327, 95.08646393403582, 21.147597978875776, 499.99961280180986, 0
85, 1.2729740684568929, 412.51594966127146, 165.69237628337737, 12.330501266046594, 499.9992805708036, 1
85, 1.2729740684568929, 437.4795338442125, 150.20241110855736, 8.756385607147246, 499.99928846142, 2
85, 1.2729740684568929, 465.3174550707803, 96.7501296692449, 130.74534403862816, 499.999639750378, 3
85, 1.2729740684568929, 461.5027112320398, 97.58945860746665, 15.50553058285308, 499.9976146252166, 4
85, 1.2729740684568929, 421.2791783832287, 160.2564049265888, 24.555792273989972, 499.999201930513, 5
85, 1.2729740684568929, 455.3531254301062, 112.49986493250356, 71.8849546768949, 499.9996137374259, 6
85, 1.2729740684568929, 400.87507528383395, 148.8086131680124, 33.62103643807952, 499.9977749792696, 7
85, 1.2729740684568929, 395.9130181236383, 158.97997055430656, 26.342355856560435, 499.99946602546424, 8
86, 1.2729740684568929, 486.7828945838898, 27.597392090154187, 357.54838628703135, 499.9994934612664, 0
86, 1.2729740684568929, 388.9316318490699, 181.07429278938085, 12.330501266046594, 499.9988148689641, 1
86, 1.2729740684568929, 479.47025918637183, 64.88545379451193, 175.31828276007838, 499.9995447701223, 2
86, 1.2729740684568929, 494.16237147922527, 12.123652147978119, 449.7740655732549, 499.99920543988753, 3
86, 1.2729740684568929, 463.61276895526674, 100.26058096233079, 15.50553058285308, 499.99985236411925, 4
86, 1.2729740684568929, 400.3458063066575, 165.54771831031357, 14.989528028414789, 499.99985236411925, 5
86, 1.2729740684568929, 430.0453841699785, 147.13984755644523, 40.06810310325472, 499.9992855106004, 6
86, 1.2729740684568929, 397.2262588921375, 135.87341310452143, 7.892810828777528, 499.9997460081192, 7
86, 1.2729740684568929, 446.9319490504378, 125.73961445114298, 90.35440623624714, 499.99934816939657, 8
87, 1.2729740684568929, 449.4816399254916, 104.5272068336668, 103.57379937147164, 499.9941921667813, 0
87, 1.2729740684568929, 431.0989661026754, 134.45148980233625, 12.330501266046594, 499.9993697529954, 1
87, 1.2729740684568929, 447.78866432514377, 114.4239662702189, 33.093114087715634, 499.99368075651097, 2
87, 1.2729740684568929, 464.0046641679466, 84.95869283865844, 177.9610744768706, 499.99918121233037, 3
87, 1.2729740684568929, 468.5373701038397, 99.0183129531082, 15.50553058285308, 499.9995679966068, 4
87, 1.2729740684568929, 435.04256815285424, 137.27941792690893, 14.5691469833306, 499.99935780959504, 5
87, 1.2729740684568929, 393.8176019921229, 174.7112297484586, 2.00663857881407, 499.999852364119, 6
87, 1.2729740684568929, 383.9092258952208, 140.30477591982697, 7.892810828777528, 499.99917506972065, 7
87, 1.2729740684568929, 457.0878848469017, 121.5252397140605, 7.923602352032249, 499.999608094366, 8
88, 1.2729740684568929, 482.09739907657087, 37.522274118260974, 357.54838628703135, 499.99865352190136, 0
88, 1.2729740684568929, 422.5474262383677, 150.57075407289446, 12.330501266046594, 499.99945324213166, 1
88, 1.2729740684568929, 462.76280573139, 83.59555975421021, 158.6037581281476, 499.99957991800966, 2
88, 1.2729740684568929, 476.61881058020344, 72.54204401296687, 149.80077704214594, 499.9993788274519, 3
88, 1.2729740684568929, 482.2246899269942, 43.35255064111642, 279.4874857008082, 499.9993957471727, 4
88, 1.2729740684568929, 455.63120029349346, 113.9353817430422, 48.872895025953625, 499.9997544475476, 5
88, 1.2729740684568929, 372.34853021517256, 184.4064711120753, 30.338213362559877, 499.99951356025605, 6
88, 1.2729740684568929, 364.31206175111294, 163.79463066819798, 10.681864985157702, 499.9992157090351, 7
88, 1.2729740684568929, 405.7416674879889, 162.54603811708492, 7.923602352032249, 499.9993854682726, 8
89, 1.2729740684568929, 459.9463118502759, 73.44501963826264, 234.4214495777252, 499.9995115132655, 0
89, 1.2729740684568929, 417.4319288942367, 150.6713920403186, 10.7751563091591, 499.99925182704834, 1
89, 1.2729740684568929, 451.3046222445881, 130.82860584789591, 5.430261052520922, 499.9995161844795, 2
89, 1.2729740684568929, 484.7203698051698, 55.52167640638222, 215.42231292307622, 499.99960536028414, 3
89, 1.2729740684568929, 471.01788940840464, 92.3448729450884, 24.85413527634771, 499.99954171735055, 4
89, 1.2729740684568929, 426.95005915295883, 137.84779162335525, 67.86817863396043, 499.99969462978595, 5
89, 1.2729740684568929, 382.7413548672201, 188.63525479644545, 5.286301922639088, 499.99930553474803, 6
89, 1.2729740684568929, 396.8396931058429, 156.7116072906639, 10.681864985157702, 499.9998523641184, 7
89, 1.2729740684568929, 381.0270610557872, 178.91075849330772, 12.991942457882512, 499.99867747228257, 8
90, 1.2729740684568929, 449.7418474666008, 111.16057618148385, 30.599244883697093, 499.9993496652764, 0
90, 1.2729740684568929, 356.0151645518353, 197.91535138998987, 3.9683368287342415, 499.99924442916006, 1
90, 1.2729740684568929, 434.53608963672093, 149.58197309859608, 5.671759084456229, 499.9986481037544, 2
90, 1.2729740684568929, 429.35936401828826, 139.8004923110191, 73.2776932996219, 499.99933696424245, 3
90, 1.2729740684568929, 474.5583973277213, 74.5629642566939, 117.040910776398, 499.9997194703992, 4
90, 1.2729740684568929, 424.48561376178026, 135.46507638728687, 39.427328692335124, 499.99975389573814, 5
90, 1.2729740684568929, 403.52985929584617, 187.38971585748527, 5.286301922639088, 499.9998523641184, 6
90, 1.2729740684568929, 404.1100502323433, 147.92547073337136, 10.681864985157702, 499.997823536556, 7
