Traceback (most recent call last):
  File "/Users/filipkatulski/Library/CloudStorage/OneDrive-Personal/Studia/13_SEMESTR/InteligencjaObliczeniowa/computational-intelligence/tuning/Instances/island_model.py", line 175, in <module>
    list(ea)
  File "/Users/filipkatulski/Library/CloudStorage/OneDrive-Personal/Studia/13_SEMESTR/InteligencjaObliczeniowa/computational-intelligence/env/lib/python3.9/site-packages/leap_ec/algorithm.py", line 290, in multi_population_ea
    offspring = pipe(parents, *operators)
  File "/Users/filipkatulski/Library/CloudStorage/OneDrive-Personal/Studia/13_SEMESTR/InteligencjaObliczeniowa/computational-intelligence/env/lib/python3.9/site-packages/toolz/functoolz.py", line 628, in pipe
    data = func(data)
  File "/Users/filipkatulski/Library/CloudStorage/OneDrive-Personal/Studia/13_SEMESTR/InteligencjaObliczeniowa/computational-intelligence/env/lib/python3.9/site-packages/leap_ec/probe.py", line 475, in __call__
    self.ax.figure.canvas.draw()
  File "/Users/filipkatulski/Library/CloudStorage/OneDrive-Personal/Studia/13_SEMESTR/InteligencjaObliczeniowa/computational-intelligence/env/lib/python3.9/site-packages/matplotlib/backends/backend_macosx.py", line 50, in draw
    super().draw()
  File "/Users/filipkatulski/Library/CloudStorage/OneDrive-Personal/Studia/13_SEMESTR/InteligencjaObliczeniowa/computational-intelligence/env/lib/python3.9/site-packages/matplotlib/backends/backend_agg.py", line 405, in draw
    self.figure.draw(self.renderer)
  File "/Users/filipkatulski/Library/CloudStorage/OneDrive-Personal/Studia/13_SEMESTR/InteligencjaObliczeniowa/computational-intelligence/env/lib/python3.9/site-packages/matplotlib/artist.py", line 74, in draw_wrapper
    result = draw(artist, renderer, *args, **kwargs)
  File "/Users/filipkatulski/Library/CloudStorage/OneDrive-Personal/Studia/13_SEMESTR/InteligencjaObliczeniowa/computational-intelligence/env/lib/python3.9/site-packages/matplotlib/artist.py", line 51, in draw_wrapper
    return draw(artist, renderer)
  File "/Users/filipkatulski/Library/CloudStorage/OneDrive-Personal/Studia/13_SEMESTR/InteligencjaObliczeniowa/computational-intelligence/env/lib/python3.9/site-packages/matplotlib/figure.py", line 3071, in draw
    mimage._draw_list_compositing_images(
  File "/Users/filipkatulski/Library/CloudStorage/OneDrive-Personal/Studia/13_SEMESTR/InteligencjaObliczeniowa/computational-intelligence/env/lib/python3.9/site-packages/matplotlib/image.py", line 131, in _draw_list_compositing_images
    a.draw(renderer)
  File "/Users/filipkatulski/Library/CloudStorage/OneDrive-Personal/Studia/13_SEMESTR/InteligencjaObliczeniowa/computational-intelligence/env/lib/python3.9/site-packages/matplotlib/artist.py", line 51, in draw_wrapper
    return draw(artist, renderer)
  File "/Users/filipkatulski/Library/CloudStorage/OneDrive-Personal/Studia/13_SEMESTR/InteligencjaObliczeniowa/computational-intelligence/env/lib/python3.9/site-packages/matplotlib/axes/_base.py", line 3107, in draw
    mimage._draw_list_compositing_images(
  File "/Users/filipkatulski/Library/CloudStorage/OneDrive-Personal/Studia/13_SEMESTR/InteligencjaObliczeniowa/computational-intelligence/env/lib/python3.9/site-packages/matplotlib/image.py", line 131, in _draw_list_compositing_images
    a.draw(renderer)
  File "/Users/filipkatulski/Library/CloudStorage/OneDrive-Personal/Studia/13_SEMESTR/InteligencjaObliczeniowa/computational-intelligence/env/lib/python3.9/site-packages/matplotlib/artist.py", line 51, in draw_wrapper
    return draw(artist, renderer)
  File "/Users/filipkatulski/Library/CloudStorage/OneDrive-Personal/Studia/13_SEMESTR/InteligencjaObliczeniowa/computational-intelligence/env/lib/python3.9/site-packages/matplotlib/axis.py", line 1304, in draw
    ticks_to_draw = self._update_ticks()
  File "/Users/filipkatulski/Library/CloudStorage/OneDrive-Personal/Studia/13_SEMESTR/InteligencjaObliczeniowa/computational-intelligence/env/lib/python3.9/site-packages/matplotlib/axis.py", line 1198, in _update_ticks
    minor_locs = self.get_minorticklocs()
  File "/Users/filipkatulski/Library/CloudStorage/OneDrive-Personal/Studia/13_SEMESTR/InteligencjaObliczeniowa/computational-intelligence/env/lib/python3.9/site-packages/matplotlib/axis.py", line 1423, in get_minorticklocs
    major_locs = self.major.locator()
  File "/Users/filipkatulski/Library/CloudStorage/OneDrive-Personal/Studia/13_SEMESTR/InteligencjaObliczeniowa/computational-intelligence/env/lib/python3.9/site-packages/matplotlib/ticker.py", line 2143, in __call__
    return self.tick_values(vmin, vmax)
  File "/Users/filipkatulski/Library/CloudStorage/OneDrive-Personal/Studia/13_SEMESTR/InteligencjaObliczeniowa/computational-intelligence/env/lib/python3.9/site-packages/matplotlib/ticker.py", line 2151, in tick_values
    locs = self._raw_ticks(vmin, vmax)
  File "/Users/filipkatulski/Library/CloudStorage/OneDrive-Personal/Studia/13_SEMESTR/InteligencjaObliczeniowa/computational-intelligence/env/lib/python3.9/site-packages/matplotlib/ticker.py", line 2090, in _raw_ticks
    nbins = np.clip(self.axis.get_tick_space(),
  File "/Users/filipkatulski/Library/CloudStorage/OneDrive-Personal/Studia/13_SEMESTR/InteligencjaObliczeniowa/computational-intelligence/env/lib/python3.9/site-packages/matplotlib/axis.py", line 2676, in get_tick_space
    self.axes.transAxes - self.figure.dpi_scale_trans)
  File "/Users/filipkatulski/Library/CloudStorage/OneDrive-Personal/Studia/13_SEMESTR/InteligencjaObliczeniowa/computational-intelligence/env/lib/python3.9/site-packages/matplotlib/transforms.py", line 1446, in __sub__
    if sub_tree == other:
  File "/Users/filipkatulski/Library/CloudStorage/OneDrive-Personal/Studia/13_SEMESTR/InteligencjaObliczeniowa/computational-intelligence/env/lib/python3.9/site-packages/matplotlib/transforms.py", line 1779, in __eq__
    return np.all(self.get_matrix() == other.get_matrix())
  File "<__array_function__ internals>", line 180, in all
  File "/Users/filipkatulski/Library/CloudStorage/OneDrive-Personal/Studia/13_SEMESTR/InteligencjaObliczeniowa/computational-intelligence/env/lib/python3.9/site-packages/numpy/core/fromnumeric.py", line 2406, in all
    @array_function_dispatch(_all_dispatcher)
KeyboardInterrupt
